VGG(
  (features): Sequential(
    (0): Conv2d(3, 64, kernel_size=(3, 3), stride=(1, 1), padding=(1, 1))
    (1): ReLU(inplace=True)
    (2): Conv2d(64, 64, kernel_size=(3, 3), stride=(1, 1), padding=(1, 1))
    (3): ReLU(inplace=True)
    (4): MaxPool2d(kernel_size=2, stride=2, padding=0, dilation=1, ceil_mode=False)
    (5): Conv2d(64, 128, kernel_size=(3, 3), stride=(1, 1), padding=(1, 1))
    (6): ReLU(inplace=True)
    (7): Conv2d(128, 128, kernel_size=(3, 3), stride=(1, 1), padding=(1, 1))
    (8): ReLU(inplace=True)
    (9): MaxPool2d(kernel_size=2, stride=2, padding=0, dilation=1, ceil_mode=False)
    (10): Conv2d(128, 256, kernel_size=(3, 3), stride=(1, 1), padding=(1, 1))
    (11): ReLU(inplace=True)
    (12): Conv2d(256, 256, kernel_size=(3, 3), stride=(1, 1), padding=(1, 1))
    (13): ReLU(inplace=True)
    (14): Conv2d(256, 256, kernel_size=(3, 3), stride=(1, 1), padding=(1, 1))
    (15): ReLU(inplace=True)
    (16): MaxPool2d(kernel_size=2, stride=2, padding=0, dilation=1, ceil_mode=False)
    (17): Conv2d(256, 512, kernel_size=(3, 3), stride=(1, 1), padding=(1, 1))
    (18): ReLU(inplace=True)
    (19): Conv2d(512, 512, kernel_size=(3, 3), stride=(1, 1), padding=(1, 1))
    (20): ReLU(inplace=True)
    (21): Conv2d(512, 512, kernel_size=(3, 3), stride=(1, 1), padding=(1, 1))
    (22): ReLU(inplace=True)
    (23): MaxPool2d(kernel_size=2, stride=2, padding=0, dilation=1, ceil_mode=False)
    (24): Conv2d(512, 512, kernel_size=(3, 3), stride=(1, 1), padding=(1, 1))
    (25): ReLU(inplace=True)
    (26): Conv2d(512, 512, kernel_size=(3, 3), stride=(1, 1), padding=(1, 1))
    (27): ReLU(inplace=True)
    (28): Conv2d(512, 512, kernel_size=(3, 3), stride=(1, 1), padding=(1, 1))
    (29): ReLU(inplace=True)
    (30): MaxPool2d(kernel_size=2, stride=2, padding=0, dilation=1, ceil_mode=False)
  )
  (avgpool): AdaptiveAvgPool2d(output_size=(7, 7))
  (classifier): Sequential(
    (0): Linear(in_features=25088, out_features=4096, bias=True)
    (1): ReLU(inplace=True)
    (2): Dropout(p=0.5, inplace=False)
    (3): Linear(in_features=4096, out_features=4096, bias=True)
    (4): ReLU(inplace=True)
    (5): Dropout(p=0.5, inplace=False)
    (6): Linear(in_features=4096, out_features=1000, bias=True)
  )
)
# using cuda
3/5005  0.010803  419/1024 = 0.4091796875
7/5005  0.010463  440/1024 = 0.4296875
11/5005  0.010603  430/1024 = 0.419921875
15/5005  0.010402  427/1024 = 0.4169921875
19/5005  0.010318  439/1024 = 0.4287109375
23/5005  0.010326  453/1024 = 0.4423828125
27/5005  0.009691  438/1024 = 0.427734375
31/5005  0.010196  459/1024 = 0.4482421875
35/5005  0.010115  459/1024 = 0.4482421875
39/5005  0.009987  440/1024 = 0.4296875
43/5005  0.010330  419/1024 = 0.4091796875
47/5005  0.010184  423/1024 = 0.4130859375
51/5005  0.009588  459/1024 = 0.4482421875
55/5005  0.009631  446/1024 = 0.435546875
59/5005  0.010518  430/1024 = 0.419921875
63/5005  0.010179  444/1024 = 0.43359375
67/5005  0.009742  455/1024 = 0.4443359375
71/5005  0.009926  430/1024 = 0.419921875
75/5005  0.009662  460/1024 = 0.44921875
79/5005  0.010480  447/1024 = 0.4365234375
83/5005  0.009913  438/1024 = 0.427734375
87/5005  0.009737  461/1024 = 0.4501953125
91/5005  0.010118  441/1024 = 0.4306640625
95/5005  0.009837  459/1024 = 0.4482421875
99/5005  0.009711  458/1024 = 0.447265625
103/5005  0.010144  441/1024 = 0.4306640625
107/5005  0.009932  428/1024 = 0.41796875
111/5005  0.010047  419/1024 = 0.4091796875
115/5005  0.009827  445/1024 = 0.4345703125
119/5005  0.010666  418/1024 = 0.408203125
123/5005  0.010231  448/1024 = 0.4375
127/5005  0.009748  459/1024 = 0.4482421875
131/5005  0.010058  447/1024 = 0.4365234375
135/5005  0.010119  448/1024 = 0.4375
139/5005  0.009717  458/1024 = 0.447265625
143/5005  0.009961  455/1024 = 0.4443359375
147/5005  0.010149  437/1024 = 0.4267578125
151/5005  0.009532  469/1024 = 0.4580078125
155/5005  0.010487  418/1024 = 0.408203125
159/5005  0.010126  456/1024 = 0.4453125
163/5005  0.009714  440/1024 = 0.4296875
167/5005  0.009865  429/1024 = 0.4189453125
171/5005  0.010237  417/1024 = 0.4072265625
175/5005  0.009485  463/1024 = 0.4521484375
179/5005  0.010012  433/1024 = 0.4228515625
183/5005  0.009983  450/1024 = 0.439453125
187/5005  0.010360  411/1024 = 0.4013671875
191/5005  0.010650  423/1024 = 0.4130859375
195/5005  0.009892  456/1024 = 0.4453125
199/5005  0.010189  442/1024 = 0.431640625
203/5005  0.010259  439/1024 = 0.4287109375
207/5005  0.009457  475/1024 = 0.4638671875
211/5005  0.010712  422/1024 = 0.412109375
215/5005  0.010444  417/1024 = 0.4072265625
219/5005  0.010323  456/1024 = 0.4453125
223/5005  0.009578  452/1024 = 0.44140625
227/5005  0.010808  409/1024 = 0.3994140625
231/5005  0.010220  440/1024 = 0.4296875
235/5005  0.010194  438/1024 = 0.427734375
239/5005  0.010759  404/1024 = 0.39453125
243/5005  0.009675  459/1024 = 0.4482421875
247/5005  0.010712  401/1024 = 0.3916015625
251/5005  0.010020  424/1024 = 0.4140625
255/5005  0.010422  427/1024 = 0.4169921875
259/5005  0.009995  448/1024 = 0.4375
263/5005  0.010108  460/1024 = 0.44921875
267/5005  0.010200  460/1024 = 0.44921875
271/5005  0.009800  440/1024 = 0.4296875
275/5005  0.009955  441/1024 = 0.4306640625
279/5005  0.010158  441/1024 = 0.4306640625
283/5005  0.010245  438/1024 = 0.427734375
287/5005  0.009837  466/1024 = 0.455078125
291/5005  0.010009  436/1024 = 0.42578125
295/5005  0.009907  443/1024 = 0.4326171875
299/5005  0.010349  432/1024 = 0.421875
303/5005  0.009514  456/1024 = 0.4453125
307/5005  0.009873  459/1024 = 0.4482421875
311/5005  0.010039  467/1024 = 0.4560546875
315/5005  0.009746  454/1024 = 0.443359375
319/5005  0.009888  448/1024 = 0.4375
323/5005  0.009809  471/1024 = 0.4599609375
327/5005  0.010401  427/1024 = 0.4169921875
331/5005  0.009986  457/1024 = 0.4462890625
335/5005  0.010032  447/1024 = 0.4365234375
339/5005  0.010184  436/1024 = 0.42578125
343/5005  0.010315  442/1024 = 0.431640625
347/5005  0.010118  438/1024 = 0.427734375
351/5005  0.009804  437/1024 = 0.4267578125
355/5005  0.009760  458/1024 = 0.447265625
359/5005  0.009915  439/1024 = 0.4287109375
363/5005  0.009886  460/1024 = 0.44921875
367/5005  0.010387  427/1024 = 0.4169921875
371/5005  0.009447  451/1024 = 0.4404296875
375/5005  0.010070  414/1024 = 0.404296875
379/5005  0.010584  420/1024 = 0.41015625
383/5005  0.010647  426/1024 = 0.416015625
387/5005  0.010081  443/1024 = 0.4326171875
391/5005  0.010400  422/1024 = 0.412109375
395/5005  0.010351  423/1024 = 0.4130859375
399/5005  0.010193  453/1024 = 0.4423828125
403/5005  0.010610  410/1024 = 0.400390625
407/5005  0.010384  442/1024 = 0.431640625
411/5005  0.009749  466/1024 = 0.455078125
415/5005  0.010083  437/1024 = 0.4267578125
419/5005  0.010078  443/1024 = 0.4326171875
423/5005  0.010206  434/1024 = 0.423828125
427/5005  0.009896  459/1024 = 0.4482421875
431/5005  0.010309  420/1024 = 0.41015625
435/5005  0.010098  437/1024 = 0.4267578125
439/5005  0.010188  453/1024 = 0.4423828125
443/5005  0.009688  454/1024 = 0.443359375
447/5005  0.009969  428/1024 = 0.41796875
451/5005  0.009103  471/1024 = 0.4599609375
455/5005  0.009964  440/1024 = 0.4296875
459/5005  0.010020  429/1024 = 0.4189453125
463/5005  0.009685  464/1024 = 0.453125
467/5005  0.010127  430/1024 = 0.419921875
471/5005  0.010022  431/1024 = 0.4208984375
475/5005  0.010496  442/1024 = 0.431640625
479/5005  0.010061  447/1024 = 0.4365234375
483/5005  0.010424  429/1024 = 0.4189453125
487/5005  0.010105  447/1024 = 0.4365234375
491/5005  0.010232  447/1024 = 0.4365234375
495/5005  0.009706  471/1024 = 0.4599609375
499/5005  0.009800  446/1024 = 0.435546875
503/5005  0.010274  427/1024 = 0.4169921875
507/5005  0.010088  423/1024 = 0.4130859375
511/5005  0.009975  462/1024 = 0.451171875
515/5005  0.009989  444/1024 = 0.43359375
519/5005  0.009990  454/1024 = 0.443359375
523/5005  0.010083  435/1024 = 0.4248046875
527/5005  0.009947  442/1024 = 0.431640625
531/5005  0.010239  454/1024 = 0.443359375
535/5005  0.010401  433/1024 = 0.4228515625
539/5005  0.010274  425/1024 = 0.4150390625
543/5005  0.009887  453/1024 = 0.4423828125
547/5005  0.010190  442/1024 = 0.431640625
551/5005  0.010017  437/1024 = 0.4267578125
555/5005  0.009839  442/1024 = 0.431640625
559/5005  0.010174  439/1024 = 0.4287109375
563/5005  0.009851  458/1024 = 0.447265625
567/5005  0.010189  440/1024 = 0.4296875
571/5005  0.009783  447/1024 = 0.4365234375
575/5005  0.009866  454/1024 = 0.443359375
579/5005  0.010229  444/1024 = 0.43359375
583/5005  0.009672  458/1024 = 0.447265625
587/5005  0.010146  433/1024 = 0.4228515625
591/5005  0.009873  442/1024 = 0.431640625
595/5005  0.010352  425/1024 = 0.4150390625
599/5005  0.009684  445/1024 = 0.4345703125
603/5005  0.010226  442/1024 = 0.431640625
607/5005  0.010184  435/1024 = 0.4248046875
611/5005  0.010270  419/1024 = 0.4091796875
615/5005  0.010480  412/1024 = 0.40234375
619/5005  0.009814  476/1024 = 0.46484375
623/5005  0.009640  465/1024 = 0.4541015625
627/5005  0.010164  449/1024 = 0.4384765625
631/5005  0.010457  452/1024 = 0.44140625
635/5005  0.010466  418/1024 = 0.408203125
639/5005  0.009958  435/1024 = 0.4248046875
643/5005  0.010311  449/1024 = 0.4384765625
647/5005  0.009910  454/1024 = 0.443359375
651/5005  0.010104  457/1024 = 0.4462890625
655/5005  0.009998  428/1024 = 0.41796875
659/5005  0.010055  434/1024 = 0.423828125
663/5005  0.010140  443/1024 = 0.4326171875
667/5005  0.010362  418/1024 = 0.408203125
671/5005  0.009535  471/1024 = 0.4599609375
675/5005  0.010028  431/1024 = 0.4208984375
679/5005  0.009982  445/1024 = 0.4345703125
683/5005  0.010182  452/1024 = 0.44140625
687/5005  0.009406  466/1024 = 0.455078125
691/5005  0.010009  437/1024 = 0.4267578125
695/5005  0.010139  454/1024 = 0.443359375
699/5005  0.010294  438/1024 = 0.427734375
703/5005  0.010044  460/1024 = 0.44921875
707/5005  0.009673  470/1024 = 0.458984375
711/5005  0.009339  454/1024 = 0.443359375
715/5005  0.010175  441/1024 = 0.4306640625
719/5005  0.009715  459/1024 = 0.4482421875
723/5005  0.010251  453/1024 = 0.4423828125
727/5005  0.010000  431/1024 = 0.4208984375
731/5005  0.009912  456/1024 = 0.4453125
735/5005  0.010314  414/1024 = 0.404296875
739/5005  0.010057  446/1024 = 0.435546875
743/5005  0.010352  409/1024 = 0.3994140625
747/5005  0.010289  428/1024 = 0.41796875
751/5005  0.010361  428/1024 = 0.41796875
755/5005  0.009997  448/1024 = 0.4375
759/5005  0.010411  419/1024 = 0.4091796875
763/5005  0.009759  457/1024 = 0.4462890625
767/5005  0.009970  453/1024 = 0.4423828125
771/5005  0.010057  440/1024 = 0.4296875
775/5005  0.009123  489/1024 = 0.4775390625
779/5005  0.010191  434/1024 = 0.423828125
783/5005  0.009981  452/1024 = 0.44140625
787/5005  0.010640  419/1024 = 0.4091796875
791/5005  0.009925  456/1024 = 0.4453125
795/5005  0.010380  434/1024 = 0.423828125
799/5005  0.010220  444/1024 = 0.43359375
803/5005  0.010479  429/1024 = 0.4189453125
807/5005  0.010113  443/1024 = 0.4326171875
811/5005  0.009953  451/1024 = 0.4404296875
815/5005  0.010403  428/1024 = 0.41796875
819/5005  0.009753  462/1024 = 0.451171875
823/5005  0.010092  432/1024 = 0.421875
827/5005  0.009417  495/1024 = 0.4833984375
831/5005  0.010018  449/1024 = 0.4384765625
835/5005  0.010201  420/1024 = 0.41015625
839/5005  0.009852  452/1024 = 0.44140625
843/5005  0.009472  473/1024 = 0.4619140625
847/5005  0.010449  423/1024 = 0.4130859375
851/5005  0.010253  447/1024 = 0.4365234375
855/5005  0.010291  416/1024 = 0.40625
859/5005  0.009746  448/1024 = 0.4375
863/5005  0.010269  439/1024 = 0.4287109375
867/5005  0.009769  477/1024 = 0.4658203125
871/5005  0.010086  440/1024 = 0.4296875
875/5005  0.010222  431/1024 = 0.4208984375
879/5005  0.010162  452/1024 = 0.44140625
883/5005  0.009956  470/1024 = 0.458984375
887/5005  0.010673  414/1024 = 0.404296875
891/5005  0.010076  450/1024 = 0.439453125
895/5005  0.009814  449/1024 = 0.4384765625
899/5005  0.009800  467/1024 = 0.4560546875
903/5005  0.010027  460/1024 = 0.44921875
907/5005  0.010111  437/1024 = 0.4267578125
911/5005  0.009942  431/1024 = 0.4208984375
915/5005  0.009835  443/1024 = 0.4326171875
919/5005  0.009895  445/1024 = 0.4345703125
923/5005  0.010246  441/1024 = 0.4306640625
927/5005  0.009643  466/1024 = 0.455078125
931/5005  0.010383  438/1024 = 0.427734375
935/5005  0.010177  432/1024 = 0.421875
939/5005  0.009968  460/1024 = 0.44921875
943/5005  0.010266  421/1024 = 0.4111328125
947/5005  0.010102  431/1024 = 0.4208984375
951/5005  0.010477  430/1024 = 0.419921875
955/5005  0.010010  447/1024 = 0.4365234375
959/5005  0.009940  448/1024 = 0.4375
963/5005  0.010215  451/1024 = 0.4404296875
967/5005  0.010415  423/1024 = 0.4130859375
971/5005  0.010256  443/1024 = 0.4326171875
975/5005  0.009831  438/1024 = 0.427734375
979/5005  0.009736  464/1024 = 0.453125
983/5005  0.009818  462/1024 = 0.451171875
987/5005  0.009982  445/1024 = 0.4345703125
991/5005  0.010494  446/1024 = 0.435546875
995/5005  0.009836  447/1024 = 0.4365234375
999/5005  0.009564  466/1024 = 0.455078125
1003/5005  0.009804  459/1024 = 0.4482421875
1007/5005  0.009730  424/1024 = 0.4140625
1011/5005  0.009549  468/1024 = 0.45703125
1015/5005  0.010278  440/1024 = 0.4296875
1019/5005  0.010132  450/1024 = 0.439453125
1023/5005  0.009885  445/1024 = 0.4345703125
1027/5005  0.009980  444/1024 = 0.43359375
1031/5005  0.010074  436/1024 = 0.42578125
1035/5005  0.010351  428/1024 = 0.41796875
1039/5005  0.010338  430/1024 = 0.419921875
1043/5005  0.010299  418/1024 = 0.408203125
1047/5005  0.010314  431/1024 = 0.4208984375
1051/5005  0.010236  442/1024 = 0.431640625
1055/5005  0.010222  461/1024 = 0.4501953125
1059/5005  0.010062  439/1024 = 0.4287109375
1063/5005  0.010383  411/1024 = 0.4013671875
1067/5005  0.009997  436/1024 = 0.42578125
1071/5005  0.010057  440/1024 = 0.4296875
1075/5005  0.010324  426/1024 = 0.416015625
1079/5005  0.010099  441/1024 = 0.4306640625
1083/5005  0.010593  430/1024 = 0.419921875
1087/5005  0.010145  431/1024 = 0.4208984375
1091/5005  0.010064  455/1024 = 0.4443359375
1095/5005  0.010448  416/1024 = 0.40625
1099/5005  0.010363  423/1024 = 0.4130859375
1103/5005  0.010147  427/1024 = 0.4169921875
1107/5005  0.010059  443/1024 = 0.4326171875
1111/5005  0.009918  433/1024 = 0.4228515625
1115/5005  0.009793  452/1024 = 0.44140625
1119/5005  0.010175  437/1024 = 0.4267578125
1123/5005  0.009787  444/1024 = 0.43359375
1127/5005  0.010166  434/1024 = 0.423828125
1131/5005  0.010105  455/1024 = 0.4443359375
1135/5005  0.010291  424/1024 = 0.4140625
1139/5005  0.009996  438/1024 = 0.427734375
1143/5005  0.010322  437/1024 = 0.4267578125
1147/5005  0.009767  460/1024 = 0.44921875
1151/5005  0.010052  425/1024 = 0.4150390625
1155/5005  0.010377  393/1024 = 0.3837890625
1159/5005  0.009998  451/1024 = 0.4404296875
1163/5005  0.010401  448/1024 = 0.4375
1167/5005  0.010248  436/1024 = 0.42578125
1171/5005  0.010358  429/1024 = 0.4189453125
1175/5005  0.010001  469/1024 = 0.4580078125
1179/5005  0.010424  429/1024 = 0.4189453125
1183/5005  0.010238  435/1024 = 0.4248046875
1187/5005  0.009448  467/1024 = 0.4560546875
1191/5005  0.009902  452/1024 = 0.44140625
1195/5005  0.010255  416/1024 = 0.40625
1199/5005  0.010068  438/1024 = 0.427734375
1203/5005  0.009897  450/1024 = 0.439453125
1207/5005  0.010429  436/1024 = 0.42578125
1211/5005  0.009668  459/1024 = 0.4482421875
1215/5005  0.009994  469/1024 = 0.4580078125
1219/5005  0.009942  460/1024 = 0.44921875
1223/5005  0.010135  451/1024 = 0.4404296875
1227/5005  0.009835  467/1024 = 0.4560546875
1231/5005  0.010540  419/1024 = 0.4091796875
1235/5005  0.009939  440/1024 = 0.4296875
1239/5005  0.009990  452/1024 = 0.44140625
1243/5005  0.010295  424/1024 = 0.4140625
1247/5005  0.009753  459/1024 = 0.4482421875
1251/5005  0.010422  427/1024 = 0.4169921875
1255/5005  0.009659  466/1024 = 0.455078125
1259/5005  0.010776  433/1024 = 0.4228515625
1263/5005  0.009977  437/1024 = 0.4267578125
1267/5005  0.009785  469/1024 = 0.4580078125
1271/5005  0.010564  409/1024 = 0.3994140625
1275/5005  0.009695  464/1024 = 0.453125
1279/5005  0.009948  465/1024 = 0.4541015625
1283/5005  0.010351  441/1024 = 0.4306640625
1287/5005  0.009489  470/1024 = 0.458984375
1291/5005  0.009899  459/1024 = 0.4482421875
1295/5005  0.010442  414/1024 = 0.404296875
1299/5005  0.010125  436/1024 = 0.42578125
1303/5005  0.009871  431/1024 = 0.4208984375
1307/5005  0.010007  440/1024 = 0.4296875
1311/5005  0.010209  462/1024 = 0.451171875
1315/5005  0.010440  424/1024 = 0.4140625
1319/5005  0.009650  460/1024 = 0.44921875
1323/5005  0.009475  460/1024 = 0.44921875
1327/5005  0.010576  420/1024 = 0.41015625
1331/5005  0.009949  461/1024 = 0.4501953125
1335/5005  0.010112  452/1024 = 0.44140625
1339/5005  0.009935  460/1024 = 0.44921875
1343/5005  0.010259  423/1024 = 0.4130859375
1347/5005  0.009887  432/1024 = 0.421875
1351/5005  0.009752  435/1024 = 0.4248046875
1355/5005  0.009948  441/1024 = 0.4306640625
1359/5005  0.009967  454/1024 = 0.443359375
1363/5005  0.009967  450/1024 = 0.439453125
1367/5005  0.010489  428/1024 = 0.41796875
1371/5005  0.009864  455/1024 = 0.4443359375
1375/5005  0.010036  436/1024 = 0.42578125
1379/5005  0.010476  423/1024 = 0.4130859375
1383/5005  0.009948  443/1024 = 0.4326171875
1387/5005  0.009709  460/1024 = 0.44921875
1391/5005  0.010118  426/1024 = 0.416015625
1395/5005  0.009782  467/1024 = 0.4560546875
1399/5005  0.009597  455/1024 = 0.4443359375
1403/5005  0.010157  446/1024 = 0.435546875
1407/5005  0.009770  452/1024 = 0.44140625
1411/5005  0.009904  443/1024 = 0.4326171875
1415/5005  0.010126  435/1024 = 0.4248046875
1419/5005  0.010168  458/1024 = 0.447265625
1423/5005  0.010152  441/1024 = 0.4306640625
1427/5005  0.010154  451/1024 = 0.4404296875
1431/5005  0.010323  423/1024 = 0.4130859375
1435/5005  0.009753  445/1024 = 0.4345703125
1439/5005  0.009484  484/1024 = 0.47265625
1443/5005  0.009720  436/1024 = 0.42578125
1447/5005  0.010875  407/1024 = 0.3974609375
1451/5005  0.010456  447/1024 = 0.4365234375
1455/5005  0.010062  458/1024 = 0.447265625
1459/5005  0.010175  432/1024 = 0.421875
1463/5005  0.010502  418/1024 = 0.408203125
1467/5005  0.009616  466/1024 = 0.455078125
1471/5005  0.009746  464/1024 = 0.453125
1475/5005  0.010201  424/1024 = 0.4140625
1479/5005  0.011076  390/1024 = 0.380859375
1483/5005  0.009755  451/1024 = 0.4404296875
1487/5005  0.010295  461/1024 = 0.4501953125
1491/5005  0.009872  452/1024 = 0.44140625
1495/5005  0.010111  450/1024 = 0.439453125
1499/5005  0.010048  425/1024 = 0.4150390625
1503/5005  0.009760  434/1024 = 0.423828125
1507/5005  0.010107  444/1024 = 0.43359375
1511/5005  0.009517  460/1024 = 0.44921875
1515/5005  0.010528  428/1024 = 0.41796875
1519/5005  0.010133  442/1024 = 0.431640625
1523/5005  0.009782  435/1024 = 0.4248046875
1527/5005  0.009687  468/1024 = 0.45703125
1531/5005  0.010512  428/1024 = 0.41796875
1535/5005  0.010505  425/1024 = 0.4150390625
1539/5005  0.010173  446/1024 = 0.435546875
1543/5005  0.009997  433/1024 = 0.4228515625
1547/5005  0.010413  428/1024 = 0.41796875
1551/5005  0.009466  478/1024 = 0.466796875
1555/5005  0.009918  451/1024 = 0.4404296875
1559/5005  0.010425  435/1024 = 0.4248046875
1563/5005  0.010379  431/1024 = 0.4208984375
1567/5005  0.009858  463/1024 = 0.4521484375
1571/5005  0.010063  435/1024 = 0.4248046875
1575/5005  0.009969  428/1024 = 0.41796875
1579/5005  0.010131  422/1024 = 0.412109375
1583/5005  0.009833  464/1024 = 0.453125
1587/5005  0.009960  473/1024 = 0.4619140625
1591/5005  0.010092  438/1024 = 0.427734375
1595/5005  0.009604  454/1024 = 0.443359375
1599/5005  0.009640  440/1024 = 0.4296875
1603/5005  0.009358  477/1024 = 0.4658203125
1607/5005  0.009890  478/1024 = 0.466796875
1611/5005  0.010398  428/1024 = 0.41796875
1615/5005  0.009610  444/1024 = 0.43359375
1619/5005  0.010128  441/1024 = 0.4306640625
1623/5005  0.009801  446/1024 = 0.435546875
1627/5005  0.009963  441/1024 = 0.4306640625
1631/5005  0.009854  442/1024 = 0.431640625
1635/5005  0.010247  452/1024 = 0.44140625
1639/5005  0.009786  471/1024 = 0.4599609375
1643/5005  0.010152  447/1024 = 0.4365234375
1647/5005  0.010359  422/1024 = 0.412109375
1651/5005  0.010418  432/1024 = 0.421875
1655/5005  0.009918  456/1024 = 0.4453125
1659/5005  0.010094  449/1024 = 0.4384765625
1663/5005  0.010192  431/1024 = 0.4208984375
1667/5005  0.010199  442/1024 = 0.431640625
1671/5005  0.010205  433/1024 = 0.4228515625
1675/5005  0.010070  430/1024 = 0.419921875
1679/5005  0.009800  450/1024 = 0.439453125
1683/5005  0.010454  423/1024 = 0.4130859375
1687/5005  0.010342  443/1024 = 0.4326171875
1691/5005  0.009974  444/1024 = 0.43359375
1695/5005  0.009956  454/1024 = 0.443359375
1699/5005  0.010669  423/1024 = 0.4130859375
1703/5005  0.009925  435/1024 = 0.4248046875
1707/5005  0.009832  464/1024 = 0.453125
1711/5005  0.010074  447/1024 = 0.4365234375
1715/5005  0.010334  430/1024 = 0.419921875
1719/5005  0.010011  443/1024 = 0.4326171875
1723/5005  0.010139  425/1024 = 0.4150390625
1727/5005  0.009758  438/1024 = 0.427734375
1731/5005  0.009706  458/1024 = 0.447265625
1735/5005  0.010233  455/1024 = 0.4443359375
1739/5005  0.010356  418/1024 = 0.408203125
1743/5005  0.010275  446/1024 = 0.435546875
1747/5005  0.009422  461/1024 = 0.4501953125
1751/5005  0.010872  405/1024 = 0.3955078125
1755/5005  0.009921  413/1024 = 0.4033203125
1759/5005  0.009961  449/1024 = 0.4384765625
1763/5005  0.009890  466/1024 = 0.455078125
1767/5005  0.010010  441/1024 = 0.4306640625
1771/5005  0.010349  439/1024 = 0.4287109375
1775/5005  0.009955  448/1024 = 0.4375
1779/5005  0.010424  432/1024 = 0.421875
1783/5005  0.009942  442/1024 = 0.431640625
1787/5005  0.009744  445/1024 = 0.4345703125
1791/5005  0.009747  456/1024 = 0.4453125
1795/5005  0.009994  452/1024 = 0.44140625
1799/5005  0.009723  477/1024 = 0.4658203125
1803/5005  0.010125  468/1024 = 0.45703125
1807/5005  0.010490  412/1024 = 0.40234375
1811/5005  0.010449  440/1024 = 0.4296875
1815/5005  0.009962  456/1024 = 0.4453125
1819/5005  0.009823  454/1024 = 0.443359375
1823/5005  0.009696  469/1024 = 0.4580078125
1827/5005  0.010412  428/1024 = 0.41796875
1831/5005  0.009971  442/1024 = 0.431640625
1835/5005  0.009932  466/1024 = 0.455078125
1839/5005  0.009843  459/1024 = 0.4482421875
1843/5005  0.009864  466/1024 = 0.455078125
1847/5005  0.010049  447/1024 = 0.4365234375
1851/5005  0.010114  437/1024 = 0.4267578125
1855/5005  0.009914  431/1024 = 0.4208984375
1859/5005  0.010302  442/1024 = 0.431640625
1863/5005  0.009723  466/1024 = 0.455078125
1867/5005  0.010136  427/1024 = 0.4169921875
1871/5005  0.009687  468/1024 = 0.45703125
1875/5005  0.010561  428/1024 = 0.41796875
1879/5005  0.009852  454/1024 = 0.443359375
1883/5005  0.010088  453/1024 = 0.4423828125
1887/5005  0.010089  457/1024 = 0.4462890625
1891/5005  0.009990  450/1024 = 0.439453125
1895/5005  0.010235  439/1024 = 0.4287109375
1899/5005  0.010283  441/1024 = 0.4306640625
1903/5005  0.010077  482/1024 = 0.470703125
1907/5005  0.009492  459/1024 = 0.4482421875
1911/5005  0.010020  456/1024 = 0.4453125
1915/5005  0.010293  426/1024 = 0.416015625
1919/5005  0.010414  431/1024 = 0.4208984375
1923/5005  0.009590  470/1024 = 0.458984375
1927/5005  0.009869  455/1024 = 0.4443359375
1931/5005  0.010307  424/1024 = 0.4140625
1935/5005  0.010142  427/1024 = 0.4169921875
1939/5005  0.009889  432/1024 = 0.421875
1943/5005  0.010073  450/1024 = 0.439453125
1947/5005  0.009882  462/1024 = 0.451171875
1951/5005  0.009638  468/1024 = 0.45703125
1955/5005  0.010222  449/1024 = 0.4384765625
1959/5005  0.009707  450/1024 = 0.439453125
1963/5005  0.010250  445/1024 = 0.4345703125
1967/5005  0.009926  447/1024 = 0.4365234375
1971/5005  0.010146  426/1024 = 0.416015625
1975/5005  0.010116  438/1024 = 0.427734375
1979/5005  0.009996  450/1024 = 0.439453125
1983/5005  0.010382  423/1024 = 0.4130859375
1987/5005  0.010079  454/1024 = 0.443359375
1991/5005  0.010452  423/1024 = 0.4130859375
1995/5005  0.010094  456/1024 = 0.4453125
1999/5005  0.009778  464/1024 = 0.453125
2003/5005  0.009805  463/1024 = 0.4521484375
2007/5005  0.009530  455/1024 = 0.4443359375
2011/5005  0.010314  445/1024 = 0.4345703125
2015/5005  0.009764  466/1024 = 0.455078125
2019/5005  0.010324  427/1024 = 0.4169921875
2023/5005  0.010736  425/1024 = 0.4150390625
2027/5005  0.009602  464/1024 = 0.453125
2031/5005  0.009762  465/1024 = 0.4541015625
2035/5005  0.009809  458/1024 = 0.447265625
2039/5005  0.009992  448/1024 = 0.4375
2043/5005  0.010179  422/1024 = 0.412109375
2047/5005  0.009842  471/1024 = 0.4599609375
2051/5005  0.010098  427/1024 = 0.4169921875
2055/5005  0.010563  430/1024 = 0.419921875
2059/5005  0.009780  466/1024 = 0.455078125
2063/5005  0.010345  433/1024 = 0.4228515625
2067/5005  0.009718  446/1024 = 0.435546875
2071/5005  0.009868  463/1024 = 0.4521484375
2075/5005  0.010035  453/1024 = 0.4423828125
2079/5005  0.010585  435/1024 = 0.4248046875
2083/5005  0.010074  426/1024 = 0.416015625
2087/5005  0.010276  431/1024 = 0.4208984375
2091/5005  0.010254  432/1024 = 0.421875
2095/5005  0.009758  457/1024 = 0.4462890625
2099/5005  0.009936  439/1024 = 0.4287109375
2103/5005  0.010065  453/1024 = 0.4423828125
2107/5005  0.009694  470/1024 = 0.458984375
2111/5005  0.009554  473/1024 = 0.4619140625
2115/5005  0.009911  460/1024 = 0.44921875
2119/5005  0.009639  466/1024 = 0.455078125
2123/5005  0.010381  448/1024 = 0.4375
2127/5005  0.009733  467/1024 = 0.4560546875
2131/5005  0.009918  444/1024 = 0.43359375
2135/5005  0.010180  449/1024 = 0.4384765625
2139/5005  0.010370  444/1024 = 0.43359375
2143/5005  0.010279  431/1024 = 0.4208984375
2147/5005  0.010145  446/1024 = 0.435546875
2151/5005  0.010210  431/1024 = 0.4208984375
2155/5005  0.010099  450/1024 = 0.439453125
2159/5005  0.009723  468/1024 = 0.45703125
2163/5005  0.009949  452/1024 = 0.44140625
2167/5005  0.009877  446/1024 = 0.435546875
2171/5005  0.010163  429/1024 = 0.4189453125
2175/5005  0.009782  452/1024 = 0.44140625
2179/5005  0.009858  458/1024 = 0.447265625
2183/5005  0.010004  443/1024 = 0.4326171875
2187/5005  0.010100  447/1024 = 0.4365234375
2191/5005  0.010372  430/1024 = 0.419921875
2195/5005  0.010094  433/1024 = 0.4228515625
2199/5005  0.009898  458/1024 = 0.447265625
2203/5005  0.010432  434/1024 = 0.423828125
2207/5005  0.010115  440/1024 = 0.4296875
2211/5005  0.009721  478/1024 = 0.466796875
2215/5005  0.009674  450/1024 = 0.439453125
2219/5005  0.010150  434/1024 = 0.423828125
2223/5005  0.009693  458/1024 = 0.447265625
2227/5005  0.009755  452/1024 = 0.44140625
2231/5005  0.009820  439/1024 = 0.4287109375
2235/5005  0.010427  456/1024 = 0.4453125
2239/5005  0.010010  445/1024 = 0.4345703125
2243/5005  0.009625  473/1024 = 0.4619140625
2247/5005  0.009442  469/1024 = 0.4580078125
2251/5005  0.010019  418/1024 = 0.408203125
2255/5005  0.010587  415/1024 = 0.4052734375
2259/5005  0.010337  442/1024 = 0.431640625
2263/5005  0.009814  447/1024 = 0.4365234375
2267/5005  0.009467  467/1024 = 0.4560546875
2271/5005  0.009726  444/1024 = 0.43359375
2275/5005  0.010292  445/1024 = 0.4345703125
2279/5005  0.010169  432/1024 = 0.421875
2283/5005  0.010184  422/1024 = 0.412109375
2287/5005  0.009690  466/1024 = 0.455078125
2291/5005  0.009928  448/1024 = 0.4375
2295/5005  0.010056  455/1024 = 0.4443359375
2299/5005  0.010739  411/1024 = 0.4013671875
2303/5005  0.010513  424/1024 = 0.4140625
2307/5005  0.009565  456/1024 = 0.4453125
2311/5005  0.009943  451/1024 = 0.4404296875
2315/5005  0.009919  445/1024 = 0.4345703125
2319/5005  0.009766  464/1024 = 0.453125
2323/5005  0.009993  455/1024 = 0.4443359375
2327/5005  0.010003  440/1024 = 0.4296875
2331/5005  0.009632  461/1024 = 0.4501953125
2335/5005  0.010141  443/1024 = 0.4326171875
2339/5005  0.010068  423/1024 = 0.4130859375
2343/5005  0.010077  443/1024 = 0.4326171875
2347/5005  0.009709  474/1024 = 0.462890625
2351/5005  0.009453  453/1024 = 0.4423828125
2355/5005  0.009907  464/1024 = 0.453125
2359/5005  0.010205  429/1024 = 0.4189453125
2363/5005  0.010046  419/1024 = 0.4091796875
2367/5005  0.009814  452/1024 = 0.44140625
2371/5005  0.010132  456/1024 = 0.4453125
2375/5005  0.010294  439/1024 = 0.4287109375
2379/5005  0.010304  430/1024 = 0.419921875
2383/5005  0.009720  464/1024 = 0.453125
2387/5005  0.010249  446/1024 = 0.435546875
2391/5005  0.009727  456/1024 = 0.4453125
2395/5005  0.010142  456/1024 = 0.4453125
2399/5005  0.009501  467/1024 = 0.4560546875
2403/5005  0.010320  412/1024 = 0.40234375
2407/5005  0.010086  442/1024 = 0.431640625
2411/5005  0.010026  431/1024 = 0.4208984375
2415/5005  0.009827  448/1024 = 0.4375
2419/5005  0.010213  446/1024 = 0.435546875
2423/5005  0.009880  462/1024 = 0.451171875
2427/5005  0.010502  445/1024 = 0.4345703125
2431/5005  0.010175  452/1024 = 0.44140625
2435/5005  0.010073  454/1024 = 0.443359375
2439/5005  0.010201  439/1024 = 0.4287109375
2443/5005  0.010138  454/1024 = 0.443359375
2447/5005  0.010703  431/1024 = 0.4208984375
2451/5005  0.010048  441/1024 = 0.4306640625
2455/5005  0.010097  434/1024 = 0.423828125
2459/5005  0.009875  439/1024 = 0.4287109375
2463/5005  0.009874  464/1024 = 0.453125
2467/5005  0.009818  452/1024 = 0.44140625
2471/5005  0.009900  448/1024 = 0.4375
2475/5005  0.010070  445/1024 = 0.4345703125
2479/5005  0.009803  448/1024 = 0.4375
2483/5005  0.009562  443/1024 = 0.4326171875
2487/5005  0.010574  417/1024 = 0.4072265625
2491/5005  0.009955  460/1024 = 0.44921875
2495/5005  0.009951  438/1024 = 0.427734375
2499/5005  0.009605  445/1024 = 0.4345703125
2503/5005  0.010229  418/1024 = 0.408203125
2507/5005  0.009839  454/1024 = 0.443359375
2511/5005  0.009980  450/1024 = 0.439453125
2515/5005  0.010499  431/1024 = 0.4208984375
2519/5005  0.009981  443/1024 = 0.4326171875
2523/5005  0.010146  445/1024 = 0.4345703125
2527/5005  0.010285  421/1024 = 0.4111328125
2531/5005  0.010294  435/1024 = 0.4248046875
2535/5005  0.009602  462/1024 = 0.451171875
2539/5005  0.009904  448/1024 = 0.4375
2543/5005  0.010186  440/1024 = 0.4296875
2547/5005  0.009427  471/1024 = 0.4599609375
2551/5005  0.010119  453/1024 = 0.4423828125
2555/5005  0.009822  466/1024 = 0.455078125
2559/5005  0.009707  444/1024 = 0.43359375
2563/5005  0.009844  462/1024 = 0.451171875
2567/5005  0.009803  466/1024 = 0.455078125
2571/5005  0.009524  471/1024 = 0.4599609375
2575/5005  0.009994  437/1024 = 0.4267578125
2579/5005  0.010169  431/1024 = 0.4208984375
2583/5005  0.010045  435/1024 = 0.4248046875
2587/5005  0.010154  448/1024 = 0.4375
2591/5005  0.009609  441/1024 = 0.4306640625
2595/5005  0.009998  441/1024 = 0.4306640625
2599/5005  0.010104  435/1024 = 0.4248046875
2603/5005  0.010516  451/1024 = 0.4404296875
2607/5005  0.009974  432/1024 = 0.421875
2611/5005  0.010560  435/1024 = 0.4248046875
2615/5005  0.009974  443/1024 = 0.4326171875
2619/5005  0.010030  434/1024 = 0.423828125
2623/5005  0.009975  458/1024 = 0.447265625
2627/5005  0.009862  447/1024 = 0.4365234375
2631/5005  0.010358  425/1024 = 0.4150390625
2635/5005  0.009902  435/1024 = 0.4248046875
2639/5005  0.010218  430/1024 = 0.419921875
2643/5005  0.010166  451/1024 = 0.4404296875
2647/5005  0.009722  451/1024 = 0.4404296875
2651/5005  0.009963  446/1024 = 0.435546875
2655/5005  0.010269  442/1024 = 0.431640625
2659/5005  0.010788  427/1024 = 0.4169921875
2663/5005  0.010084  436/1024 = 0.42578125
2667/5005  0.009705  468/1024 = 0.45703125
2671/5005  0.010073  436/1024 = 0.42578125
2675/5005  0.010181  423/1024 = 0.4130859375
2679/5005  0.009628  456/1024 = 0.4453125
2683/5005  0.009785  445/1024 = 0.4345703125
2687/5005  0.010196  442/1024 = 0.431640625
2691/5005  0.010331  423/1024 = 0.4130859375
2695/5005  0.010441  444/1024 = 0.43359375
2699/5005  0.010129  440/1024 = 0.4296875
2703/5005  0.009895  456/1024 = 0.4453125
2707/5005  0.009763  447/1024 = 0.4365234375
2711/5005  0.009943  442/1024 = 0.431640625
2715/5005  0.009792  472/1024 = 0.4609375
2719/5005  0.010221  425/1024 = 0.4150390625
2723/5005  0.009953  453/1024 = 0.4423828125
2727/5005  0.009723  426/1024 = 0.416015625
2731/5005  0.009977  454/1024 = 0.443359375
2735/5005  0.009832  467/1024 = 0.4560546875
2739/5005  0.009790  455/1024 = 0.4443359375
2743/5005  0.009248  491/1024 = 0.4794921875
2747/5005  0.009518  460/1024 = 0.44921875
2751/5005  0.009897  431/1024 = 0.4208984375
2755/5005  0.010192  453/1024 = 0.4423828125
2759/5005  0.010360  409/1024 = 0.3994140625
2763/5005  0.010097  434/1024 = 0.423828125
2767/5005  0.009616  463/1024 = 0.4521484375
2771/5005  0.009590  474/1024 = 0.462890625
2775/5005  0.010225  424/1024 = 0.4140625
2779/5005  0.009122  480/1024 = 0.46875
2783/5005  0.009942  453/1024 = 0.4423828125
2787/5005  0.009754  451/1024 = 0.4404296875
2791/5005  0.010188  450/1024 = 0.439453125
2795/5005  0.010769  411/1024 = 0.4013671875
2799/5005  0.010406  448/1024 = 0.4375
2803/5005  0.009671  463/1024 = 0.4521484375
2807/5005  0.010190  422/1024 = 0.412109375
2811/5005  0.009474  465/1024 = 0.4541015625
2815/5005  0.010194  414/1024 = 0.404296875
2819/5005  0.010169  444/1024 = 0.43359375
2823/5005  0.009478  480/1024 = 0.46875
2827/5005  0.010308  435/1024 = 0.4248046875
2831/5005  0.010582  417/1024 = 0.4072265625
2835/5005  0.009467  462/1024 = 0.451171875
2839/5005  0.009575  469/1024 = 0.4580078125
2843/5005  0.009535  472/1024 = 0.4609375
2847/5005  0.010272  436/1024 = 0.42578125
2851/5005  0.010032  440/1024 = 0.4296875
2855/5005  0.010207  434/1024 = 0.423828125
2859/5005  0.009922  429/1024 = 0.4189453125
2863/5005  0.009621  444/1024 = 0.43359375
2867/5005  0.009622  450/1024 = 0.439453125
2871/5005  0.009985  447/1024 = 0.4365234375
2875/5005  0.009695  463/1024 = 0.4521484375
2879/5005  0.010247  427/1024 = 0.4169921875
2883/5005  0.010208  425/1024 = 0.4150390625
2887/5005  0.009983  459/1024 = 0.4482421875
2891/5005  0.010547  409/1024 = 0.3994140625
2895/5005  0.009860  456/1024 = 0.4453125
2899/5005  0.010157  449/1024 = 0.4384765625
2903/5005  0.009875  476/1024 = 0.46484375
2907/5005  0.010167  450/1024 = 0.439453125
2911/5005  0.009342  481/1024 = 0.4697265625
2915/5005  0.009694  460/1024 = 0.44921875
2919/5005  0.009728  462/1024 = 0.451171875
2923/5005  0.010076  446/1024 = 0.435546875
2927/5005  0.010078  444/1024 = 0.43359375
2931/5005  0.010163  442/1024 = 0.431640625
2935/5005  0.010420  418/1024 = 0.408203125
2939/5005  0.010353  432/1024 = 0.421875
2943/5005  0.010001  464/1024 = 0.453125
2947/5005  0.010287  442/1024 = 0.431640625
2951/5005  0.009654  462/1024 = 0.451171875
2955/5005  0.010382  441/1024 = 0.4306640625
2959/5005  0.009976  431/1024 = 0.4208984375
2963/5005  0.009405  478/1024 = 0.466796875
2967/5005  0.010350  422/1024 = 0.412109375
2971/5005  0.010159  436/1024 = 0.42578125
2975/5005  0.010131  460/1024 = 0.44921875
2979/5005  0.010310  450/1024 = 0.439453125
2983/5005  0.010060  436/1024 = 0.42578125
2987/5005  0.009884  432/1024 = 0.421875
2991/5005  0.010079  430/1024 = 0.419921875
2995/5005  0.010666  405/1024 = 0.3955078125
2999/5005  0.009943  456/1024 = 0.4453125
3003/5005  0.009942  447/1024 = 0.4365234375
3007/5005  0.010077  438/1024 = 0.427734375
3011/5005  0.010016  446/1024 = 0.435546875
3015/5005  0.009213  486/1024 = 0.474609375
3019/5005  0.010016  449/1024 = 0.4384765625
3023/5005  0.010076  439/1024 = 0.4287109375
3027/5005  0.009890  452/1024 = 0.44140625
3031/5005  0.010298  444/1024 = 0.43359375
3035/5005  0.009891  445/1024 = 0.4345703125
3039/5005  0.010145  449/1024 = 0.4384765625
3043/5005  0.009902  472/1024 = 0.4609375
3047/5005  0.010484  418/1024 = 0.408203125
3051/5005  0.010266  437/1024 = 0.4267578125
3055/5005  0.010416  434/1024 = 0.423828125
3059/5005  0.010282  440/1024 = 0.4296875
3063/5005  0.009660  483/1024 = 0.4716796875
3067/5005  0.010337  426/1024 = 0.416015625
3071/5005  0.009699  449/1024 = 0.4384765625
3075/5005  0.009851  471/1024 = 0.4599609375
3079/5005  0.009899  440/1024 = 0.4296875
3083/5005  0.009780  451/1024 = 0.4404296875
3087/5005  0.009855  463/1024 = 0.4521484375
3091/5005  0.009929  440/1024 = 0.4296875
3095/5005  0.009702  453/1024 = 0.4423828125
3099/5005  0.010212  438/1024 = 0.427734375
3103/5005  0.010325  427/1024 = 0.4169921875
3107/5005  0.010280  457/1024 = 0.4462890625
3111/5005  0.009685  454/1024 = 0.443359375
3115/5005  0.009337  474/1024 = 0.462890625
3119/5005  0.010130  453/1024 = 0.4423828125
3123/5005  0.009637  464/1024 = 0.453125
3127/5005  0.009680  471/1024 = 0.4599609375
3131/5005  0.009556  474/1024 = 0.462890625
3135/5005  0.010202  449/1024 = 0.4384765625
3139/5005  0.009347  462/1024 = 0.451171875
3143/5005  0.009917  449/1024 = 0.4384765625
3147/5005  0.009970  442/1024 = 0.431640625
3151/5005  0.009916  456/1024 = 0.4453125
3155/5005  0.009677  468/1024 = 0.45703125
3159/5005  0.010354  434/1024 = 0.423828125
3163/5005  0.009557  462/1024 = 0.451171875
3167/5005  0.010341  432/1024 = 0.421875
3171/5005  0.009742  457/1024 = 0.4462890625
3175/5005  0.009895  451/1024 = 0.4404296875
3179/5005  0.010084  448/1024 = 0.4375
3183/5005  0.010635  436/1024 = 0.42578125
3187/5005  0.010769  418/1024 = 0.408203125
3191/5005  0.009460  467/1024 = 0.4560546875
3195/5005  0.010249  441/1024 = 0.4306640625
3199/5005  0.009792  458/1024 = 0.447265625
3203/5005  0.009455  478/1024 = 0.466796875
3207/5005  0.009512  473/1024 = 0.4619140625
3211/5005  0.009961  444/1024 = 0.43359375
3215/5005  0.010163  439/1024 = 0.4287109375
3219/5005  0.009541  465/1024 = 0.4541015625
3223/5005  0.009475  468/1024 = 0.45703125
3227/5005  0.009971  451/1024 = 0.4404296875
3231/5005  0.010244  433/1024 = 0.4228515625
3235/5005  0.010166  448/1024 = 0.4375
3239/5005  0.009935  441/1024 = 0.4306640625
3243/5005  0.009712  452/1024 = 0.44140625
3247/5005  0.009576  465/1024 = 0.4541015625
3251/5005  0.009541  462/1024 = 0.451171875
3255/5005  0.010430  410/1024 = 0.400390625
3259/5005  0.009906  459/1024 = 0.4482421875
3263/5005  0.010342  422/1024 = 0.412109375
3267/5005  0.009810  442/1024 = 0.431640625
3271/5005  0.009559  454/1024 = 0.443359375
3275/5005  0.009789  469/1024 = 0.4580078125
3279/5005  0.009823  445/1024 = 0.4345703125
3283/5005  0.010129  436/1024 = 0.42578125
3287/5005  0.010004  440/1024 = 0.4296875
3291/5005  0.009543  479/1024 = 0.4677734375
3295/5005  0.009379  464/1024 = 0.453125
3299/5005  0.009776  469/1024 = 0.4580078125
3303/5005  0.009852  438/1024 = 0.427734375
3307/5005  0.010178  446/1024 = 0.435546875
3311/5005  0.010646  401/1024 = 0.3916015625
3315/5005  0.009997  448/1024 = 0.4375
3319/5005  0.010034  446/1024 = 0.435546875
3323/5005  0.010077  465/1024 = 0.4541015625
3327/5005  0.009692  468/1024 = 0.45703125
3331/5005  0.009832  444/1024 = 0.43359375
3335/5005  0.009709  463/1024 = 0.4521484375
3339/5005  0.009981  428/1024 = 0.41796875
3343/5005  0.010066  428/1024 = 0.41796875
3347/5005  0.010169  427/1024 = 0.4169921875
3351/5005  0.009976  460/1024 = 0.44921875
3355/5005  0.009857  443/1024 = 0.4326171875
3359/5005  0.010541  444/1024 = 0.43359375
3363/5005  0.010306  438/1024 = 0.427734375
3367/5005  0.010149  448/1024 = 0.4375
3371/5005  0.010432  419/1024 = 0.4091796875
3375/5005  0.009834  456/1024 = 0.4453125
3379/5005  0.009898  446/1024 = 0.435546875
3383/5005  0.009935  448/1024 = 0.4375
3387/5005  0.010115  444/1024 = 0.43359375
3391/5005  0.010175  448/1024 = 0.4375
3395/5005  0.009941  427/1024 = 0.4169921875
3399/5005  0.010167  425/1024 = 0.4150390625
3403/5005  0.010488  411/1024 = 0.4013671875
3407/5005  0.010526  429/1024 = 0.4189453125
3411/5005  0.009918  460/1024 = 0.44921875
3415/5005  0.009815  456/1024 = 0.4453125
3419/5005  0.009920  457/1024 = 0.4462890625
3423/5005  0.009675  460/1024 = 0.44921875
3427/5005  0.009991  439/1024 = 0.4287109375
3431/5005  0.009838  446/1024 = 0.435546875
3435/5005  0.010167  433/1024 = 0.4228515625
3439/5005  0.009541  464/1024 = 0.453125
3443/5005  0.010173  431/1024 = 0.4208984375
3447/5005  0.010208  450/1024 = 0.439453125
3451/5005  0.010142  445/1024 = 0.4345703125
3455/5005  0.009739  442/1024 = 0.431640625
3459/5005  0.010010  463/1024 = 0.4521484375
3463/5005  0.009543  465/1024 = 0.4541015625
3467/5005  0.009645  473/1024 = 0.4619140625
3471/5005  0.009660  467/1024 = 0.4560546875
3475/5005  0.009386  473/1024 = 0.4619140625
3479/5005  0.010048  452/1024 = 0.44140625
3483/5005  0.010091  421/1024 = 0.4111328125
3487/5005  0.010109  439/1024 = 0.4287109375
3491/5005  0.010575  439/1024 = 0.4287109375
3495/5005  0.009823  448/1024 = 0.4375
3499/5005  0.010709  433/1024 = 0.4228515625
3503/5005  0.010311  438/1024 = 0.427734375
3507/5005  0.009841  449/1024 = 0.4384765625
3511/5005  0.010128  449/1024 = 0.4384765625
3515/5005  0.009891  465/1024 = 0.4541015625
3519/5005  0.009687  465/1024 = 0.4541015625
3523/5005  0.009900  452/1024 = 0.44140625
3527/5005  0.009832  473/1024 = 0.4619140625
3531/5005  0.009721  457/1024 = 0.4462890625
3535/5005  0.009485  477/1024 = 0.4658203125
3539/5005  0.010169  429/1024 = 0.4189453125
3543/5005  0.009561  473/1024 = 0.4619140625
3547/5005  0.010129  428/1024 = 0.41796875
3551/5005  0.009862  458/1024 = 0.447265625
3555/5005  0.010232  462/1024 = 0.451171875
3559/5005  0.010069  424/1024 = 0.4140625
3563/5005  0.009642  463/1024 = 0.4521484375
3567/5005  0.010004  432/1024 = 0.421875
3571/5005  0.010143  450/1024 = 0.439453125
3575/5005  0.009809  458/1024 = 0.447265625
3579/5005  0.010090  445/1024 = 0.4345703125
3583/5005  0.009889  472/1024 = 0.4609375
3587/5005  0.010003  443/1024 = 0.4326171875
3591/5005  0.010396  440/1024 = 0.4296875
3595/5005  0.010059  453/1024 = 0.4423828125
3599/5005  0.009690  448/1024 = 0.4375
3603/5005  0.009773  442/1024 = 0.431640625
3607/5005  0.010133  451/1024 = 0.4404296875
3611/5005  0.009830  452/1024 = 0.44140625
3615/5005  0.010065  436/1024 = 0.42578125
3619/5005  0.010227  440/1024 = 0.4296875
3623/5005  0.009708  472/1024 = 0.4609375
3627/5005  0.010346  445/1024 = 0.4345703125
3631/5005  0.009981  452/1024 = 0.44140625
3635/5005  0.010621  428/1024 = 0.41796875
3639/5005  0.009741  465/1024 = 0.4541015625
3643/5005  0.010607  412/1024 = 0.40234375
3647/5005  0.009951  448/1024 = 0.4375
3651/5005  0.010203  441/1024 = 0.4306640625
3655/5005  0.009823  448/1024 = 0.4375
3659/5005  0.009982  432/1024 = 0.421875
3663/5005  0.010340  446/1024 = 0.435546875
3667/5005  0.009962  458/1024 = 0.447265625
3671/5005  0.009616  464/1024 = 0.453125
3675/5005  0.010155  436/1024 = 0.42578125
3679/5005  0.010262  449/1024 = 0.4384765625
3683/5005  0.009663  468/1024 = 0.45703125
3687/5005  0.009949  444/1024 = 0.43359375
3691/5005  0.010027  464/1024 = 0.453125
3695/5005  0.009840  442/1024 = 0.431640625
3699/5005  0.010006  422/1024 = 0.412109375
3703/5005  0.009555  461/1024 = 0.4501953125
3707/5005  0.010275  417/1024 = 0.4072265625
3711/5005  0.010725  434/1024 = 0.423828125
3715/5005  0.009909  453/1024 = 0.4423828125
3719/5005  0.009803  452/1024 = 0.44140625
3723/5005  0.010317  437/1024 = 0.4267578125
3727/5005  0.009410  469/1024 = 0.4580078125
3731/5005  0.009955  447/1024 = 0.4365234375
3735/5005  0.010036  454/1024 = 0.443359375
3739/5005  0.010529  447/1024 = 0.4365234375
3743/5005  0.010168  445/1024 = 0.4345703125
3747/5005  0.010073  428/1024 = 0.41796875
3751/5005  0.010272  443/1024 = 0.4326171875
3755/5005  0.010024  461/1024 = 0.4501953125
3759/5005  0.010125  437/1024 = 0.4267578125
3763/5005  0.009308  479/1024 = 0.4677734375
3767/5005  0.009530  458/1024 = 0.447265625
3771/5005  0.009869  461/1024 = 0.4501953125
3775/5005  0.010052  432/1024 = 0.421875
3779/5005  0.009996  471/1024 = 0.4599609375
3783/5005  0.010299  422/1024 = 0.412109375
3787/5005  0.009867  464/1024 = 0.453125
3791/5005  0.009778  444/1024 = 0.43359375
3795/5005  0.010137  442/1024 = 0.431640625
3799/5005  0.009889  446/1024 = 0.435546875
3803/5005  0.009861  442/1024 = 0.431640625
3807/5005  0.009573  466/1024 = 0.455078125
3811/5005  0.009815  471/1024 = 0.4599609375
3815/5005  0.009962  444/1024 = 0.43359375
3819/5005  0.009823  452/1024 = 0.44140625
3823/5005  0.010010  430/1024 = 0.419921875
3827/5005  0.010002  431/1024 = 0.4208984375
3831/5005  0.010074  449/1024 = 0.4384765625
3835/5005  0.010005  452/1024 = 0.44140625
3839/5005  0.009835  447/1024 = 0.4365234375
3843/5005  0.009972  444/1024 = 0.43359375
3847/5005  0.009659  470/1024 = 0.458984375
3851/5005  0.009402  475/1024 = 0.4638671875
3855/5005  0.010134  431/1024 = 0.4208984375
3859/5005  0.010088  447/1024 = 0.4365234375
3863/5005  0.010487  428/1024 = 0.41796875
3867/5005  0.010029  437/1024 = 0.4267578125
3871/5005  0.009819  456/1024 = 0.4453125
3875/5005  0.010173  433/1024 = 0.4228515625
3879/5005  0.009937  467/1024 = 0.4560546875
3883/5005  0.009972  453/1024 = 0.4423828125
3887/5005  0.010158  453/1024 = 0.4423828125
3891/5005  0.010212  449/1024 = 0.4384765625
3895/5005  0.010531  427/1024 = 0.4169921875
3899/5005  0.009799  462/1024 = 0.451171875
3903/5005  0.009675  472/1024 = 0.4609375
3907/5005  0.009743  462/1024 = 0.451171875
3911/5005  0.010276  432/1024 = 0.421875
3915/5005  0.009799  450/1024 = 0.439453125
3919/5005  0.010317  440/1024 = 0.4296875
3923/5005  0.009579  451/1024 = 0.4404296875
3927/5005  0.009888  445/1024 = 0.4345703125
3931/5005  0.010465  437/1024 = 0.4267578125
3935/5005  0.010096  440/1024 = 0.4296875
3939/5005  0.010306  450/1024 = 0.439453125
3943/5005  0.009923  457/1024 = 0.4462890625
3947/5005  0.010151  437/1024 = 0.4267578125
3951/5005  0.009968  440/1024 = 0.4296875
3955/5005  0.009588  455/1024 = 0.4443359375
3959/5005  0.010029  459/1024 = 0.4482421875
3963/5005  0.009371  457/1024 = 0.4462890625
3967/5005  0.009593  458/1024 = 0.447265625
3971/5005  0.010030  447/1024 = 0.4365234375
3975/5005  0.009809  444/1024 = 0.43359375
3979/5005  0.009899  422/1024 = 0.412109375
3983/5005  0.009862  461/1024 = 0.4501953125
3987/5005  0.009395  459/1024 = 0.4482421875
3991/5005  0.010138  442/1024 = 0.431640625
3995/5005  0.010095  427/1024 = 0.4169921875
3999/5005  0.010106  454/1024 = 0.443359375
4003/5005  0.009622  450/1024 = 0.439453125
4007/5005  0.010096  438/1024 = 0.427734375
4011/5005  0.009251  487/1024 = 0.4755859375
4015/5005  0.009896  447/1024 = 0.4365234375
4019/5005  0.010407  408/1024 = 0.3984375
4023/5005  0.010048  442/1024 = 0.431640625
4027/5005  0.009722  457/1024 = 0.4462890625
4031/5005  0.010084  461/1024 = 0.4501953125
4035/5005  0.009623  461/1024 = 0.4501953125
4039/5005  0.009767  462/1024 = 0.451171875
4043/5005  0.009818  463/1024 = 0.4521484375
4047/5005  0.009739  462/1024 = 0.451171875
4051/5005  0.009461  445/1024 = 0.4345703125
4055/5005  0.010081  448/1024 = 0.4375
4059/5005  0.009992  454/1024 = 0.443359375
4063/5005  0.010128  441/1024 = 0.4306640625
4067/5005  0.010236  427/1024 = 0.4169921875
4071/5005  0.010281  438/1024 = 0.427734375
4075/5005  0.010131  440/1024 = 0.4296875
4079/5005  0.009865  453/1024 = 0.4423828125
4083/5005  0.010064  450/1024 = 0.439453125
4087/5005  0.010099  441/1024 = 0.4306640625
4091/5005  0.009781  475/1024 = 0.4638671875
4095/5005  0.010066  461/1024 = 0.4501953125
4099/5005  0.009551  458/1024 = 0.447265625
4103/5005  0.010106  457/1024 = 0.4462890625
4107/5005  0.009737  469/1024 = 0.4580078125
4111/5005  0.009792  443/1024 = 0.4326171875
4115/5005  0.009855  454/1024 = 0.443359375
4119/5005  0.009693  452/1024 = 0.44140625
4123/5005  0.010097  458/1024 = 0.447265625
4127/5005  0.010029  446/1024 = 0.435546875
4131/5005  0.010088  432/1024 = 0.421875
4135/5005  0.010010  459/1024 = 0.4482421875
4139/5005  0.010383  420/1024 = 0.41015625
4143/5005  0.010601  423/1024 = 0.4130859375
4147/5005  0.009892  440/1024 = 0.4296875
4151/5005  0.010053  433/1024 = 0.4228515625
4155/5005  0.010428  433/1024 = 0.4228515625
4159/5005  0.010212  448/1024 = 0.4375
4163/5005  0.010136  449/1024 = 0.4384765625
4167/5005  0.010529  447/1024 = 0.4365234375
4171/5005  0.009895  440/1024 = 0.4296875
4175/5005  0.010067  460/1024 = 0.44921875
4179/5005  0.009667  455/1024 = 0.4443359375
4183/5005  0.010119  416/1024 = 0.40625
4187/5005  0.010563  436/1024 = 0.42578125
4191/5005  0.010511  421/1024 = 0.4111328125
4195/5005  0.010219  418/1024 = 0.408203125
4199/5005  0.010260  423/1024 = 0.4130859375
4203/5005  0.009909  459/1024 = 0.4482421875
4207/5005  0.010017  451/1024 = 0.4404296875
4211/5005  0.009697  452/1024 = 0.44140625
4215/5005  0.009904  454/1024 = 0.443359375
4219/5005  0.009957  440/1024 = 0.4296875
4223/5005  0.010423  430/1024 = 0.419921875
4227/5005  0.010090  437/1024 = 0.4267578125
4231/5005  0.009863  457/1024 = 0.4462890625
4235/5005  0.009804  463/1024 = 0.4521484375
4239/5005  0.010106  439/1024 = 0.4287109375
4243/5005  0.009697  477/1024 = 0.4658203125
4247/5005  0.009633  485/1024 = 0.4736328125
4251/5005  0.009880  456/1024 = 0.4453125
4255/5005  0.010126  442/1024 = 0.431640625
4259/5005  0.009793  436/1024 = 0.42578125
4263/5005  0.009500  482/1024 = 0.470703125
4267/5005  0.010048  448/1024 = 0.4375
4271/5005  0.009893  470/1024 = 0.458984375
4275/5005  0.010020  455/1024 = 0.4443359375
4279/5005  0.009734  463/1024 = 0.4521484375
4283/5005  0.010216  435/1024 = 0.4248046875
4287/5005  0.010100  418/1024 = 0.408203125
4291/5005  0.009937  470/1024 = 0.458984375
4295/5005  0.010258  446/1024 = 0.435546875
4299/5005  0.009610  465/1024 = 0.4541015625
4303/5005  0.009655  471/1024 = 0.4599609375
4307/5005  0.010092  460/1024 = 0.44921875
4311/5005  0.009743  481/1024 = 0.4697265625
4315/5005  0.010158  455/1024 = 0.4443359375
4319/5005  0.010169  436/1024 = 0.42578125
4323/5005  0.010226  426/1024 = 0.416015625
4327/5005  0.009619  457/1024 = 0.4462890625
4331/5005  0.009858  451/1024 = 0.4404296875
4335/5005  0.009433  496/1024 = 0.484375
4339/5005  0.009616  468/1024 = 0.45703125
4343/5005  0.009669  488/1024 = 0.4765625
4347/5005  0.010030  457/1024 = 0.4462890625
4351/5005  0.009584  455/1024 = 0.4443359375
4355/5005  0.010206  434/1024 = 0.423828125
4359/5005  0.009994  450/1024 = 0.439453125
4363/5005  0.009564  474/1024 = 0.462890625
4367/5005  0.009767  455/1024 = 0.4443359375
4371/5005  0.009488  474/1024 = 0.462890625
4375/5005  0.009976  451/1024 = 0.4404296875
4379/5005  0.010082  440/1024 = 0.4296875
4383/5005  0.009621  483/1024 = 0.4716796875
4387/5005  0.009616  462/1024 = 0.451171875
4391/5005  0.009712  453/1024 = 0.4423828125
4395/5005  0.009629  449/1024 = 0.4384765625
4399/5005  0.009787  458/1024 = 0.447265625
4403/5005  0.009881  446/1024 = 0.435546875
4407/5005  0.009820  443/1024 = 0.4326171875
4411/5005  0.009730  460/1024 = 0.44921875
4415/5005  0.009785  452/1024 = 0.44140625
4419/5005  0.009794  430/1024 = 0.419921875
4423/5005  0.010429  460/1024 = 0.44921875
4427/5005  0.009632  473/1024 = 0.4619140625
4431/5005  0.010152  437/1024 = 0.4267578125
4435/5005  0.009871  448/1024 = 0.4375
4439/5005  0.009867  458/1024 = 0.447265625
4443/5005  0.010283  436/1024 = 0.42578125
4447/5005  0.009677  459/1024 = 0.4482421875
4451/5005  0.010305  444/1024 = 0.43359375
4455/5005  0.010237  438/1024 = 0.427734375
4459/5005  0.009537  469/1024 = 0.4580078125
4463/5005  0.010355  421/1024 = 0.4111328125
4467/5005  0.010128  458/1024 = 0.447265625
4471/5005  0.009538  461/1024 = 0.4501953125
4475/5005  0.010016  435/1024 = 0.4248046875
4479/5005  0.010043  445/1024 = 0.4345703125
4483/5005  0.009843  452/1024 = 0.44140625
4487/5005  0.010107  430/1024 = 0.419921875
4491/5005  0.011055  418/1024 = 0.408203125
4495/5005  0.009953  442/1024 = 0.431640625
4499/5005  0.009358  447/1024 = 0.4365234375
4503/5005  0.009908  443/1024 = 0.4326171875
4507/5005  0.009972  449/1024 = 0.4384765625
4511/5005  0.010285  452/1024 = 0.44140625
4515/5005  0.009319  479/1024 = 0.4677734375
4519/5005  0.009992  447/1024 = 0.4365234375
4523/5005  0.010025  427/1024 = 0.4169921875
4527/5005  0.009761  463/1024 = 0.4521484375
4531/5005  0.009654  462/1024 = 0.451171875
4535/5005  0.009331  487/1024 = 0.4755859375
4539/5005  0.009506  495/1024 = 0.4833984375
4543/5005  0.009732  452/1024 = 0.44140625
4547/5005  0.009834  449/1024 = 0.4384765625
4551/5005  0.009370  464/1024 = 0.453125
4555/5005  0.009866  455/1024 = 0.4443359375
4559/5005  0.010149  473/1024 = 0.4619140625
4563/5005  0.009794  460/1024 = 0.44921875
4567/5005  0.009785  445/1024 = 0.4345703125
4571/5005  0.009492  472/1024 = 0.4609375
4575/5005  0.009695  461/1024 = 0.4501953125
4579/5005  0.010234  431/1024 = 0.4208984375
4583/5005  0.009779  455/1024 = 0.4443359375
4587/5005  0.010031  453/1024 = 0.4423828125
4591/5005  0.009540  458/1024 = 0.447265625
4595/5005  0.009958  449/1024 = 0.4384765625
4599/5005  0.009472  462/1024 = 0.451171875
4603/5005  0.009703  447/1024 = 0.4365234375
4607/5005  0.010066  444/1024 = 0.43359375
4611/5005  0.009849  456/1024 = 0.4453125
4615/5005  0.009815  443/1024 = 0.4326171875
4619/5005  0.010829  403/1024 = 0.3935546875
4623/5005  0.010084  448/1024 = 0.4375
4627/5005  0.009997  451/1024 = 0.4404296875
4631/5005  0.009613  477/1024 = 0.4658203125
4635/5005  0.009789  469/1024 = 0.4580078125
4639/5005  0.009924  449/1024 = 0.4384765625
4643/5005  0.009253  485/1024 = 0.4736328125
4647/5005  0.009669  457/1024 = 0.4462890625
4651/5005  0.009963  468/1024 = 0.45703125
4655/5005  0.010081  464/1024 = 0.453125
4659/5005  0.009444  458/1024 = 0.447265625
4663/5005  0.010297  422/1024 = 0.412109375
4667/5005  0.009838  458/1024 = 0.447265625
4671/5005  0.009959  430/1024 = 0.419921875
4675/5005  0.010317  449/1024 = 0.4384765625
4679/5005  0.010206  465/1024 = 0.4541015625
4683/5005  0.009466  455/1024 = 0.4443359375
4687/5005  0.009768  447/1024 = 0.4365234375
4691/5005  0.009724  474/1024 = 0.462890625
4695/5005  0.009764  441/1024 = 0.4306640625
4699/5005  0.010106  447/1024 = 0.4365234375
4703/5005  0.010425  443/1024 = 0.4326171875
4707/5005  0.009957  456/1024 = 0.4453125
4711/5005  0.009382  494/1024 = 0.482421875
4715/5005  0.010009  437/1024 = 0.4267578125
4719/5005  0.010383  450/1024 = 0.439453125
4723/5005  0.009764  467/1024 = 0.4560546875
4727/5005  0.009872  468/1024 = 0.45703125
4731/5005  0.009851  481/1024 = 0.4697265625
4735/5005  0.010186  441/1024 = 0.4306640625
4739/5005  0.009755  452/1024 = 0.44140625
4743/5005  0.009795  450/1024 = 0.439453125
4747/5005  0.009571  464/1024 = 0.453125
4751/5005  0.009888  432/1024 = 0.421875
4755/5005  0.010343  436/1024 = 0.42578125
4759/5005  0.009712  446/1024 = 0.435546875
4763/5005  0.009797  482/1024 = 0.470703125
4767/5005  0.010007  461/1024 = 0.4501953125
4771/5005  0.010164  468/1024 = 0.45703125
4775/5005  0.010020  433/1024 = 0.4228515625
4779/5005  0.010046  437/1024 = 0.4267578125
4783/5005  0.010159  455/1024 = 0.4443359375
4787/5005  0.010352  431/1024 = 0.4208984375
4791/5005  0.009646  450/1024 = 0.439453125
4795/5005  0.010444  443/1024 = 0.4326171875
4799/5005  0.010135  461/1024 = 0.4501953125
4803/5005  0.009787  465/1024 = 0.4541015625
4807/5005  0.010068  449/1024 = 0.4384765625
4811/5005  0.010121  441/1024 = 0.4306640625
4815/5005  0.009549  453/1024 = 0.4423828125
4819/5005  0.009381  466/1024 = 0.455078125
4823/5005  0.009887  435/1024 = 0.4248046875
4827/5005  0.009704  484/1024 = 0.47265625
4831/5005  0.010004  438/1024 = 0.427734375
4835/5005  0.009338  458/1024 = 0.447265625
4839/5005  0.009784  469/1024 = 0.4580078125
4843/5005  0.009663  473/1024 = 0.4619140625
4847/5005  0.010322  433/1024 = 0.4228515625
4851/5005  0.009980  443/1024 = 0.4326171875
4855/5005  0.010249  440/1024 = 0.4296875
4859/5005  0.009668  459/1024 = 0.4482421875
4863/5005  0.009857  455/1024 = 0.4443359375
4867/5005  0.010089  446/1024 = 0.435546875
4871/5005  0.009490  469/1024 = 0.4580078125
4875/5005  0.009438  467/1024 = 0.4560546875
4879/5005  0.010265  423/1024 = 0.4130859375
4883/5005  0.009966  454/1024 = 0.443359375
4887/5005  0.009761  479/1024 = 0.4677734375
4891/5005  0.009665  452/1024 = 0.44140625
4895/5005  0.009777  457/1024 = 0.4462890625
4899/5005  0.009747  442/1024 = 0.431640625
4903/5005  0.010015  465/1024 = 0.4541015625
4907/5005  0.009586  461/1024 = 0.4501953125
4911/5005  0.009829  448/1024 = 0.4375
4915/5005  0.009732  461/1024 = 0.4501953125
4919/5005  0.010061  450/1024 = 0.439453125
4923/5005  0.009910  454/1024 = 0.443359375
4927/5005  0.009862  475/1024 = 0.4638671875
4931/5005  0.010002  453/1024 = 0.4423828125
4935/5005  0.009868  456/1024 = 0.4453125
4939/5005  0.009613  463/1024 = 0.4521484375
4943/5005  0.010115  449/1024 = 0.4384765625
4947/5005  0.009762  450/1024 = 0.439453125
4951/5005  0.010022  424/1024 = 0.4140625
4955/5005  0.010429  421/1024 = 0.4111328125
4959/5005  0.010249  441/1024 = 0.4306640625
4963/5005  0.009995  442/1024 = 0.431640625
4967/5005  0.009865  453/1024 = 0.4423828125
4971/5005  0.009778  468/1024 = 0.45703125
4975/5005  0.010406  424/1024 = 0.4140625
4979/5005  0.009660  469/1024 = 0.4580078125
4983/5005  0.009752  468/1024 = 0.45703125
4987/5005  0.009986  465/1024 = 0.4541015625
4991/5005  0.009517  471/1024 = 0.4599609375
4995/5005  0.010346  449/1024 = 0.4384765625
4999/5005  0.010108  442/1024 = 0.431640625
5003/5005  0.010288  416/1024 = 0.40625
1:27:30.031214
# writing to data/ex20201226_trainVGG16_epoch009.pth
