VGG(
  (features): Sequential(
    (0): Conv2d(3, 64, kernel_size=(3, 3), stride=(1, 1), padding=(1, 1))
    (1): ReLU(inplace=True)
    (2): Conv2d(64, 64, kernel_size=(3, 3), stride=(1, 1), padding=(1, 1))
    (3): ReLU(inplace=True)
    (4): MaxPool2d(kernel_size=2, stride=2, padding=0, dilation=1, ceil_mode=False)
    (5): Conv2d(64, 128, kernel_size=(3, 3), stride=(1, 1), padding=(1, 1))
    (6): ReLU(inplace=True)
    (7): Conv2d(128, 128, kernel_size=(3, 3), stride=(1, 1), padding=(1, 1))
    (8): ReLU(inplace=True)
    (9): MaxPool2d(kernel_size=2, stride=2, padding=0, dilation=1, ceil_mode=False)
    (10): Conv2d(128, 256, kernel_size=(3, 3), stride=(1, 1), padding=(1, 1))
    (11): ReLU(inplace=True)
    (12): Conv2d(256, 256, kernel_size=(3, 3), stride=(1, 1), padding=(1, 1))
    (13): ReLU(inplace=True)
    (14): Conv2d(256, 256, kernel_size=(3, 3), stride=(1, 1), padding=(1, 1))
    (15): ReLU(inplace=True)
    (16): MaxPool2d(kernel_size=2, stride=2, padding=0, dilation=1, ceil_mode=False)
    (17): Conv2d(256, 512, kernel_size=(3, 3), stride=(1, 1), padding=(1, 1))
    (18): ReLU(inplace=True)
    (19): Conv2d(512, 512, kernel_size=(3, 3), stride=(1, 1), padding=(1, 1))
    (20): ReLU(inplace=True)
    (21): Conv2d(512, 512, kernel_size=(3, 3), stride=(1, 1), padding=(1, 1))
    (22): ReLU(inplace=True)
    (23): MaxPool2d(kernel_size=2, stride=2, padding=0, dilation=1, ceil_mode=False)
    (24): Conv2d(512, 512, kernel_size=(3, 3), stride=(1, 1), padding=(1, 1))
    (25): ReLU(inplace=True)
    (26): Conv2d(512, 512, kernel_size=(3, 3), stride=(1, 1), padding=(1, 1))
    (27): ReLU(inplace=True)
    (28): Conv2d(512, 512, kernel_size=(3, 3), stride=(1, 1), padding=(1, 1))
    (29): ReLU(inplace=True)
    (30): MaxPool2d(kernel_size=2, stride=2, padding=0, dilation=1, ceil_mode=False)
  )
  (avgpool): AdaptiveAvgPool2d(output_size=(7, 7))
  (classifier): Sequential(
    (0): Linear(in_features=25088, out_features=4096, bias=True)
    (1): ReLU(inplace=True)
    (2): Dropout(p=0.5, inplace=False)
    (3): Linear(in_features=4096, out_features=4096, bias=True)
    (4): ReLU(inplace=True)
    (5): Dropout(p=0.5, inplace=False)
    (6): Linear(in_features=4096, out_features=1000, bias=True)
  )
)
# using cuda
3/5005  0.014467  237/1024 = 0.2314453125
7/5005  0.014275  256/1024 = 0.25
11/5005  0.013880  276/1024 = 0.26953125
15/5005  0.014508  241/1024 = 0.2353515625
19/5005  0.013971  272/1024 = 0.265625
23/5005  0.013868  272/1024 = 0.265625
27/5005  0.013869  265/1024 = 0.2587890625
31/5005  0.013902  271/1024 = 0.2646484375
35/5005  0.013270  284/1024 = 0.27734375
39/5005  0.013704  282/1024 = 0.275390625
43/5005  0.013703  277/1024 = 0.2705078125
47/5005  0.014474  256/1024 = 0.25
51/5005  0.013514  284/1024 = 0.27734375
55/5005  0.013796  278/1024 = 0.271484375
59/5005  0.013402  288/1024 = 0.28125
63/5005  0.013849  278/1024 = 0.271484375
67/5005  0.014124  273/1024 = 0.2666015625
71/5005  0.013771  277/1024 = 0.2705078125
75/5005  0.013904  270/1024 = 0.263671875
79/5005  0.013398  287/1024 = 0.2802734375
83/5005  0.013638  279/1024 = 0.2724609375
87/5005  0.013980  280/1024 = 0.2734375
91/5005  0.013939  266/1024 = 0.259765625
95/5005  0.013733  278/1024 = 0.271484375
99/5005  0.014302  254/1024 = 0.248046875
103/5005  0.014000  272/1024 = 0.265625
107/5005  0.013922  269/1024 = 0.2626953125
111/5005  0.013758  271/1024 = 0.2646484375
115/5005  0.014017  255/1024 = 0.2490234375
119/5005  0.013911  260/1024 = 0.25390625
123/5005  0.013835  277/1024 = 0.2705078125
127/5005  0.013728  267/1024 = 0.2607421875
131/5005  0.013927  273/1024 = 0.2666015625
135/5005  0.013954  273/1024 = 0.2666015625
139/5005  0.014078  282/1024 = 0.275390625
143/5005  0.013794  278/1024 = 0.271484375
147/5005  0.013299  296/1024 = 0.2890625
151/5005  0.013605  287/1024 = 0.2802734375
155/5005  0.013902  265/1024 = 0.2587890625
159/5005  0.013562  288/1024 = 0.28125
163/5005  0.013684  279/1024 = 0.2724609375
167/5005  0.013916  265/1024 = 0.2587890625
171/5005  0.014113  265/1024 = 0.2587890625
175/5005  0.014316  269/1024 = 0.2626953125
179/5005  0.014149  271/1024 = 0.2646484375
183/5005  0.013951  271/1024 = 0.2646484375
187/5005  0.013735  262/1024 = 0.255859375
191/5005  0.013774  281/1024 = 0.2744140625
195/5005  0.013625  304/1024 = 0.296875
199/5005  0.013570  298/1024 = 0.291015625
203/5005  0.014019  277/1024 = 0.2705078125
207/5005  0.014007  264/1024 = 0.2578125
211/5005  0.014207  255/1024 = 0.2490234375
215/5005  0.013267  291/1024 = 0.2841796875
219/5005  0.013868  278/1024 = 0.271484375
223/5005  0.013821  285/1024 = 0.2783203125
227/5005  0.013965  271/1024 = 0.2646484375
231/5005  0.013731  265/1024 = 0.2587890625
235/5005  0.014422  272/1024 = 0.265625
239/5005  0.013731  273/1024 = 0.2666015625
243/5005  0.013674  271/1024 = 0.2646484375
247/5005  0.013498  281/1024 = 0.2744140625
251/5005  0.013665  272/1024 = 0.265625
255/5005  0.013748  288/1024 = 0.28125
259/5005  0.014093  264/1024 = 0.2578125
263/5005  0.013759  284/1024 = 0.27734375
267/5005  0.014193  269/1024 = 0.2626953125
271/5005  0.013188  286/1024 = 0.279296875
275/5005  0.014070  278/1024 = 0.271484375
279/5005  0.013583  278/1024 = 0.271484375
283/5005  0.013816  281/1024 = 0.2744140625
287/5005  0.013108  310/1024 = 0.302734375
291/5005  0.014086  256/1024 = 0.25
295/5005  0.013893  267/1024 = 0.2607421875
299/5005  0.013402  279/1024 = 0.2724609375
303/5005  0.013641  310/1024 = 0.302734375
307/5005  0.013495  274/1024 = 0.267578125
311/5005  0.014341  266/1024 = 0.259765625
315/5005  0.014184  283/1024 = 0.2763671875
319/5005  0.013481  291/1024 = 0.2841796875
323/5005  0.013439  299/1024 = 0.2919921875
327/5005  0.013818  257/1024 = 0.2509765625
331/5005  0.013578  306/1024 = 0.298828125
335/5005  0.013777  263/1024 = 0.2568359375
339/5005  0.013733  279/1024 = 0.2724609375
343/5005  0.013611  288/1024 = 0.28125
347/5005  0.014362  252/1024 = 0.24609375
351/5005  0.013058  321/1024 = 0.3134765625
355/5005  0.013739  286/1024 = 0.279296875
359/5005  0.013539  294/1024 = 0.287109375
363/5005  0.013238  291/1024 = 0.2841796875
367/5005  0.013792  284/1024 = 0.27734375
371/5005  0.013926  266/1024 = 0.259765625
375/5005  0.013686  286/1024 = 0.279296875
379/5005  0.014634  261/1024 = 0.2548828125
383/5005  0.013484  282/1024 = 0.275390625
387/5005  0.013825  276/1024 = 0.26953125
391/5005  0.014178  254/1024 = 0.248046875
395/5005  0.013104  300/1024 = 0.29296875
399/5005  0.014341  247/1024 = 0.2412109375
403/5005  0.013282  279/1024 = 0.2724609375
407/5005  0.013963  287/1024 = 0.2802734375
411/5005  0.013671  292/1024 = 0.28515625
415/5005  0.013652  282/1024 = 0.275390625
419/5005  0.013648  285/1024 = 0.2783203125
423/5005  0.013796  256/1024 = 0.25
427/5005  0.013441  288/1024 = 0.28125
431/5005  0.013691  294/1024 = 0.287109375
435/5005  0.013498  301/1024 = 0.2939453125
439/5005  0.013522  298/1024 = 0.291015625
443/5005  0.013736  281/1024 = 0.2744140625
447/5005  0.013611  292/1024 = 0.28515625
451/5005  0.013624  245/1024 = 0.2392578125
455/5005  0.013708  277/1024 = 0.2705078125
459/5005  0.013299  299/1024 = 0.2919921875
463/5005  0.013588  265/1024 = 0.2587890625
467/5005  0.013769  271/1024 = 0.2646484375
471/5005  0.013646  291/1024 = 0.2841796875
475/5005  0.013433  299/1024 = 0.2919921875
479/5005  0.013908  279/1024 = 0.2724609375
483/5005  0.013593  288/1024 = 0.28125
487/5005  0.013692  270/1024 = 0.263671875
491/5005  0.013431  305/1024 = 0.2978515625
495/5005  0.014003  277/1024 = 0.2705078125
499/5005  0.013632  295/1024 = 0.2880859375
503/5005  0.013328  301/1024 = 0.2939453125
507/5005  0.014042  258/1024 = 0.251953125
511/5005  0.013858  281/1024 = 0.2744140625
515/5005  0.013725  268/1024 = 0.26171875
519/5005  0.014074  244/1024 = 0.23828125
523/5005  0.013815  279/1024 = 0.2724609375
527/5005  0.013587  274/1024 = 0.267578125
531/5005  0.013980  282/1024 = 0.275390625
535/5005  0.013508  274/1024 = 0.267578125
539/5005  0.013693  270/1024 = 0.263671875
543/5005  0.013958  281/1024 = 0.2744140625
547/5005  0.013767  276/1024 = 0.26953125
551/5005  0.013786  268/1024 = 0.26171875
555/5005  0.013972  276/1024 = 0.26953125
559/5005  0.013674  274/1024 = 0.267578125
563/5005  0.013776  262/1024 = 0.255859375
567/5005  0.013343  304/1024 = 0.296875
571/5005  0.013857  265/1024 = 0.2587890625
575/5005  0.013732  270/1024 = 0.263671875
579/5005  0.013464  293/1024 = 0.2861328125
583/5005  0.013380  288/1024 = 0.28125
587/5005  0.012827  305/1024 = 0.2978515625
591/5005  0.013674  279/1024 = 0.2724609375
595/5005  0.013652  275/1024 = 0.2685546875
599/5005  0.013810  279/1024 = 0.2724609375
603/5005  0.014057  267/1024 = 0.2607421875
607/5005  0.013533  280/1024 = 0.2734375
611/5005  0.013555  275/1024 = 0.2685546875
615/5005  0.013825  310/1024 = 0.302734375
619/5005  0.013778  287/1024 = 0.2802734375
623/5005  0.013567  276/1024 = 0.26953125
627/5005  0.013429  296/1024 = 0.2890625
631/5005  0.013358  288/1024 = 0.28125
635/5005  0.013621  282/1024 = 0.275390625
639/5005  0.013309  293/1024 = 0.2861328125
643/5005  0.013790  272/1024 = 0.265625
647/5005  0.013236  298/1024 = 0.291015625
651/5005  0.013738  289/1024 = 0.2822265625
655/5005  0.013165  297/1024 = 0.2900390625
659/5005  0.013646  276/1024 = 0.26953125
663/5005  0.013399  292/1024 = 0.28515625
667/5005  0.013489  302/1024 = 0.294921875
671/5005  0.014230  245/1024 = 0.2392578125
675/5005  0.013875  287/1024 = 0.2802734375
679/5005  0.013683  301/1024 = 0.2939453125
683/5005  0.013727  256/1024 = 0.25
687/5005  0.013962  266/1024 = 0.259765625
691/5005  0.013008  292/1024 = 0.28515625
695/5005  0.013918  280/1024 = 0.2734375
699/5005  0.013114  315/1024 = 0.3076171875
703/5005  0.013374  298/1024 = 0.291015625
707/5005  0.013518  259/1024 = 0.2529296875
711/5005  0.013842  284/1024 = 0.27734375
715/5005  0.013569  296/1024 = 0.2890625
719/5005  0.013474  270/1024 = 0.263671875
723/5005  0.013519  294/1024 = 0.287109375
727/5005  0.013853  286/1024 = 0.279296875
731/5005  0.013657  296/1024 = 0.2890625
735/5005  0.013898  271/1024 = 0.2646484375
739/5005  0.013489  295/1024 = 0.2880859375
743/5005  0.013513  296/1024 = 0.2890625
747/5005  0.013536  300/1024 = 0.29296875
751/5005  0.013703  286/1024 = 0.279296875
755/5005  0.013701  271/1024 = 0.2646484375
759/5005  0.013420  279/1024 = 0.2724609375
763/5005  0.013974  263/1024 = 0.2568359375
767/5005  0.013775  263/1024 = 0.2568359375
771/5005  0.013601  294/1024 = 0.287109375
775/5005  0.013699  286/1024 = 0.279296875
779/5005  0.013257  312/1024 = 0.3046875
783/5005  0.013589  279/1024 = 0.2724609375
787/5005  0.013681  255/1024 = 0.2490234375
791/5005  0.013284  294/1024 = 0.287109375
795/5005  0.013653  288/1024 = 0.28125
799/5005  0.013490  290/1024 = 0.283203125
803/5005  0.013340  293/1024 = 0.2861328125
807/5005  0.014024  267/1024 = 0.2607421875
811/5005  0.013608  281/1024 = 0.2744140625
815/5005  0.013599  269/1024 = 0.2626953125
819/5005  0.013640  267/1024 = 0.2607421875
823/5005  0.013210  286/1024 = 0.279296875
827/5005  0.013669  277/1024 = 0.2705078125
831/5005  0.013972  262/1024 = 0.255859375
835/5005  0.013527  285/1024 = 0.2783203125
839/5005  0.013786  287/1024 = 0.2802734375
843/5005  0.013908  278/1024 = 0.271484375
847/5005  0.013420  280/1024 = 0.2734375
851/5005  0.013380  291/1024 = 0.2841796875
855/5005  0.012802  309/1024 = 0.3017578125
859/5005  0.013194  286/1024 = 0.279296875
863/5005  0.013829  277/1024 = 0.2705078125
867/5005  0.013650  274/1024 = 0.267578125
871/5005  0.014165  269/1024 = 0.2626953125
875/5005  0.013890  274/1024 = 0.267578125
879/5005  0.014014  274/1024 = 0.267578125
883/5005  0.013443  271/1024 = 0.2646484375
887/5005  0.013279  301/1024 = 0.2939453125
891/5005  0.013898  266/1024 = 0.259765625
895/5005  0.013901  268/1024 = 0.26171875
899/5005  0.014119  278/1024 = 0.271484375
903/5005  0.014019  274/1024 = 0.267578125
907/5005  0.013569  293/1024 = 0.2861328125
911/5005  0.014206  265/1024 = 0.2587890625
915/5005  0.013515  301/1024 = 0.2939453125
919/5005  0.014136  268/1024 = 0.26171875
923/5005  0.014028  278/1024 = 0.271484375
927/5005  0.013173  282/1024 = 0.275390625
931/5005  0.013863  276/1024 = 0.26953125
935/5005  0.013747  276/1024 = 0.26953125
939/5005  0.013783  275/1024 = 0.2685546875
943/5005  0.013488  284/1024 = 0.27734375
947/5005  0.013634  292/1024 = 0.28515625
951/5005  0.013444  292/1024 = 0.28515625
955/5005  0.012986  302/1024 = 0.294921875
959/5005  0.013504  274/1024 = 0.267578125
963/5005  0.013221  297/1024 = 0.2900390625
967/5005  0.014060  246/1024 = 0.240234375
971/5005  0.014422  256/1024 = 0.25
975/5005  0.013892  267/1024 = 0.2607421875
979/5005  0.013455  277/1024 = 0.2705078125
983/5005  0.013600  280/1024 = 0.2734375
987/5005  0.013451  290/1024 = 0.283203125
991/5005  0.013299  308/1024 = 0.30078125
995/5005  0.013956  267/1024 = 0.2607421875
999/5005  0.013687  283/1024 = 0.2763671875
1003/5005  0.013340  272/1024 = 0.265625
1007/5005  0.013259  296/1024 = 0.2890625
1011/5005  0.014027  269/1024 = 0.2626953125
1015/5005  0.013926  273/1024 = 0.2666015625
1019/5005  0.013714  267/1024 = 0.2607421875
1023/5005  0.013397  279/1024 = 0.2724609375
1027/5005  0.013316  285/1024 = 0.2783203125
1031/5005  0.013341  287/1024 = 0.2802734375
1035/5005  0.013185  304/1024 = 0.296875
1039/5005  0.014223  274/1024 = 0.267578125
1043/5005  0.013541  280/1024 = 0.2734375
1047/5005  0.013950  274/1024 = 0.267578125
1051/5005  0.013623  297/1024 = 0.2900390625
1055/5005  0.013480  304/1024 = 0.296875
1059/5005  0.013396  271/1024 = 0.2646484375
1063/5005  0.013585  293/1024 = 0.2861328125
1067/5005  0.013568  293/1024 = 0.2861328125
1071/5005  0.013182  297/1024 = 0.2900390625
1075/5005  0.013766  266/1024 = 0.259765625
1079/5005  0.013869  292/1024 = 0.28515625
1083/5005  0.013526  300/1024 = 0.29296875
1087/5005  0.013692  284/1024 = 0.27734375
1091/5005  0.013667  300/1024 = 0.29296875
1095/5005  0.013632  289/1024 = 0.2822265625
1099/5005  0.013435  300/1024 = 0.29296875
1103/5005  0.013453  308/1024 = 0.30078125
1107/5005  0.014267  282/1024 = 0.275390625
1111/5005  0.013741  291/1024 = 0.2841796875
1115/5005  0.013345  286/1024 = 0.279296875
1119/5005  0.013423  294/1024 = 0.287109375
1123/5005  0.013863  280/1024 = 0.2734375
1127/5005  0.013682  268/1024 = 0.26171875
1131/5005  0.013151  298/1024 = 0.291015625
1135/5005  0.013656  281/1024 = 0.2744140625
1139/5005  0.013421  273/1024 = 0.2666015625
1143/5005  0.013612  284/1024 = 0.27734375
1147/5005  0.013568  303/1024 = 0.2958984375
1151/5005  0.013494  284/1024 = 0.27734375
1155/5005  0.013729  260/1024 = 0.25390625
1159/5005  0.013491  312/1024 = 0.3046875
1163/5005  0.013731  283/1024 = 0.2763671875
1167/5005  0.013487  301/1024 = 0.2939453125
1171/5005  0.013581  296/1024 = 0.2890625
1175/5005  0.013366  293/1024 = 0.2861328125
1179/5005  0.013590  277/1024 = 0.2705078125
1183/5005  0.013294  302/1024 = 0.294921875
1187/5005  0.013331  295/1024 = 0.2880859375
1191/5005  0.013468  287/1024 = 0.2802734375
1195/5005  0.013383  289/1024 = 0.2822265625
1199/5005  0.013652  298/1024 = 0.291015625
1203/5005  0.013331  283/1024 = 0.2763671875
1207/5005  0.013198  321/1024 = 0.3134765625
1211/5005  0.013618  297/1024 = 0.2900390625
1215/5005  0.014013  255/1024 = 0.2490234375
1219/5005  0.013407  299/1024 = 0.2919921875
1223/5005  0.013163  283/1024 = 0.2763671875
1227/5005  0.013577  302/1024 = 0.294921875
1231/5005  0.013407  291/1024 = 0.2841796875
1235/5005  0.013557  301/1024 = 0.2939453125
1239/5005  0.013440  302/1024 = 0.294921875
1243/5005  0.013658  301/1024 = 0.2939453125
1247/5005  0.012886  316/1024 = 0.30859375
1251/5005  0.013503  290/1024 = 0.283203125
1255/5005  0.013527  274/1024 = 0.267578125
1259/5005  0.013186  299/1024 = 0.2919921875
1263/5005  0.013402  295/1024 = 0.2880859375
1267/5005  0.014028  276/1024 = 0.26953125
1271/5005  0.013592  276/1024 = 0.26953125
1275/5005  0.013150  304/1024 = 0.296875
1279/5005  0.013652  283/1024 = 0.2763671875
1283/5005  0.013696  286/1024 = 0.279296875
1287/5005  0.013673  267/1024 = 0.2607421875
1291/5005  0.013404  297/1024 = 0.2900390625
1295/5005  0.013394  278/1024 = 0.271484375
1299/5005  0.013523  273/1024 = 0.2666015625
1303/5005  0.013634  299/1024 = 0.2919921875
1307/5005  0.013503  274/1024 = 0.267578125
1311/5005  0.013451  298/1024 = 0.291015625
1315/5005  0.013607  279/1024 = 0.2724609375
1319/5005  0.013197  285/1024 = 0.2783203125
1323/5005  0.014278  257/1024 = 0.2509765625
1327/5005  0.013358  276/1024 = 0.26953125
1331/5005  0.013204  284/1024 = 0.27734375
1335/5005  0.013321  293/1024 = 0.2861328125
1339/5005  0.013053  296/1024 = 0.2890625
1343/5005  0.013830  275/1024 = 0.2685546875
1347/5005  0.013517  296/1024 = 0.2890625
1351/5005  0.013389  278/1024 = 0.271484375
1355/5005  0.013165  299/1024 = 0.2919921875
1359/5005  0.013764  278/1024 = 0.271484375
1363/5005  0.013574  288/1024 = 0.28125
1367/5005  0.013635  279/1024 = 0.2724609375
1371/5005  0.013534  298/1024 = 0.291015625
1375/5005  0.013407  295/1024 = 0.2880859375
1379/5005  0.013701  257/1024 = 0.2509765625
1383/5005  0.012777  317/1024 = 0.3095703125
1387/5005  0.013092  300/1024 = 0.29296875
1391/5005  0.013214  304/1024 = 0.296875
1395/5005  0.013216  294/1024 = 0.287109375
1399/5005  0.013590  285/1024 = 0.2783203125
1403/5005  0.013501  297/1024 = 0.2900390625
1407/5005  0.013521  297/1024 = 0.2900390625
1411/5005  0.013563  282/1024 = 0.275390625
1415/5005  0.013541  282/1024 = 0.275390625
1419/5005  0.013231  299/1024 = 0.2919921875
1423/5005  0.013881  272/1024 = 0.265625
1427/5005  0.013537  254/1024 = 0.248046875
1431/5005  0.013786  282/1024 = 0.275390625
1435/5005  0.012286  334/1024 = 0.326171875
1439/5005  0.014090  261/1024 = 0.2548828125
1443/5005  0.013664  265/1024 = 0.2587890625
1447/5005  0.013590  287/1024 = 0.2802734375
1451/5005  0.013453  281/1024 = 0.2744140625
1455/5005  0.013624  282/1024 = 0.275390625
1459/5005  0.013576  288/1024 = 0.28125
1463/5005  0.013134  290/1024 = 0.283203125
1467/5005  0.013803  293/1024 = 0.2861328125
1471/5005  0.013407  298/1024 = 0.291015625
1475/5005  0.013660  290/1024 = 0.283203125
1479/5005  0.013439  294/1024 = 0.287109375
1483/5005  0.013374  295/1024 = 0.2880859375
1487/5005  0.013599  289/1024 = 0.2822265625
1491/5005  0.013792  274/1024 = 0.267578125
1495/5005  0.013422  282/1024 = 0.275390625
1499/5005  0.013353  293/1024 = 0.2861328125
1503/5005  0.014162  276/1024 = 0.26953125
1507/5005  0.013447  304/1024 = 0.296875
1511/5005  0.013632  300/1024 = 0.29296875
1515/5005  0.013105  315/1024 = 0.3076171875
1519/5005  0.013240  309/1024 = 0.3017578125
1523/5005  0.013450  293/1024 = 0.2861328125
1527/5005  0.012980  308/1024 = 0.30078125
1531/5005  0.013131  306/1024 = 0.298828125
1535/5005  0.013842  272/1024 = 0.265625
1539/5005  0.013364  304/1024 = 0.296875
1543/5005  0.013165  297/1024 = 0.2900390625
1547/5005  0.013745  276/1024 = 0.26953125
1551/5005  0.013330  291/1024 = 0.2841796875
1555/5005  0.012900  296/1024 = 0.2890625
1559/5005  0.013165  297/1024 = 0.2900390625
1563/5005  0.013641  266/1024 = 0.259765625
1567/5005  0.013246  295/1024 = 0.2880859375
1571/5005  0.013121  300/1024 = 0.29296875
1575/5005  0.013167  293/1024 = 0.2861328125
1579/5005  0.013218  297/1024 = 0.2900390625
1583/5005  0.013793  266/1024 = 0.259765625
1587/5005  0.013561  288/1024 = 0.28125
1591/5005  0.013529  295/1024 = 0.2880859375
1595/5005  0.014049  262/1024 = 0.255859375
1599/5005  0.013610  297/1024 = 0.2900390625
1603/5005  0.013654  281/1024 = 0.2744140625
1607/5005  0.013218  305/1024 = 0.2978515625
1611/5005  0.013683  271/1024 = 0.2646484375
1615/5005  0.013182  290/1024 = 0.283203125
1619/5005  0.013191  295/1024 = 0.2880859375
1623/5005  0.013720  286/1024 = 0.279296875
1627/5005  0.013174  297/1024 = 0.2900390625
1631/5005  0.013507  288/1024 = 0.28125
1635/5005  0.013100  303/1024 = 0.2958984375
1639/5005  0.013361  289/1024 = 0.2822265625
1643/5005  0.013281  299/1024 = 0.2919921875
1647/5005  0.013687  298/1024 = 0.291015625
1651/5005  0.013418  295/1024 = 0.2880859375
1655/5005  0.013281  294/1024 = 0.287109375
1659/5005  0.013598  289/1024 = 0.2822265625
1663/5005  0.013379  290/1024 = 0.283203125
1667/5005  0.013380  297/1024 = 0.2900390625
1671/5005  0.013140  298/1024 = 0.291015625
1675/5005  0.013173  288/1024 = 0.28125
1679/5005  0.013234  303/1024 = 0.2958984375
1683/5005  0.013077  307/1024 = 0.2998046875
1687/5005  0.013097  304/1024 = 0.296875
1691/5005  0.013355  290/1024 = 0.283203125
1695/5005  0.013510  299/1024 = 0.2919921875
1699/5005  0.013496  297/1024 = 0.2900390625
1703/5005  0.013435  284/1024 = 0.27734375
1707/5005  0.013274  289/1024 = 0.2822265625
1711/5005  0.013407  274/1024 = 0.267578125
1715/5005  0.013799  262/1024 = 0.255859375
1719/5005  0.013527  299/1024 = 0.2919921875
1723/5005  0.013100  276/1024 = 0.26953125
1727/5005  0.013356  306/1024 = 0.298828125
1731/5005  0.013351  296/1024 = 0.2890625
1735/5005  0.012900  316/1024 = 0.30859375
1739/5005  0.013645  280/1024 = 0.2734375
1743/5005  0.013326  279/1024 = 0.2724609375
1747/5005  0.013460  288/1024 = 0.28125
1751/5005  0.013299  295/1024 = 0.2880859375
1755/5005  0.013494  293/1024 = 0.2861328125
1759/5005  0.013685  280/1024 = 0.2734375
1763/5005  0.013462  296/1024 = 0.2890625
1767/5005  0.013154  301/1024 = 0.2939453125
1771/5005  0.012807  320/1024 = 0.3125
1775/5005  0.013024  311/1024 = 0.3037109375
1779/5005  0.013366  290/1024 = 0.283203125
1783/5005  0.013992  267/1024 = 0.2607421875
1787/5005  0.013311  295/1024 = 0.2880859375
1791/5005  0.013739  263/1024 = 0.2568359375
1795/5005  0.013555  295/1024 = 0.2880859375
1799/5005  0.013130  316/1024 = 0.30859375
1803/5005  0.013467  290/1024 = 0.283203125
1807/5005  0.013321  281/1024 = 0.2744140625
1811/5005  0.013074  322/1024 = 0.314453125
1815/5005  0.013214  317/1024 = 0.3095703125
1819/5005  0.013271  309/1024 = 0.3017578125
1823/5005  0.013179  312/1024 = 0.3046875
1827/5005  0.013076  306/1024 = 0.298828125
1831/5005  0.013545  284/1024 = 0.27734375
1835/5005  0.013554  299/1024 = 0.2919921875
1839/5005  0.013703  269/1024 = 0.2626953125
1843/5005  0.013746  274/1024 = 0.267578125
1847/5005  0.013463  278/1024 = 0.271484375
1851/5005  0.013003  316/1024 = 0.30859375
1855/5005  0.013230  291/1024 = 0.2841796875
1859/5005  0.013482  298/1024 = 0.291015625
1863/5005  0.013280  305/1024 = 0.2978515625
1867/5005  0.013745  258/1024 = 0.251953125
1871/5005  0.013581  289/1024 = 0.2822265625
1875/5005  0.013156  297/1024 = 0.2900390625
1879/5005  0.013759  275/1024 = 0.2685546875
1883/5005  0.013379  282/1024 = 0.275390625
1887/5005  0.013275  299/1024 = 0.2919921875
1891/5005  0.013484  297/1024 = 0.2900390625
1895/5005  0.012999  306/1024 = 0.298828125
1899/5005  0.013325  300/1024 = 0.29296875
1903/5005  0.013430  304/1024 = 0.296875
1907/5005  0.012957  296/1024 = 0.2890625
1911/5005  0.013847  264/1024 = 0.2578125
1915/5005  0.012789  303/1024 = 0.2958984375
1919/5005  0.013454  294/1024 = 0.287109375
1923/5005  0.012945  314/1024 = 0.306640625
1927/5005  0.013056  298/1024 = 0.291015625
1931/5005  0.013626  273/1024 = 0.2666015625
1935/5005  0.013669  286/1024 = 0.279296875
1939/5005  0.013497  270/1024 = 0.263671875
1943/5005  0.013372  300/1024 = 0.29296875
1947/5005  0.013061  325/1024 = 0.3173828125
1951/5005  0.013306  307/1024 = 0.2998046875
1955/5005  0.013645  287/1024 = 0.2802734375
1959/5005  0.013212  306/1024 = 0.298828125
1963/5005  0.013532  281/1024 = 0.2744140625
1967/5005  0.013139  305/1024 = 0.2978515625
1971/5005  0.013351  281/1024 = 0.2744140625
1975/5005  0.013583  302/1024 = 0.294921875
1979/5005  0.013089  315/1024 = 0.3076171875
1983/5005  0.013223  297/1024 = 0.2900390625
1987/5005  0.012928  314/1024 = 0.306640625
1991/5005  0.013815  262/1024 = 0.255859375
1995/5005  0.013606  291/1024 = 0.2841796875
1999/5005  0.013261  324/1024 = 0.31640625
2003/5005  0.013371  284/1024 = 0.27734375
2007/5005  0.013519  296/1024 = 0.2890625
2011/5005  0.012987  307/1024 = 0.2998046875
2015/5005  0.013135  310/1024 = 0.302734375
2019/5005  0.013063  325/1024 = 0.3173828125
2023/5005  0.013266  286/1024 = 0.279296875
2027/5005  0.013512  280/1024 = 0.2734375
2031/5005  0.013316  313/1024 = 0.3056640625
2035/5005  0.013320  312/1024 = 0.3046875
2039/5005  0.013358  292/1024 = 0.28515625
2043/5005  0.013294  284/1024 = 0.27734375
2047/5005  0.013367  291/1024 = 0.2841796875
2051/5005  0.013574  281/1024 = 0.2744140625
2055/5005  0.013674  278/1024 = 0.271484375
2059/5005  0.013251  284/1024 = 0.27734375
2063/5005  0.013285  294/1024 = 0.287109375
2067/5005  0.013033  301/1024 = 0.2939453125
2071/5005  0.013031  303/1024 = 0.2958984375
2075/5005  0.013065  304/1024 = 0.296875
2079/5005  0.013260  297/1024 = 0.2900390625
2083/5005  0.013621  290/1024 = 0.283203125
2087/5005  0.013433  285/1024 = 0.2783203125
2091/5005  0.013610  287/1024 = 0.2802734375
2095/5005  0.013350  300/1024 = 0.29296875
2099/5005  0.013207  277/1024 = 0.2705078125
2103/5005  0.013631  297/1024 = 0.2900390625
2107/5005  0.013276  320/1024 = 0.3125
2111/5005  0.013192  312/1024 = 0.3046875
2115/5005  0.012765  321/1024 = 0.3134765625
2119/5005  0.013699  276/1024 = 0.26953125
2123/5005  0.013335  278/1024 = 0.271484375
2127/5005  0.013361  285/1024 = 0.2783203125
2131/5005  0.013137  291/1024 = 0.2841796875
2135/5005  0.013074  306/1024 = 0.298828125
2139/5005  0.013488  268/1024 = 0.26171875
2143/5005  0.013310  310/1024 = 0.302734375
2147/5005  0.013322  299/1024 = 0.2919921875
2151/5005  0.012996  321/1024 = 0.3134765625
2155/5005  0.013578  282/1024 = 0.275390625
2159/5005  0.013379  286/1024 = 0.279296875
2163/5005  0.013549  297/1024 = 0.2900390625
2167/5005  0.013314  312/1024 = 0.3046875
2171/5005  0.013175  293/1024 = 0.2861328125
2175/5005  0.013458  280/1024 = 0.2734375
2179/5005  0.013416  296/1024 = 0.2890625
2183/5005  0.013273  304/1024 = 0.296875
2187/5005  0.013131  293/1024 = 0.2861328125
2191/5005  0.013570  304/1024 = 0.296875
2195/5005  0.013043  296/1024 = 0.2890625
2199/5005  0.013296  289/1024 = 0.2822265625
2203/5005  0.013081  315/1024 = 0.3076171875
2207/5005  0.013487  292/1024 = 0.28515625
2211/5005  0.013678  287/1024 = 0.2802734375
2215/5005  0.013317  286/1024 = 0.279296875
2219/5005  0.013642  270/1024 = 0.263671875
2223/5005  0.013469  282/1024 = 0.275390625
2227/5005  0.013826  286/1024 = 0.279296875
2231/5005  0.013473  274/1024 = 0.267578125
2235/5005  0.012891  292/1024 = 0.28515625
2239/5005  0.012963  319/1024 = 0.3115234375
2243/5005  0.012964  303/1024 = 0.2958984375
2247/5005  0.013653  292/1024 = 0.28515625
2251/5005  0.013299  297/1024 = 0.2900390625
2255/5005  0.013179  294/1024 = 0.287109375
2259/5005  0.013372  295/1024 = 0.2880859375
2263/5005  0.012597  318/1024 = 0.310546875
2267/5005  0.013302  288/1024 = 0.28125
2271/5005  0.013227  303/1024 = 0.2958984375
2275/5005  0.012974  300/1024 = 0.29296875
2279/5005  0.013883  296/1024 = 0.2890625
2283/5005  0.013386  292/1024 = 0.28515625
2287/5005  0.013329  274/1024 = 0.267578125
2291/5005  0.013186  298/1024 = 0.291015625
2295/5005  0.013369  305/1024 = 0.2978515625
2299/5005  0.013574  291/1024 = 0.2841796875
2303/5005  0.013255  276/1024 = 0.26953125
2307/5005  0.013185  315/1024 = 0.3076171875
2311/5005  0.012920  321/1024 = 0.3134765625
2315/5005  0.013133  302/1024 = 0.294921875
2319/5005  0.013241  283/1024 = 0.2763671875
2323/5005  0.013536  284/1024 = 0.27734375
2327/5005  0.013502  311/1024 = 0.3037109375
2331/5005  0.013066  320/1024 = 0.3125
2335/5005  0.012936  314/1024 = 0.306640625
2339/5005  0.012933  308/1024 = 0.30078125
2343/5005  0.013525  272/1024 = 0.265625
2347/5005  0.013082  312/1024 = 0.3046875
2351/5005  0.012934  302/1024 = 0.294921875
2355/5005  0.013261  305/1024 = 0.2978515625
2359/5005  0.013712  289/1024 = 0.2822265625
2363/5005  0.013230  279/1024 = 0.2724609375
2367/5005  0.013313  320/1024 = 0.3125
2371/5005  0.013783  274/1024 = 0.267578125
2375/5005  0.013417  300/1024 = 0.29296875
2379/5005  0.013194  305/1024 = 0.2978515625
2383/5005  0.013169  319/1024 = 0.3115234375
2387/5005  0.013059  283/1024 = 0.2763671875
2391/5005  0.013627  266/1024 = 0.259765625
2395/5005  0.013245  294/1024 = 0.287109375
2399/5005  0.013292  295/1024 = 0.2880859375
2403/5005  0.013015  301/1024 = 0.2939453125
2407/5005  0.013243  290/1024 = 0.283203125
2411/5005  0.012981  302/1024 = 0.294921875
2415/5005  0.013017  296/1024 = 0.2890625
2419/5005  0.013625  284/1024 = 0.27734375
2423/5005  0.013247  307/1024 = 0.2998046875
2427/5005  0.013168  302/1024 = 0.294921875
2431/5005  0.013020  307/1024 = 0.2998046875
2435/5005  0.013341  292/1024 = 0.28515625
2439/5005  0.013699  310/1024 = 0.302734375
2443/5005  0.013580  278/1024 = 0.271484375
2447/5005  0.012656  339/1024 = 0.3310546875
2451/5005  0.013027  320/1024 = 0.3125
2455/5005  0.013232  294/1024 = 0.287109375
2459/5005  0.012880  319/1024 = 0.3115234375
2463/5005  0.013296  313/1024 = 0.3056640625
2467/5005  0.012911  302/1024 = 0.294921875
2471/5005  0.013685  287/1024 = 0.2802734375
2475/5005  0.013041  320/1024 = 0.3125
2479/5005  0.012746  334/1024 = 0.326171875
2483/5005  0.012941  305/1024 = 0.2978515625
2487/5005  0.013433  301/1024 = 0.2939453125
2491/5005  0.013643  295/1024 = 0.2880859375
2495/5005  0.013802  272/1024 = 0.265625
2499/5005  0.013128  311/1024 = 0.3037109375
2503/5005  0.012786  316/1024 = 0.30859375
2507/5005  0.013247  296/1024 = 0.2890625
2511/5005  0.013449  286/1024 = 0.279296875
2515/5005  0.013253  282/1024 = 0.275390625
2519/5005  0.013157  310/1024 = 0.302734375
2523/5005  0.012563  324/1024 = 0.31640625
2527/5005  0.013322  286/1024 = 0.279296875
2531/5005  0.013204  286/1024 = 0.279296875
2535/5005  0.013065  330/1024 = 0.322265625
2539/5005  0.013052  303/1024 = 0.2958984375
2543/5005  0.013439  257/1024 = 0.2509765625
2547/5005  0.012939  316/1024 = 0.30859375
2551/5005  0.013419  294/1024 = 0.287109375
2555/5005  0.013646  302/1024 = 0.294921875
2559/5005  0.012943  314/1024 = 0.306640625
2563/5005  0.013446  291/1024 = 0.2841796875
2567/5005  0.013072  302/1024 = 0.294921875
2571/5005  0.013807  278/1024 = 0.271484375
2575/5005  0.013509  281/1024 = 0.2744140625
2579/5005  0.013543  277/1024 = 0.2705078125
2583/5005  0.013053  305/1024 = 0.2978515625
2587/5005  0.012977  323/1024 = 0.3154296875
2591/5005  0.013381  297/1024 = 0.2900390625
2595/5005  0.013262  319/1024 = 0.3115234375
2599/5005  0.012956  316/1024 = 0.30859375
2603/5005  0.012918  317/1024 = 0.3095703125
2607/5005  0.013232  289/1024 = 0.2822265625
2611/5005  0.013483  278/1024 = 0.271484375
2615/5005  0.013148  298/1024 = 0.291015625
2619/5005  0.013230  305/1024 = 0.2978515625
2623/5005  0.013095  295/1024 = 0.2880859375
2627/5005  0.013719  282/1024 = 0.275390625
2631/5005  0.013360  300/1024 = 0.29296875
2635/5005  0.012925  293/1024 = 0.2861328125
2639/5005  0.013429  286/1024 = 0.279296875
2643/5005  0.012880  311/1024 = 0.3037109375
2647/5005  0.013008  312/1024 = 0.3046875
2651/5005  0.013072  325/1024 = 0.3173828125
2655/5005  0.012680  312/1024 = 0.3046875
2659/5005  0.012882  307/1024 = 0.2998046875
2663/5005  0.013485  290/1024 = 0.283203125
2667/5005  0.012969  290/1024 = 0.283203125
2671/5005  0.013089  295/1024 = 0.2880859375
2675/5005  0.012881  299/1024 = 0.2919921875
2679/5005  0.013292  302/1024 = 0.294921875
2683/5005  0.012943  309/1024 = 0.3017578125
2687/5005  0.013691  272/1024 = 0.265625
2691/5005  0.013479  287/1024 = 0.2802734375
2695/5005  0.013639  293/1024 = 0.2861328125
2699/5005  0.013100  318/1024 = 0.310546875
2703/5005  0.013057  284/1024 = 0.27734375
2707/5005  0.013432  286/1024 = 0.279296875
2711/5005  0.013398  285/1024 = 0.2783203125
2715/5005  0.013234  302/1024 = 0.294921875
2719/5005  0.013199  303/1024 = 0.2958984375
2723/5005  0.012564  302/1024 = 0.294921875
2727/5005  0.013417  311/1024 = 0.3037109375
2731/5005  0.013409  299/1024 = 0.2919921875
2735/5005  0.013090  303/1024 = 0.2958984375
2739/5005  0.012838  305/1024 = 0.2978515625
2743/5005  0.013688  288/1024 = 0.28125
2747/5005  0.013017  306/1024 = 0.298828125
2751/5005  0.013492  296/1024 = 0.2890625
2755/5005  0.013232  297/1024 = 0.2900390625
2759/5005  0.013589  291/1024 = 0.2841796875
2763/5005  0.013217  301/1024 = 0.2939453125
2767/5005  0.012800  316/1024 = 0.30859375
2771/5005  0.013136  299/1024 = 0.2919921875
2775/5005  0.013026  318/1024 = 0.310546875
2779/5005  0.012978  300/1024 = 0.29296875
2783/5005  0.012948  322/1024 = 0.314453125
2787/5005  0.012514  317/1024 = 0.3095703125
2791/5005  0.013173  290/1024 = 0.283203125
2795/5005  0.012946  316/1024 = 0.30859375
2799/5005  0.013087  329/1024 = 0.3212890625
2803/5005  0.013061  304/1024 = 0.296875
2807/5005  0.013275  312/1024 = 0.3046875
2811/5005  0.012645  326/1024 = 0.318359375
2815/5005  0.012881  325/1024 = 0.3173828125
2819/5005  0.013040  295/1024 = 0.2880859375
2823/5005  0.012964  313/1024 = 0.3056640625
2827/5005  0.012524  335/1024 = 0.3271484375
2831/5005  0.013689  275/1024 = 0.2685546875
2835/5005  0.013369  309/1024 = 0.3017578125
2839/5005  0.013795  287/1024 = 0.2802734375
2843/5005  0.013301  279/1024 = 0.2724609375
2847/5005  0.013219  282/1024 = 0.275390625
2851/5005  0.013192  321/1024 = 0.3134765625
2855/5005  0.013126  294/1024 = 0.287109375
2859/5005  0.013310  299/1024 = 0.2919921875
2863/5005  0.013145  313/1024 = 0.3056640625
2867/5005  0.013436  304/1024 = 0.296875
2871/5005  0.013115  305/1024 = 0.2978515625
2875/5005  0.013411  287/1024 = 0.2802734375
2879/5005  0.012880  324/1024 = 0.31640625
2883/5005  0.012811  309/1024 = 0.3017578125
2887/5005  0.013105  321/1024 = 0.3134765625
2891/5005  0.012967  314/1024 = 0.306640625
2895/5005  0.013232  294/1024 = 0.287109375
2899/5005  0.013194  296/1024 = 0.2890625
2903/5005  0.013020  311/1024 = 0.3037109375
2907/5005  0.013127  303/1024 = 0.2958984375
2911/5005  0.012472  320/1024 = 0.3125
2915/5005  0.012935  318/1024 = 0.310546875
2919/5005  0.012451  337/1024 = 0.3291015625
2923/5005  0.012588  318/1024 = 0.310546875
2927/5005  0.013406  290/1024 = 0.283203125
2931/5005  0.013379  305/1024 = 0.2978515625
2935/5005  0.013110  325/1024 = 0.3173828125
2939/5005  0.012922  316/1024 = 0.30859375
2943/5005  0.013204  321/1024 = 0.3134765625
2947/5005  0.012732  307/1024 = 0.2998046875
2951/5005  0.013041  326/1024 = 0.318359375
2955/5005  0.012787  302/1024 = 0.294921875
2959/5005  0.012898  314/1024 = 0.306640625
2963/5005  0.013317  291/1024 = 0.2841796875
2967/5005  0.013037  313/1024 = 0.3056640625
2971/5005  0.012793  308/1024 = 0.30078125
2975/5005  0.013295  286/1024 = 0.279296875
2979/5005  0.012996  320/1024 = 0.3125
2983/5005  0.012612  306/1024 = 0.298828125
2987/5005  0.013025  310/1024 = 0.302734375
2991/5005  0.013198  302/1024 = 0.294921875
2995/5005  0.012879  303/1024 = 0.2958984375
2999/5005  0.012543  320/1024 = 0.3125
3003/5005  0.013069  303/1024 = 0.2958984375
3007/5005  0.013121  306/1024 = 0.298828125
3011/5005  0.012682  343/1024 = 0.3349609375
3015/5005  0.013080  308/1024 = 0.30078125
3019/5005  0.013126  273/1024 = 0.2666015625
3023/5005  0.013837  299/1024 = 0.2919921875
3027/5005  0.013298  301/1024 = 0.2939453125
3031/5005  0.012871  300/1024 = 0.29296875
3035/5005  0.013393  283/1024 = 0.2763671875
3039/5005  0.013780  296/1024 = 0.2890625
3043/5005  0.013249  291/1024 = 0.2841796875
3047/5005  0.013254  287/1024 = 0.2802734375
3051/5005  0.013230  279/1024 = 0.2724609375
3055/5005  0.013306  309/1024 = 0.3017578125
3059/5005  0.013364  310/1024 = 0.302734375
3063/5005  0.013282  285/1024 = 0.2783203125
3067/5005  0.013008  322/1024 = 0.314453125
3071/5005  0.013298  294/1024 = 0.287109375
3075/5005  0.013556  283/1024 = 0.2763671875
3079/5005  0.012792  307/1024 = 0.2998046875
3083/5005  0.013204  306/1024 = 0.298828125
3087/5005  0.013513  286/1024 = 0.279296875
3091/5005  0.012851  295/1024 = 0.2880859375
3095/5005  0.012917  325/1024 = 0.3173828125
3099/5005  0.012484  354/1024 = 0.345703125
3103/5005  0.012896  310/1024 = 0.302734375
3107/5005  0.013172  298/1024 = 0.291015625
3111/5005  0.012984  295/1024 = 0.2880859375
3115/5005  0.012973  302/1024 = 0.294921875
3119/5005  0.013211  300/1024 = 0.29296875
3123/5005  0.013307  299/1024 = 0.2919921875
3127/5005  0.013308  317/1024 = 0.3095703125
3131/5005  0.013973  272/1024 = 0.265625
3135/5005  0.013136  323/1024 = 0.3154296875
3139/5005  0.012863  323/1024 = 0.3154296875
3143/5005  0.013042  330/1024 = 0.322265625
3147/5005  0.013312  292/1024 = 0.28515625
3151/5005  0.013344  299/1024 = 0.2919921875
3155/5005  0.013036  292/1024 = 0.28515625
3159/5005  0.012620  326/1024 = 0.318359375
3163/5005  0.013530  280/1024 = 0.2734375
3167/5005  0.013261  302/1024 = 0.294921875
3171/5005  0.012993  317/1024 = 0.3095703125
3175/5005  0.013233  306/1024 = 0.298828125
3179/5005  0.013070  307/1024 = 0.2998046875
3183/5005  0.012891  310/1024 = 0.302734375
3187/5005  0.012805  323/1024 = 0.3154296875
3191/5005  0.013229  314/1024 = 0.306640625
3195/5005  0.012746  295/1024 = 0.2880859375
3199/5005  0.012929  309/1024 = 0.3017578125
3203/5005  0.013052  298/1024 = 0.291015625
3207/5005  0.013052  308/1024 = 0.30078125
3211/5005  0.013047  312/1024 = 0.3046875
3215/5005  0.012507  327/1024 = 0.3193359375
3219/5005  0.012998  318/1024 = 0.310546875
3223/5005  0.012599  331/1024 = 0.3232421875
3227/5005  0.013428  305/1024 = 0.2978515625
3231/5005  0.013086  320/1024 = 0.3125
3235/5005  0.013123  304/1024 = 0.296875
3239/5005  0.012713  328/1024 = 0.3203125
3243/5005  0.012933  315/1024 = 0.3076171875
3247/5005  0.012533  324/1024 = 0.31640625
3251/5005  0.013619  298/1024 = 0.291015625
3255/5005  0.012617  327/1024 = 0.3193359375
3259/5005  0.012883  305/1024 = 0.2978515625
3263/5005  0.013146  302/1024 = 0.294921875
3267/5005  0.013440  297/1024 = 0.2900390625
3271/5005  0.012910  299/1024 = 0.2919921875
3275/5005  0.012896  321/1024 = 0.3134765625
3279/5005  0.012538  324/1024 = 0.31640625
3283/5005  0.012843  334/1024 = 0.326171875
3287/5005  0.013072  309/1024 = 0.3017578125
3291/5005  0.012895  310/1024 = 0.302734375
3295/5005  0.013123  286/1024 = 0.279296875
3299/5005  0.012893  316/1024 = 0.30859375
3303/5005  0.013074  307/1024 = 0.2998046875
3307/5005  0.013468  312/1024 = 0.3046875
3311/5005  0.013175  309/1024 = 0.3017578125
3315/5005  0.013245  311/1024 = 0.3037109375
3319/5005  0.013454  281/1024 = 0.2744140625
3323/5005  0.012976  295/1024 = 0.2880859375
3327/5005  0.012756  321/1024 = 0.3134765625
3331/5005  0.012350  352/1024 = 0.34375
3335/5005  0.012785  303/1024 = 0.2958984375
3339/5005  0.013107  294/1024 = 0.287109375
3343/5005  0.013067  301/1024 = 0.2939453125
3347/5005  0.012557  295/1024 = 0.2880859375
3351/5005  0.012433  330/1024 = 0.322265625
3355/5005  0.013032  293/1024 = 0.2861328125
3359/5005  0.012948  326/1024 = 0.318359375
3363/5005  0.012931  314/1024 = 0.306640625
3367/5005  0.013180  319/1024 = 0.3115234375
3371/5005  0.013086  304/1024 = 0.296875
3375/5005  0.013069  310/1024 = 0.302734375
3379/5005  0.012922  315/1024 = 0.3076171875
3383/5005  0.012832  332/1024 = 0.32421875
3387/5005  0.013312  285/1024 = 0.2783203125
3391/5005  0.012939  301/1024 = 0.2939453125
3395/5005  0.012707  335/1024 = 0.3271484375
3399/5005  0.013173  279/1024 = 0.2724609375
3403/5005  0.013251  300/1024 = 0.29296875
3407/5005  0.012966  308/1024 = 0.30078125
3411/5005  0.013302  295/1024 = 0.2880859375
3415/5005  0.013220  302/1024 = 0.294921875
3419/5005  0.013028  303/1024 = 0.2958984375
3423/5005  0.013375  322/1024 = 0.314453125
3427/5005  0.012743  310/1024 = 0.302734375
3431/5005  0.013084  304/1024 = 0.296875
3435/5005  0.012998  307/1024 = 0.2998046875
3439/5005  0.012703  330/1024 = 0.322265625
3443/5005  0.012866  308/1024 = 0.30078125
3447/5005  0.013127  293/1024 = 0.2861328125
3451/5005  0.012482  338/1024 = 0.330078125
3455/5005  0.012982  313/1024 = 0.3056640625
3459/5005  0.013315  297/1024 = 0.2900390625
3463/5005  0.013035  303/1024 = 0.2958984375
3467/5005  0.012427  310/1024 = 0.302734375
3471/5005  0.012336  338/1024 = 0.330078125
3475/5005  0.012836  320/1024 = 0.3125
3479/5005  0.012864  305/1024 = 0.2978515625
3483/5005  0.012742  328/1024 = 0.3203125
3487/5005  0.013251  295/1024 = 0.2880859375
3491/5005  0.012610  322/1024 = 0.314453125
3495/5005  0.013164  314/1024 = 0.306640625
3499/5005  0.013057  304/1024 = 0.296875
3503/5005  0.013066  303/1024 = 0.2958984375
3507/5005  0.012634  309/1024 = 0.3017578125
3511/5005  0.013198  304/1024 = 0.296875
3515/5005  0.013265  314/1024 = 0.306640625
3519/5005  0.012555  326/1024 = 0.318359375
3523/5005  0.013132  314/1024 = 0.306640625
3527/5005  0.013023  309/1024 = 0.3017578125
3531/5005  0.012565  331/1024 = 0.3232421875
3535/5005  0.013074  304/1024 = 0.296875
3539/5005  0.012910  325/1024 = 0.3173828125
3543/5005  0.012742  312/1024 = 0.3046875
3547/5005  0.012464  321/1024 = 0.3134765625
3551/5005  0.012723  335/1024 = 0.3271484375
3555/5005  0.013001  293/1024 = 0.2861328125
3559/5005  0.012895  316/1024 = 0.30859375
3563/5005  0.013344  291/1024 = 0.2841796875
3567/5005  0.012602  334/1024 = 0.326171875
3571/5005  0.012565  311/1024 = 0.3037109375
3575/5005  0.012848  299/1024 = 0.2919921875
3579/5005  0.012735  311/1024 = 0.3037109375
3583/5005  0.012799  315/1024 = 0.3076171875
3587/5005  0.013081  293/1024 = 0.2861328125
3591/5005  0.012913  322/1024 = 0.314453125
3595/5005  0.012522  328/1024 = 0.3203125
3599/5005  0.013288  291/1024 = 0.2841796875
3603/5005  0.013408  293/1024 = 0.2861328125
3607/5005  0.013215  289/1024 = 0.2822265625
3611/5005  0.013150  292/1024 = 0.28515625
3615/5005  0.012555  310/1024 = 0.302734375
3619/5005  0.012710  316/1024 = 0.30859375
3623/5005  0.013362  286/1024 = 0.279296875
3627/5005  0.013010  305/1024 = 0.2978515625
3631/5005  0.013021  299/1024 = 0.2919921875
3635/5005  0.012853  313/1024 = 0.3056640625
3639/5005  0.012633  316/1024 = 0.30859375
3643/5005  0.013085  318/1024 = 0.310546875
3647/5005  0.013440  294/1024 = 0.287109375
3651/5005  0.013022  302/1024 = 0.294921875
3655/5005  0.013441  296/1024 = 0.2890625
3659/5005  0.012277  328/1024 = 0.3203125
3663/5005  0.012785  319/1024 = 0.3115234375
3667/5005  0.012917  325/1024 = 0.3173828125
3671/5005  0.013091  315/1024 = 0.3076171875
3675/5005  0.013272  293/1024 = 0.2861328125
3679/5005  0.012805  302/1024 = 0.294921875
3683/5005  0.013165  284/1024 = 0.27734375
3687/5005  0.013381  316/1024 = 0.30859375
3691/5005  0.013059  318/1024 = 0.310546875
3695/5005  0.012579  308/1024 = 0.30078125
3699/5005  0.012971  332/1024 = 0.32421875
3703/5005  0.012939  312/1024 = 0.3046875
3707/5005  0.012540  322/1024 = 0.314453125
3711/5005  0.012511  345/1024 = 0.3369140625
3715/5005  0.013025  316/1024 = 0.30859375
3719/5005  0.013037  302/1024 = 0.294921875
3723/5005  0.012873  319/1024 = 0.3115234375
3727/5005  0.013010  318/1024 = 0.310546875
3731/5005  0.013117  301/1024 = 0.2939453125
3735/5005  0.012783  341/1024 = 0.3330078125
3739/5005  0.013233  324/1024 = 0.31640625
3743/5005  0.013172  291/1024 = 0.2841796875
3747/5005  0.013119  292/1024 = 0.28515625
3751/5005  0.013045  299/1024 = 0.2919921875
3755/5005  0.013523  290/1024 = 0.283203125
3759/5005  0.013406  289/1024 = 0.2822265625
3763/5005  0.012910  318/1024 = 0.310546875
3767/5005  0.012758  309/1024 = 0.3017578125
3771/5005  0.012673  314/1024 = 0.306640625
3775/5005  0.012881  305/1024 = 0.2978515625
3779/5005  0.012512  321/1024 = 0.3134765625
3783/5005  0.013249  294/1024 = 0.287109375
3787/5005  0.013254  308/1024 = 0.30078125
3791/5005  0.013023  312/1024 = 0.3046875
3795/5005  0.012872  310/1024 = 0.302734375
3799/5005  0.012873  313/1024 = 0.3056640625
3803/5005  0.013313  305/1024 = 0.2978515625
3807/5005  0.012525  337/1024 = 0.3291015625
3811/5005  0.012889  318/1024 = 0.310546875
3815/5005  0.012879  310/1024 = 0.302734375
3819/5005  0.012951  310/1024 = 0.302734375
3823/5005  0.012904  310/1024 = 0.302734375
3827/5005  0.013116  308/1024 = 0.30078125
3831/5005  0.012800  310/1024 = 0.302734375
3835/5005  0.013125  303/1024 = 0.2958984375
3839/5005  0.012737  317/1024 = 0.3095703125
3843/5005  0.013349  312/1024 = 0.3046875
3847/5005  0.012798  300/1024 = 0.29296875
3851/5005  0.013049  312/1024 = 0.3046875
3855/5005  0.012609  315/1024 = 0.3076171875
3859/5005  0.013099  308/1024 = 0.30078125
3863/5005  0.012977  310/1024 = 0.302734375
3867/5005  0.012644  335/1024 = 0.3271484375
3871/5005  0.012770  320/1024 = 0.3125
3875/5005  0.013438  287/1024 = 0.2802734375
3879/5005  0.013735  297/1024 = 0.2900390625
3883/5005  0.013097  312/1024 = 0.3046875
3887/5005  0.013147  295/1024 = 0.2880859375
3891/5005  0.012835  299/1024 = 0.2919921875
3895/5005  0.012553  314/1024 = 0.306640625
3899/5005  0.013074  326/1024 = 0.318359375
3903/5005  0.013138  303/1024 = 0.2958984375
3907/5005  0.013109  303/1024 = 0.2958984375
3911/5005  0.012907  300/1024 = 0.29296875
3915/5005  0.013096  286/1024 = 0.279296875
3919/5005  0.012705  307/1024 = 0.2998046875
3923/5005  0.012534  310/1024 = 0.302734375
3927/5005  0.013055  299/1024 = 0.2919921875
3931/5005  0.012657  332/1024 = 0.32421875
3935/5005  0.012903  334/1024 = 0.326171875
3939/5005  0.012730  343/1024 = 0.3349609375
3943/5005  0.012894  304/1024 = 0.296875
3947/5005  0.012497  311/1024 = 0.3037109375
3951/5005  0.013128  299/1024 = 0.2919921875
3955/5005  0.012603  322/1024 = 0.314453125
3959/5005  0.013116  293/1024 = 0.2861328125
3963/5005  0.012423  322/1024 = 0.314453125
3967/5005  0.012870  310/1024 = 0.302734375
3971/5005  0.012728  318/1024 = 0.310546875
3975/5005  0.013233  327/1024 = 0.3193359375
3979/5005  0.012820  319/1024 = 0.3115234375
3983/5005  0.012618  330/1024 = 0.322265625
3987/5005  0.012474  327/1024 = 0.3193359375
3991/5005  0.012117  342/1024 = 0.333984375
3995/5005  0.012550  337/1024 = 0.3291015625
3999/5005  0.012672  324/1024 = 0.31640625
4003/5005  0.012387  330/1024 = 0.322265625
4007/5005  0.012904  311/1024 = 0.3037109375
4011/5005  0.013044  302/1024 = 0.294921875
4015/5005  0.013019  324/1024 = 0.31640625
4019/5005  0.013188  302/1024 = 0.294921875
4023/5005  0.012825  337/1024 = 0.3291015625
4027/5005  0.012965  296/1024 = 0.2890625
4031/5005  0.013042  303/1024 = 0.2958984375
4035/5005  0.013218  311/1024 = 0.3037109375
4039/5005  0.012715  299/1024 = 0.2919921875
4043/5005  0.012865  291/1024 = 0.2841796875
4047/5005  0.013124  298/1024 = 0.291015625
4051/5005  0.012848  323/1024 = 0.3154296875
4055/5005  0.012741  319/1024 = 0.3115234375
4059/5005  0.012956  304/1024 = 0.296875
4063/5005  0.012843  323/1024 = 0.3154296875
4067/5005  0.013142  296/1024 = 0.2890625
4071/5005  0.013256  307/1024 = 0.2998046875
4075/5005  0.013085  295/1024 = 0.2880859375
4079/5005  0.012643  311/1024 = 0.3037109375
4083/5005  0.012954  306/1024 = 0.298828125
4087/5005  0.013103  302/1024 = 0.294921875
4091/5005  0.012612  327/1024 = 0.3193359375
4095/5005  0.012981  329/1024 = 0.3212890625
4099/5005  0.012642  310/1024 = 0.302734375
4103/5005  0.013007  303/1024 = 0.2958984375
4107/5005  0.012862  319/1024 = 0.3115234375
4111/5005  0.012783  323/1024 = 0.3154296875
4115/5005  0.013045  305/1024 = 0.2978515625
4119/5005  0.012843  328/1024 = 0.3203125
4123/5005  0.012966  324/1024 = 0.31640625
4127/5005  0.012715  320/1024 = 0.3125
4131/5005  0.013154  306/1024 = 0.298828125
4135/5005  0.012602  324/1024 = 0.31640625
4139/5005  0.013050  295/1024 = 0.2880859375
4143/5005  0.012777  319/1024 = 0.3115234375
4147/5005  0.013006  306/1024 = 0.298828125
4151/5005  0.012779  298/1024 = 0.291015625
4155/5005  0.012698  305/1024 = 0.2978515625
4159/5005  0.012808  310/1024 = 0.302734375
4163/5005  0.012509  333/1024 = 0.3251953125
4167/5005  0.012585  321/1024 = 0.3134765625
4171/5005  0.012739  316/1024 = 0.30859375
4175/5005  0.012753  319/1024 = 0.3115234375
4179/5005  0.013075  306/1024 = 0.298828125
4183/5005  0.012771  324/1024 = 0.31640625
4187/5005  0.012293  343/1024 = 0.3349609375
4191/5005  0.013082  310/1024 = 0.302734375
4195/5005  0.012991  306/1024 = 0.298828125
4199/5005  0.012536  318/1024 = 0.310546875
4203/5005  0.013348  301/1024 = 0.2939453125
4207/5005  0.012751  311/1024 = 0.3037109375
4211/5005  0.013387  281/1024 = 0.2744140625
4215/5005  0.012565  316/1024 = 0.30859375
4219/5005  0.012900  324/1024 = 0.31640625
4223/5005  0.012881  296/1024 = 0.2890625
4227/5005  0.013359  289/1024 = 0.2822265625
4231/5005  0.012415  333/1024 = 0.3251953125
4235/5005  0.013036  312/1024 = 0.3046875
4239/5005  0.012714  316/1024 = 0.30859375
4243/5005  0.012900  306/1024 = 0.298828125
4247/5005  0.012595  325/1024 = 0.3173828125
4251/5005  0.012649  317/1024 = 0.3095703125
4255/5005  0.013136  306/1024 = 0.298828125
4259/5005  0.013214  311/1024 = 0.3037109375
4263/5005  0.013300  295/1024 = 0.2880859375
4267/5005  0.013338  293/1024 = 0.2861328125
4271/5005  0.012218  361/1024 = 0.3525390625
4275/5005  0.012801  337/1024 = 0.3291015625
4279/5005  0.013103  315/1024 = 0.3076171875
4283/5005  0.012496  326/1024 = 0.318359375
4287/5005  0.012893  317/1024 = 0.3095703125
4291/5005  0.012802  304/1024 = 0.296875
4295/5005  0.012945  321/1024 = 0.3134765625
4299/5005  0.012382  357/1024 = 0.3486328125
4303/5005  0.012550  315/1024 = 0.3076171875
4307/5005  0.012820  313/1024 = 0.3056640625
4311/5005  0.013182  311/1024 = 0.3037109375
4315/5005  0.013678  278/1024 = 0.271484375
4319/5005  0.013352  303/1024 = 0.2958984375
4323/5005  0.012946  312/1024 = 0.3046875
4327/5005  0.012875  307/1024 = 0.2998046875
4331/5005  0.012946  307/1024 = 0.2998046875
4335/5005  0.013029  305/1024 = 0.2978515625
4339/5005  0.013068  308/1024 = 0.30078125
4343/5005  0.013208  299/1024 = 0.2919921875
4347/5005  0.013051  291/1024 = 0.2841796875
4351/5005  0.012324  354/1024 = 0.345703125
4355/5005  0.012484  336/1024 = 0.328125
4359/5005  0.013305  295/1024 = 0.2880859375
4363/5005  0.012362  344/1024 = 0.3359375
4367/5005  0.013021  314/1024 = 0.306640625
4371/5005  0.012912  315/1024 = 0.3076171875
4375/5005  0.012713  333/1024 = 0.3251953125
4379/5005  0.012409  347/1024 = 0.3388671875
4383/5005  0.012550  317/1024 = 0.3095703125
4387/5005  0.012867  307/1024 = 0.2998046875
4391/5005  0.013182  305/1024 = 0.2978515625
4395/5005  0.012661  325/1024 = 0.3173828125
4399/5005  0.012694  293/1024 = 0.2861328125
4403/5005  0.012917  325/1024 = 0.3173828125
4407/5005  0.012923  322/1024 = 0.314453125
4411/5005  0.012709  303/1024 = 0.2958984375
4415/5005  0.013061  298/1024 = 0.291015625
4419/5005  0.012826  330/1024 = 0.322265625
4423/5005  0.012304  322/1024 = 0.314453125
4427/5005  0.012958  310/1024 = 0.302734375
4431/5005  0.012387  345/1024 = 0.3369140625
4435/5005  0.012919  312/1024 = 0.3046875
4439/5005  0.012915  304/1024 = 0.296875
4443/5005  0.012847  317/1024 = 0.3095703125
4447/5005  0.012719  321/1024 = 0.3134765625
4451/5005  0.012740  316/1024 = 0.30859375
4455/5005  0.013009  291/1024 = 0.2841796875
4459/5005  0.012439  316/1024 = 0.30859375
4463/5005  0.012562  336/1024 = 0.328125
4467/5005  0.012195  357/1024 = 0.3486328125
4471/5005  0.012951  302/1024 = 0.294921875
4475/5005  0.012946  315/1024 = 0.3076171875
4479/5005  0.012957  328/1024 = 0.3203125
4483/5005  0.012943  346/1024 = 0.337890625
4487/5005  0.012791  323/1024 = 0.3154296875
4491/5005  0.012804  319/1024 = 0.3115234375
4495/5005  0.012826  309/1024 = 0.3017578125
4499/5005  0.013098  303/1024 = 0.2958984375
4503/5005  0.012807  324/1024 = 0.31640625
4507/5005  0.012420  331/1024 = 0.3232421875
4511/5005  0.012598  318/1024 = 0.310546875
4515/5005  0.013098  318/1024 = 0.310546875
4519/5005  0.013048  326/1024 = 0.318359375
4523/5005  0.012892  315/1024 = 0.3076171875
4527/5005  0.012898  336/1024 = 0.328125
4531/5005  0.012568  329/1024 = 0.3212890625
4535/5005  0.013252  306/1024 = 0.298828125
4539/5005  0.013036  310/1024 = 0.302734375
4543/5005  0.012824  311/1024 = 0.3037109375
4547/5005  0.013598  293/1024 = 0.2861328125
4551/5005  0.013191  306/1024 = 0.298828125
4555/5005  0.013130  287/1024 = 0.2802734375
4559/5005  0.012574  315/1024 = 0.3076171875
4563/5005  0.012596  321/1024 = 0.3134765625
4567/5005  0.013202  301/1024 = 0.2939453125
4571/5005  0.012519  328/1024 = 0.3203125
4575/5005  0.013155  314/1024 = 0.306640625
4579/5005  0.012615  300/1024 = 0.29296875
4583/5005  0.012356  318/1024 = 0.310546875
4587/5005  0.012802  301/1024 = 0.2939453125
4591/5005  0.012472  331/1024 = 0.3232421875
4595/5005  0.012871  331/1024 = 0.3232421875
4599/5005  0.012665  339/1024 = 0.3310546875
4603/5005  0.012800  328/1024 = 0.3203125
4607/5005  0.012544  318/1024 = 0.310546875
4611/5005  0.013278  308/1024 = 0.30078125
4615/5005  0.012721  308/1024 = 0.30078125
4619/5005  0.012788  308/1024 = 0.30078125
4623/5005  0.012630  338/1024 = 0.330078125
4627/5005  0.012905  304/1024 = 0.296875
4631/5005  0.012866  320/1024 = 0.3125
4635/5005  0.012688  325/1024 = 0.3173828125
4639/5005  0.012545  326/1024 = 0.318359375
4643/5005  0.012968  304/1024 = 0.296875
4647/5005  0.012130  344/1024 = 0.3359375
4651/5005  0.012767  315/1024 = 0.3076171875
4655/5005  0.012835  300/1024 = 0.29296875
4659/5005  0.012993  317/1024 = 0.3095703125
4663/5005  0.012959  335/1024 = 0.3271484375
4667/5005  0.013136  315/1024 = 0.3076171875
4671/5005  0.012511  337/1024 = 0.3291015625
4675/5005  0.012343  348/1024 = 0.33984375
4679/5005  0.013053  303/1024 = 0.2958984375
4683/5005  0.012842  312/1024 = 0.3046875
4687/5005  0.013089  310/1024 = 0.302734375
4691/5005  0.013028  313/1024 = 0.3056640625
4695/5005  0.012699  330/1024 = 0.322265625
4699/5005  0.012452  316/1024 = 0.30859375
4703/5005  0.012920  322/1024 = 0.314453125
4707/5005  0.012855  320/1024 = 0.3125
4711/5005  0.012929  330/1024 = 0.322265625
4715/5005  0.012187  336/1024 = 0.328125
4719/5005  0.012727  320/1024 = 0.3125
4723/5005  0.012456  323/1024 = 0.3154296875
4727/5005  0.012771  333/1024 = 0.3251953125
4731/5005  0.012713  326/1024 = 0.318359375
4735/5005  0.012355  320/1024 = 0.3125
4739/5005  0.012939  317/1024 = 0.3095703125
4743/5005  0.012433  333/1024 = 0.3251953125
4747/5005  0.012566  318/1024 = 0.310546875
4751/5005  0.012785  319/1024 = 0.3115234375
4755/5005  0.012907  319/1024 = 0.3115234375
4759/5005  0.012720  318/1024 = 0.310546875
4763/5005  0.012978  306/1024 = 0.298828125
4767/5005  0.012570  332/1024 = 0.32421875
4771/5005  0.012332  315/1024 = 0.3076171875
4775/5005  0.013237  306/1024 = 0.298828125
4779/5005  0.012499  331/1024 = 0.3232421875
4783/5005  0.012867  316/1024 = 0.30859375
4787/5005  0.012417  333/1024 = 0.3251953125
4791/5005  0.012602  325/1024 = 0.3173828125
4795/5005  0.012530  323/1024 = 0.3154296875
4799/5005  0.013516  295/1024 = 0.2880859375
4803/5005  0.012799  301/1024 = 0.2939453125
4807/5005  0.012555  341/1024 = 0.3330078125
4811/5005  0.013268  289/1024 = 0.2822265625
4815/5005  0.012872  339/1024 = 0.3310546875
4819/5005  0.012417  328/1024 = 0.3203125
4823/5005  0.012523  313/1024 = 0.3056640625
4827/5005  0.012849  325/1024 = 0.3173828125
4831/5005  0.012814  303/1024 = 0.2958984375
4835/5005  0.013079  323/1024 = 0.3154296875
4839/5005  0.012640  338/1024 = 0.330078125
4843/5005  0.012469  337/1024 = 0.3291015625
4847/5005  0.012930  314/1024 = 0.306640625
4851/5005  0.012610  336/1024 = 0.328125
4855/5005  0.012928  325/1024 = 0.3173828125
4859/5005  0.012760  330/1024 = 0.322265625
4863/5005  0.013170  315/1024 = 0.3076171875
4867/5005  0.012538  337/1024 = 0.3291015625
4871/5005  0.012884  330/1024 = 0.322265625
4875/5005  0.013247  288/1024 = 0.28125
4879/5005  0.012545  330/1024 = 0.322265625
4883/5005  0.012477  316/1024 = 0.30859375
4887/5005  0.012387  327/1024 = 0.3193359375
4891/5005  0.012469  320/1024 = 0.3125
4895/5005  0.012289  344/1024 = 0.3359375
4899/5005  0.012552  333/1024 = 0.3251953125
4903/5005  0.012184  328/1024 = 0.3203125
4907/5005  0.012329  340/1024 = 0.33203125
4911/5005  0.012829  319/1024 = 0.3115234375
4915/5005  0.012838  333/1024 = 0.3251953125
4919/5005  0.012629  323/1024 = 0.3154296875
4923/5005  0.012522  314/1024 = 0.306640625
4927/5005  0.013073  304/1024 = 0.296875
4931/5005  0.012596  307/1024 = 0.2998046875
4935/5005  0.012864  321/1024 = 0.3134765625
4939/5005  0.012646  302/1024 = 0.294921875
4943/5005  0.013294  317/1024 = 0.3095703125
4947/5005  0.012238  328/1024 = 0.3203125
4951/5005  0.012861  298/1024 = 0.291015625
4955/5005  0.012713  306/1024 = 0.298828125
4959/5005  0.012589  312/1024 = 0.3046875
4963/5005  0.013195  281/1024 = 0.2744140625
4967/5005  0.012438  344/1024 = 0.3359375
4971/5005  0.012629  343/1024 = 0.3349609375
4975/5005  0.012384  335/1024 = 0.3271484375
4979/5005  0.012374  346/1024 = 0.337890625
4983/5005  0.012906  319/1024 = 0.3115234375
4987/5005  0.012711  314/1024 = 0.306640625
4991/5005  0.012707  310/1024 = 0.302734375
4995/5005  0.012531  333/1024 = 0.3251953125
4999/5005  0.012512  303/1024 = 0.2958984375
5003/5005  0.012541  329/1024 = 0.3212890625
1:27:39.043099
