VGG(
  (features): Sequential(
    (0): Conv2d(3, 64, kernel_size=(3, 3), stride=(1, 1), padding=(1, 1))
    (1): ReLU(inplace=True)
    (2): Conv2d(64, 64, kernel_size=(3, 3), stride=(1, 1), padding=(1, 1))
    (3): ReLU(inplace=True)
    (4): MaxPool2d(kernel_size=2, stride=2, padding=0, dilation=1, ceil_mode=False)
    (5): Conv2d(64, 128, kernel_size=(3, 3), stride=(1, 1), padding=(1, 1))
    (6): ReLU(inplace=True)
    (7): Conv2d(128, 128, kernel_size=(3, 3), stride=(1, 1), padding=(1, 1))
    (8): ReLU(inplace=True)
    (9): MaxPool2d(kernel_size=2, stride=2, padding=0, dilation=1, ceil_mode=False)
    (10): Conv2d(128, 256, kernel_size=(3, 3), stride=(1, 1), padding=(1, 1))
    (11): ReLU(inplace=True)
    (12): Conv2d(256, 256, kernel_size=(3, 3), stride=(1, 1), padding=(1, 1))
    (13): ReLU(inplace=True)
    (14): Conv2d(256, 256, kernel_size=(3, 3), stride=(1, 1), padding=(1, 1))
    (15): ReLU(inplace=True)
    (16): MaxPool2d(kernel_size=2, stride=2, padding=0, dilation=1, ceil_mode=False)
    (17): Conv2d(256, 512, kernel_size=(3, 3), stride=(1, 1), padding=(1, 1))
    (18): ReLU(inplace=True)
    (19): Conv2d(512, 512, kernel_size=(3, 3), stride=(1, 1), padding=(1, 1))
    (20): ReLU(inplace=True)
    (21): Conv2d(512, 512, kernel_size=(3, 3), stride=(1, 1), padding=(1, 1))
    (22): ReLU(inplace=True)
    (23): MaxPool2d(kernel_size=2, stride=2, padding=0, dilation=1, ceil_mode=False)
    (24): Conv2d(512, 512, kernel_size=(3, 3), stride=(1, 1), padding=(1, 1))
    (25): ReLU(inplace=True)
    (26): Conv2d(512, 512, kernel_size=(3, 3), stride=(1, 1), padding=(1, 1))
    (27): ReLU(inplace=True)
    (28): Conv2d(512, 512, kernel_size=(3, 3), stride=(1, 1), padding=(1, 1))
    (29): ReLU(inplace=True)
    (30): MaxPool2d(kernel_size=2, stride=2, padding=0, dilation=1, ceil_mode=False)
  )
  (avgpool): AdaptiveAvgPool2d(output_size=(7, 7))
  (classifier): Sequential(
    (0): Linear(in_features=25088, out_features=4096, bias=True)
    (1): ReLU(inplace=True)
    (2): Dropout(p=0.5, inplace=False)
    (3): Linear(in_features=4096, out_features=4096, bias=True)
    (4): ReLU(inplace=True)
    (5): Dropout(p=0.5, inplace=False)
    (6): Linear(in_features=4096, out_features=1000, bias=True)
  )
)
# using cuda
3/5005  0.010233  417/1024 = 0.4072265625
7/5005  0.009502  476/1024 = 0.46484375
11/5005  0.009936  451/1024 = 0.4404296875
15/5005  0.009892  447/1024 = 0.4365234375
19/5005  0.010322  453/1024 = 0.4423828125
23/5005  0.009956  423/1024 = 0.4130859375
27/5005  0.010150  450/1024 = 0.439453125
31/5005  0.009531  441/1024 = 0.4306640625
35/5005  0.009677  465/1024 = 0.4541015625
39/5005  0.010161  459/1024 = 0.4482421875
43/5005  0.009747  471/1024 = 0.4599609375
47/5005  0.010242  423/1024 = 0.4130859375
51/5005  0.009752  456/1024 = 0.4453125
55/5005  0.009906  451/1024 = 0.4404296875
59/5005  0.009477  480/1024 = 0.46875
63/5005  0.009395  471/1024 = 0.4599609375
67/5005  0.010111  434/1024 = 0.423828125
71/5005  0.009646  453/1024 = 0.4423828125
75/5005  0.010206  451/1024 = 0.4404296875
79/5005  0.009652  460/1024 = 0.44921875
83/5005  0.009464  478/1024 = 0.466796875
87/5005  0.009593  468/1024 = 0.45703125
91/5005  0.010062  453/1024 = 0.4423828125
95/5005  0.009886  464/1024 = 0.453125
99/5005  0.009964  456/1024 = 0.4453125
103/5005  0.010066  462/1024 = 0.451171875
107/5005  0.009416  443/1024 = 0.4326171875
111/5005  0.009152  463/1024 = 0.4521484375
115/5005  0.010282  456/1024 = 0.4453125
119/5005  0.009638  468/1024 = 0.45703125
123/5005  0.009908  445/1024 = 0.4345703125
127/5005  0.009355  457/1024 = 0.4462890625
131/5005  0.009831  460/1024 = 0.44921875
135/5005  0.009454  488/1024 = 0.4765625
139/5005  0.009666  464/1024 = 0.453125
143/5005  0.009863  463/1024 = 0.4521484375
147/5005  0.009814  450/1024 = 0.439453125
151/5005  0.009592  462/1024 = 0.451171875
155/5005  0.009687  482/1024 = 0.470703125
159/5005  0.010247  408/1024 = 0.3984375
163/5005  0.009541  469/1024 = 0.4580078125
167/5005  0.010358  426/1024 = 0.416015625
171/5005  0.009555  473/1024 = 0.4619140625
175/5005  0.009870  437/1024 = 0.4267578125
179/5005  0.009410  462/1024 = 0.451171875
183/5005  0.010033  426/1024 = 0.416015625
187/5005  0.009502  472/1024 = 0.4609375
191/5005  0.010106  442/1024 = 0.431640625
195/5005  0.009819  462/1024 = 0.451171875
199/5005  0.009625  462/1024 = 0.451171875
203/5005  0.009333  473/1024 = 0.4619140625
207/5005  0.009206  491/1024 = 0.4794921875
211/5005  0.010034  463/1024 = 0.4521484375
215/5005  0.009351  476/1024 = 0.46484375
219/5005  0.009835  484/1024 = 0.47265625
223/5005  0.009969  461/1024 = 0.4501953125
227/5005  0.009869  456/1024 = 0.4453125
231/5005  0.009825  440/1024 = 0.4296875
235/5005  0.010143  438/1024 = 0.427734375
239/5005  0.009513  475/1024 = 0.4638671875
243/5005  0.009853  463/1024 = 0.4521484375
247/5005  0.009454  468/1024 = 0.45703125
251/5005  0.009798  469/1024 = 0.4580078125
255/5005  0.010078  452/1024 = 0.44140625
259/5005  0.009791  457/1024 = 0.4462890625
263/5005  0.009653  457/1024 = 0.4462890625
267/5005  0.009555  476/1024 = 0.46484375
271/5005  0.009658  445/1024 = 0.4345703125
275/5005  0.009502  459/1024 = 0.4482421875
279/5005  0.009521  460/1024 = 0.44921875
283/5005  0.009751  465/1024 = 0.4541015625
287/5005  0.010002  445/1024 = 0.4345703125
291/5005  0.009719  456/1024 = 0.4453125
295/5005  0.009378  495/1024 = 0.4833984375
299/5005  0.009465  476/1024 = 0.46484375
303/5005  0.009387  485/1024 = 0.4736328125
307/5005  0.010307  467/1024 = 0.4560546875
311/5005  0.009941  441/1024 = 0.4306640625
315/5005  0.009956  464/1024 = 0.453125
319/5005  0.009469  473/1024 = 0.4619140625
323/5005  0.010006  450/1024 = 0.439453125
327/5005  0.009814  463/1024 = 0.4521484375
331/5005  0.009831  466/1024 = 0.455078125
335/5005  0.009937  449/1024 = 0.4384765625
339/5005  0.009207  470/1024 = 0.458984375
343/5005  0.009995  454/1024 = 0.443359375
347/5005  0.009834  472/1024 = 0.4609375
351/5005  0.009621  465/1024 = 0.4541015625
355/5005  0.009501  460/1024 = 0.44921875
359/5005  0.009388  489/1024 = 0.4775390625
363/5005  0.010481  428/1024 = 0.41796875
367/5005  0.009710  457/1024 = 0.4462890625
371/5005  0.010413  418/1024 = 0.408203125
375/5005  0.009803  448/1024 = 0.4375
379/5005  0.009343  473/1024 = 0.4619140625
383/5005  0.010313  432/1024 = 0.421875
387/5005  0.009541  493/1024 = 0.4814453125
391/5005  0.009551  452/1024 = 0.44140625
395/5005  0.009574  470/1024 = 0.458984375
399/5005  0.009707  449/1024 = 0.4384765625
403/5005  0.009494  486/1024 = 0.474609375
407/5005  0.009975  455/1024 = 0.4443359375
411/5005  0.009657  481/1024 = 0.4697265625
415/5005  0.010047  464/1024 = 0.453125
419/5005  0.009926  451/1024 = 0.4404296875
423/5005  0.010345  434/1024 = 0.423828125
427/5005  0.009525  460/1024 = 0.44921875
431/5005  0.009844  468/1024 = 0.45703125
435/5005  0.010238  426/1024 = 0.416015625
439/5005  0.009613  465/1024 = 0.4541015625
443/5005  0.009627  477/1024 = 0.4658203125
447/5005  0.009496  458/1024 = 0.447265625
451/5005  0.009707  470/1024 = 0.458984375
455/5005  0.009850  444/1024 = 0.43359375
459/5005  0.009679  462/1024 = 0.451171875
463/5005  0.009234  493/1024 = 0.4814453125
467/5005  0.010204  447/1024 = 0.4365234375
471/5005  0.009498  473/1024 = 0.4619140625
475/5005  0.009853  444/1024 = 0.43359375
479/5005  0.009156  481/1024 = 0.4697265625
483/5005  0.010046  457/1024 = 0.4462890625
487/5005  0.009473  485/1024 = 0.4736328125
491/5005  0.009537  463/1024 = 0.4521484375
495/5005  0.009856  474/1024 = 0.462890625
499/5005  0.009682  453/1024 = 0.4423828125
503/5005  0.010227  436/1024 = 0.42578125
507/5005  0.009750  456/1024 = 0.4453125
511/5005  0.009791  468/1024 = 0.45703125
515/5005  0.009864  458/1024 = 0.447265625
519/5005  0.010126  452/1024 = 0.44140625
523/5005  0.009450  474/1024 = 0.462890625
527/5005  0.009742  450/1024 = 0.439453125
531/5005  0.010314  440/1024 = 0.4296875
535/5005  0.009792  451/1024 = 0.4404296875
539/5005  0.009639  453/1024 = 0.4423828125
543/5005  0.009896  461/1024 = 0.4501953125
547/5005  0.009740  462/1024 = 0.451171875
551/5005  0.009653  485/1024 = 0.4736328125
555/5005  0.009557  467/1024 = 0.4560546875
559/5005  0.008912  476/1024 = 0.46484375
563/5005  0.009803  455/1024 = 0.4443359375
567/5005  0.009552  473/1024 = 0.4619140625
571/5005  0.010112  453/1024 = 0.4423828125
575/5005  0.010227  439/1024 = 0.4287109375
579/5005  0.009853  461/1024 = 0.4501953125
583/5005  0.009977  457/1024 = 0.4462890625
587/5005  0.009563  463/1024 = 0.4521484375
591/5005  0.009581  461/1024 = 0.4501953125
595/5005  0.009805  426/1024 = 0.416015625
599/5005  0.009790  466/1024 = 0.455078125
603/5005  0.009465  473/1024 = 0.4619140625
607/5005  0.010059  446/1024 = 0.435546875
611/5005  0.009619  463/1024 = 0.4521484375
615/5005  0.009947  460/1024 = 0.44921875
619/5005  0.008995  495/1024 = 0.4833984375
623/5005  0.010132  432/1024 = 0.421875
627/5005  0.009243  477/1024 = 0.4658203125
631/5005  0.009604  472/1024 = 0.4609375
635/5005  0.009734  462/1024 = 0.451171875
639/5005  0.009276  478/1024 = 0.466796875
643/5005  0.009317  470/1024 = 0.458984375
647/5005  0.009681  451/1024 = 0.4404296875
651/5005  0.009580  483/1024 = 0.4716796875
655/5005  0.010097  437/1024 = 0.4267578125
659/5005  0.009660  463/1024 = 0.4521484375
663/5005  0.009591  459/1024 = 0.4482421875
667/5005  0.009377  473/1024 = 0.4619140625
671/5005  0.010297  451/1024 = 0.4404296875
675/5005  0.009260  467/1024 = 0.4560546875
679/5005  0.009767  448/1024 = 0.4375
683/5005  0.009727  463/1024 = 0.4521484375
687/5005  0.009346  490/1024 = 0.478515625
691/5005  0.009591  457/1024 = 0.4462890625
695/5005  0.010112  450/1024 = 0.439453125
699/5005  0.009747  442/1024 = 0.431640625
703/5005  0.010118  434/1024 = 0.423828125
707/5005  0.009360  487/1024 = 0.4755859375
711/5005  0.009864  462/1024 = 0.451171875
715/5005  0.009153  467/1024 = 0.4560546875
719/5005  0.009649  456/1024 = 0.4453125
723/5005  0.009580  449/1024 = 0.4384765625
727/5005  0.009894  457/1024 = 0.4462890625
731/5005  0.010073  422/1024 = 0.412109375
735/5005  0.009610  477/1024 = 0.4658203125
739/5005  0.009195  495/1024 = 0.4833984375
743/5005  0.009479  477/1024 = 0.4658203125
747/5005  0.009879  453/1024 = 0.4423828125
751/5005  0.009666  464/1024 = 0.453125
755/5005  0.009547  472/1024 = 0.4609375
759/5005  0.010253  435/1024 = 0.4248046875
763/5005  0.009956  450/1024 = 0.439453125
767/5005  0.009713  447/1024 = 0.4365234375
771/5005  0.009818  453/1024 = 0.4423828125
775/5005  0.009716  460/1024 = 0.44921875
779/5005  0.009660  459/1024 = 0.4482421875
783/5005  0.009586  468/1024 = 0.45703125
787/5005  0.009674  477/1024 = 0.4658203125
791/5005  0.010570  423/1024 = 0.4130859375
795/5005  0.010101  460/1024 = 0.44921875
799/5005  0.010027  444/1024 = 0.43359375
803/5005  0.009695  462/1024 = 0.451171875
807/5005  0.009618  455/1024 = 0.4443359375
811/5005  0.009762  448/1024 = 0.4375
815/5005  0.009747  459/1024 = 0.4482421875
819/5005  0.009868  444/1024 = 0.43359375
823/5005  0.010170  457/1024 = 0.4462890625
827/5005  0.009983  448/1024 = 0.4375
831/5005  0.009656  470/1024 = 0.458984375
835/5005  0.009475  482/1024 = 0.470703125
839/5005  0.009584  488/1024 = 0.4765625
843/5005  0.009798  460/1024 = 0.44921875
847/5005  0.010160  452/1024 = 0.44140625
851/5005  0.009434  478/1024 = 0.466796875
855/5005  0.009964  445/1024 = 0.4345703125
859/5005  0.009379  468/1024 = 0.45703125
863/5005  0.010083  446/1024 = 0.435546875
867/5005  0.009914  458/1024 = 0.447265625
871/5005  0.010054  445/1024 = 0.4345703125
875/5005  0.009566  463/1024 = 0.4521484375
879/5005  0.010090  440/1024 = 0.4296875
883/5005  0.009593  471/1024 = 0.4599609375
887/5005  0.009927  477/1024 = 0.4658203125
891/5005  0.009378  470/1024 = 0.458984375
895/5005  0.009445  472/1024 = 0.4609375
899/5005  0.009508  438/1024 = 0.427734375
903/5005  0.009933  453/1024 = 0.4423828125
907/5005  0.009302  479/1024 = 0.4677734375
911/5005  0.009128  491/1024 = 0.4794921875
915/5005  0.009847  446/1024 = 0.435546875
919/5005  0.009921  463/1024 = 0.4521484375
923/5005  0.009637  493/1024 = 0.4814453125
927/5005  0.009747  460/1024 = 0.44921875
931/5005  0.009909  445/1024 = 0.4345703125
935/5005  0.009452  470/1024 = 0.458984375
939/5005  0.010029  463/1024 = 0.4521484375
943/5005  0.009762  465/1024 = 0.4541015625
947/5005  0.009621  451/1024 = 0.4404296875
951/5005  0.009199  477/1024 = 0.4658203125
955/5005  0.009719  470/1024 = 0.458984375
959/5005  0.009886  459/1024 = 0.4482421875
963/5005  0.009439  477/1024 = 0.4658203125
967/5005  0.009393  457/1024 = 0.4462890625
971/5005  0.009434  469/1024 = 0.4580078125
975/5005  0.010089  450/1024 = 0.439453125
979/5005  0.009425  487/1024 = 0.4755859375
983/5005  0.009950  478/1024 = 0.466796875
987/5005  0.009679  448/1024 = 0.4375
991/5005  0.009853  472/1024 = 0.4609375
995/5005  0.009854  452/1024 = 0.44140625
999/5005  0.009662  467/1024 = 0.4560546875
1003/5005  0.009608  471/1024 = 0.4599609375
1007/5005  0.009831  466/1024 = 0.455078125
1011/5005  0.009795  455/1024 = 0.4443359375
1015/5005  0.009604  452/1024 = 0.44140625
1019/5005  0.010188  436/1024 = 0.42578125
1023/5005  0.010022  440/1024 = 0.4296875
1027/5005  0.009899  476/1024 = 0.46484375
1031/5005  0.009129  485/1024 = 0.4736328125
1035/5005  0.009647  469/1024 = 0.4580078125
1039/5005  0.009338  486/1024 = 0.474609375
1043/5005  0.009806  445/1024 = 0.4345703125
1047/5005  0.009550  458/1024 = 0.447265625
1051/5005  0.010171  434/1024 = 0.423828125
1055/5005  0.009784  462/1024 = 0.451171875
1059/5005  0.009697  443/1024 = 0.4326171875
1063/5005  0.009086  479/1024 = 0.4677734375
1067/5005  0.009717  469/1024 = 0.4580078125
1071/5005  0.009657  472/1024 = 0.4609375
1075/5005  0.009260  470/1024 = 0.458984375
1079/5005  0.009818  461/1024 = 0.4501953125
1083/5005  0.010105  472/1024 = 0.4609375
1087/5005  0.010176  434/1024 = 0.423828125
1091/5005  0.009595  458/1024 = 0.447265625
1095/5005  0.009275  487/1024 = 0.4755859375
1099/5005  0.009780  449/1024 = 0.4384765625
1103/5005  0.009628  469/1024 = 0.4580078125
1107/5005  0.009961  439/1024 = 0.4287109375
1111/5005  0.009587  457/1024 = 0.4462890625
1115/5005  0.009978  445/1024 = 0.4345703125
1119/5005  0.009803  458/1024 = 0.447265625
1123/5005  0.009495  464/1024 = 0.453125
1127/5005  0.009864  458/1024 = 0.447265625
1131/5005  0.009959  436/1024 = 0.42578125
1135/5005  0.009929  458/1024 = 0.447265625
1139/5005  0.009620  455/1024 = 0.4443359375
1143/5005  0.009831  472/1024 = 0.4609375
1147/5005  0.009777  462/1024 = 0.451171875
1151/5005  0.009602  478/1024 = 0.466796875
1155/5005  0.009364  477/1024 = 0.4658203125
1159/5005  0.009766  457/1024 = 0.4462890625
1163/5005  0.009881  466/1024 = 0.455078125
1167/5005  0.009619  480/1024 = 0.46875
1171/5005  0.009203  469/1024 = 0.4580078125
1175/5005  0.009714  446/1024 = 0.435546875
1179/5005  0.009599  460/1024 = 0.44921875
1183/5005  0.009414  477/1024 = 0.4658203125
1187/5005  0.009762  459/1024 = 0.4482421875
1191/5005  0.009767  445/1024 = 0.4345703125
1195/5005  0.009443  496/1024 = 0.484375
1199/5005  0.009714  480/1024 = 0.46875
1203/5005  0.009823  454/1024 = 0.443359375
1207/5005  0.009972  455/1024 = 0.4443359375
1211/5005  0.009696  462/1024 = 0.451171875
1215/5005  0.010153  426/1024 = 0.416015625
1219/5005  0.009825  464/1024 = 0.453125
1223/5005  0.010315  426/1024 = 0.416015625
1227/5005  0.009779  466/1024 = 0.455078125
1231/5005  0.009754  458/1024 = 0.447265625
1235/5005  0.009335  478/1024 = 0.466796875
1239/5005  0.010503  413/1024 = 0.4033203125
1243/5005  0.009618  454/1024 = 0.443359375
1247/5005  0.009569  485/1024 = 0.4736328125
1251/5005  0.009891  465/1024 = 0.4541015625
1255/5005  0.010110  465/1024 = 0.4541015625
1259/5005  0.009751  464/1024 = 0.453125
1263/5005  0.009376  458/1024 = 0.447265625
1267/5005  0.009132  481/1024 = 0.4697265625
1271/5005  0.010315  433/1024 = 0.4228515625
1275/5005  0.009483  464/1024 = 0.453125
1279/5005  0.009292  486/1024 = 0.474609375
1283/5005  0.009803  446/1024 = 0.435546875
1287/5005  0.009435  467/1024 = 0.4560546875
1291/5005  0.009852  451/1024 = 0.4404296875
1295/5005  0.009345  448/1024 = 0.4375
1299/5005  0.009623  457/1024 = 0.4462890625
1303/5005  0.008923  471/1024 = 0.4599609375
1307/5005  0.009939  443/1024 = 0.4326171875
1311/5005  0.009593  448/1024 = 0.4375
1315/5005  0.009309  467/1024 = 0.4560546875
1319/5005  0.010040  470/1024 = 0.458984375
1323/5005  0.010019  447/1024 = 0.4365234375
1327/5005  0.009895  453/1024 = 0.4423828125
1331/5005  0.010055  460/1024 = 0.44921875
1335/5005  0.009663  460/1024 = 0.44921875
1339/5005  0.009969  453/1024 = 0.4423828125
1343/5005  0.010027  472/1024 = 0.4609375
1347/5005  0.009699  448/1024 = 0.4375
1351/5005  0.009640  455/1024 = 0.4443359375
1355/5005  0.009326  481/1024 = 0.4697265625
1359/5005  0.009448  485/1024 = 0.4736328125
1363/5005  0.009666  475/1024 = 0.4638671875
1367/5005  0.009309  468/1024 = 0.45703125
1371/5005  0.009778  445/1024 = 0.4345703125
1375/5005  0.009778  463/1024 = 0.4521484375
1379/5005  0.009815  451/1024 = 0.4404296875
1383/5005  0.009776  451/1024 = 0.4404296875
1387/5005  0.010312  418/1024 = 0.408203125
1391/5005  0.009517  472/1024 = 0.4609375
1395/5005  0.009688  464/1024 = 0.453125
1399/5005  0.009976  438/1024 = 0.427734375
1403/5005  0.009872  469/1024 = 0.4580078125
1407/5005  0.009701  487/1024 = 0.4755859375
1411/5005  0.009559  482/1024 = 0.470703125
1415/5005  0.009488  463/1024 = 0.4521484375
1419/5005  0.010090  450/1024 = 0.439453125
1423/5005  0.009222  463/1024 = 0.4521484375
1427/5005  0.009725  451/1024 = 0.4404296875
1431/5005  0.009647  458/1024 = 0.447265625
1435/5005  0.009361  481/1024 = 0.4697265625
1439/5005  0.009370  457/1024 = 0.4462890625
1443/5005  0.009689  460/1024 = 0.44921875
1447/5005  0.009892  472/1024 = 0.4609375
1451/5005  0.009307  485/1024 = 0.4736328125
1455/5005  0.009708  452/1024 = 0.44140625
1459/5005  0.009798  477/1024 = 0.4658203125
1463/5005  0.009999  448/1024 = 0.4375
1467/5005  0.009909  454/1024 = 0.443359375
1471/5005  0.009811  453/1024 = 0.4423828125
1475/5005  0.010196  449/1024 = 0.4384765625
1479/5005  0.009523  460/1024 = 0.44921875
1483/5005  0.009995  443/1024 = 0.4326171875
1487/5005  0.009644  485/1024 = 0.4736328125
1491/5005  0.009684  470/1024 = 0.458984375
1495/5005  0.010022  462/1024 = 0.451171875
1499/5005  0.009482  466/1024 = 0.455078125
1503/5005  0.009530  453/1024 = 0.4423828125
1507/5005  0.009791  478/1024 = 0.466796875
1511/5005  0.009423  478/1024 = 0.466796875
1515/5005  0.009812  470/1024 = 0.458984375
1519/5005  0.009564  460/1024 = 0.44921875
1523/5005  0.009617  449/1024 = 0.4384765625
1527/5005  0.009703  459/1024 = 0.4482421875
1531/5005  0.010096  454/1024 = 0.443359375
1535/5005  0.010056  434/1024 = 0.423828125
1539/5005  0.009487  472/1024 = 0.4609375
1543/5005  0.009620  474/1024 = 0.462890625
1547/5005  0.009118  485/1024 = 0.4736328125
1551/5005  0.009456  482/1024 = 0.470703125
1555/5005  0.010131  427/1024 = 0.4169921875
1559/5005  0.009879  434/1024 = 0.423828125
1563/5005  0.009344  468/1024 = 0.45703125
1567/5005  0.009600  479/1024 = 0.4677734375
1571/5005  0.009661  468/1024 = 0.45703125
1575/5005  0.009423  458/1024 = 0.447265625
1579/5005  0.009606  444/1024 = 0.43359375
1583/5005  0.009551  470/1024 = 0.458984375
1587/5005  0.009643  461/1024 = 0.4501953125
1591/5005  0.009854  440/1024 = 0.4296875
1595/5005  0.009597  461/1024 = 0.4501953125
1599/5005  0.009890  449/1024 = 0.4384765625
1603/5005  0.009904  449/1024 = 0.4384765625
1607/5005  0.009575  466/1024 = 0.455078125
1611/5005  0.010034  460/1024 = 0.44921875
1615/5005  0.010014  448/1024 = 0.4375
1619/5005  0.009391  474/1024 = 0.462890625
1623/5005  0.009664  456/1024 = 0.4453125
1627/5005  0.010142  456/1024 = 0.4453125
1631/5005  0.010063  437/1024 = 0.4267578125
1635/5005  0.010104  427/1024 = 0.4169921875
1639/5005  0.009296  471/1024 = 0.4599609375
1643/5005  0.009854  457/1024 = 0.4462890625
1647/5005  0.009522  458/1024 = 0.447265625
1651/5005  0.009547  453/1024 = 0.4423828125
1655/5005  0.009284  465/1024 = 0.4541015625
1659/5005  0.009776  474/1024 = 0.462890625
1663/5005  0.009915  458/1024 = 0.447265625
1667/5005  0.009547  454/1024 = 0.443359375
1671/5005  0.010076  431/1024 = 0.4208984375
1675/5005  0.009664  467/1024 = 0.4560546875
1679/5005  0.009684  458/1024 = 0.447265625
1683/5005  0.009887  459/1024 = 0.4482421875
1687/5005  0.009719  461/1024 = 0.4501953125
1691/5005  0.009931  460/1024 = 0.44921875
1695/5005  0.009614  462/1024 = 0.451171875
1699/5005  0.009990  466/1024 = 0.455078125
1703/5005  0.009565  457/1024 = 0.4462890625
1707/5005  0.009968  455/1024 = 0.4443359375
1711/5005  0.009864  463/1024 = 0.4521484375
1715/5005  0.009853  459/1024 = 0.4482421875
1719/5005  0.009907  445/1024 = 0.4345703125
1723/5005  0.010410  449/1024 = 0.4384765625
1727/5005  0.009623  466/1024 = 0.455078125
1731/5005  0.009654  460/1024 = 0.44921875
1735/5005  0.010204  447/1024 = 0.4365234375
1739/5005  0.009745  458/1024 = 0.447265625
1743/5005  0.009789  470/1024 = 0.458984375
1747/5005  0.009880  455/1024 = 0.4443359375
1751/5005  0.009569  463/1024 = 0.4521484375
1755/5005  0.009653  451/1024 = 0.4404296875
1759/5005  0.010058  428/1024 = 0.41796875
1763/5005  0.009838  470/1024 = 0.458984375
1767/5005  0.009511  473/1024 = 0.4619140625
1771/5005  0.009797  475/1024 = 0.4638671875
1775/5005  0.010029  460/1024 = 0.44921875
1779/5005  0.009601  484/1024 = 0.47265625
1783/5005  0.009335  465/1024 = 0.4541015625
1787/5005  0.009857  470/1024 = 0.458984375
1791/5005  0.009801  469/1024 = 0.4580078125
1795/5005  0.010149  452/1024 = 0.44140625
1799/5005  0.009548  478/1024 = 0.466796875
1803/5005  0.009353  477/1024 = 0.4658203125
1807/5005  0.009813  479/1024 = 0.4677734375
1811/5005  0.009823  467/1024 = 0.4560546875
1815/5005  0.009525  455/1024 = 0.4443359375
1819/5005  0.010233  455/1024 = 0.4443359375
1823/5005  0.009487  473/1024 = 0.4619140625
1827/5005  0.009924  454/1024 = 0.443359375
1831/5005  0.010035  463/1024 = 0.4521484375
1835/5005  0.009730  459/1024 = 0.4482421875
1839/5005  0.009879  473/1024 = 0.4619140625
1843/5005  0.009474  489/1024 = 0.4775390625
1847/5005  0.009751  471/1024 = 0.4599609375
1851/5005  0.009857  441/1024 = 0.4306640625
1855/5005  0.009424  476/1024 = 0.46484375
1859/5005  0.010132  444/1024 = 0.43359375
1863/5005  0.010204  457/1024 = 0.4462890625
1867/5005  0.010052  423/1024 = 0.4130859375
1871/5005  0.009609  450/1024 = 0.439453125
1875/5005  0.009242  482/1024 = 0.470703125
1879/5005  0.009464  474/1024 = 0.462890625
1883/5005  0.008995  490/1024 = 0.478515625
1887/5005  0.009877  467/1024 = 0.4560546875
1891/5005  0.010144  433/1024 = 0.4228515625
1895/5005  0.010104  466/1024 = 0.455078125
1899/5005  0.009526  465/1024 = 0.4541015625
1903/5005  0.009415  466/1024 = 0.455078125
1907/5005  0.009490  457/1024 = 0.4462890625
1911/5005  0.009858  451/1024 = 0.4404296875
1915/5005  0.009417  477/1024 = 0.4658203125
1919/5005  0.009419  454/1024 = 0.443359375
1923/5005  0.009402  484/1024 = 0.47265625
1927/5005  0.009206  481/1024 = 0.4697265625
1931/5005  0.009744  465/1024 = 0.4541015625
1935/5005  0.009971  433/1024 = 0.4228515625
1939/5005  0.009739  451/1024 = 0.4404296875
1943/5005  0.009892  451/1024 = 0.4404296875
1947/5005  0.010010  434/1024 = 0.423828125
1951/5005  0.010035  428/1024 = 0.41796875
1955/5005  0.009877  464/1024 = 0.453125
1959/5005  0.009555  481/1024 = 0.4697265625
1963/5005  0.009610  452/1024 = 0.44140625
1967/5005  0.009131  490/1024 = 0.478515625
1971/5005  0.009838  451/1024 = 0.4404296875
1975/5005  0.009809  469/1024 = 0.4580078125
1979/5005  0.009708  461/1024 = 0.4501953125
1983/5005  0.010056  444/1024 = 0.43359375
1987/5005  0.009363  469/1024 = 0.4580078125
1991/5005  0.009181  482/1024 = 0.470703125
1995/5005  0.009535  482/1024 = 0.470703125
1999/5005  0.009908  443/1024 = 0.4326171875
2003/5005  0.009710  450/1024 = 0.439453125
2007/5005  0.010035  448/1024 = 0.4375
2011/5005  0.010074  461/1024 = 0.4501953125
2015/5005  0.009834  442/1024 = 0.431640625
2019/5005  0.009923  455/1024 = 0.4443359375
2023/5005  0.009524  468/1024 = 0.45703125
2027/5005  0.009778  447/1024 = 0.4365234375
2031/5005  0.009661  471/1024 = 0.4599609375
2035/5005  0.009326  468/1024 = 0.45703125
2039/5005  0.009749  452/1024 = 0.44140625
2043/5005  0.009778  451/1024 = 0.4404296875
2047/5005  0.009678  454/1024 = 0.443359375
2051/5005  0.010115  439/1024 = 0.4287109375
2055/5005  0.009340  477/1024 = 0.4658203125
2059/5005  0.009667  466/1024 = 0.455078125
2063/5005  0.009507  470/1024 = 0.458984375
2067/5005  0.009968  425/1024 = 0.4150390625
2071/5005  0.009365  453/1024 = 0.4423828125
2075/5005  0.009911  442/1024 = 0.431640625
2079/5005  0.009756  454/1024 = 0.443359375
2083/5005  0.009864  458/1024 = 0.447265625
2087/5005  0.009618  451/1024 = 0.4404296875
2091/5005  0.010041  447/1024 = 0.4365234375
2095/5005  0.010126  449/1024 = 0.4384765625
2099/5005  0.009603  442/1024 = 0.431640625
2103/5005  0.009778  471/1024 = 0.4599609375
2107/5005  0.009527  480/1024 = 0.46875
2111/5005  0.009499  483/1024 = 0.4716796875
2115/5005  0.009763  446/1024 = 0.435546875
2119/5005  0.010169  449/1024 = 0.4384765625
2123/5005  0.009955  473/1024 = 0.4619140625
2127/5005  0.009570  453/1024 = 0.4423828125
2131/5005  0.009445  464/1024 = 0.453125
2135/5005  0.009252  468/1024 = 0.45703125
2139/5005  0.010434  439/1024 = 0.4287109375
2143/5005  0.009507  477/1024 = 0.4658203125
2147/5005  0.009368  474/1024 = 0.462890625
2151/5005  0.009890  438/1024 = 0.427734375
2155/5005  0.009395  459/1024 = 0.4482421875
2159/5005  0.009353  480/1024 = 0.46875
2163/5005  0.009544  472/1024 = 0.4609375
2167/5005  0.010274  439/1024 = 0.4287109375
2171/5005  0.009383  483/1024 = 0.4716796875
2175/5005  0.009748  446/1024 = 0.435546875
2179/5005  0.009632  459/1024 = 0.4482421875
2183/5005  0.009734  477/1024 = 0.4658203125
2187/5005  0.009683  486/1024 = 0.474609375
2191/5005  0.009499  466/1024 = 0.455078125
2195/5005  0.009419  488/1024 = 0.4765625
2199/5005  0.009848  451/1024 = 0.4404296875
2203/5005  0.009365  484/1024 = 0.47265625
2207/5005  0.009516  478/1024 = 0.466796875
2211/5005  0.010119  449/1024 = 0.4384765625
2215/5005  0.009976  445/1024 = 0.4345703125
2219/5005  0.010059  443/1024 = 0.4326171875
2223/5005  0.009478  484/1024 = 0.47265625
2227/5005  0.010166  460/1024 = 0.44921875
2231/5005  0.009844  468/1024 = 0.45703125
2235/5005  0.009255  478/1024 = 0.466796875
2239/5005  0.010034  431/1024 = 0.4208984375
2243/5005  0.009902  461/1024 = 0.4501953125
2247/5005  0.009123  502/1024 = 0.490234375
2251/5005  0.009708  472/1024 = 0.4609375
2255/5005  0.010106  436/1024 = 0.42578125
2259/5005  0.009268  479/1024 = 0.4677734375
2263/5005  0.009686  463/1024 = 0.4521484375
2267/5005  0.009364  464/1024 = 0.453125
2271/5005  0.010391  436/1024 = 0.42578125
2275/5005  0.009377  468/1024 = 0.45703125
2279/5005  0.009461  477/1024 = 0.4658203125
2283/5005  0.009649  477/1024 = 0.4658203125
2287/5005  0.009817  471/1024 = 0.4599609375
2291/5005  0.009751  452/1024 = 0.44140625
2295/5005  0.010046  445/1024 = 0.4345703125
2299/5005  0.010070  430/1024 = 0.419921875
2303/5005  0.009244  481/1024 = 0.4697265625
2307/5005  0.009589  485/1024 = 0.4736328125
2311/5005  0.009728  451/1024 = 0.4404296875
2315/5005  0.010147  434/1024 = 0.423828125
2319/5005  0.009905  456/1024 = 0.4453125
2323/5005  0.009652  468/1024 = 0.45703125
2327/5005  0.009409  476/1024 = 0.46484375
2331/5005  0.009519  466/1024 = 0.455078125
2335/5005  0.010294  420/1024 = 0.41015625
2339/5005  0.009484  454/1024 = 0.443359375
2343/5005  0.010029  453/1024 = 0.4423828125
2347/5005  0.010022  452/1024 = 0.44140625
2351/5005  0.009432  466/1024 = 0.455078125
2355/5005  0.009852  438/1024 = 0.427734375
2359/5005  0.009859  442/1024 = 0.431640625
2363/5005  0.009457  472/1024 = 0.4609375
2367/5005  0.009275  480/1024 = 0.46875
2371/5005  0.009556  489/1024 = 0.4775390625
2375/5005  0.009727  458/1024 = 0.447265625
2379/5005  0.009534  452/1024 = 0.44140625
2383/5005  0.009742  465/1024 = 0.4541015625
2387/5005  0.009504  462/1024 = 0.451171875
2391/5005  0.009630  456/1024 = 0.4453125
2395/5005  0.010012  453/1024 = 0.4423828125
2399/5005  0.009432  473/1024 = 0.4619140625
2403/5005  0.009612  476/1024 = 0.46484375
2407/5005  0.009838  447/1024 = 0.4365234375
2411/5005  0.009877  449/1024 = 0.4384765625
2415/5005  0.009752  481/1024 = 0.4697265625
2419/5005  0.010052  460/1024 = 0.44921875
2423/5005  0.009474  472/1024 = 0.4609375
2427/5005  0.010159  449/1024 = 0.4384765625
2431/5005  0.009734  452/1024 = 0.44140625
2435/5005  0.009225  461/1024 = 0.4501953125
2439/5005  0.009651  454/1024 = 0.443359375
2443/5005  0.009017  488/1024 = 0.4765625
2447/5005  0.009550  465/1024 = 0.4541015625
2451/5005  0.009555  465/1024 = 0.4541015625
2455/5005  0.009351  474/1024 = 0.462890625
2459/5005  0.009888  466/1024 = 0.455078125
2463/5005  0.010006  446/1024 = 0.435546875
2467/5005  0.009683  466/1024 = 0.455078125
2471/5005  0.010114  439/1024 = 0.4287109375
2475/5005  0.009840  468/1024 = 0.45703125
2479/5005  0.009698  459/1024 = 0.4482421875
2483/5005  0.009633  474/1024 = 0.462890625
2487/5005  0.009826  448/1024 = 0.4375
2491/5005  0.009662  470/1024 = 0.458984375
2495/5005  0.009601  475/1024 = 0.4638671875
2499/5005  0.009408  462/1024 = 0.451171875
2503/5005  0.009497  467/1024 = 0.4560546875
2507/5005  0.009785  454/1024 = 0.443359375
2511/5005  0.009623  460/1024 = 0.44921875
2515/5005  0.009403  474/1024 = 0.462890625
2519/5005  0.009843  449/1024 = 0.4384765625
2523/5005  0.009952  434/1024 = 0.423828125
2527/5005  0.008955  487/1024 = 0.4755859375
2531/5005  0.009800  446/1024 = 0.435546875
2535/5005  0.010351  450/1024 = 0.439453125
2539/5005  0.009529  473/1024 = 0.4619140625
2543/5005  0.009059  494/1024 = 0.482421875
2547/5005  0.009653  462/1024 = 0.451171875
2551/5005  0.009488  459/1024 = 0.4482421875
2555/5005  0.009748  442/1024 = 0.431640625
2559/5005  0.009987  445/1024 = 0.4345703125
2563/5005  0.009610  464/1024 = 0.453125
2567/5005  0.009579  470/1024 = 0.458984375
2571/5005  0.009350  463/1024 = 0.4521484375
2575/5005  0.009818  441/1024 = 0.4306640625
2579/5005  0.009859  463/1024 = 0.4521484375
2583/5005  0.009465  462/1024 = 0.451171875
2587/5005  0.009424  471/1024 = 0.4599609375
2591/5005  0.010038  452/1024 = 0.44140625
2595/5005  0.009660  437/1024 = 0.4267578125
2599/5005  0.009617  452/1024 = 0.44140625
2603/5005  0.009634  468/1024 = 0.45703125
2607/5005  0.010043  417/1024 = 0.4072265625
2611/5005  0.009404  479/1024 = 0.4677734375
2615/5005  0.009891  475/1024 = 0.4638671875
2619/5005  0.009522  449/1024 = 0.4384765625
2623/5005  0.009929  455/1024 = 0.4443359375
2627/5005  0.009839  445/1024 = 0.4345703125
2631/5005  0.009573  454/1024 = 0.443359375
2635/5005  0.009541  469/1024 = 0.4580078125
2639/5005  0.009786  468/1024 = 0.45703125
2643/5005  0.009909  437/1024 = 0.4267578125
2647/5005  0.009469  470/1024 = 0.458984375
2651/5005  0.009456  451/1024 = 0.4404296875
2655/5005  0.009878  461/1024 = 0.4501953125
2659/5005  0.009193  475/1024 = 0.4638671875
2663/5005  0.010060  438/1024 = 0.427734375
2667/5005  0.009697  460/1024 = 0.44921875
2671/5005  0.009258  466/1024 = 0.455078125
2675/5005  0.009857  455/1024 = 0.4443359375
2679/5005  0.009933  453/1024 = 0.4423828125
2683/5005  0.009393  473/1024 = 0.4619140625
2687/5005  0.010064  433/1024 = 0.4228515625
2691/5005  0.009954  438/1024 = 0.427734375
2695/5005  0.009676  463/1024 = 0.4521484375
2699/5005  0.009572  465/1024 = 0.4541015625
2703/5005  0.008935  497/1024 = 0.4853515625
2707/5005  0.009682  478/1024 = 0.466796875
2711/5005  0.008984  508/1024 = 0.49609375
2715/5005  0.009667  465/1024 = 0.4541015625
2719/5005  0.009475  473/1024 = 0.4619140625
2723/5005  0.009393  466/1024 = 0.455078125
2727/5005  0.009632  456/1024 = 0.4453125
2731/5005  0.009396  462/1024 = 0.451171875
2735/5005  0.009928  428/1024 = 0.41796875
2739/5005  0.009168  492/1024 = 0.48046875
2743/5005  0.009169  492/1024 = 0.48046875
2747/5005  0.009489  467/1024 = 0.4560546875
2751/5005  0.009134  473/1024 = 0.4619140625
2755/5005  0.009535  489/1024 = 0.4775390625
2759/5005  0.009553  445/1024 = 0.4345703125
2763/5005  0.009459  480/1024 = 0.46875
2767/5005  0.009871  458/1024 = 0.447265625
2771/5005  0.009374  446/1024 = 0.435546875
2775/5005  0.009560  467/1024 = 0.4560546875
2779/5005  0.009670  461/1024 = 0.4501953125
2783/5005  0.009149  486/1024 = 0.474609375
2787/5005  0.009419  482/1024 = 0.470703125
2791/5005  0.009692  465/1024 = 0.4541015625
2795/5005  0.009878  453/1024 = 0.4423828125
2799/5005  0.009532  465/1024 = 0.4541015625
2803/5005  0.009826  442/1024 = 0.431640625
2807/5005  0.010407  413/1024 = 0.4033203125
2811/5005  0.009809  459/1024 = 0.4482421875
2815/5005  0.009012  481/1024 = 0.4697265625
2819/5005  0.009961  459/1024 = 0.4482421875
2823/5005  0.009775  462/1024 = 0.451171875
2827/5005  0.009752  472/1024 = 0.4609375
2831/5005  0.009854  454/1024 = 0.443359375
2835/5005  0.009675  448/1024 = 0.4375
2839/5005  0.009609  471/1024 = 0.4599609375
2843/5005  0.010068  437/1024 = 0.4267578125
2847/5005  0.009496  481/1024 = 0.4697265625
2851/5005  0.009636  453/1024 = 0.4423828125
2855/5005  0.009518  471/1024 = 0.4599609375
2859/5005  0.010131  455/1024 = 0.4443359375
2863/5005  0.009364  463/1024 = 0.4521484375
2867/5005  0.009623  462/1024 = 0.451171875
2871/5005  0.009484  454/1024 = 0.443359375
2875/5005  0.009744  447/1024 = 0.4365234375
2879/5005  0.009870  446/1024 = 0.435546875
2883/5005  0.010008  446/1024 = 0.435546875
2887/5005  0.009606  462/1024 = 0.451171875
2891/5005  0.009808  459/1024 = 0.4482421875
2895/5005  0.010431  437/1024 = 0.4267578125
2899/5005  0.009712  465/1024 = 0.4541015625
2903/5005  0.009635  451/1024 = 0.4404296875
2907/5005  0.009260  484/1024 = 0.47265625
2911/5005  0.009606  468/1024 = 0.45703125
2915/5005  0.009163  488/1024 = 0.4765625
2919/5005  0.010004  456/1024 = 0.4453125
2923/5005  0.009618  461/1024 = 0.4501953125
2927/5005  0.010114  444/1024 = 0.43359375
2931/5005  0.009574  456/1024 = 0.4453125
2935/5005  0.009237  454/1024 = 0.443359375
2939/5005  0.009574  464/1024 = 0.453125
2943/5005  0.009355  497/1024 = 0.4853515625
2947/5005  0.009292  467/1024 = 0.4560546875
2951/5005  0.009435  472/1024 = 0.4609375
2955/5005  0.009768  462/1024 = 0.451171875
2959/5005  0.010059  450/1024 = 0.439453125
2963/5005  0.009518  461/1024 = 0.4501953125
2967/5005  0.009966  444/1024 = 0.43359375
2971/5005  0.010032  440/1024 = 0.4296875
2975/5005  0.009574  467/1024 = 0.4560546875
2979/5005  0.009718  473/1024 = 0.4619140625
2983/5005  0.009776  469/1024 = 0.4580078125
2987/5005  0.009579  459/1024 = 0.4482421875
2991/5005  0.009453  484/1024 = 0.47265625
2995/5005  0.009931  468/1024 = 0.45703125
2999/5005  0.009615  475/1024 = 0.4638671875
3003/5005  0.009263  493/1024 = 0.4814453125
3007/5005  0.009753  444/1024 = 0.43359375
3011/5005  0.009141  484/1024 = 0.47265625
3015/5005  0.009641  452/1024 = 0.44140625
3019/5005  0.009823  458/1024 = 0.447265625
3023/5005  0.009196  496/1024 = 0.484375
3027/5005  0.009348  461/1024 = 0.4501953125
3031/5005  0.009886  443/1024 = 0.4326171875
3035/5005  0.009508  469/1024 = 0.4580078125
3039/5005  0.009634  479/1024 = 0.4677734375
3043/5005  0.009605  462/1024 = 0.451171875
3047/5005  0.009258  481/1024 = 0.4697265625
3051/5005  0.010133  434/1024 = 0.423828125
3055/5005  0.009341  476/1024 = 0.46484375
3059/5005  0.009779  454/1024 = 0.443359375
3063/5005  0.010080  452/1024 = 0.44140625
3067/5005  0.009562  457/1024 = 0.4462890625
3071/5005  0.009401  466/1024 = 0.455078125
3075/5005  0.009584  459/1024 = 0.4482421875
3079/5005  0.009811  462/1024 = 0.451171875
3083/5005  0.009697  463/1024 = 0.4521484375
3087/5005  0.010004  445/1024 = 0.4345703125
3091/5005  0.009386  477/1024 = 0.4658203125
3095/5005  0.009551  479/1024 = 0.4677734375
3099/5005  0.009848  446/1024 = 0.435546875
3103/5005  0.009701  458/1024 = 0.447265625
3107/5005  0.009447  456/1024 = 0.4453125
3111/5005  0.009647  468/1024 = 0.45703125
3115/5005  0.009220  475/1024 = 0.4638671875
3119/5005  0.009477  463/1024 = 0.4521484375
3123/5005  0.010238  433/1024 = 0.4228515625
3127/5005  0.010009  449/1024 = 0.4384765625
3131/5005  0.009509  470/1024 = 0.458984375
3135/5005  0.009504  481/1024 = 0.4697265625
3139/5005  0.009657  446/1024 = 0.435546875
3143/5005  0.009602  458/1024 = 0.447265625
3147/5005  0.009612  453/1024 = 0.4423828125
3151/5005  0.009731  466/1024 = 0.455078125
3155/5005  0.009461  473/1024 = 0.4619140625
3159/5005  0.009641  441/1024 = 0.4306640625
3163/5005  0.009649  472/1024 = 0.4609375
3167/5005  0.009950  453/1024 = 0.4423828125
3171/5005  0.009938  450/1024 = 0.439453125
3175/5005  0.009213  481/1024 = 0.4697265625
3179/5005  0.009351  471/1024 = 0.4599609375
3183/5005  0.009763  456/1024 = 0.4453125
3187/5005  0.009997  457/1024 = 0.4462890625
3191/5005  0.009748  475/1024 = 0.4638671875
3195/5005  0.009570  456/1024 = 0.4453125
3199/5005  0.009325  473/1024 = 0.4619140625
3203/5005  0.010241  423/1024 = 0.4130859375
3207/5005  0.009773  456/1024 = 0.4453125
3211/5005  0.009579  462/1024 = 0.451171875
3215/5005  0.009842  459/1024 = 0.4482421875
3219/5005  0.009434  490/1024 = 0.478515625
3223/5005  0.009524  467/1024 = 0.4560546875
3227/5005  0.009351  464/1024 = 0.453125
3231/5005  0.009705  451/1024 = 0.4404296875
3235/5005  0.009777  472/1024 = 0.4609375
3239/5005  0.009353  472/1024 = 0.4609375
3243/5005  0.009344  469/1024 = 0.4580078125
3247/5005  0.009839  457/1024 = 0.4462890625
3251/5005  0.009985  463/1024 = 0.4521484375
3255/5005  0.009728  463/1024 = 0.4521484375
3259/5005  0.009626  465/1024 = 0.4541015625
3263/5005  0.010089  443/1024 = 0.4326171875
3267/5005  0.009308  488/1024 = 0.4765625
3271/5005  0.009610  449/1024 = 0.4384765625
3275/5005  0.009690  482/1024 = 0.470703125
3279/5005  0.009554  468/1024 = 0.45703125
3283/5005  0.009511  451/1024 = 0.4404296875
3287/5005  0.009962  462/1024 = 0.451171875
3291/5005  0.009638  459/1024 = 0.4482421875
3295/5005  0.009347  484/1024 = 0.47265625
3299/5005  0.009453  474/1024 = 0.462890625
3303/5005  0.009642  464/1024 = 0.453125
3307/5005  0.009574  482/1024 = 0.470703125
3311/5005  0.010079  454/1024 = 0.443359375
3315/5005  0.009532  461/1024 = 0.4501953125
3319/5005  0.009670  468/1024 = 0.45703125
3323/5005  0.009458  457/1024 = 0.4462890625
3327/5005  0.009594  469/1024 = 0.4580078125
3331/5005  0.009693  463/1024 = 0.4521484375
3335/5005  0.009352  479/1024 = 0.4677734375
3339/5005  0.009840  458/1024 = 0.447265625
3343/5005  0.009823  481/1024 = 0.4697265625
3347/5005  0.009947  454/1024 = 0.443359375
3351/5005  0.009820  434/1024 = 0.423828125
3355/5005  0.009704  450/1024 = 0.439453125
3359/5005  0.010088  467/1024 = 0.4560546875
3363/5005  0.009490  457/1024 = 0.4462890625
3367/5005  0.009872  454/1024 = 0.443359375
3371/5005  0.009420  479/1024 = 0.4677734375
3375/5005  0.010035  432/1024 = 0.421875
3379/5005  0.009944  452/1024 = 0.44140625
3383/5005  0.009767  455/1024 = 0.4443359375
3387/5005  0.009907  444/1024 = 0.43359375
3391/5005  0.009520  481/1024 = 0.4697265625
3395/5005  0.010130  438/1024 = 0.427734375
3399/5005  0.009355  466/1024 = 0.455078125
3403/5005  0.010225  453/1024 = 0.4423828125
3407/5005  0.009681  424/1024 = 0.4140625
3411/5005  0.009871  462/1024 = 0.451171875
3415/5005  0.009725  485/1024 = 0.4736328125
3419/5005  0.009405  491/1024 = 0.4794921875
3423/5005  0.009159  480/1024 = 0.46875
3427/5005  0.009985  456/1024 = 0.4453125
3431/5005  0.009608  453/1024 = 0.4423828125
3435/5005  0.009590  470/1024 = 0.458984375
3439/5005  0.009848  463/1024 = 0.4521484375
3443/5005  0.009091  473/1024 = 0.4619140625
3447/5005  0.009575  459/1024 = 0.4482421875
3451/5005  0.009269  465/1024 = 0.4541015625
3455/5005  0.009772  459/1024 = 0.4482421875
3459/5005  0.009896  454/1024 = 0.443359375
3463/5005  0.010081  445/1024 = 0.4345703125
3467/5005  0.009425  478/1024 = 0.466796875
3471/5005  0.009454  467/1024 = 0.4560546875
3475/5005  0.010044  434/1024 = 0.423828125
3479/5005  0.009813  455/1024 = 0.4443359375
3483/5005  0.009254  485/1024 = 0.4736328125
3487/5005  0.009834  459/1024 = 0.4482421875
3491/5005  0.010086  463/1024 = 0.4521484375
3495/5005  0.009529  462/1024 = 0.451171875
3499/5005  0.009942  428/1024 = 0.41796875
3503/5005  0.008845  493/1024 = 0.4814453125
3507/5005  0.009420  477/1024 = 0.4658203125
3511/5005  0.009522  484/1024 = 0.47265625
3515/5005  0.009574  468/1024 = 0.45703125
3519/5005  0.009348  460/1024 = 0.44921875
3523/5005  0.009954  442/1024 = 0.431640625
3527/5005  0.009306  464/1024 = 0.453125
3531/5005  0.009188  489/1024 = 0.4775390625
3535/5005  0.009658  479/1024 = 0.4677734375
3539/5005  0.009750  456/1024 = 0.4453125
3543/5005  0.009372  455/1024 = 0.4443359375
3547/5005  0.009821  460/1024 = 0.44921875
3551/5005  0.009826  473/1024 = 0.4619140625
3555/5005  0.009984  441/1024 = 0.4306640625
3559/5005  0.010095  451/1024 = 0.4404296875
3563/5005  0.009854  464/1024 = 0.453125
3567/5005  0.009850  442/1024 = 0.431640625
3571/5005  0.009703  465/1024 = 0.4541015625
3575/5005  0.009537  440/1024 = 0.4296875
3579/5005  0.009480  469/1024 = 0.4580078125
3583/5005  0.009439  462/1024 = 0.451171875
3587/5005  0.010116  459/1024 = 0.4482421875
3591/5005  0.009582  456/1024 = 0.4453125
3595/5005  0.009399  477/1024 = 0.4658203125
3599/5005  0.009932  453/1024 = 0.4423828125
3603/5005  0.009894  458/1024 = 0.447265625
3607/5005  0.009768  471/1024 = 0.4599609375
3611/5005  0.009228  487/1024 = 0.4755859375
3615/5005  0.009686  461/1024 = 0.4501953125
3619/5005  0.009857  444/1024 = 0.43359375
3623/5005  0.009715  467/1024 = 0.4560546875
3627/5005  0.009554  465/1024 = 0.4541015625
3631/5005  0.009909  449/1024 = 0.4384765625
3635/5005  0.009513  480/1024 = 0.46875
3639/5005  0.009559  469/1024 = 0.4580078125
3643/5005  0.009650  455/1024 = 0.4443359375
3647/5005  0.009009  495/1024 = 0.4833984375
3651/5005  0.009893  447/1024 = 0.4365234375
3655/5005  0.009661  457/1024 = 0.4462890625
3659/5005  0.009403  472/1024 = 0.4609375
3663/5005  0.009430  468/1024 = 0.45703125
3667/5005  0.009756  472/1024 = 0.4609375
3671/5005  0.009318  473/1024 = 0.4619140625
3675/5005  0.009940  457/1024 = 0.4462890625
3679/5005  0.009804  458/1024 = 0.447265625
3683/5005  0.009469  476/1024 = 0.46484375
3687/5005  0.009772  465/1024 = 0.4541015625
3691/5005  0.009368  470/1024 = 0.458984375
3695/5005  0.009715  452/1024 = 0.44140625
3699/5005  0.009548  459/1024 = 0.4482421875
3703/5005  0.009494  501/1024 = 0.4892578125
3707/5005  0.009669  462/1024 = 0.451171875
3711/5005  0.009710  456/1024 = 0.4453125
3715/5005  0.009640  462/1024 = 0.451171875
3719/5005  0.009454  467/1024 = 0.4560546875
3723/5005  0.009831  468/1024 = 0.45703125
3727/5005  0.009560  484/1024 = 0.47265625
3731/5005  0.010049  441/1024 = 0.4306640625
3735/5005  0.009638  456/1024 = 0.4453125
3739/5005  0.009616  449/1024 = 0.4384765625
3743/5005  0.010169  461/1024 = 0.4501953125
3747/5005  0.009648  445/1024 = 0.4345703125
3751/5005  0.009502  483/1024 = 0.4716796875
3755/5005  0.009575  457/1024 = 0.4462890625
3759/5005  0.008956  495/1024 = 0.4833984375
3763/5005  0.009200  485/1024 = 0.4736328125
3767/5005  0.009317  473/1024 = 0.4619140625
3771/5005  0.009133  478/1024 = 0.466796875
3775/5005  0.010144  445/1024 = 0.4345703125
3779/5005  0.009625  462/1024 = 0.451171875
3783/5005  0.009625  456/1024 = 0.4453125
3787/5005  0.009605  483/1024 = 0.4716796875
3791/5005  0.009395  485/1024 = 0.4736328125
3795/5005  0.009769  455/1024 = 0.4443359375
3799/5005  0.009124  489/1024 = 0.4775390625
3803/5005  0.009966  467/1024 = 0.4560546875
3807/5005  0.010003  455/1024 = 0.4443359375
3811/5005  0.009701  464/1024 = 0.453125
3815/5005  0.010071  451/1024 = 0.4404296875
3819/5005  0.009830  446/1024 = 0.435546875
3823/5005  0.009456  486/1024 = 0.474609375
3827/5005  0.009648  481/1024 = 0.4697265625
3831/5005  0.009736  436/1024 = 0.42578125
3835/5005  0.009449  449/1024 = 0.4384765625
3839/5005  0.009396  470/1024 = 0.458984375
3843/5005  0.009506  477/1024 = 0.4658203125
3847/5005  0.009741  447/1024 = 0.4365234375
3851/5005  0.009282  469/1024 = 0.4580078125
3855/5005  0.009605  459/1024 = 0.4482421875
3859/5005  0.009614  466/1024 = 0.455078125
3863/5005  0.009284  491/1024 = 0.4794921875
3867/5005  0.009418  467/1024 = 0.4560546875
3871/5005  0.009717  449/1024 = 0.4384765625
3875/5005  0.009646  472/1024 = 0.4609375
3879/5005  0.010152  456/1024 = 0.4453125
3883/5005  0.009392  504/1024 = 0.4921875
3887/5005  0.009503  474/1024 = 0.462890625
3891/5005  0.009992  472/1024 = 0.4609375
3895/5005  0.009559  452/1024 = 0.44140625
3899/5005  0.009644  471/1024 = 0.4599609375
3903/5005  0.009922  463/1024 = 0.4521484375
3907/5005  0.009425  458/1024 = 0.447265625
3911/5005  0.009829  458/1024 = 0.447265625
3915/5005  0.009864  481/1024 = 0.4697265625
3919/5005  0.009619  467/1024 = 0.4560546875
3923/5005  0.009589  468/1024 = 0.45703125
3927/5005  0.009394  482/1024 = 0.470703125
3931/5005  0.009090  482/1024 = 0.470703125
3935/5005  0.009590  497/1024 = 0.4853515625
3939/5005  0.009843  455/1024 = 0.4443359375
3943/5005  0.010085  462/1024 = 0.451171875
3947/5005  0.009567  476/1024 = 0.46484375
3951/5005  0.009540  449/1024 = 0.4384765625
3955/5005  0.009702  456/1024 = 0.4453125
3959/5005  0.009998  464/1024 = 0.453125
3963/5005  0.009934  455/1024 = 0.4443359375
3967/5005  0.010008  475/1024 = 0.4638671875
3971/5005  0.009929  470/1024 = 0.458984375
3975/5005  0.009381  458/1024 = 0.447265625
3979/5005  0.009495  460/1024 = 0.44921875
3983/5005  0.009460  469/1024 = 0.4580078125
3987/5005  0.009497  438/1024 = 0.427734375
3991/5005  0.009815  472/1024 = 0.4609375
3995/5005  0.009792  434/1024 = 0.423828125
3999/5005  0.009801  464/1024 = 0.453125
4003/5005  0.009647  471/1024 = 0.4599609375
4007/5005  0.009256  482/1024 = 0.470703125
4011/5005  0.009634  450/1024 = 0.439453125
4015/5005  0.009571  484/1024 = 0.47265625
4019/5005  0.009678  454/1024 = 0.443359375
4023/5005  0.009870  443/1024 = 0.4326171875
4027/5005  0.010150  456/1024 = 0.4453125
4031/5005  0.009782  463/1024 = 0.4521484375
4035/5005  0.009910  461/1024 = 0.4501953125
4039/5005  0.009958  456/1024 = 0.4453125
4043/5005  0.009771  459/1024 = 0.4482421875
4047/5005  0.008964  491/1024 = 0.4794921875
4051/5005  0.009706  464/1024 = 0.453125
4055/5005  0.009679  436/1024 = 0.42578125
4059/5005  0.009121  495/1024 = 0.4833984375
4063/5005  0.009701  469/1024 = 0.4580078125
4067/5005  0.009835  437/1024 = 0.4267578125
4071/5005  0.009819  449/1024 = 0.4384765625
4075/5005  0.009969  459/1024 = 0.4482421875
4079/5005  0.010246  437/1024 = 0.4267578125
4083/5005  0.010401  429/1024 = 0.4189453125
4087/5005  0.009986  457/1024 = 0.4462890625
4091/5005  0.009684  461/1024 = 0.4501953125
4095/5005  0.009548  468/1024 = 0.45703125
4099/5005  0.009689  465/1024 = 0.4541015625
4103/5005  0.009313  475/1024 = 0.4638671875
4107/5005  0.009362  461/1024 = 0.4501953125
4111/5005  0.009567  470/1024 = 0.458984375
4115/5005  0.009922  438/1024 = 0.427734375
4119/5005  0.009297  474/1024 = 0.462890625
4123/5005  0.010182  434/1024 = 0.423828125
4127/5005  0.009603  432/1024 = 0.421875
4131/5005  0.009672  483/1024 = 0.4716796875
4135/5005  0.009921  478/1024 = 0.466796875
4139/5005  0.009589  462/1024 = 0.451171875
4143/5005  0.010124  443/1024 = 0.4326171875
4147/5005  0.010041  469/1024 = 0.4580078125
4151/5005  0.009664  446/1024 = 0.435546875
4155/5005  0.009924  465/1024 = 0.4541015625
4159/5005  0.009682  459/1024 = 0.4482421875
4163/5005  0.010140  449/1024 = 0.4384765625
4167/5005  0.009537  474/1024 = 0.462890625
4171/5005  0.009520  469/1024 = 0.4580078125
4175/5005  0.009752  446/1024 = 0.435546875
4179/5005  0.009697  466/1024 = 0.455078125
4183/5005  0.009910  434/1024 = 0.423828125
4187/5005  0.009206  474/1024 = 0.462890625
4191/5005  0.009328  488/1024 = 0.4765625
4195/5005  0.009455  478/1024 = 0.466796875
4199/5005  0.009595  471/1024 = 0.4599609375
4203/5005  0.009646  447/1024 = 0.4365234375
4207/5005  0.009452  469/1024 = 0.4580078125
4211/5005  0.009648  460/1024 = 0.44921875
4215/5005  0.009793  462/1024 = 0.451171875
4219/5005  0.009534  466/1024 = 0.455078125
4223/5005  0.009612  446/1024 = 0.435546875
4227/5005  0.009511  476/1024 = 0.46484375
4231/5005  0.009429  453/1024 = 0.4423828125
4235/5005  0.009908  447/1024 = 0.4365234375
4239/5005  0.009791  436/1024 = 0.42578125
4243/5005  0.009628  468/1024 = 0.45703125
4247/5005  0.009929  443/1024 = 0.4326171875
4251/5005  0.010018  451/1024 = 0.4404296875
4255/5005  0.009686  471/1024 = 0.4599609375
4259/5005  0.009541  474/1024 = 0.462890625
4263/5005  0.009203  486/1024 = 0.474609375
4267/5005  0.009388  455/1024 = 0.4443359375
4271/5005  0.009636  464/1024 = 0.453125
4275/5005  0.010005  435/1024 = 0.4248046875
4279/5005  0.009726  462/1024 = 0.451171875
4283/5005  0.009695  461/1024 = 0.4501953125
4287/5005  0.009683  464/1024 = 0.453125
4291/5005  0.009315  465/1024 = 0.4541015625
4295/5005  0.009693  458/1024 = 0.447265625
4299/5005  0.009672  443/1024 = 0.4326171875
4303/5005  0.009127  483/1024 = 0.4716796875
4307/5005  0.009138  483/1024 = 0.4716796875
4311/5005  0.009758  482/1024 = 0.470703125
4315/5005  0.010175  408/1024 = 0.3984375
4319/5005  0.009761  458/1024 = 0.447265625
4323/5005  0.009298  492/1024 = 0.48046875
4327/5005  0.009162  475/1024 = 0.4638671875
4331/5005  0.009926  451/1024 = 0.4404296875
4335/5005  0.009542  481/1024 = 0.4697265625
4339/5005  0.009744  471/1024 = 0.4599609375
4343/5005  0.010311  429/1024 = 0.4189453125
4347/5005  0.009210  482/1024 = 0.470703125
4351/5005  0.009928  447/1024 = 0.4365234375
4355/5005  0.009201  488/1024 = 0.4765625
4359/5005  0.010054  453/1024 = 0.4423828125
4363/5005  0.009259  473/1024 = 0.4619140625
4367/5005  0.010022  448/1024 = 0.4375
4371/5005  0.009318  480/1024 = 0.46875
4375/5005  0.009250  481/1024 = 0.4697265625
4379/5005  0.009724  471/1024 = 0.4599609375
4383/5005  0.009423  456/1024 = 0.4453125
4387/5005  0.009309  475/1024 = 0.4638671875
4391/5005  0.009574  483/1024 = 0.4716796875
4395/5005  0.009545  466/1024 = 0.455078125
4399/5005  0.009599  455/1024 = 0.4443359375
4403/5005  0.009610  464/1024 = 0.453125
4407/5005  0.009580  466/1024 = 0.455078125
4411/5005  0.010217  447/1024 = 0.4365234375
4415/5005  0.009694  459/1024 = 0.4482421875
4419/5005  0.009209  471/1024 = 0.4599609375
4423/5005  0.009312  485/1024 = 0.4736328125
4427/5005  0.010042  466/1024 = 0.455078125
4431/5005  0.009716  469/1024 = 0.4580078125
4435/5005  0.009532  474/1024 = 0.462890625
4439/5005  0.009670  461/1024 = 0.4501953125
4443/5005  0.009269  483/1024 = 0.4716796875
4447/5005  0.009817  460/1024 = 0.44921875
4451/5005  0.009265  492/1024 = 0.48046875
4455/5005  0.009158  483/1024 = 0.4716796875
4459/5005  0.009613  481/1024 = 0.4697265625
4463/5005  0.009503  455/1024 = 0.4443359375
4467/5005  0.009716  455/1024 = 0.4443359375
4471/5005  0.009719  471/1024 = 0.4599609375
4475/5005  0.009464  484/1024 = 0.47265625
4479/5005  0.009947  461/1024 = 0.4501953125
4483/5005  0.009378  454/1024 = 0.443359375
4487/5005  0.009160  445/1024 = 0.4345703125
4491/5005  0.009914  455/1024 = 0.4443359375
4495/5005  0.010158  453/1024 = 0.4423828125
4499/5005  0.009981  471/1024 = 0.4599609375
4503/5005  0.009715  469/1024 = 0.4580078125
4507/5005  0.009219  476/1024 = 0.46484375
4511/5005  0.010015  452/1024 = 0.44140625
4515/5005  0.009528  459/1024 = 0.4482421875
4519/5005  0.009786  436/1024 = 0.42578125
4523/5005  0.009297  470/1024 = 0.458984375
4527/5005  0.009791  444/1024 = 0.43359375
4531/5005  0.009290  486/1024 = 0.474609375
4535/5005  0.009788  454/1024 = 0.443359375
4539/5005  0.009979  449/1024 = 0.4384765625
4543/5005  0.009667  489/1024 = 0.4775390625
4547/5005  0.009399  477/1024 = 0.4658203125
4551/5005  0.009628  460/1024 = 0.44921875
4555/5005  0.010101  441/1024 = 0.4306640625
4559/5005  0.009381  493/1024 = 0.4814453125
4563/5005  0.009888  421/1024 = 0.4111328125
4567/5005  0.009789  452/1024 = 0.44140625
4571/5005  0.009417  473/1024 = 0.4619140625
4575/5005  0.009157  484/1024 = 0.47265625
4579/5005  0.008976  476/1024 = 0.46484375
4583/5005  0.009894  450/1024 = 0.439453125
4587/5005  0.009513  462/1024 = 0.451171875
4591/5005  0.010054  460/1024 = 0.44921875
4595/5005  0.009639  459/1024 = 0.4482421875
4599/5005  0.009597  475/1024 = 0.4638671875
4603/5005  0.009932  447/1024 = 0.4365234375
4607/5005  0.009268  473/1024 = 0.4619140625
4611/5005  0.009541  473/1024 = 0.4619140625
4615/5005  0.009131  488/1024 = 0.4765625
4619/5005  0.008784  508/1024 = 0.49609375
4623/5005  0.009575  478/1024 = 0.466796875
4627/5005  0.009146  483/1024 = 0.4716796875
4631/5005  0.009396  463/1024 = 0.4521484375
4635/5005  0.009797  461/1024 = 0.4501953125
4639/5005  0.009881  451/1024 = 0.4404296875
4643/5005  0.009769  455/1024 = 0.4443359375
4647/5005  0.009357  453/1024 = 0.4423828125
4651/5005  0.010134  438/1024 = 0.427734375
4655/5005  0.009861  457/1024 = 0.4462890625
4659/5005  0.009538  468/1024 = 0.45703125
4663/5005  0.009583  463/1024 = 0.4521484375
4667/5005  0.009856  450/1024 = 0.439453125
4671/5005  0.010127  434/1024 = 0.423828125
4675/5005  0.009741  473/1024 = 0.4619140625
4679/5005  0.009679  459/1024 = 0.4482421875
4683/5005  0.009522  475/1024 = 0.4638671875
4687/5005  0.009677  451/1024 = 0.4404296875
4691/5005  0.009713  443/1024 = 0.4326171875
4695/5005  0.009778  449/1024 = 0.4384765625
4699/5005  0.009523  465/1024 = 0.4541015625
4703/5005  0.009661  469/1024 = 0.4580078125
4707/5005  0.009520  461/1024 = 0.4501953125
4711/5005  0.009836  475/1024 = 0.4638671875
4715/5005  0.009737  475/1024 = 0.4638671875
4719/5005  0.009872  452/1024 = 0.44140625
4723/5005  0.009991  457/1024 = 0.4462890625
4727/5005  0.009391  482/1024 = 0.470703125
4731/5005  0.009170  470/1024 = 0.458984375
4735/5005  0.009324  464/1024 = 0.453125
4739/5005  0.009663  475/1024 = 0.4638671875
4743/5005  0.009987  441/1024 = 0.4306640625
4747/5005  0.009474  478/1024 = 0.466796875
4751/5005  0.009227  478/1024 = 0.466796875
4755/5005  0.010255  457/1024 = 0.4462890625
4759/5005  0.009854  450/1024 = 0.439453125
4763/5005  0.009868  430/1024 = 0.419921875
4767/5005  0.009546  467/1024 = 0.4560546875
4771/5005  0.009437  466/1024 = 0.455078125
4775/5005  0.009716  449/1024 = 0.4384765625
4779/5005  0.009310  484/1024 = 0.47265625
4783/5005  0.009082  478/1024 = 0.466796875
4787/5005  0.009463  470/1024 = 0.458984375
4791/5005  0.009605  467/1024 = 0.4560546875
4795/5005  0.010448  449/1024 = 0.4384765625
4799/5005  0.009448  471/1024 = 0.4599609375
4803/5005  0.009446  453/1024 = 0.4423828125
4807/5005  0.009888  476/1024 = 0.46484375
4811/5005  0.010167  453/1024 = 0.4423828125
4815/5005  0.009837  470/1024 = 0.458984375
4819/5005  0.009535  485/1024 = 0.4736328125
4823/5005  0.009847  457/1024 = 0.4462890625
4827/5005  0.009842  461/1024 = 0.4501953125
4831/5005  0.009861  466/1024 = 0.455078125
4835/5005  0.009442  482/1024 = 0.470703125
4839/5005  0.009612  480/1024 = 0.46875
4843/5005  0.009714  476/1024 = 0.46484375
4847/5005  0.009557  472/1024 = 0.4609375
4851/5005  0.009667  452/1024 = 0.44140625
4855/5005  0.009069  479/1024 = 0.4677734375
4859/5005  0.009503  482/1024 = 0.470703125
4863/5005  0.009591  467/1024 = 0.4560546875
4867/5005  0.009836  447/1024 = 0.4365234375
4871/5005  0.009688  452/1024 = 0.44140625
4875/5005  0.009780  446/1024 = 0.435546875
4879/5005  0.010060  450/1024 = 0.439453125
4883/5005  0.009702  465/1024 = 0.4541015625
4887/5005  0.009501  457/1024 = 0.4462890625
4891/5005  0.009821  438/1024 = 0.427734375
4895/5005  0.009194  475/1024 = 0.4638671875
4899/5005  0.009541  460/1024 = 0.44921875
4903/5005  0.009542  462/1024 = 0.451171875
4907/5005  0.009198  490/1024 = 0.478515625
4911/5005  0.010019  447/1024 = 0.4365234375
4915/5005  0.009214  482/1024 = 0.470703125
4919/5005  0.009909  447/1024 = 0.4365234375
4923/5005  0.009205  486/1024 = 0.474609375
4927/5005  0.009304  462/1024 = 0.451171875
4931/5005  0.009924  459/1024 = 0.4482421875
4935/5005  0.009286  486/1024 = 0.474609375
4939/5005  0.010011  450/1024 = 0.439453125
4943/5005  0.009171  472/1024 = 0.4609375
4947/5005  0.009570  467/1024 = 0.4560546875
4951/5005  0.009471  448/1024 = 0.4375
4955/5005  0.009931  466/1024 = 0.455078125
4959/5005  0.009709  456/1024 = 0.4453125
4963/5005  0.009458  484/1024 = 0.47265625
4967/5005  0.009598  472/1024 = 0.4609375
4971/5005  0.009530  441/1024 = 0.4306640625
4975/5005  0.009326  479/1024 = 0.4677734375
4979/5005  0.009546  481/1024 = 0.4697265625
4983/5005  0.009844  462/1024 = 0.451171875
4987/5005  0.009329  471/1024 = 0.4599609375
4991/5005  0.009691  449/1024 = 0.4384765625
4995/5005  0.009712  464/1024 = 0.453125
4999/5005  0.009927  480/1024 = 0.46875
5003/5005  0.008743  512/1024 = 0.5
1:27:32.950917
# writing to data/ex20201226_trainVGG16_epoch010.pth
