VGG(
  (features): Sequential(
    (0): Conv2d(3, 64, kernel_size=(3, 3), stride=(1, 1), padding=(1, 1))
    (1): ReLU(inplace=True)
    (2): Conv2d(64, 64, kernel_size=(3, 3), stride=(1, 1), padding=(1, 1))
    (3): ReLU(inplace=True)
    (4): MaxPool2d(kernel_size=2, stride=2, padding=0, dilation=1, ceil_mode=False)
    (5): Conv2d(64, 128, kernel_size=(3, 3), stride=(1, 1), padding=(1, 1))
    (6): ReLU(inplace=True)
    (7): Conv2d(128, 128, kernel_size=(3, 3), stride=(1, 1), padding=(1, 1))
    (8): ReLU(inplace=True)
    (9): MaxPool2d(kernel_size=2, stride=2, padding=0, dilation=1, ceil_mode=False)
    (10): Conv2d(128, 256, kernel_size=(3, 3), stride=(1, 1), padding=(1, 1))
    (11): ReLU(inplace=True)
    (12): Conv2d(256, 256, kernel_size=(3, 3), stride=(1, 1), padding=(1, 1))
    (13): ReLU(inplace=True)
    (14): Conv2d(256, 256, kernel_size=(3, 3), stride=(1, 1), padding=(1, 1))
    (15): ReLU(inplace=True)
    (16): MaxPool2d(kernel_size=2, stride=2, padding=0, dilation=1, ceil_mode=False)
    (17): Conv2d(256, 512, kernel_size=(3, 3), stride=(1, 1), padding=(1, 1))
    (18): ReLU(inplace=True)
    (19): Conv2d(512, 512, kernel_size=(3, 3), stride=(1, 1), padding=(1, 1))
    (20): ReLU(inplace=True)
    (21): Conv2d(512, 512, kernel_size=(3, 3), stride=(1, 1), padding=(1, 1))
    (22): ReLU(inplace=True)
    (23): MaxPool2d(kernel_size=2, stride=2, padding=0, dilation=1, ceil_mode=False)
    (24): Conv2d(512, 512, kernel_size=(3, 3), stride=(1, 1), padding=(1, 1))
    (25): ReLU(inplace=True)
    (26): Conv2d(512, 512, kernel_size=(3, 3), stride=(1, 1), padding=(1, 1))
    (27): ReLU(inplace=True)
    (28): Conv2d(512, 512, kernel_size=(3, 3), stride=(1, 1), padding=(1, 1))
    (29): ReLU(inplace=True)
    (30): MaxPool2d(kernel_size=2, stride=2, padding=0, dilation=1, ceil_mode=False)
  )
  (avgpool): AdaptiveAvgPool2d(output_size=(7, 7))
  (classifier): Sequential(
    (0): Linear(in_features=25088, out_features=4096, bias=True)
    (1): ReLU(inplace=True)
    (2): Dropout(p=0.5, inplace=False)
    (3): Linear(in_features=4096, out_features=4096, bias=True)
    (4): ReLU(inplace=True)
    (5): Dropout(p=0.5, inplace=False)
    (6): Linear(in_features=4096, out_features=1000, bias=True)
  )
)
# using cuda
3/5005  0.020132  82/1024 = 0.080078125
7/5005  0.019935  86/1024 = 0.083984375
11/5005  0.019616  90/1024 = 0.087890625
15/5005  0.019177  96/1024 = 0.09375
19/5005  0.019355  84/1024 = 0.08203125
23/5005  0.019440  80/1024 = 0.078125
27/5005  0.019063  116/1024 = 0.11328125
31/5005  0.019253  87/1024 = 0.0849609375
35/5005  0.018814  102/1024 = 0.099609375
39/5005  0.019227  88/1024 = 0.0859375
43/5005  0.019158  101/1024 = 0.0986328125
47/5005  0.019396  98/1024 = 0.095703125
51/5005  0.018625  114/1024 = 0.111328125
55/5005  0.019209  107/1024 = 0.1044921875
59/5005  0.019336  98/1024 = 0.095703125
63/5005  0.019135  89/1024 = 0.0869140625
67/5005  0.019273  86/1024 = 0.083984375
71/5005  0.019075  93/1024 = 0.0908203125
75/5005  0.018980  98/1024 = 0.095703125
79/5005  0.018637  105/1024 = 0.1025390625
83/5005  0.019274  80/1024 = 0.078125
87/5005  0.019168  102/1024 = 0.099609375
91/5005  0.019244  83/1024 = 0.0810546875
95/5005  0.018706  103/1024 = 0.1005859375
99/5005  0.019276  77/1024 = 0.0751953125
103/5005  0.019266  98/1024 = 0.095703125
107/5005  0.018877  95/1024 = 0.0927734375
111/5005  0.018681  97/1024 = 0.0947265625
115/5005  0.018568  107/1024 = 0.1044921875
119/5005  0.019337  77/1024 = 0.0751953125
123/5005  0.018923  88/1024 = 0.0859375
127/5005  0.019333  91/1024 = 0.0888671875
131/5005  0.018691  100/1024 = 0.09765625
135/5005  0.018786  89/1024 = 0.0869140625
139/5005  0.019510  83/1024 = 0.0810546875
143/5005  0.018986  89/1024 = 0.0869140625
147/5005  0.018998  80/1024 = 0.078125
151/5005  0.018953  102/1024 = 0.099609375
155/5005  0.018515  86/1024 = 0.083984375
159/5005  0.018824  107/1024 = 0.1044921875
163/5005  0.018915  92/1024 = 0.08984375
167/5005  0.019127  110/1024 = 0.107421875
171/5005  0.018931  95/1024 = 0.0927734375
175/5005  0.019288  100/1024 = 0.09765625
179/5005  0.018532  108/1024 = 0.10546875
183/5005  0.019030  101/1024 = 0.0986328125
187/5005  0.018820  101/1024 = 0.0986328125
191/5005  0.019187  82/1024 = 0.080078125
195/5005  0.018558  97/1024 = 0.0947265625
199/5005  0.018713  104/1024 = 0.1015625
203/5005  0.019265  94/1024 = 0.091796875
207/5005  0.019075  98/1024 = 0.095703125
211/5005  0.019104  101/1024 = 0.0986328125
215/5005  0.019046  104/1024 = 0.1015625
219/5005  0.019184  98/1024 = 0.095703125
223/5005  0.018575  100/1024 = 0.09765625
227/5005  0.018661  115/1024 = 0.1123046875
231/5005  0.019190  95/1024 = 0.0927734375
235/5005  0.019175  95/1024 = 0.0927734375
239/5005  0.018779  112/1024 = 0.109375
243/5005  0.018277  114/1024 = 0.111328125
247/5005  0.018570  100/1024 = 0.09765625
251/5005  0.018587  114/1024 = 0.111328125
255/5005  0.019119  92/1024 = 0.08984375
259/5005  0.018911  93/1024 = 0.0908203125
263/5005  0.019201  101/1024 = 0.0986328125
267/5005  0.019185  97/1024 = 0.0947265625
271/5005  0.018909  112/1024 = 0.109375
275/5005  0.018939  89/1024 = 0.0869140625
279/5005  0.018888  89/1024 = 0.0869140625
283/5005  0.019064  96/1024 = 0.09375
287/5005  0.019005  108/1024 = 0.10546875
291/5005  0.019141  103/1024 = 0.1005859375
295/5005  0.018978  91/1024 = 0.0888671875
299/5005  0.018985  107/1024 = 0.1044921875
303/5005  0.018787  103/1024 = 0.1005859375
307/5005  0.018738  98/1024 = 0.095703125
311/5005  0.018953  95/1024 = 0.0927734375
315/5005  0.018496  108/1024 = 0.10546875
319/5005  0.019094  102/1024 = 0.099609375
323/5005  0.018957  112/1024 = 0.109375
327/5005  0.018905  94/1024 = 0.091796875
331/5005  0.018718  118/1024 = 0.115234375
335/5005  0.018833  93/1024 = 0.0908203125
339/5005  0.018748  116/1024 = 0.11328125
343/5005  0.018372  125/1024 = 0.1220703125
347/5005  0.018368  118/1024 = 0.115234375
351/5005  0.018966  102/1024 = 0.099609375
355/5005  0.018822  105/1024 = 0.1025390625
359/5005  0.018673  100/1024 = 0.09765625
363/5005  0.018795  97/1024 = 0.0947265625
367/5005  0.019014  106/1024 = 0.103515625
371/5005  0.018631  111/1024 = 0.1083984375
375/5005  0.019048  105/1024 = 0.1025390625
379/5005  0.018509  106/1024 = 0.103515625
383/5005  0.018471  109/1024 = 0.1064453125
387/5005  0.018737  109/1024 = 0.1064453125
391/5005  0.018445  106/1024 = 0.103515625
395/5005  0.018862  103/1024 = 0.1005859375
399/5005  0.019089  99/1024 = 0.0966796875
403/5005  0.018522  99/1024 = 0.0966796875
407/5005  0.018759  93/1024 = 0.0908203125
411/5005  0.018706  106/1024 = 0.103515625
415/5005  0.018934  88/1024 = 0.0859375
419/5005  0.018861  99/1024 = 0.0966796875
423/5005  0.018617  103/1024 = 0.1005859375
427/5005  0.018368  102/1024 = 0.099609375
431/5005  0.018765  112/1024 = 0.109375
435/5005  0.018634  100/1024 = 0.09765625
439/5005  0.018697  112/1024 = 0.109375
443/5005  0.019128  102/1024 = 0.099609375
447/5005  0.018651  100/1024 = 0.09765625
451/5005  0.018834  114/1024 = 0.111328125
455/5005  0.018860  115/1024 = 0.1123046875
459/5005  0.018735  108/1024 = 0.10546875
463/5005  0.018993  87/1024 = 0.0849609375
467/5005  0.019253  94/1024 = 0.091796875
471/5005  0.018672  117/1024 = 0.1142578125
475/5005  0.018598  117/1024 = 0.1142578125
479/5005  0.018738  108/1024 = 0.10546875
483/5005  0.018617  108/1024 = 0.10546875
487/5005  0.019155  108/1024 = 0.10546875
491/5005  0.018894  112/1024 = 0.109375
495/5005  0.018521  112/1024 = 0.109375
499/5005  0.018929  107/1024 = 0.1044921875
503/5005  0.018830  96/1024 = 0.09375
507/5005  0.018778  101/1024 = 0.0986328125
511/5005  0.018739  99/1024 = 0.0966796875
515/5005  0.018949  103/1024 = 0.1005859375
519/5005  0.018973  104/1024 = 0.1015625
523/5005  0.018939  85/1024 = 0.0830078125
527/5005  0.018285  97/1024 = 0.0947265625
531/5005  0.018468  120/1024 = 0.1171875
535/5005  0.018773  117/1024 = 0.1142578125
539/5005  0.018904  113/1024 = 0.1103515625
543/5005  0.018814  97/1024 = 0.0947265625
547/5005  0.018237  120/1024 = 0.1171875
551/5005  0.018088  119/1024 = 0.1162109375
555/5005  0.018822  89/1024 = 0.0869140625
559/5005  0.018586  106/1024 = 0.103515625
563/5005  0.018347  127/1024 = 0.1240234375
567/5005  0.018736  109/1024 = 0.1064453125
571/5005  0.018673  114/1024 = 0.111328125
575/5005  0.018575  100/1024 = 0.09765625
579/5005  0.018495  116/1024 = 0.11328125
583/5005  0.018459  120/1024 = 0.1171875
587/5005  0.018667  118/1024 = 0.115234375
591/5005  0.018906  102/1024 = 0.099609375
595/5005  0.018334  128/1024 = 0.125
599/5005  0.019107  108/1024 = 0.10546875
603/5005  0.018448  121/1024 = 0.1181640625
607/5005  0.018541  92/1024 = 0.08984375
611/5005  0.018468  120/1024 = 0.1171875
615/5005  0.018342  119/1024 = 0.1162109375
619/5005  0.018762  108/1024 = 0.10546875
623/5005  0.018739  119/1024 = 0.1162109375
627/5005  0.018421  106/1024 = 0.103515625
631/5005  0.018676  107/1024 = 0.1044921875
635/5005  0.018294  99/1024 = 0.0966796875
639/5005  0.018266  124/1024 = 0.12109375
643/5005  0.018307  115/1024 = 0.1123046875
647/5005  0.018210  126/1024 = 0.123046875
651/5005  0.018842  110/1024 = 0.107421875
655/5005  0.018151  107/1024 = 0.1044921875
659/5005  0.018577  111/1024 = 0.1083984375
663/5005  0.018881  116/1024 = 0.11328125
667/5005  0.018348  133/1024 = 0.1298828125
671/5005  0.018400  118/1024 = 0.115234375
675/5005  0.018544  111/1024 = 0.1083984375
679/5005  0.018340  109/1024 = 0.1064453125
683/5005  0.018419  102/1024 = 0.099609375
687/5005  0.018295  118/1024 = 0.115234375
691/5005  0.018844  95/1024 = 0.0927734375
695/5005  0.018468  113/1024 = 0.1103515625
699/5005  0.018331  118/1024 = 0.115234375
703/5005  0.018467  103/1024 = 0.1005859375
707/5005  0.018325  121/1024 = 0.1181640625
711/5005  0.018701  94/1024 = 0.091796875
715/5005  0.018655  110/1024 = 0.107421875
719/5005  0.018381  120/1024 = 0.1171875
723/5005  0.018633  116/1024 = 0.11328125
727/5005  0.018580  95/1024 = 0.0927734375
731/5005  0.018590  94/1024 = 0.091796875
735/5005  0.018706  96/1024 = 0.09375
739/5005  0.018181  123/1024 = 0.1201171875
743/5005  0.017938  122/1024 = 0.119140625
747/5005  0.017805  128/1024 = 0.125
751/5005  0.018498  124/1024 = 0.12109375
755/5005  0.018539  105/1024 = 0.1025390625
759/5005  0.018503  99/1024 = 0.0966796875
763/5005  0.018550  99/1024 = 0.0966796875
767/5005  0.018583  116/1024 = 0.11328125
771/5005  0.018231  109/1024 = 0.1064453125
775/5005  0.018451  97/1024 = 0.0947265625
779/5005  0.018513  112/1024 = 0.109375
783/5005  0.018543  107/1024 = 0.1044921875
787/5005  0.018528  117/1024 = 0.1142578125
791/5005  0.018365  120/1024 = 0.1171875
795/5005  0.018332  121/1024 = 0.1181640625
799/5005  0.018687  119/1024 = 0.1162109375
803/5005  0.018532  115/1024 = 0.1123046875
807/5005  0.017978  112/1024 = 0.109375
811/5005  0.018369  118/1024 = 0.115234375
815/5005  0.018883  99/1024 = 0.0966796875
819/5005  0.017941  135/1024 = 0.1318359375
823/5005  0.018439  124/1024 = 0.12109375
827/5005  0.018112  128/1024 = 0.125
831/5005  0.018287  122/1024 = 0.119140625
835/5005  0.018195  119/1024 = 0.1162109375
839/5005  0.018339  110/1024 = 0.107421875
843/5005  0.018574  97/1024 = 0.0947265625
847/5005  0.018220  108/1024 = 0.10546875
851/5005  0.018089  135/1024 = 0.1318359375
855/5005  0.018273  115/1024 = 0.1123046875
859/5005  0.018444  118/1024 = 0.115234375
863/5005  0.018424  107/1024 = 0.1044921875
867/5005  0.018404  105/1024 = 0.1025390625
871/5005  0.018137  122/1024 = 0.119140625
875/5005  0.018510  119/1024 = 0.1162109375
879/5005  0.018560  116/1024 = 0.11328125
883/5005  0.018347  124/1024 = 0.12109375
887/5005  0.018349  112/1024 = 0.109375
891/5005  0.017731  123/1024 = 0.1201171875
895/5005  0.018337  118/1024 = 0.115234375
899/5005  0.018936  109/1024 = 0.1064453125
903/5005  0.018133  118/1024 = 0.115234375
907/5005  0.018264  127/1024 = 0.1240234375
911/5005  0.018434  122/1024 = 0.119140625
915/5005  0.018592  109/1024 = 0.1064453125
919/5005  0.018222  107/1024 = 0.1044921875
923/5005  0.018088  124/1024 = 0.12109375
927/5005  0.018004  121/1024 = 0.1181640625
931/5005  0.018252  105/1024 = 0.1025390625
935/5005  0.018021  126/1024 = 0.123046875
939/5005  0.018597  111/1024 = 0.1083984375
943/5005  0.018092  130/1024 = 0.126953125
947/5005  0.018564  121/1024 = 0.1181640625
951/5005  0.018225  129/1024 = 0.1259765625
955/5005  0.018282  136/1024 = 0.1328125
959/5005  0.018569  100/1024 = 0.09765625
963/5005  0.017988  132/1024 = 0.12890625
967/5005  0.018783  125/1024 = 0.1220703125
971/5005  0.018576  125/1024 = 0.1220703125
975/5005  0.018054  134/1024 = 0.130859375
979/5005  0.018541  124/1024 = 0.12109375
983/5005  0.017960  121/1024 = 0.1181640625
987/5005  0.017574  151/1024 = 0.1474609375
991/5005  0.018234  116/1024 = 0.11328125
995/5005  0.018289  115/1024 = 0.1123046875
999/5005  0.018050  129/1024 = 0.1259765625
1003/5005  0.018292  124/1024 = 0.12109375
1007/5005  0.018434  108/1024 = 0.10546875
1011/5005  0.018798  111/1024 = 0.1083984375
1015/5005  0.018170  121/1024 = 0.1181640625
1019/5005  0.018543  99/1024 = 0.0966796875
1023/5005  0.018587  109/1024 = 0.1064453125
1027/5005  0.017945  126/1024 = 0.123046875
1031/5005  0.018395  108/1024 = 0.10546875
1035/5005  0.018483  117/1024 = 0.1142578125
1039/5005  0.017907  138/1024 = 0.134765625
1043/5005  0.018089  123/1024 = 0.1201171875
1047/5005  0.018070  130/1024 = 0.126953125
1051/5005  0.018578  109/1024 = 0.1064453125
1055/5005  0.018488  125/1024 = 0.1220703125
1059/5005  0.018449  115/1024 = 0.1123046875
1063/5005  0.018176  127/1024 = 0.1240234375
1067/5005  0.018255  113/1024 = 0.1103515625
1071/5005  0.018200  123/1024 = 0.1201171875
1075/5005  0.017709  147/1024 = 0.1435546875
1079/5005  0.017859  140/1024 = 0.13671875
1083/5005  0.018658  97/1024 = 0.0947265625
1087/5005  0.017986  117/1024 = 0.1142578125
1091/5005  0.017967  117/1024 = 0.1142578125
1095/5005  0.018108  112/1024 = 0.109375
1099/5005  0.018066  135/1024 = 0.1318359375
1103/5005  0.018490  117/1024 = 0.1142578125
1107/5005  0.018098  114/1024 = 0.111328125
1111/5005  0.018485  121/1024 = 0.1181640625
1115/5005  0.018414  122/1024 = 0.119140625
1119/5005  0.017902  119/1024 = 0.1162109375
1123/5005  0.018199  132/1024 = 0.12890625
1127/5005  0.018281  121/1024 = 0.1181640625
1131/5005  0.017961  122/1024 = 0.119140625
1135/5005  0.018457  104/1024 = 0.1015625
1139/5005  0.018563  109/1024 = 0.1064453125
1143/5005  0.018255  108/1024 = 0.10546875
1147/5005  0.018143  131/1024 = 0.1279296875
1151/5005  0.018625  116/1024 = 0.11328125
1155/5005  0.018141  114/1024 = 0.111328125
1159/5005  0.018179  109/1024 = 0.1064453125
1163/5005  0.018119  124/1024 = 0.12109375
1167/5005  0.018133  116/1024 = 0.11328125
1171/5005  0.017942  124/1024 = 0.12109375
1175/5005  0.017738  124/1024 = 0.12109375
1179/5005  0.017966  143/1024 = 0.1396484375
1183/5005  0.017865  140/1024 = 0.13671875
1187/5005  0.018132  125/1024 = 0.1220703125
1191/5005  0.017927  130/1024 = 0.126953125
1195/5005  0.018193  129/1024 = 0.1259765625
1199/5005  0.018498  107/1024 = 0.1044921875
1203/5005  0.018160  115/1024 = 0.1123046875
1207/5005  0.018192  131/1024 = 0.1279296875
1211/5005  0.017735  133/1024 = 0.1298828125
1215/5005  0.017889  117/1024 = 0.1142578125
1219/5005  0.018316  125/1024 = 0.1220703125
1223/5005  0.018282  114/1024 = 0.111328125
1227/5005  0.018335  133/1024 = 0.1298828125
1231/5005  0.017891  123/1024 = 0.1201171875
1235/5005  0.018356  105/1024 = 0.1025390625
1239/5005  0.018631  98/1024 = 0.095703125
1243/5005  0.018408  114/1024 = 0.111328125
1247/5005  0.017925  137/1024 = 0.1337890625
1251/5005  0.018012  137/1024 = 0.1337890625
1255/5005  0.017992  112/1024 = 0.109375
1259/5005  0.018438  105/1024 = 0.1025390625
1263/5005  0.017900  126/1024 = 0.123046875
1267/5005  0.018360  121/1024 = 0.1181640625
1271/5005  0.017759  148/1024 = 0.14453125
1275/5005  0.018109  134/1024 = 0.130859375
1279/5005  0.018111  124/1024 = 0.12109375
1283/5005  0.017875  145/1024 = 0.1416015625
1287/5005  0.018249  115/1024 = 0.1123046875
1291/5005  0.018188  125/1024 = 0.1220703125
1295/5005  0.018067  125/1024 = 0.1220703125
1299/5005  0.018651  120/1024 = 0.1171875
1303/5005  0.017601  110/1024 = 0.107421875
1307/5005  0.018472  112/1024 = 0.109375
1311/5005  0.018203  130/1024 = 0.126953125
1315/5005  0.018536  99/1024 = 0.0966796875
1319/5005  0.018268  114/1024 = 0.111328125
1323/5005  0.017638  131/1024 = 0.1279296875
1327/5005  0.018056  115/1024 = 0.1123046875
1331/5005  0.017766  133/1024 = 0.1298828125
1335/5005  0.018110  114/1024 = 0.111328125
1339/5005  0.017589  133/1024 = 0.1298828125
1343/5005  0.018079  123/1024 = 0.1201171875
1347/5005  0.018302  123/1024 = 0.1201171875
1351/5005  0.017694  136/1024 = 0.1328125
1355/5005  0.018084  126/1024 = 0.123046875
1359/5005  0.018124  108/1024 = 0.10546875
1363/5005  0.018327  116/1024 = 0.11328125
1367/5005  0.017815  135/1024 = 0.1318359375
1371/5005  0.018242  132/1024 = 0.12890625
1375/5005  0.017872  136/1024 = 0.1328125
1379/5005  0.018142  118/1024 = 0.115234375
1383/5005  0.018124  126/1024 = 0.123046875
1387/5005  0.017834  130/1024 = 0.126953125
1391/5005  0.018255  133/1024 = 0.1298828125
1395/5005  0.017935  127/1024 = 0.1240234375
1399/5005  0.017994  120/1024 = 0.1171875
1403/5005  0.018330  121/1024 = 0.1181640625
1407/5005  0.017942  140/1024 = 0.13671875
1411/5005  0.017905  120/1024 = 0.1171875
1415/5005  0.018109  117/1024 = 0.1142578125
1419/5005  0.017984  123/1024 = 0.1201171875
1423/5005  0.018064  135/1024 = 0.1318359375
1427/5005  0.018036  134/1024 = 0.130859375
1431/5005  0.017813  146/1024 = 0.142578125
1435/5005  0.018231  110/1024 = 0.107421875
1439/5005  0.017582  130/1024 = 0.126953125
1443/5005  0.018172  125/1024 = 0.1220703125
1447/5005  0.018127  98/1024 = 0.095703125
1451/5005  0.018169  118/1024 = 0.115234375
1455/5005  0.017749  126/1024 = 0.123046875
1459/5005  0.017856  126/1024 = 0.123046875
1463/5005  0.017772  137/1024 = 0.1337890625
1467/5005  0.017998  133/1024 = 0.1298828125
1471/5005  0.017496  134/1024 = 0.130859375
1475/5005  0.018143  121/1024 = 0.1181640625
1479/5005  0.018485  113/1024 = 0.1103515625
1483/5005  0.018097  131/1024 = 0.1279296875
1487/5005  0.018124  123/1024 = 0.1201171875
1491/5005  0.017569  138/1024 = 0.134765625
1495/5005  0.018073  131/1024 = 0.1279296875
1499/5005  0.017808  120/1024 = 0.1171875
1503/5005  0.017972  137/1024 = 0.1337890625
1507/5005  0.018076  117/1024 = 0.1142578125
1511/5005  0.017926  122/1024 = 0.119140625
1515/5005  0.018064  129/1024 = 0.1259765625
1519/5005  0.017772  141/1024 = 0.1376953125
1523/5005  0.017530  151/1024 = 0.1474609375
1527/5005  0.018123  115/1024 = 0.1123046875
1531/5005  0.017978  125/1024 = 0.1220703125
1535/5005  0.017874  112/1024 = 0.109375
1539/5005  0.017845  125/1024 = 0.1220703125
1543/5005  0.018086  127/1024 = 0.1240234375
1547/5005  0.017878  139/1024 = 0.1357421875
1551/5005  0.017848  133/1024 = 0.1298828125
1555/5005  0.017654  137/1024 = 0.1337890625
1559/5005  0.017440  139/1024 = 0.1357421875
1563/5005  0.017984  138/1024 = 0.134765625
1567/5005  0.018130  134/1024 = 0.130859375
1571/5005  0.017769  132/1024 = 0.12890625
1575/5005  0.018025  126/1024 = 0.123046875
1579/5005  0.017915  153/1024 = 0.1494140625
1583/5005  0.017988  123/1024 = 0.1201171875
1587/5005  0.018288  128/1024 = 0.125
1591/5005  0.017870  143/1024 = 0.1396484375
1595/5005  0.018077  122/1024 = 0.119140625
1599/5005  0.017586  152/1024 = 0.1484375
1603/5005  0.017726  141/1024 = 0.1376953125
1607/5005  0.017965  125/1024 = 0.1220703125
1611/5005  0.017693  139/1024 = 0.1357421875
1615/5005  0.017915  130/1024 = 0.126953125
1619/5005  0.018030  142/1024 = 0.138671875
1623/5005  0.018215  121/1024 = 0.1181640625
1627/5005  0.017413  141/1024 = 0.1376953125
1631/5005  0.017837  124/1024 = 0.12109375
1635/5005  0.017338  148/1024 = 0.14453125
1639/5005  0.018007  125/1024 = 0.1220703125
1643/5005  0.017954  137/1024 = 0.1337890625
1647/5005  0.017743  135/1024 = 0.1318359375
1651/5005  0.017786  135/1024 = 0.1318359375
1655/5005  0.017604  148/1024 = 0.14453125
1659/5005  0.017726  125/1024 = 0.1220703125
1663/5005  0.017619  132/1024 = 0.12890625
1667/5005  0.018385  111/1024 = 0.1083984375
1671/5005  0.018054  144/1024 = 0.140625
1675/5005  0.017928  134/1024 = 0.130859375
1679/5005  0.018182  123/1024 = 0.1201171875
1683/5005  0.017875  138/1024 = 0.134765625
1687/5005  0.017826  143/1024 = 0.1396484375
1691/5005  0.017515  132/1024 = 0.12890625
1695/5005  0.017905  134/1024 = 0.130859375
1699/5005  0.017742  137/1024 = 0.1337890625
1703/5005  0.017406  141/1024 = 0.1376953125
1707/5005  0.017453  147/1024 = 0.1435546875
1711/5005  0.017759  126/1024 = 0.123046875
1715/5005  0.017776  143/1024 = 0.1396484375
1719/5005  0.017727  147/1024 = 0.1435546875
1723/5005  0.017470  134/1024 = 0.130859375
1727/5005  0.017866  116/1024 = 0.11328125
1731/5005  0.017721  141/1024 = 0.1376953125
1735/5005  0.017791  136/1024 = 0.1328125
1739/5005  0.017832  137/1024 = 0.1337890625
1743/5005  0.018064  132/1024 = 0.12890625
1747/5005  0.017513  149/1024 = 0.1455078125
1751/5005  0.017978  130/1024 = 0.126953125
1755/5005  0.017697  137/1024 = 0.1337890625
1759/5005  0.017889  123/1024 = 0.1201171875
1763/5005  0.017650  132/1024 = 0.12890625
1767/5005  0.018003  124/1024 = 0.12109375
1771/5005  0.017625  145/1024 = 0.1416015625
1775/5005  0.017706  132/1024 = 0.12890625
1779/5005  0.017711  133/1024 = 0.1298828125
1783/5005  0.017779  137/1024 = 0.1337890625
1787/5005  0.017792  139/1024 = 0.1357421875
1791/5005  0.017743  131/1024 = 0.1279296875
1795/5005  0.018045  117/1024 = 0.1142578125
1799/5005  0.017950  130/1024 = 0.126953125
1803/5005  0.017737  138/1024 = 0.134765625
1807/5005  0.017945  143/1024 = 0.1396484375
1811/5005  0.017693  134/1024 = 0.130859375
1815/5005  0.017741  146/1024 = 0.142578125
1819/5005  0.018018  126/1024 = 0.123046875
1823/5005  0.018097  138/1024 = 0.134765625
1827/5005  0.017298  150/1024 = 0.146484375
1831/5005  0.017499  127/1024 = 0.1240234375
1835/5005  0.017420  155/1024 = 0.1513671875
1839/5005  0.017609  139/1024 = 0.1357421875
1843/5005  0.017993  130/1024 = 0.126953125
1847/5005  0.017741  133/1024 = 0.1298828125
1851/5005  0.017678  147/1024 = 0.1435546875
1855/5005  0.017312  145/1024 = 0.1416015625
1859/5005  0.017683  133/1024 = 0.1298828125
1863/5005  0.017862  125/1024 = 0.1220703125
1867/5005  0.018207  127/1024 = 0.1240234375
1871/5005  0.017911  111/1024 = 0.1083984375
1875/5005  0.017476  152/1024 = 0.1484375
1879/5005  0.017715  137/1024 = 0.1337890625
1883/5005  0.017764  143/1024 = 0.1396484375
1887/5005  0.017864  135/1024 = 0.1318359375
1891/5005  0.017474  148/1024 = 0.14453125
1895/5005  0.017563  155/1024 = 0.1513671875
1899/5005  0.017804  136/1024 = 0.1328125
1903/5005  0.017783  128/1024 = 0.125
1907/5005  0.018112  115/1024 = 0.1123046875
1911/5005  0.018112  120/1024 = 0.1171875
1915/5005  0.017714  121/1024 = 0.1181640625
1919/5005  0.017902  137/1024 = 0.1337890625
1923/5005  0.017194  158/1024 = 0.154296875
1927/5005  0.017844  131/1024 = 0.1279296875
1931/5005  0.017493  136/1024 = 0.1328125
1935/5005  0.017624  147/1024 = 0.1435546875
1939/5005  0.017483  143/1024 = 0.1396484375
1943/5005  0.018187  124/1024 = 0.12109375
1947/5005  0.017197  157/1024 = 0.1533203125
1951/5005  0.017670  135/1024 = 0.1318359375
1955/5005  0.017775  128/1024 = 0.125
1959/5005  0.017723  147/1024 = 0.1435546875
1963/5005  0.017777  132/1024 = 0.12890625
1967/5005  0.017788  121/1024 = 0.1181640625
1971/5005  0.017297  144/1024 = 0.140625
1975/5005  0.017587  146/1024 = 0.142578125
1979/5005  0.018212  124/1024 = 0.12109375
1983/5005  0.017678  140/1024 = 0.13671875
1987/5005  0.017956  151/1024 = 0.1474609375
1991/5005  0.017885  131/1024 = 0.1279296875
1995/5005  0.017486  146/1024 = 0.142578125
1999/5005  0.017410  142/1024 = 0.138671875
2003/5005  0.017297  172/1024 = 0.16796875
2007/5005  0.018094  119/1024 = 0.1162109375
2011/5005  0.017403  127/1024 = 0.1240234375
2015/5005  0.017901  154/1024 = 0.150390625
2019/5005  0.017189  139/1024 = 0.1357421875
2023/5005  0.017543  138/1024 = 0.134765625
2027/5005  0.017692  130/1024 = 0.126953125
2031/5005  0.017967  143/1024 = 0.1396484375
2035/5005  0.017757  129/1024 = 0.1259765625
2039/5005  0.017523  137/1024 = 0.1337890625
2043/5005  0.017409  132/1024 = 0.12890625
2047/5005  0.017798  138/1024 = 0.134765625
2051/5005  0.018279  107/1024 = 0.1044921875
2055/5005  0.018032  119/1024 = 0.1162109375
2059/5005  0.017804  125/1024 = 0.1220703125
2063/5005  0.017911  135/1024 = 0.1318359375
2067/5005  0.017830  126/1024 = 0.123046875
2071/5005  0.017257  143/1024 = 0.1396484375
2075/5005  0.017604  135/1024 = 0.1318359375
2079/5005  0.017750  149/1024 = 0.1455078125
2083/5005  0.017452  138/1024 = 0.134765625
2087/5005  0.017588  147/1024 = 0.1435546875
2091/5005  0.017477  136/1024 = 0.1328125
2095/5005  0.017161  144/1024 = 0.140625
2099/5005  0.017448  140/1024 = 0.13671875
2103/5005  0.017470  132/1024 = 0.12890625
2107/5005  0.017194  135/1024 = 0.1318359375
2111/5005  0.017540  126/1024 = 0.123046875
2115/5005  0.017555  151/1024 = 0.1474609375
2119/5005  0.018152  128/1024 = 0.125
2123/5005  0.017304  152/1024 = 0.1484375
2127/5005  0.017795  127/1024 = 0.1240234375
2131/5005  0.017530  143/1024 = 0.1396484375
2135/5005  0.017342  158/1024 = 0.154296875
2139/5005  0.017002  152/1024 = 0.1484375
2143/5005  0.017581  150/1024 = 0.146484375
2147/5005  0.017676  148/1024 = 0.14453125
2151/5005  0.017347  152/1024 = 0.1484375
2155/5005  0.017757  144/1024 = 0.140625
2159/5005  0.017756  123/1024 = 0.1201171875
2163/5005  0.017253  151/1024 = 0.1474609375
2167/5005  0.017304  165/1024 = 0.1611328125
2171/5005  0.018063  130/1024 = 0.126953125
2175/5005  0.017630  150/1024 = 0.146484375
2179/5005  0.017522  149/1024 = 0.1455078125
2183/5005  0.017530  157/1024 = 0.1533203125
2187/5005  0.017276  134/1024 = 0.130859375
2191/5005  0.017939  127/1024 = 0.1240234375
2195/5005  0.017246  145/1024 = 0.1416015625
2199/5005  0.017842  152/1024 = 0.1484375
2203/5005  0.017484  162/1024 = 0.158203125
2207/5005  0.017853  132/1024 = 0.12890625
2211/5005  0.017531  125/1024 = 0.1220703125
2215/5005  0.017341  135/1024 = 0.1318359375
2219/5005  0.017373  135/1024 = 0.1318359375
2223/5005  0.017236  154/1024 = 0.150390625
2227/5005  0.017753  153/1024 = 0.1494140625
2231/5005  0.017099  152/1024 = 0.1484375
2235/5005  0.017384  150/1024 = 0.146484375
2239/5005  0.017537  137/1024 = 0.1337890625
2243/5005  0.017228  135/1024 = 0.1318359375
2247/5005  0.017202  154/1024 = 0.150390625
2251/5005  0.017370  138/1024 = 0.134765625
2255/5005  0.016871  173/1024 = 0.1689453125
2259/5005  0.017415  172/1024 = 0.16796875
2263/5005  0.016943  153/1024 = 0.1494140625
2267/5005  0.017176  140/1024 = 0.13671875
2271/5005  0.017320  144/1024 = 0.140625
2275/5005  0.017697  140/1024 = 0.13671875
2279/5005  0.017350  132/1024 = 0.12890625
2283/5005  0.017507  143/1024 = 0.1396484375
2287/5005  0.017635  135/1024 = 0.1318359375
2291/5005  0.017514  127/1024 = 0.1240234375
2295/5005  0.017292  139/1024 = 0.1357421875
2299/5005  0.017732  131/1024 = 0.1279296875
2303/5005  0.017177  155/1024 = 0.1513671875
2307/5005  0.017550  148/1024 = 0.14453125
2311/5005  0.017604  162/1024 = 0.158203125
2315/5005  0.017327  155/1024 = 0.1513671875
2319/5005  0.016754  162/1024 = 0.158203125
2323/5005  0.017411  135/1024 = 0.1318359375
2327/5005  0.017237  144/1024 = 0.140625
2331/5005  0.017834  116/1024 = 0.11328125
2335/5005  0.017394  138/1024 = 0.134765625
2339/5005  0.017379  150/1024 = 0.146484375
2343/5005  0.017774  150/1024 = 0.146484375
2347/5005  0.017630  120/1024 = 0.1171875
2351/5005  0.017820  131/1024 = 0.1279296875
2355/5005  0.017373  158/1024 = 0.154296875
2359/5005  0.017268  151/1024 = 0.1474609375
2363/5005  0.017817  134/1024 = 0.130859375
2367/5005  0.017038  149/1024 = 0.1455078125
2371/5005  0.017091  164/1024 = 0.16015625
2375/5005  0.017246  154/1024 = 0.150390625
2379/5005  0.016866  160/1024 = 0.15625
2383/5005  0.017525  139/1024 = 0.1357421875
2387/5005  0.016971  147/1024 = 0.1435546875
2391/5005  0.017371  148/1024 = 0.14453125
2395/5005  0.017170  157/1024 = 0.1533203125
2399/5005  0.017147  148/1024 = 0.14453125
2403/5005  0.017261  142/1024 = 0.138671875
2407/5005  0.017266  141/1024 = 0.1376953125
2411/5005  0.017370  146/1024 = 0.142578125
2415/5005  0.017486  146/1024 = 0.142578125
2419/5005  0.017321  167/1024 = 0.1630859375
2423/5005  0.017459  160/1024 = 0.15625
2427/5005  0.017506  148/1024 = 0.14453125
2431/5005  0.018030  138/1024 = 0.134765625
2435/5005  0.017640  154/1024 = 0.150390625
2439/5005  0.017287  145/1024 = 0.1416015625
2443/5005  0.017397  145/1024 = 0.1416015625
2447/5005  0.016755  160/1024 = 0.15625
2451/5005  0.017227  148/1024 = 0.14453125
2455/5005  0.017292  146/1024 = 0.142578125
2459/5005  0.017482  157/1024 = 0.1533203125
2463/5005  0.017287  143/1024 = 0.1396484375
2467/5005  0.017168  148/1024 = 0.14453125
2471/5005  0.016782  154/1024 = 0.150390625
2475/5005  0.016935  149/1024 = 0.1455078125
2479/5005  0.017653  141/1024 = 0.1376953125
2483/5005  0.016751  163/1024 = 0.1591796875
2487/5005  0.017067  154/1024 = 0.150390625
2491/5005  0.016849  163/1024 = 0.1591796875
2495/5005  0.017186  157/1024 = 0.1533203125
2499/5005  0.017288  154/1024 = 0.150390625
2503/5005  0.017414  147/1024 = 0.1435546875
2507/5005  0.017789  131/1024 = 0.1279296875
2511/5005  0.017148  127/1024 = 0.1240234375
2515/5005  0.017378  149/1024 = 0.1455078125
2519/5005  0.017344  162/1024 = 0.158203125
2523/5005  0.017310  142/1024 = 0.138671875
2527/5005  0.017625  144/1024 = 0.140625
2531/5005  0.016864  155/1024 = 0.1513671875
2535/5005  0.017414  148/1024 = 0.14453125
2539/5005  0.017009  150/1024 = 0.146484375
2543/5005  0.017467  142/1024 = 0.138671875
2547/5005  0.017259  155/1024 = 0.1513671875
2551/5005  0.017830  136/1024 = 0.1328125
2555/5005  0.017229  151/1024 = 0.1474609375
2559/5005  0.017299  160/1024 = 0.15625
2563/5005  0.016886  133/1024 = 0.1298828125
2567/5005  0.017453  141/1024 = 0.1376953125
2571/5005  0.017509  130/1024 = 0.126953125
2575/5005  0.017393  152/1024 = 0.1484375
2579/5005  0.016592  181/1024 = 0.1767578125
2583/5005  0.017171  146/1024 = 0.142578125
2587/5005  0.016832  170/1024 = 0.166015625
2591/5005  0.017446  124/1024 = 0.12109375
2595/5005  0.017038  155/1024 = 0.1513671875
2599/5005  0.017464  161/1024 = 0.1572265625
2603/5005  0.017046  165/1024 = 0.1611328125
2607/5005  0.016963  150/1024 = 0.146484375
2611/5005  0.017218  147/1024 = 0.1435546875
2615/5005  0.017090  171/1024 = 0.1669921875
2619/5005  0.017015  135/1024 = 0.1318359375
2623/5005  0.016980  162/1024 = 0.158203125
2627/5005  0.017145  161/1024 = 0.1572265625
2631/5005  0.017340  164/1024 = 0.16015625
2635/5005  0.017293  145/1024 = 0.1416015625
2639/5005  0.016764  177/1024 = 0.1728515625
2643/5005  0.016862  172/1024 = 0.16796875
2647/5005  0.017375  153/1024 = 0.1494140625
2651/5005  0.017567  120/1024 = 0.1171875
2655/5005  0.016630  160/1024 = 0.15625
2659/5005  0.017276  165/1024 = 0.1611328125
2663/5005  0.016595  153/1024 = 0.1494140625
2667/5005  0.016660  170/1024 = 0.166015625
2671/5005  0.017395  152/1024 = 0.1484375
2675/5005  0.017536  155/1024 = 0.1513671875
2679/5005  0.017083  153/1024 = 0.1494140625
2683/5005  0.018047  124/1024 = 0.12109375
2687/5005  0.017133  148/1024 = 0.14453125
2691/5005  0.017192  148/1024 = 0.14453125
2695/5005  0.016634  173/1024 = 0.1689453125
2699/5005  0.017852  139/1024 = 0.1357421875
2703/5005  0.016638  141/1024 = 0.1376953125
2707/5005  0.017042  163/1024 = 0.1591796875
2711/5005  0.016925  169/1024 = 0.1650390625
2715/5005  0.017234  150/1024 = 0.146484375
2719/5005  0.017175  149/1024 = 0.1455078125
2723/5005  0.017220  138/1024 = 0.134765625
2727/5005  0.016782  152/1024 = 0.1484375
2731/5005  0.017013  170/1024 = 0.166015625
2735/5005  0.017095  154/1024 = 0.150390625
2739/5005  0.016802  171/1024 = 0.1669921875
2743/5005  0.017012  169/1024 = 0.1650390625
2747/5005  0.017075  148/1024 = 0.14453125
2751/5005  0.017488  168/1024 = 0.1640625
2755/5005  0.017162  162/1024 = 0.158203125
2759/5005  0.017417  134/1024 = 0.130859375
2763/5005  0.016868  151/1024 = 0.1474609375
2767/5005  0.017601  140/1024 = 0.13671875
2771/5005  0.016674  182/1024 = 0.177734375
2775/5005  0.017284  162/1024 = 0.158203125
2779/5005  0.017517  139/1024 = 0.1357421875
2783/5005  0.017083  160/1024 = 0.15625
2787/5005  0.017155  143/1024 = 0.1396484375
2791/5005  0.017174  135/1024 = 0.1318359375
2795/5005  0.016855  157/1024 = 0.1533203125
2799/5005  0.017020  164/1024 = 0.16015625
2803/5005  0.017031  158/1024 = 0.154296875
2807/5005  0.017190  164/1024 = 0.16015625
2811/5005  0.017065  166/1024 = 0.162109375
2815/5005  0.016763  168/1024 = 0.1640625
2819/5005  0.017242  146/1024 = 0.142578125
2823/5005  0.016707  158/1024 = 0.154296875
2827/5005  0.016654  171/1024 = 0.1669921875
2831/5005  0.016855  168/1024 = 0.1640625
2835/5005  0.017119  146/1024 = 0.142578125
2839/5005  0.017022  157/1024 = 0.1533203125
2843/5005  0.017484  143/1024 = 0.1396484375
2847/5005  0.017234  140/1024 = 0.13671875
2851/5005  0.017200  155/1024 = 0.1513671875
2855/5005  0.017093  155/1024 = 0.1513671875
2859/5005  0.016864  155/1024 = 0.1513671875
2863/5005  0.016771  171/1024 = 0.1669921875
2867/5005  0.017199  170/1024 = 0.166015625
2871/5005  0.017178  158/1024 = 0.154296875
2875/5005  0.017129  155/1024 = 0.1513671875
2879/5005  0.016951  142/1024 = 0.138671875
2883/5005  0.017108  159/1024 = 0.1552734375
2887/5005  0.017369  137/1024 = 0.1337890625
2891/5005  0.016867  167/1024 = 0.1630859375
2895/5005  0.017148  153/1024 = 0.1494140625
2899/5005  0.016885  158/1024 = 0.154296875
2903/5005  0.017090  169/1024 = 0.1650390625
2907/5005  0.017128  147/1024 = 0.1435546875
2911/5005  0.016680  160/1024 = 0.15625
2915/5005  0.017256  153/1024 = 0.1494140625
2919/5005  0.017286  143/1024 = 0.1396484375
2923/5005  0.017691  141/1024 = 0.1376953125
2927/5005  0.017213  147/1024 = 0.1435546875
2931/5005  0.016859  156/1024 = 0.15234375
2935/5005  0.017180  164/1024 = 0.16015625
2939/5005  0.017477  154/1024 = 0.150390625
2943/5005  0.016950  162/1024 = 0.158203125
2947/5005  0.017485  151/1024 = 0.1474609375
2951/5005  0.017197  133/1024 = 0.1298828125
2955/5005  0.017218  149/1024 = 0.1455078125
2959/5005  0.016999  167/1024 = 0.1630859375
2963/5005  0.017059  155/1024 = 0.1513671875
2967/5005  0.017120  149/1024 = 0.1455078125
2971/5005  0.017181  161/1024 = 0.1572265625
2975/5005  0.017247  150/1024 = 0.146484375
2979/5005  0.017194  158/1024 = 0.154296875
2983/5005  0.016833  162/1024 = 0.158203125
2987/5005  0.017080  158/1024 = 0.154296875
2991/5005  0.016615  174/1024 = 0.169921875
2995/5005  0.016475  183/1024 = 0.1787109375
2999/5005  0.016827  159/1024 = 0.1552734375
3003/5005  0.017001  162/1024 = 0.158203125
3007/5005  0.016954  147/1024 = 0.1435546875
3011/5005  0.016951  162/1024 = 0.158203125
3015/5005  0.016719  169/1024 = 0.1650390625
3019/5005  0.017576  136/1024 = 0.1328125
3023/5005  0.017154  150/1024 = 0.146484375
3027/5005  0.016602  162/1024 = 0.158203125
3031/5005  0.017320  143/1024 = 0.1396484375
3035/5005  0.016514  148/1024 = 0.14453125
3039/5005  0.016954  161/1024 = 0.1572265625
3043/5005  0.016651  164/1024 = 0.16015625
3047/5005  0.016106  160/1024 = 0.15625
3051/5005  0.017517  149/1024 = 0.1455078125
3055/5005  0.017105  154/1024 = 0.150390625
3059/5005  0.016805  159/1024 = 0.1552734375
3063/5005  0.017161  155/1024 = 0.1513671875
3067/5005  0.017202  161/1024 = 0.1572265625
3071/5005  0.016865  152/1024 = 0.1484375
3075/5005  0.016707  173/1024 = 0.1689453125
3079/5005  0.017061  140/1024 = 0.13671875
3083/5005  0.016932  149/1024 = 0.1455078125
3087/5005  0.016723  177/1024 = 0.1728515625
3091/5005  0.017048  158/1024 = 0.154296875
3095/5005  0.017396  156/1024 = 0.15234375
3099/5005  0.016847  163/1024 = 0.1591796875
3103/5005  0.016799  183/1024 = 0.1787109375
3107/5005  0.017142  157/1024 = 0.1533203125
3111/5005  0.016468  194/1024 = 0.189453125
3115/5005  0.017199  164/1024 = 0.16015625
3119/5005  0.016715  170/1024 = 0.166015625
3123/5005  0.017013  149/1024 = 0.1455078125
3127/5005  0.016839  172/1024 = 0.16796875
3131/5005  0.017331  151/1024 = 0.1474609375
3135/5005  0.016824  169/1024 = 0.1650390625
3139/5005  0.016950  171/1024 = 0.1669921875
3143/5005  0.016373  151/1024 = 0.1474609375
3147/5005  0.017227  150/1024 = 0.146484375
3151/5005  0.017006  161/1024 = 0.1572265625
3155/5005  0.016813  165/1024 = 0.1611328125
3159/5005  0.016927  163/1024 = 0.1591796875
3163/5005  0.016701  142/1024 = 0.138671875
3167/5005  0.016637  168/1024 = 0.1640625
3171/5005  0.016399  181/1024 = 0.1767578125
3175/5005  0.016434  183/1024 = 0.1787109375
3179/5005  0.016783  157/1024 = 0.1533203125
3183/5005  0.016637  189/1024 = 0.1845703125
3187/5005  0.017219  146/1024 = 0.142578125
3191/5005  0.017028  152/1024 = 0.1484375
3195/5005  0.016605  164/1024 = 0.16015625
3199/5005  0.016827  154/1024 = 0.150390625
3203/5005  0.016436  181/1024 = 0.1767578125
3207/5005  0.016677  176/1024 = 0.171875
3211/5005  0.017429  165/1024 = 0.1611328125
3215/5005  0.017081  147/1024 = 0.1435546875
3219/5005  0.016874  148/1024 = 0.14453125
3223/5005  0.017127  153/1024 = 0.1494140625
3227/5005  0.016843  162/1024 = 0.158203125
3231/5005  0.016405  154/1024 = 0.150390625
3235/5005  0.016837  174/1024 = 0.169921875
3239/5005  0.016848  166/1024 = 0.162109375
3243/5005  0.016886  152/1024 = 0.1484375
3247/5005  0.017099  167/1024 = 0.1630859375
3251/5005  0.016711  172/1024 = 0.16796875
3255/5005  0.016975  162/1024 = 0.158203125
3259/5005  0.017070  157/1024 = 0.1533203125
3263/5005  0.016857  154/1024 = 0.150390625
3267/5005  0.016767  154/1024 = 0.150390625
3271/5005  0.016687  148/1024 = 0.14453125
3275/5005  0.016286  183/1024 = 0.1787109375
3279/5005  0.016821  160/1024 = 0.15625
3283/5005  0.016754  162/1024 = 0.158203125
3287/5005  0.016527  178/1024 = 0.173828125
3291/5005  0.016842  168/1024 = 0.1640625
3295/5005  0.016657  168/1024 = 0.1640625
3299/5005  0.016488  166/1024 = 0.162109375
3303/5005  0.016447  175/1024 = 0.1708984375
3307/5005  0.016418  184/1024 = 0.1796875
3311/5005  0.016932  166/1024 = 0.162109375
3315/5005  0.016626  174/1024 = 0.169921875
3319/5005  0.016634  161/1024 = 0.1572265625
3323/5005  0.016720  167/1024 = 0.1630859375
3327/5005  0.016742  171/1024 = 0.1669921875
3331/5005  0.016673  177/1024 = 0.1728515625
3335/5005  0.017210  143/1024 = 0.1396484375
3339/5005  0.016728  158/1024 = 0.154296875
3343/5005  0.016385  186/1024 = 0.181640625
3347/5005  0.016374  170/1024 = 0.166015625
3351/5005  0.016722  154/1024 = 0.150390625
3355/5005  0.017002  138/1024 = 0.134765625
3359/5005  0.016784  159/1024 = 0.1552734375
3363/5005  0.016741  151/1024 = 0.1474609375
3367/5005  0.016925  163/1024 = 0.1591796875
3371/5005  0.016373  175/1024 = 0.1708984375
3375/5005  0.016937  173/1024 = 0.1689453125
3379/5005  0.016832  168/1024 = 0.1640625
3383/5005  0.016940  148/1024 = 0.14453125
3387/5005  0.016858  152/1024 = 0.1484375
3391/5005  0.016206  163/1024 = 0.1591796875
3395/5005  0.016754  167/1024 = 0.1630859375
3399/5005  0.017003  159/1024 = 0.1552734375
3403/5005  0.016913  150/1024 = 0.146484375
3407/5005  0.016680  157/1024 = 0.1533203125
3411/5005  0.017167  156/1024 = 0.15234375
3415/5005  0.017135  147/1024 = 0.1435546875
3419/5005  0.016372  178/1024 = 0.173828125
3423/5005  0.016613  164/1024 = 0.16015625
3427/5005  0.016946  154/1024 = 0.150390625
3431/5005  0.016866  160/1024 = 0.15625
3435/5005  0.016676  153/1024 = 0.1494140625
3439/5005  0.017115  161/1024 = 0.1572265625
3443/5005  0.016861  138/1024 = 0.134765625
3447/5005  0.016702  188/1024 = 0.18359375
3451/5005  0.016998  161/1024 = 0.1572265625
3455/5005  0.017077  156/1024 = 0.15234375
3459/5005  0.016988  158/1024 = 0.154296875
3463/5005  0.016737  172/1024 = 0.16796875
3467/5005  0.016924  166/1024 = 0.162109375
3471/5005  0.016676  152/1024 = 0.1484375
3475/5005  0.016880  160/1024 = 0.15625
3479/5005  0.016634  166/1024 = 0.162109375
3483/5005  0.016279  194/1024 = 0.189453125
3487/5005  0.016777  173/1024 = 0.1689453125
3491/5005  0.016700  174/1024 = 0.169921875
3495/5005  0.016756  194/1024 = 0.189453125
3499/5005  0.016766  145/1024 = 0.1416015625
3503/5005  0.016422  171/1024 = 0.1669921875
3507/5005  0.016402  171/1024 = 0.1669921875
3511/5005  0.016594  160/1024 = 0.15625
3515/5005  0.016767  165/1024 = 0.1611328125
3519/5005  0.016362  181/1024 = 0.1767578125
3523/5005  0.016305  171/1024 = 0.1669921875
3527/5005  0.016538  167/1024 = 0.1630859375
3531/5005  0.016010  175/1024 = 0.1708984375
3535/5005  0.016730  165/1024 = 0.1611328125
3539/5005  0.017181  150/1024 = 0.146484375
3543/5005  0.016401  194/1024 = 0.189453125
3547/5005  0.017092  148/1024 = 0.14453125
3551/5005  0.016635  163/1024 = 0.1591796875
3555/5005  0.016815  155/1024 = 0.1513671875
3559/5005  0.016530  178/1024 = 0.173828125
3563/5005  0.016435  163/1024 = 0.1591796875
3567/5005  0.016428  169/1024 = 0.1650390625
3571/5005  0.016282  171/1024 = 0.1669921875
3575/5005  0.016115  194/1024 = 0.189453125
3579/5005  0.016537  165/1024 = 0.1611328125
3583/5005  0.016763  174/1024 = 0.169921875
3587/5005  0.017146  137/1024 = 0.1337890625
3591/5005  0.016487  170/1024 = 0.166015625
3595/5005  0.016705  164/1024 = 0.16015625
3599/5005  0.017060  165/1024 = 0.1611328125
3603/5005  0.016651  168/1024 = 0.1640625
3607/5005  0.016671  171/1024 = 0.1669921875
3611/5005  0.017044  151/1024 = 0.1474609375
3615/5005  0.016730  168/1024 = 0.1640625
3619/5005  0.016538  178/1024 = 0.173828125
3623/5005  0.016549  191/1024 = 0.1865234375
3627/5005  0.016414  191/1024 = 0.1865234375
3631/5005  0.016997  161/1024 = 0.1572265625
3635/5005  0.016493  168/1024 = 0.1640625
3639/5005  0.017084  153/1024 = 0.1494140625
3643/5005  0.016257  184/1024 = 0.1796875
3647/5005  0.016427  178/1024 = 0.173828125
3651/5005  0.016665  170/1024 = 0.166015625
3655/5005  0.016140  187/1024 = 0.1826171875
3659/5005  0.016221  152/1024 = 0.1484375
3663/5005  0.016378  178/1024 = 0.173828125
3667/5005  0.016394  178/1024 = 0.173828125
3671/5005  0.017519  153/1024 = 0.1494140625
3675/5005  0.016686  167/1024 = 0.1630859375
3679/5005  0.016584  173/1024 = 0.1689453125
3683/5005  0.016686  175/1024 = 0.1708984375
3687/5005  0.016745  185/1024 = 0.1806640625
3691/5005  0.016400  161/1024 = 0.1572265625
3695/5005  0.016562  173/1024 = 0.1689453125
3699/5005  0.016648  178/1024 = 0.173828125
3703/5005  0.016493  175/1024 = 0.1708984375
3707/5005  0.016485  176/1024 = 0.171875
3711/5005  0.016736  169/1024 = 0.1650390625
3715/5005  0.016162  199/1024 = 0.1943359375
3719/5005  0.016571  176/1024 = 0.171875
3723/5005  0.016152  188/1024 = 0.18359375
3727/5005  0.016714  175/1024 = 0.1708984375
3731/5005  0.016745  165/1024 = 0.1611328125
3735/5005  0.016957  148/1024 = 0.14453125
3739/5005  0.016588  149/1024 = 0.1455078125
3743/5005  0.016743  166/1024 = 0.162109375
3747/5005  0.016230  183/1024 = 0.1787109375
3751/5005  0.016873  153/1024 = 0.1494140625
3755/5005  0.016454  179/1024 = 0.1748046875
3759/5005  0.016367  186/1024 = 0.181640625
3763/5005  0.016378  173/1024 = 0.1689453125
3767/5005  0.016644  174/1024 = 0.169921875
3771/5005  0.016243  172/1024 = 0.16796875
3775/5005  0.016578  185/1024 = 0.1806640625
3779/5005  0.016479  187/1024 = 0.1826171875
3783/5005  0.015997  197/1024 = 0.1923828125
3787/5005  0.016603  174/1024 = 0.169921875
3791/5005  0.016546  181/1024 = 0.1767578125
3795/5005  0.016649  165/1024 = 0.1611328125
3799/5005  0.016693  172/1024 = 0.16796875
3803/5005  0.016287  174/1024 = 0.169921875
3807/5005  0.015936  191/1024 = 0.1865234375
3811/5005  0.016430  177/1024 = 0.1728515625
3815/5005  0.016394  168/1024 = 0.1640625
3819/5005  0.016710  160/1024 = 0.15625
3823/5005  0.016726  184/1024 = 0.1796875
3827/5005  0.016856  166/1024 = 0.162109375
3831/5005  0.016454  170/1024 = 0.166015625
3835/5005  0.016623  164/1024 = 0.16015625
3839/5005  0.016705  189/1024 = 0.1845703125
3843/5005  0.016852  173/1024 = 0.1689453125
3847/5005  0.016145  185/1024 = 0.1806640625
3851/5005  0.017011  161/1024 = 0.1572265625
3855/5005  0.016477  172/1024 = 0.16796875
3859/5005  0.016889  168/1024 = 0.1640625
3863/5005  0.016211  187/1024 = 0.1826171875
3867/5005  0.015975  195/1024 = 0.1904296875
3871/5005  0.015945  175/1024 = 0.1708984375
3875/5005  0.016251  191/1024 = 0.1865234375
3879/5005  0.016323  163/1024 = 0.1591796875
3883/5005  0.016405  176/1024 = 0.171875
3887/5005  0.015954  199/1024 = 0.1943359375
3891/5005  0.016109  178/1024 = 0.173828125
3895/5005  0.016563  158/1024 = 0.154296875
3899/5005  0.016569  162/1024 = 0.158203125
3903/5005  0.016197  187/1024 = 0.1826171875
3907/5005  0.016671  180/1024 = 0.17578125
3911/5005  0.016108  201/1024 = 0.1962890625
3915/5005  0.016725  172/1024 = 0.16796875
3919/5005  0.016801  176/1024 = 0.171875
3923/5005  0.016290  188/1024 = 0.18359375
3927/5005  0.016888  160/1024 = 0.15625
3931/5005  0.016441  168/1024 = 0.1640625
3935/5005  0.016640  160/1024 = 0.15625
3939/5005  0.016378  175/1024 = 0.1708984375
3943/5005  0.016428  176/1024 = 0.171875
3947/5005  0.016395  171/1024 = 0.1669921875
3951/5005  0.016408  185/1024 = 0.1806640625
3955/5005  0.016337  182/1024 = 0.177734375
3959/5005  0.016246  183/1024 = 0.1787109375
3963/5005  0.016356  176/1024 = 0.171875
3967/5005  0.016798  166/1024 = 0.162109375
3971/5005  0.016200  156/1024 = 0.15234375
3975/5005  0.016511  189/1024 = 0.1845703125
3979/5005  0.016522  162/1024 = 0.158203125
3983/5005  0.016288  201/1024 = 0.1962890625
3987/5005  0.016132  197/1024 = 0.1923828125
3991/5005  0.015782  183/1024 = 0.1787109375
3995/5005  0.016222  188/1024 = 0.18359375
3999/5005  0.016740  161/1024 = 0.1572265625
4003/5005  0.016253  175/1024 = 0.1708984375
4007/5005  0.016410  185/1024 = 0.1806640625
4011/5005  0.016171  183/1024 = 0.1787109375
4015/5005  0.016533  183/1024 = 0.1787109375
4019/5005  0.015914  209/1024 = 0.2041015625
4023/5005  0.016288  219/1024 = 0.2138671875
4027/5005  0.016360  165/1024 = 0.1611328125
4031/5005  0.016241  179/1024 = 0.1748046875
4035/5005  0.016040  193/1024 = 0.1884765625
4039/5005  0.016478  185/1024 = 0.1806640625
4043/5005  0.016421  167/1024 = 0.1630859375
4047/5005  0.016558  184/1024 = 0.1796875
4051/5005  0.016816  164/1024 = 0.16015625
4055/5005  0.016415  167/1024 = 0.1630859375
4059/5005  0.016641  150/1024 = 0.146484375
4063/5005  0.016189  177/1024 = 0.1728515625
4067/5005  0.016224  189/1024 = 0.1845703125
4071/5005  0.016430  152/1024 = 0.1484375
4075/5005  0.016444  161/1024 = 0.1572265625
4079/5005  0.016686  151/1024 = 0.1474609375
4083/5005  0.016486  172/1024 = 0.16796875
4087/5005  0.015765  179/1024 = 0.1748046875
4091/5005  0.016480  183/1024 = 0.1787109375
4095/5005  0.016178  187/1024 = 0.1826171875
4099/5005  0.015760  196/1024 = 0.19140625
4103/5005  0.016072  194/1024 = 0.189453125
4107/5005  0.016431  183/1024 = 0.1787109375
4111/5005  0.016017  192/1024 = 0.1875
4115/5005  0.016195  194/1024 = 0.189453125
4119/5005  0.015838  213/1024 = 0.2080078125
4123/5005  0.015985  185/1024 = 0.1806640625
4127/5005  0.016633  158/1024 = 0.154296875
4131/5005  0.015880  185/1024 = 0.1806640625
4135/5005  0.016152  187/1024 = 0.1826171875
4139/5005  0.016240  166/1024 = 0.162109375
4143/5005  0.016010  192/1024 = 0.1875
4147/5005  0.016567  189/1024 = 0.1845703125
4151/5005  0.016386  188/1024 = 0.18359375
4155/5005  0.015723  212/1024 = 0.20703125
4159/5005  0.016589  163/1024 = 0.1591796875
4163/5005  0.016119  168/1024 = 0.1640625
4167/5005  0.016325  182/1024 = 0.177734375
4171/5005  0.016364  185/1024 = 0.1806640625
4175/5005  0.016080  197/1024 = 0.1923828125
4179/5005  0.016631  179/1024 = 0.1748046875
4183/5005  0.015944  203/1024 = 0.1982421875
4187/5005  0.016005  191/1024 = 0.1865234375
4191/5005  0.016018  179/1024 = 0.1748046875
4195/5005  0.016457  165/1024 = 0.1611328125
4199/5005  0.016281  187/1024 = 0.1826171875
4203/5005  0.016347  192/1024 = 0.1875
4207/5005  0.016064  161/1024 = 0.1572265625
4211/5005  0.016180  167/1024 = 0.1630859375
4215/5005  0.016074  160/1024 = 0.15625
4219/5005  0.016529  181/1024 = 0.1767578125
4223/5005  0.015825  178/1024 = 0.173828125
4227/5005  0.016067  171/1024 = 0.1669921875
4231/5005  0.015955  196/1024 = 0.19140625
4235/5005  0.016197  180/1024 = 0.17578125
4239/5005  0.016298  174/1024 = 0.169921875
4243/5005  0.016511  174/1024 = 0.169921875
4247/5005  0.016454  184/1024 = 0.1796875
4251/5005  0.016543  170/1024 = 0.166015625
4255/5005  0.016159  182/1024 = 0.177734375
4259/5005  0.016261  200/1024 = 0.1953125
4263/5005  0.016523  179/1024 = 0.1748046875
4267/5005  0.016039  189/1024 = 0.1845703125
4271/5005  0.016244  211/1024 = 0.2060546875
4275/5005  0.015939  201/1024 = 0.1962890625
4279/5005  0.016246  189/1024 = 0.1845703125
4283/5005  0.015845  202/1024 = 0.197265625
4287/5005  0.016285  183/1024 = 0.1787109375
4291/5005  0.016184  160/1024 = 0.15625
4295/5005  0.016782  159/1024 = 0.1552734375
4299/5005  0.016519  188/1024 = 0.18359375
4303/5005  0.016234  183/1024 = 0.1787109375
4307/5005  0.015738  220/1024 = 0.21484375
4311/5005  0.016205  184/1024 = 0.1796875
4315/5005  0.016212  177/1024 = 0.1728515625
4319/5005  0.016109  182/1024 = 0.177734375
4323/5005  0.016391  165/1024 = 0.1611328125
4327/5005  0.015968  186/1024 = 0.181640625
4331/5005  0.016638  170/1024 = 0.166015625
4335/5005  0.016293  169/1024 = 0.1650390625
4339/5005  0.016422  179/1024 = 0.1748046875
4343/5005  0.015922  206/1024 = 0.201171875
4347/5005  0.015972  186/1024 = 0.181640625
4351/5005  0.016360  178/1024 = 0.173828125
4355/5005  0.016393  177/1024 = 0.1728515625
4359/5005  0.015910  213/1024 = 0.2080078125
4363/5005  0.016197  183/1024 = 0.1787109375
4367/5005  0.015901  198/1024 = 0.193359375
4371/5005  0.016139  189/1024 = 0.1845703125
4375/5005  0.016047  194/1024 = 0.189453125
4379/5005  0.015951  186/1024 = 0.181640625
4383/5005  0.016384  179/1024 = 0.1748046875
4387/5005  0.016054  207/1024 = 0.2021484375
4391/5005  0.016145  170/1024 = 0.166015625
4395/5005  0.016124  190/1024 = 0.185546875
4399/5005  0.015887  193/1024 = 0.1884765625
4403/5005  0.016131  188/1024 = 0.18359375
4407/5005  0.016321  192/1024 = 0.1875
4411/5005  0.016252  174/1024 = 0.169921875
4415/5005  0.015853  193/1024 = 0.1884765625
4419/5005  0.016157  193/1024 = 0.1884765625
4423/5005  0.016161  187/1024 = 0.1826171875
4427/5005  0.016585  188/1024 = 0.18359375
4431/5005  0.015933  206/1024 = 0.201171875
4435/5005  0.016236  181/1024 = 0.1767578125
4439/5005  0.016170  182/1024 = 0.177734375
4443/5005  0.016039  194/1024 = 0.189453125
4447/5005  0.016158  177/1024 = 0.1728515625
4451/5005  0.015956  185/1024 = 0.1806640625
4455/5005  0.016440  186/1024 = 0.181640625
4459/5005  0.016045  180/1024 = 0.17578125
4463/5005  0.016298  180/1024 = 0.17578125
4467/5005  0.016006  174/1024 = 0.169921875
4471/5005  0.016425  200/1024 = 0.1953125
4475/5005  0.015951  187/1024 = 0.1826171875
4479/5005  0.015961  203/1024 = 0.1982421875
4483/5005  0.015690  200/1024 = 0.1953125
4487/5005  0.016375  179/1024 = 0.1748046875
4491/5005  0.016054  188/1024 = 0.18359375
4495/5005  0.016395  193/1024 = 0.1884765625
4499/5005  0.016362  193/1024 = 0.1884765625
4503/5005  0.015813  189/1024 = 0.1845703125
4507/5005  0.015473  202/1024 = 0.197265625
4511/5005  0.015867  220/1024 = 0.21484375
4515/5005  0.015941  171/1024 = 0.1669921875
4519/5005  0.016359  178/1024 = 0.173828125
4523/5005  0.016028  170/1024 = 0.166015625
4527/5005  0.016819  168/1024 = 0.1640625
4531/5005  0.016255  166/1024 = 0.162109375
4535/5005  0.016492  180/1024 = 0.17578125
4539/5005  0.016107  175/1024 = 0.1708984375
4543/5005  0.015892  191/1024 = 0.1865234375
4547/5005  0.016502  163/1024 = 0.1591796875
4551/5005  0.015977  191/1024 = 0.1865234375
4555/5005  0.015869  189/1024 = 0.1845703125
4559/5005  0.016301  167/1024 = 0.1630859375
4563/5005  0.016224  197/1024 = 0.1923828125
4567/5005  0.016698  164/1024 = 0.16015625
4571/5005  0.016335  172/1024 = 0.16796875
4575/5005  0.015931  183/1024 = 0.1787109375
4579/5005  0.015581  200/1024 = 0.1953125
4583/5005  0.015948  201/1024 = 0.1962890625
4587/5005  0.016473  191/1024 = 0.1865234375
4591/5005  0.016338  190/1024 = 0.185546875
4595/5005  0.016007  210/1024 = 0.205078125
4599/5005  0.016069  189/1024 = 0.1845703125
4603/5005  0.015836  188/1024 = 0.18359375
4607/5005  0.015701  210/1024 = 0.205078125
4611/5005  0.015806  208/1024 = 0.203125
4615/5005  0.016349  191/1024 = 0.1865234375
4619/5005  0.016290  176/1024 = 0.171875
4623/5005  0.015755  210/1024 = 0.205078125
4627/5005  0.016017  193/1024 = 0.1884765625
4631/5005  0.016437  166/1024 = 0.162109375
4635/5005  0.016147  184/1024 = 0.1796875
4639/5005  0.016021  184/1024 = 0.1796875
4643/5005  0.015873  182/1024 = 0.177734375
4647/5005  0.015913  193/1024 = 0.1884765625
4651/5005  0.015784  185/1024 = 0.1806640625
4655/5005  0.016155  183/1024 = 0.1787109375
4659/5005  0.016271  191/1024 = 0.1865234375
4663/5005  0.015816  198/1024 = 0.193359375
4667/5005  0.015735  201/1024 = 0.1962890625
4671/5005  0.015894  202/1024 = 0.197265625
4675/5005  0.016026  182/1024 = 0.177734375
4679/5005  0.016105  176/1024 = 0.171875
4683/5005  0.016127  186/1024 = 0.181640625
4687/5005  0.016117  178/1024 = 0.173828125
4691/5005  0.015785  192/1024 = 0.1875
4695/5005  0.015583  205/1024 = 0.2001953125
4699/5005  0.015780  203/1024 = 0.1982421875
4703/5005  0.016044  199/1024 = 0.1943359375
4707/5005  0.015855  204/1024 = 0.19921875
4711/5005  0.015919  194/1024 = 0.189453125
4715/5005  0.016514  173/1024 = 0.1689453125
4719/5005  0.016330  180/1024 = 0.17578125
4723/5005  0.016245  164/1024 = 0.16015625
4727/5005  0.016164  191/1024 = 0.1865234375
4731/5005  0.015866  182/1024 = 0.177734375
4735/5005  0.016127  195/1024 = 0.1904296875
4739/5005  0.016074  206/1024 = 0.201171875
4743/5005  0.016259  197/1024 = 0.1923828125
4747/5005  0.016010  190/1024 = 0.185546875
4751/5005  0.016341  175/1024 = 0.1708984375
4755/5005  0.016070  199/1024 = 0.1943359375
4759/5005  0.015944  193/1024 = 0.1884765625
4763/5005  0.016058  201/1024 = 0.1962890625
4767/5005  0.016010  206/1024 = 0.201171875
4771/5005  0.015797  203/1024 = 0.1982421875
4775/5005  0.015800  188/1024 = 0.18359375
4779/5005  0.016224  161/1024 = 0.1572265625
4783/5005  0.016221  200/1024 = 0.1953125
4787/5005  0.016075  193/1024 = 0.1884765625
4791/5005  0.015767  199/1024 = 0.1943359375
4795/5005  0.016236  178/1024 = 0.173828125
4799/5005  0.016464  159/1024 = 0.1552734375
4803/5005  0.015878  195/1024 = 0.1904296875
4807/5005  0.015573  206/1024 = 0.201171875
4811/5005  0.015719  199/1024 = 0.1943359375
4815/5005  0.016178  179/1024 = 0.1748046875
4819/5005  0.015964  180/1024 = 0.17578125
4823/5005  0.015550  218/1024 = 0.212890625
4827/5005  0.016075  195/1024 = 0.1904296875
4831/5005  0.015470  215/1024 = 0.2099609375
4835/5005  0.016268  179/1024 = 0.1748046875
4839/5005  0.015782  212/1024 = 0.20703125
4843/5005  0.015680  208/1024 = 0.203125
4847/5005  0.016084  186/1024 = 0.181640625
4851/5005  0.015801  201/1024 = 0.1962890625
4855/5005  0.015962  194/1024 = 0.189453125
4859/5005  0.016085  193/1024 = 0.1884765625
4863/5005  0.015794  212/1024 = 0.20703125
4867/5005  0.015611  204/1024 = 0.19921875
4871/5005  0.016354  185/1024 = 0.1806640625
4875/5005  0.016562  174/1024 = 0.169921875
4879/5005  0.015662  215/1024 = 0.2099609375
4883/5005  0.016329  194/1024 = 0.189453125
4887/5005  0.015979  171/1024 = 0.1669921875
4891/5005  0.016053  177/1024 = 0.1728515625
4895/5005  0.015890  186/1024 = 0.181640625
4899/5005  0.015986  202/1024 = 0.197265625
4903/5005  0.016208  196/1024 = 0.19140625
4907/5005  0.016321  194/1024 = 0.189453125
4911/5005  0.015765  189/1024 = 0.1845703125
4915/5005  0.016232  177/1024 = 0.1728515625
4919/5005  0.015854  199/1024 = 0.1943359375
4923/5005  0.015529  183/1024 = 0.1787109375
4927/5005  0.015852  197/1024 = 0.1923828125
4931/5005  0.015706  204/1024 = 0.19921875
4935/5005  0.015725  187/1024 = 0.1826171875
4939/5005  0.016148  183/1024 = 0.1787109375
4943/5005  0.016149  181/1024 = 0.1767578125
4947/5005  0.016428  180/1024 = 0.17578125
4951/5005  0.016269  178/1024 = 0.173828125
4955/5005  0.015918  197/1024 = 0.1923828125
4959/5005  0.015663  217/1024 = 0.2119140625
4963/5005  0.015997  211/1024 = 0.2060546875
4967/5005  0.016237  176/1024 = 0.171875
4971/5005  0.015798  202/1024 = 0.197265625
4975/5005  0.015431  205/1024 = 0.2001953125
4979/5005  0.015539  201/1024 = 0.1962890625
4983/5005  0.016158  185/1024 = 0.1806640625
4987/5005  0.015938  196/1024 = 0.19140625
4991/5005  0.015865  199/1024 = 0.1943359375
4995/5005  0.015939  215/1024 = 0.2099609375
4999/5005  0.015774  219/1024 = 0.2138671875
5003/5005  0.015862  192/1024 = 0.1875
1:27:37.361481
