VGG(
  (features): Sequential(
    (0): Conv2d(3, 64, kernel_size=(3, 3), stride=(1, 1), padding=(1, 1))
    (1): ReLU(inplace=True)
    (2): Conv2d(64, 64, kernel_size=(3, 3), stride=(1, 1), padding=(1, 1))
    (3): ReLU(inplace=True)
    (4): MaxPool2d(kernel_size=2, stride=2, padding=0, dilation=1, ceil_mode=False)
    (5): Conv2d(64, 128, kernel_size=(3, 3), stride=(1, 1), padding=(1, 1))
    (6): ReLU(inplace=True)
    (7): Conv2d(128, 128, kernel_size=(3, 3), stride=(1, 1), padding=(1, 1))
    (8): ReLU(inplace=True)
    (9): MaxPool2d(kernel_size=2, stride=2, padding=0, dilation=1, ceil_mode=False)
    (10): Conv2d(128, 256, kernel_size=(3, 3), stride=(1, 1), padding=(1, 1))
    (11): ReLU(inplace=True)
    (12): Conv2d(256, 256, kernel_size=(3, 3), stride=(1, 1), padding=(1, 1))
    (13): ReLU(inplace=True)
    (14): Conv2d(256, 256, kernel_size=(3, 3), stride=(1, 1), padding=(1, 1))
    (15): ReLU(inplace=True)
    (16): MaxPool2d(kernel_size=2, stride=2, padding=0, dilation=1, ceil_mode=False)
    (17): Conv2d(256, 512, kernel_size=(3, 3), stride=(1, 1), padding=(1, 1))
    (18): ReLU(inplace=True)
    (19): Conv2d(512, 512, kernel_size=(3, 3), stride=(1, 1), padding=(1, 1))
    (20): ReLU(inplace=True)
    (21): Conv2d(512, 512, kernel_size=(3, 3), stride=(1, 1), padding=(1, 1))
    (22): ReLU(inplace=True)
    (23): MaxPool2d(kernel_size=2, stride=2, padding=0, dilation=1, ceil_mode=False)
    (24): Conv2d(512, 512, kernel_size=(3, 3), stride=(1, 1), padding=(1, 1))
    (25): ReLU(inplace=True)
    (26): Conv2d(512, 512, kernel_size=(3, 3), stride=(1, 1), padding=(1, 1))
    (27): ReLU(inplace=True)
    (28): Conv2d(512, 512, kernel_size=(3, 3), stride=(1, 1), padding=(1, 1))
    (29): ReLU(inplace=True)
    (30): MaxPool2d(kernel_size=2, stride=2, padding=0, dilation=1, ceil_mode=False)
  )
  (avgpool): AdaptiveAvgPool2d(output_size=(7, 7))
  (classifier): Sequential(
    (0): Linear(in_features=25088, out_features=4096, bias=True)
    (1): ReLU(inplace=True)
    (2): Dropout(p=0.5, inplace=False)
    (3): Linear(in_features=4096, out_features=4096, bias=True)
    (4): ReLU(inplace=True)
    (5): Dropout(p=0.5, inplace=False)
    (6): Linear(in_features=4096, out_features=1000, bias=True)
  )
)
# using cuda
3/5005  0.010413  437/1024 = 0.4267578125
7/5005  0.010254  421/1024 = 0.4111328125
11/5005  0.011048  418/1024 = 0.408203125
15/5005  0.010637  408/1024 = 0.3984375
19/5005  0.010612  404/1024 = 0.39453125
23/5005  0.010323  410/1024 = 0.400390625
27/5005  0.010176  437/1024 = 0.4267578125
31/5005  0.010413  425/1024 = 0.4150390625
35/5005  0.010067  419/1024 = 0.4091796875
39/5005  0.010925  389/1024 = 0.3798828125
43/5005  0.010437  406/1024 = 0.396484375
47/5005  0.010425  434/1024 = 0.423828125
51/5005  0.010749  412/1024 = 0.40234375
55/5005  0.010174  438/1024 = 0.427734375
59/5005  0.010940  409/1024 = 0.3994140625
63/5005  0.010827  416/1024 = 0.40625
67/5005  0.010760  434/1024 = 0.423828125
71/5005  0.010735  399/1024 = 0.3896484375
75/5005  0.010443  435/1024 = 0.4248046875
79/5005  0.011182  423/1024 = 0.4130859375
83/5005  0.010436  453/1024 = 0.4423828125
87/5005  0.010059  416/1024 = 0.40625
91/5005  0.010496  420/1024 = 0.41015625
95/5005  0.010524  428/1024 = 0.41796875
99/5005  0.010701  436/1024 = 0.42578125
103/5005  0.010305  440/1024 = 0.4296875
107/5005  0.010507  422/1024 = 0.412109375
111/5005  0.010479  430/1024 = 0.419921875
115/5005  0.010382  439/1024 = 0.4287109375
119/5005  0.010229  404/1024 = 0.39453125
123/5005  0.010476  426/1024 = 0.416015625
127/5005  0.010990  399/1024 = 0.3896484375
131/5005  0.010384  407/1024 = 0.3974609375
135/5005  0.011083  418/1024 = 0.408203125
139/5005  0.010457  425/1024 = 0.4150390625
143/5005  0.010617  421/1024 = 0.4111328125
147/5005  0.010514  439/1024 = 0.4287109375
151/5005  0.010236  429/1024 = 0.4189453125
155/5005  0.010432  449/1024 = 0.4384765625
159/5005  0.010617  421/1024 = 0.4111328125
163/5005  0.010764  415/1024 = 0.4052734375
167/5005  0.010195  456/1024 = 0.4453125
171/5005  0.010327  420/1024 = 0.41015625
175/5005  0.010095  430/1024 = 0.419921875
179/5005  0.010256  430/1024 = 0.419921875
183/5005  0.010518  407/1024 = 0.3974609375
187/5005  0.010346  436/1024 = 0.42578125
191/5005  0.010556  420/1024 = 0.41015625
195/5005  0.010014  430/1024 = 0.419921875
199/5005  0.010263  454/1024 = 0.443359375
203/5005  0.010560  426/1024 = 0.416015625
207/5005  0.010784  395/1024 = 0.3857421875
211/5005  0.010076  410/1024 = 0.400390625
215/5005  0.010053  426/1024 = 0.416015625
219/5005  0.010086  442/1024 = 0.431640625
223/5005  0.010474  418/1024 = 0.408203125
227/5005  0.010146  435/1024 = 0.4248046875
231/5005  0.010648  433/1024 = 0.4228515625
235/5005  0.010402  429/1024 = 0.4189453125
239/5005  0.010309  424/1024 = 0.4140625
243/5005  0.010280  431/1024 = 0.4208984375
247/5005  0.010501  426/1024 = 0.416015625
251/5005  0.010408  433/1024 = 0.4228515625
255/5005  0.010854  416/1024 = 0.40625
259/5005  0.010976  407/1024 = 0.3974609375
263/5005  0.010740  432/1024 = 0.421875
267/5005  0.010186  428/1024 = 0.41796875
271/5005  0.010554  406/1024 = 0.396484375
275/5005  0.010399  434/1024 = 0.423828125
279/5005  0.010406  432/1024 = 0.421875
283/5005  0.010063  449/1024 = 0.4384765625
287/5005  0.010484  433/1024 = 0.4228515625
291/5005  0.010713  431/1024 = 0.4208984375
295/5005  0.010503  416/1024 = 0.40625
299/5005  0.010607  420/1024 = 0.41015625
303/5005  0.010703  421/1024 = 0.4111328125
307/5005  0.010831  393/1024 = 0.3837890625
311/5005  0.010254  418/1024 = 0.408203125
315/5005  0.010260  436/1024 = 0.42578125
319/5005  0.010554  402/1024 = 0.392578125
323/5005  0.010404  426/1024 = 0.416015625
327/5005  0.010165  411/1024 = 0.4013671875
331/5005  0.010717  416/1024 = 0.40625
335/5005  0.010712  430/1024 = 0.419921875
339/5005  0.010140  413/1024 = 0.4033203125
343/5005  0.010066  435/1024 = 0.4248046875
347/5005  0.010234  438/1024 = 0.427734375
351/5005  0.010413  399/1024 = 0.3896484375
355/5005  0.010570  402/1024 = 0.392578125
359/5005  0.010572  411/1024 = 0.4013671875
363/5005  0.010289  442/1024 = 0.431640625
367/5005  0.010627  409/1024 = 0.3994140625
371/5005  0.010818  403/1024 = 0.3935546875
375/5005  0.010385  440/1024 = 0.4296875
379/5005  0.010473  406/1024 = 0.396484375
383/5005  0.009493  482/1024 = 0.470703125
387/5005  0.010490  425/1024 = 0.4150390625
391/5005  0.010221  438/1024 = 0.427734375
395/5005  0.010586  422/1024 = 0.412109375
399/5005  0.010610  433/1024 = 0.4228515625
403/5005  0.010442  431/1024 = 0.4208984375
407/5005  0.010440  441/1024 = 0.4306640625
411/5005  0.010367  444/1024 = 0.43359375
415/5005  0.010827  407/1024 = 0.3974609375
419/5005  0.010622  416/1024 = 0.40625
423/5005  0.010329  423/1024 = 0.4130859375
427/5005  0.010670  421/1024 = 0.4111328125
431/5005  0.009929  460/1024 = 0.44921875
435/5005  0.010833  398/1024 = 0.388671875
439/5005  0.010442  415/1024 = 0.4052734375
443/5005  0.010555  420/1024 = 0.41015625
447/5005  0.010229  434/1024 = 0.423828125
451/5005  0.010740  404/1024 = 0.39453125
455/5005  0.009529  476/1024 = 0.46484375
459/5005  0.010475  407/1024 = 0.3974609375
463/5005  0.010276  440/1024 = 0.4296875
467/5005  0.010805  413/1024 = 0.4033203125
471/5005  0.010097  442/1024 = 0.431640625
475/5005  0.010732  416/1024 = 0.40625
479/5005  0.010439  437/1024 = 0.4267578125
483/5005  0.010333  430/1024 = 0.419921875
487/5005  0.010313  419/1024 = 0.4091796875
491/5005  0.010821  416/1024 = 0.40625
495/5005  0.010586  417/1024 = 0.4072265625
499/5005  0.010484  414/1024 = 0.404296875
503/5005  0.010661  418/1024 = 0.408203125
507/5005  0.010149  422/1024 = 0.412109375
511/5005  0.010495  417/1024 = 0.4072265625
515/5005  0.010399  421/1024 = 0.4111328125
519/5005  0.010051  436/1024 = 0.42578125
523/5005  0.010517  437/1024 = 0.4267578125
527/5005  0.010297  438/1024 = 0.427734375
531/5005  0.010104  454/1024 = 0.443359375
535/5005  0.009924  460/1024 = 0.44921875
539/5005  0.010378  429/1024 = 0.4189453125
543/5005  0.010426  423/1024 = 0.4130859375
547/5005  0.010312  419/1024 = 0.4091796875
551/5005  0.010327  431/1024 = 0.4208984375
555/5005  0.010791  414/1024 = 0.404296875
559/5005  0.010501  419/1024 = 0.4091796875
563/5005  0.010339  420/1024 = 0.41015625
567/5005  0.010796  420/1024 = 0.41015625
571/5005  0.010794  414/1024 = 0.404296875
575/5005  0.010284  424/1024 = 0.4140625
579/5005  0.010436  424/1024 = 0.4140625
583/5005  0.010520  421/1024 = 0.4111328125
587/5005  0.010395  434/1024 = 0.423828125
591/5005  0.010519  397/1024 = 0.3876953125
595/5005  0.010986  406/1024 = 0.396484375
599/5005  0.010671  402/1024 = 0.392578125
603/5005  0.010696  392/1024 = 0.3828125
607/5005  0.010906  396/1024 = 0.38671875
611/5005  0.010828  394/1024 = 0.384765625
615/5005  0.010023  439/1024 = 0.4287109375
619/5005  0.010205  451/1024 = 0.4404296875
623/5005  0.010698  438/1024 = 0.427734375
627/5005  0.010594  430/1024 = 0.419921875
631/5005  0.010422  439/1024 = 0.4287109375
635/5005  0.010356  435/1024 = 0.4248046875
639/5005  0.010420  432/1024 = 0.421875
643/5005  0.010465  421/1024 = 0.4111328125
647/5005  0.010840  409/1024 = 0.3994140625
651/5005  0.010473  422/1024 = 0.412109375
655/5005  0.010718  414/1024 = 0.404296875
659/5005  0.010678  419/1024 = 0.4091796875
663/5005  0.010991  435/1024 = 0.4248046875
667/5005  0.010990  419/1024 = 0.4091796875
671/5005  0.009942  440/1024 = 0.4296875
675/5005  0.011055  408/1024 = 0.3984375
679/5005  0.010545  434/1024 = 0.423828125
683/5005  0.010230  413/1024 = 0.4033203125
687/5005  0.010076  408/1024 = 0.3984375
691/5005  0.010091  464/1024 = 0.453125
695/5005  0.010199  434/1024 = 0.423828125
699/5005  0.010533  407/1024 = 0.3974609375
703/5005  0.010690  408/1024 = 0.3984375
707/5005  0.010785  405/1024 = 0.3955078125
711/5005  0.010808  429/1024 = 0.4189453125
715/5005  0.010846  406/1024 = 0.396484375
719/5005  0.010537  429/1024 = 0.4189453125
723/5005  0.010344  426/1024 = 0.416015625
727/5005  0.010338  426/1024 = 0.416015625
731/5005  0.009969  424/1024 = 0.4140625
735/5005  0.010587  429/1024 = 0.4189453125
739/5005  0.010896  393/1024 = 0.3837890625
743/5005  0.010790  412/1024 = 0.40234375
747/5005  0.010028  436/1024 = 0.42578125
751/5005  0.010518  415/1024 = 0.4052734375
755/5005  0.010608  407/1024 = 0.3974609375
759/5005  0.010689  434/1024 = 0.423828125
763/5005  0.010228  420/1024 = 0.41015625
767/5005  0.010420  408/1024 = 0.3984375
771/5005  0.010501  442/1024 = 0.431640625
775/5005  0.010259  431/1024 = 0.4208984375
779/5005  0.010500  410/1024 = 0.400390625
783/5005  0.010342  436/1024 = 0.42578125
787/5005  0.010713  414/1024 = 0.404296875
791/5005  0.010499  425/1024 = 0.4150390625
795/5005  0.010463  428/1024 = 0.41796875
799/5005  0.010400  436/1024 = 0.42578125
803/5005  0.010910  388/1024 = 0.37890625
807/5005  0.011081  404/1024 = 0.39453125
811/5005  0.010603  437/1024 = 0.4267578125
815/5005  0.010558  413/1024 = 0.4033203125
819/5005  0.010244  445/1024 = 0.4345703125
823/5005  0.010148  437/1024 = 0.4267578125
827/5005  0.010949  428/1024 = 0.41796875
831/5005  0.010235  403/1024 = 0.3935546875
835/5005  0.010575  404/1024 = 0.39453125
839/5005  0.010405  415/1024 = 0.4052734375
843/5005  0.010507  396/1024 = 0.38671875
847/5005  0.010339  424/1024 = 0.4140625
851/5005  0.010331  431/1024 = 0.4208984375
855/5005  0.010148  423/1024 = 0.4130859375
859/5005  0.009597  459/1024 = 0.4482421875
863/5005  0.010711  418/1024 = 0.408203125
867/5005  0.010424  428/1024 = 0.41796875
871/5005  0.010610  432/1024 = 0.421875
875/5005  0.010257  460/1024 = 0.44921875
879/5005  0.010820  399/1024 = 0.3896484375
883/5005  0.009956  432/1024 = 0.421875
887/5005  0.010397  409/1024 = 0.3994140625
891/5005  0.011446  384/1024 = 0.375
895/5005  0.010475  423/1024 = 0.4130859375
899/5005  0.010483  419/1024 = 0.4091796875
903/5005  0.010685  409/1024 = 0.3994140625
907/5005  0.010507  421/1024 = 0.4111328125
911/5005  0.010195  446/1024 = 0.435546875
915/5005  0.010100  444/1024 = 0.43359375
919/5005  0.010408  421/1024 = 0.4111328125
923/5005  0.010655  420/1024 = 0.41015625
927/5005  0.010354  429/1024 = 0.4189453125
931/5005  0.010246  432/1024 = 0.421875
935/5005  0.010163  447/1024 = 0.4365234375
939/5005  0.010777  404/1024 = 0.39453125
943/5005  0.009897  438/1024 = 0.427734375
947/5005  0.010352  437/1024 = 0.4267578125
951/5005  0.010756  396/1024 = 0.38671875
955/5005  0.010438  423/1024 = 0.4130859375
959/5005  0.010602  420/1024 = 0.41015625
963/5005  0.010347  437/1024 = 0.4267578125
967/5005  0.010464  419/1024 = 0.4091796875
971/5005  0.010428  398/1024 = 0.388671875
975/5005  0.010624  422/1024 = 0.412109375
979/5005  0.010642  425/1024 = 0.4150390625
983/5005  0.010322  437/1024 = 0.4267578125
987/5005  0.010818  403/1024 = 0.3935546875
991/5005  0.010552  439/1024 = 0.4287109375
995/5005  0.010558  415/1024 = 0.4052734375
999/5005  0.010592  419/1024 = 0.4091796875
1003/5005  0.010069  423/1024 = 0.4130859375
1007/5005  0.010186  411/1024 = 0.4013671875
1011/5005  0.010034  426/1024 = 0.416015625
1015/5005  0.010671  424/1024 = 0.4140625
1019/5005  0.010322  444/1024 = 0.43359375
1023/5005  0.010485  430/1024 = 0.419921875
1027/5005  0.010921  404/1024 = 0.39453125
1031/5005  0.010524  413/1024 = 0.4033203125
1035/5005  0.010136  442/1024 = 0.431640625
1039/5005  0.010372  423/1024 = 0.4130859375
1043/5005  0.010350  417/1024 = 0.4072265625
1047/5005  0.010006  452/1024 = 0.44140625
1051/5005  0.010941  425/1024 = 0.4150390625
1055/5005  0.010379  430/1024 = 0.419921875
1059/5005  0.011128  416/1024 = 0.40625
1063/5005  0.009719  453/1024 = 0.4423828125
1067/5005  0.010340  423/1024 = 0.4130859375
1071/5005  0.010605  418/1024 = 0.408203125
1075/5005  0.010888  406/1024 = 0.396484375
1079/5005  0.010643  416/1024 = 0.40625
1083/5005  0.010900  385/1024 = 0.3759765625
1087/5005  0.009789  437/1024 = 0.4267578125
1091/5005  0.010636  400/1024 = 0.390625
1095/5005  0.010438  408/1024 = 0.3984375
1099/5005  0.010447  431/1024 = 0.4208984375
1103/5005  0.010416  418/1024 = 0.408203125
1107/5005  0.010899  403/1024 = 0.3935546875
1111/5005  0.010574  420/1024 = 0.41015625
1115/5005  0.010078  433/1024 = 0.4228515625
1119/5005  0.010369  425/1024 = 0.4150390625
1123/5005  0.010878  429/1024 = 0.4189453125
1127/5005  0.010381  439/1024 = 0.4287109375
1131/5005  0.010915  408/1024 = 0.3984375
1135/5005  0.010553  423/1024 = 0.4130859375
1139/5005  0.010097  425/1024 = 0.4150390625
1143/5005  0.010111  427/1024 = 0.4169921875
1147/5005  0.010387  427/1024 = 0.4169921875
1151/5005  0.010737  433/1024 = 0.4228515625
1155/5005  0.010699  410/1024 = 0.400390625
1159/5005  0.010246  427/1024 = 0.4169921875
1163/5005  0.011307  388/1024 = 0.37890625
1167/5005  0.010111  446/1024 = 0.435546875
1171/5005  0.010544  403/1024 = 0.3935546875
1175/5005  0.010857  426/1024 = 0.416015625
1179/5005  0.010278  422/1024 = 0.412109375
1183/5005  0.010595  414/1024 = 0.404296875
1187/5005  0.010463  415/1024 = 0.4052734375
1191/5005  0.010325  439/1024 = 0.4287109375
1195/5005  0.010284  404/1024 = 0.39453125
1199/5005  0.010883  409/1024 = 0.3994140625
1203/5005  0.010632  402/1024 = 0.392578125
1207/5005  0.010262  447/1024 = 0.4365234375
1211/5005  0.010262  431/1024 = 0.4208984375
1215/5005  0.010026  439/1024 = 0.4287109375
1219/5005  0.010433  421/1024 = 0.4111328125
1223/5005  0.010164  452/1024 = 0.44140625
1227/5005  0.010393  433/1024 = 0.4228515625
1231/5005  0.010410  436/1024 = 0.42578125
1235/5005  0.010361  404/1024 = 0.39453125
1239/5005  0.010226  414/1024 = 0.404296875
1243/5005  0.010642  425/1024 = 0.4150390625
1247/5005  0.010813  418/1024 = 0.408203125
1251/5005  0.010231  428/1024 = 0.41796875
1255/5005  0.010960  407/1024 = 0.3974609375
1259/5005  0.010489  432/1024 = 0.421875
1263/5005  0.010602  418/1024 = 0.408203125
1267/5005  0.010494  417/1024 = 0.4072265625
1271/5005  0.010525  408/1024 = 0.3984375
1275/5005  0.010063  435/1024 = 0.4248046875
1279/5005  0.010749  405/1024 = 0.3955078125
1283/5005  0.010347  408/1024 = 0.3984375
1287/5005  0.010273  408/1024 = 0.3984375
1291/5005  0.010440  440/1024 = 0.4296875
1295/5005  0.010186  431/1024 = 0.4208984375
1299/5005  0.010681  425/1024 = 0.4150390625
1303/5005  0.010221  421/1024 = 0.4111328125
1307/5005  0.010374  415/1024 = 0.4052734375
1311/5005  0.010290  439/1024 = 0.4287109375
1315/5005  0.010072  455/1024 = 0.4443359375
1319/5005  0.010092  446/1024 = 0.435546875
1323/5005  0.010556  427/1024 = 0.4169921875
1327/5005  0.010383  435/1024 = 0.4248046875
1331/5005  0.010384  421/1024 = 0.4111328125
1335/5005  0.010216  427/1024 = 0.4169921875
1339/5005  0.010386  433/1024 = 0.4228515625
1343/5005  0.010241  420/1024 = 0.41015625
1347/5005  0.010298  427/1024 = 0.4169921875
1351/5005  0.010275  448/1024 = 0.4375
1355/5005  0.010548  419/1024 = 0.4091796875
1359/5005  0.011045  400/1024 = 0.390625
1363/5005  0.010415  424/1024 = 0.4140625
1367/5005  0.010357  433/1024 = 0.4228515625
1371/5005  0.010055  462/1024 = 0.451171875
1375/5005  0.010626  434/1024 = 0.423828125
1379/5005  0.010342  430/1024 = 0.419921875
1383/5005  0.010857  399/1024 = 0.3896484375
1387/5005  0.010527  417/1024 = 0.4072265625
1391/5005  0.010396  417/1024 = 0.4072265625
1395/5005  0.009959  442/1024 = 0.431640625
1399/5005  0.010863  412/1024 = 0.40234375
1403/5005  0.010381  439/1024 = 0.4287109375
1407/5005  0.010362  425/1024 = 0.4150390625
1411/5005  0.010501  411/1024 = 0.4013671875
1415/5005  0.010518  431/1024 = 0.4208984375
1419/5005  0.010590  446/1024 = 0.435546875
1423/5005  0.010336  420/1024 = 0.41015625
1427/5005  0.009699  465/1024 = 0.4541015625
1431/5005  0.010516  425/1024 = 0.4150390625
1435/5005  0.010708  425/1024 = 0.4150390625
1439/5005  0.010514  420/1024 = 0.41015625
1443/5005  0.010699  408/1024 = 0.3984375
1447/5005  0.010354  432/1024 = 0.421875
1451/5005  0.010648  406/1024 = 0.396484375
1455/5005  0.010726  406/1024 = 0.396484375
1459/5005  0.010217  430/1024 = 0.419921875
1463/5005  0.010564  408/1024 = 0.3984375
1467/5005  0.010191  435/1024 = 0.4248046875
1471/5005  0.010368  451/1024 = 0.4404296875
1475/5005  0.009915  453/1024 = 0.4423828125
1479/5005  0.009944  444/1024 = 0.43359375
1483/5005  0.010135  431/1024 = 0.4208984375
1487/5005  0.009951  432/1024 = 0.421875
1491/5005  0.010360  435/1024 = 0.4248046875
1495/5005  0.010226  437/1024 = 0.4267578125
1499/5005  0.010454  430/1024 = 0.419921875
1503/5005  0.010053  434/1024 = 0.423828125
1507/5005  0.010479  413/1024 = 0.4033203125
1511/5005  0.010988  400/1024 = 0.390625
1515/5005  0.010778  403/1024 = 0.3935546875
1519/5005  0.010163  439/1024 = 0.4287109375
1523/5005  0.010592  412/1024 = 0.40234375
1527/5005  0.010339  426/1024 = 0.416015625
1531/5005  0.010170  449/1024 = 0.4384765625
1535/5005  0.010128  437/1024 = 0.4267578125
1539/5005  0.010608  427/1024 = 0.4169921875
1543/5005  0.010902  412/1024 = 0.40234375
1547/5005  0.010071  439/1024 = 0.4287109375
1551/5005  0.010276  417/1024 = 0.4072265625
1555/5005  0.010734  413/1024 = 0.4033203125
1559/5005  0.010587  435/1024 = 0.4248046875
1563/5005  0.010903  419/1024 = 0.4091796875
1567/5005  0.010246  444/1024 = 0.43359375
1571/5005  0.010781  433/1024 = 0.4228515625
1575/5005  0.010592  424/1024 = 0.4140625
1579/5005  0.010221  450/1024 = 0.439453125
1583/5005  0.010614  420/1024 = 0.41015625
1587/5005  0.010670  426/1024 = 0.416015625
1591/5005  0.010747  404/1024 = 0.39453125
1595/5005  0.010638  425/1024 = 0.4150390625
1599/5005  0.010045  433/1024 = 0.4228515625
1603/5005  0.010088  426/1024 = 0.416015625
1607/5005  0.010325  421/1024 = 0.4111328125
1611/5005  0.010573  428/1024 = 0.41796875
1615/5005  0.010300  435/1024 = 0.4248046875
1619/5005  0.010649  430/1024 = 0.419921875
1623/5005  0.010210  417/1024 = 0.4072265625
1627/5005  0.010164  432/1024 = 0.421875
1631/5005  0.010502  427/1024 = 0.4169921875
1635/5005  0.010221  449/1024 = 0.4384765625
1639/5005  0.010949  414/1024 = 0.404296875
1643/5005  0.011052  396/1024 = 0.38671875
1647/5005  0.010376  422/1024 = 0.412109375
1651/5005  0.010706  414/1024 = 0.404296875
1655/5005  0.010399  439/1024 = 0.4287109375
1659/5005  0.010665  394/1024 = 0.384765625
1663/5005  0.011049  395/1024 = 0.3857421875
1667/5005  0.010969  376/1024 = 0.3671875
1671/5005  0.010059  442/1024 = 0.431640625
1675/5005  0.010435  427/1024 = 0.4169921875
1679/5005  0.010314  420/1024 = 0.41015625
1683/5005  0.009831  437/1024 = 0.4267578125
1687/5005  0.010492  401/1024 = 0.3916015625
1691/5005  0.010275  432/1024 = 0.421875
1695/5005  0.010543  407/1024 = 0.3974609375
1699/5005  0.010320  420/1024 = 0.41015625
1703/5005  0.010398  424/1024 = 0.4140625
1707/5005  0.010634  421/1024 = 0.4111328125
1711/5005  0.010841  418/1024 = 0.408203125
1715/5005  0.010133  419/1024 = 0.4091796875
1719/5005  0.010566  423/1024 = 0.4130859375
1723/5005  0.010732  426/1024 = 0.416015625
1727/5005  0.010428  441/1024 = 0.4306640625
1731/5005  0.010284  418/1024 = 0.408203125
1735/5005  0.010992  397/1024 = 0.3876953125
1739/5005  0.010478  421/1024 = 0.4111328125
1743/5005  0.010593  403/1024 = 0.3935546875
1747/5005  0.010556  419/1024 = 0.4091796875
1751/5005  0.010427  433/1024 = 0.4228515625
1755/5005  0.010113  415/1024 = 0.4052734375
1759/5005  0.009938  443/1024 = 0.4326171875
1763/5005  0.010362  407/1024 = 0.3974609375
1767/5005  0.010090  427/1024 = 0.4169921875
1771/5005  0.010367  421/1024 = 0.4111328125
1775/5005  0.010150  443/1024 = 0.4326171875
1779/5005  0.010448  411/1024 = 0.4013671875
1783/5005  0.009920  435/1024 = 0.4248046875
1787/5005  0.010353  425/1024 = 0.4150390625
1791/5005  0.010558  423/1024 = 0.4130859375
1795/5005  0.010315  446/1024 = 0.435546875
1799/5005  0.010470  444/1024 = 0.43359375
1803/5005  0.010225  444/1024 = 0.43359375
1807/5005  0.010338  428/1024 = 0.41796875
1811/5005  0.010304  415/1024 = 0.4052734375
1815/5005  0.010237  435/1024 = 0.4248046875
1819/5005  0.010514  438/1024 = 0.427734375
1823/5005  0.010481  410/1024 = 0.400390625
1827/5005  0.010281  425/1024 = 0.4150390625
1831/5005  0.010153  433/1024 = 0.4228515625
1835/5005  0.011178  395/1024 = 0.3857421875
1839/5005  0.009800  439/1024 = 0.4287109375
1843/5005  0.010284  451/1024 = 0.4404296875
1847/5005  0.010491  423/1024 = 0.4130859375
1851/5005  0.010157  452/1024 = 0.44140625
1855/5005  0.010198  457/1024 = 0.4462890625
1859/5005  0.010402  450/1024 = 0.439453125
1863/5005  0.009983  466/1024 = 0.455078125
1867/5005  0.010467  451/1024 = 0.4404296875
1871/5005  0.010612  421/1024 = 0.4111328125
1875/5005  0.010751  406/1024 = 0.396484375
1879/5005  0.010722  427/1024 = 0.4169921875
1883/5005  0.010490  440/1024 = 0.4296875
1887/5005  0.010348  427/1024 = 0.4169921875
1891/5005  0.010536  420/1024 = 0.41015625
1895/5005  0.010207  456/1024 = 0.4453125
1899/5005  0.010607  418/1024 = 0.408203125
1903/5005  0.010875  382/1024 = 0.373046875
1907/5005  0.010362  426/1024 = 0.416015625
1911/5005  0.009978  439/1024 = 0.4287109375
1915/5005  0.010643  430/1024 = 0.419921875
1919/5005  0.010084  460/1024 = 0.44921875
1923/5005  0.010571  416/1024 = 0.40625
1927/5005  0.010562  424/1024 = 0.4140625
1931/5005  0.010440  400/1024 = 0.390625
1935/5005  0.010534  412/1024 = 0.40234375
1939/5005  0.010082  446/1024 = 0.435546875
1943/5005  0.010740  414/1024 = 0.404296875
1947/5005  0.010068  448/1024 = 0.4375
1951/5005  0.010027  462/1024 = 0.451171875
1955/5005  0.010321  420/1024 = 0.41015625
1959/5005  0.010325  421/1024 = 0.4111328125
1963/5005  0.010659  425/1024 = 0.4150390625
1967/5005  0.010471  443/1024 = 0.4326171875
1971/5005  0.010075  454/1024 = 0.443359375
1975/5005  0.010594  438/1024 = 0.427734375
1979/5005  0.010435  414/1024 = 0.404296875
1983/5005  0.009957  446/1024 = 0.435546875
1987/5005  0.010540  414/1024 = 0.404296875
1991/5005  0.010069  440/1024 = 0.4296875
1995/5005  0.010671  429/1024 = 0.4189453125
1999/5005  0.010492  418/1024 = 0.408203125
2003/5005  0.010748  424/1024 = 0.4140625
2007/5005  0.010295  429/1024 = 0.4189453125
2011/5005  0.010627  412/1024 = 0.40234375
2015/5005  0.010458  419/1024 = 0.4091796875
2019/5005  0.010027  445/1024 = 0.4345703125
2023/5005  0.010259  421/1024 = 0.4111328125
2027/5005  0.010267  435/1024 = 0.4248046875
2031/5005  0.010109  427/1024 = 0.4169921875
2035/5005  0.010205  433/1024 = 0.4228515625
2039/5005  0.010643  407/1024 = 0.3974609375
2043/5005  0.010514  429/1024 = 0.4189453125
2047/5005  0.010620  418/1024 = 0.408203125
2051/5005  0.010695  419/1024 = 0.4091796875
2055/5005  0.010414  424/1024 = 0.4140625
2059/5005  0.009829  460/1024 = 0.44921875
2063/5005  0.010217  426/1024 = 0.416015625
2067/5005  0.009815  448/1024 = 0.4375
2071/5005  0.010656  434/1024 = 0.423828125
2075/5005  0.010365  432/1024 = 0.421875
2079/5005  0.010305  428/1024 = 0.41796875
2083/5005  0.010127  444/1024 = 0.43359375
2087/5005  0.009980  438/1024 = 0.427734375
2091/5005  0.010873  417/1024 = 0.4072265625
2095/5005  0.010387  423/1024 = 0.4130859375
2099/5005  0.010491  426/1024 = 0.416015625
2103/5005  0.010134  435/1024 = 0.4248046875
2107/5005  0.010537  421/1024 = 0.4111328125
2111/5005  0.010110  445/1024 = 0.4345703125
2115/5005  0.010693  414/1024 = 0.404296875
2119/5005  0.010902  419/1024 = 0.4091796875
2123/5005  0.010453  424/1024 = 0.4140625
2127/5005  0.010749  421/1024 = 0.4111328125
2131/5005  0.010546  425/1024 = 0.4150390625
2135/5005  0.010273  444/1024 = 0.43359375
2139/5005  0.010211  432/1024 = 0.421875
2143/5005  0.010516  423/1024 = 0.4130859375
2147/5005  0.010261  425/1024 = 0.4150390625
2151/5005  0.010829  416/1024 = 0.40625
2155/5005  0.010618  397/1024 = 0.3876953125
2159/5005  0.010246  429/1024 = 0.4189453125
2163/5005  0.009924  441/1024 = 0.4306640625
2167/5005  0.010619  422/1024 = 0.412109375
2171/5005  0.010493  408/1024 = 0.3984375
2175/5005  0.010217  420/1024 = 0.41015625
2179/5005  0.010372  406/1024 = 0.396484375
2183/5005  0.010117  433/1024 = 0.4228515625
2187/5005  0.010809  411/1024 = 0.4013671875
2191/5005  0.011061  407/1024 = 0.3974609375
2195/5005  0.010185  447/1024 = 0.4365234375
2199/5005  0.010400  420/1024 = 0.41015625
2203/5005  0.009688  433/1024 = 0.4228515625
2207/5005  0.010447  431/1024 = 0.4208984375
2211/5005  0.010470  435/1024 = 0.4248046875
2215/5005  0.010587  416/1024 = 0.40625
2219/5005  0.010853  396/1024 = 0.38671875
2223/5005  0.010694  426/1024 = 0.416015625
2227/5005  0.010275  433/1024 = 0.4228515625
2231/5005  0.010382  443/1024 = 0.4326171875
2235/5005  0.010647  434/1024 = 0.423828125
2239/5005  0.009812  464/1024 = 0.453125
2243/5005  0.010637  407/1024 = 0.3974609375
2247/5005  0.010233  417/1024 = 0.4072265625
2251/5005  0.010382  421/1024 = 0.4111328125
2255/5005  0.010363  422/1024 = 0.412109375
2259/5005  0.010250  438/1024 = 0.427734375
2263/5005  0.010239  438/1024 = 0.427734375
2267/5005  0.010446  431/1024 = 0.4208984375
2271/5005  0.010306  438/1024 = 0.427734375
2275/5005  0.010776  418/1024 = 0.408203125
2279/5005  0.010890  389/1024 = 0.3798828125
2283/5005  0.010438  429/1024 = 0.4189453125
2287/5005  0.010321  426/1024 = 0.416015625
2291/5005  0.009638  473/1024 = 0.4619140625
2295/5005  0.010593  417/1024 = 0.4072265625
2299/5005  0.010969  419/1024 = 0.4091796875
2303/5005  0.009808  450/1024 = 0.439453125
2307/5005  0.010231  442/1024 = 0.431640625
2311/5005  0.010616  432/1024 = 0.421875
2315/5005  0.010373  405/1024 = 0.3955078125
2319/5005  0.010100  433/1024 = 0.4228515625
2323/5005  0.010440  448/1024 = 0.4375
2327/5005  0.010350  457/1024 = 0.4462890625
2331/5005  0.010520  407/1024 = 0.3974609375
2335/5005  0.010038  462/1024 = 0.451171875
2339/5005  0.010835  392/1024 = 0.3828125
2343/5005  0.010158  421/1024 = 0.4111328125
2347/5005  0.010378  419/1024 = 0.4091796875
2351/5005  0.010338  433/1024 = 0.4228515625
2355/5005  0.009763  451/1024 = 0.4404296875
2359/5005  0.010811  411/1024 = 0.4013671875
2363/5005  0.010462  409/1024 = 0.3994140625
2367/5005  0.010352  431/1024 = 0.4208984375
2371/5005  0.010209  430/1024 = 0.419921875
2375/5005  0.009769  442/1024 = 0.431640625
2379/5005  0.009579  476/1024 = 0.46484375
2383/5005  0.009620  450/1024 = 0.439453125
2387/5005  0.010043  440/1024 = 0.4296875
2391/5005  0.010288  434/1024 = 0.423828125
2395/5005  0.010281  437/1024 = 0.4267578125
2399/5005  0.010258  419/1024 = 0.4091796875
2403/5005  0.010474  438/1024 = 0.427734375
2407/5005  0.010823  391/1024 = 0.3818359375
2411/5005  0.010394  421/1024 = 0.4111328125
2415/5005  0.010540  462/1024 = 0.451171875
2419/5005  0.009988  422/1024 = 0.412109375
2423/5005  0.009802  458/1024 = 0.447265625
2427/5005  0.010525  422/1024 = 0.412109375
2431/5005  0.010470  430/1024 = 0.419921875
2435/5005  0.010202  455/1024 = 0.4443359375
2439/5005  0.010136  433/1024 = 0.4228515625
2443/5005  0.010230  449/1024 = 0.4384765625
2447/5005  0.010172  429/1024 = 0.4189453125
2451/5005  0.009961  434/1024 = 0.423828125
2455/5005  0.010628  433/1024 = 0.4228515625
2459/5005  0.010406  431/1024 = 0.4208984375
2463/5005  0.010519  429/1024 = 0.4189453125
2467/5005  0.011014  394/1024 = 0.384765625
2471/5005  0.010494  420/1024 = 0.41015625
2475/5005  0.010712  416/1024 = 0.40625
2479/5005  0.010411  411/1024 = 0.4013671875
2483/5005  0.010645  410/1024 = 0.400390625
2487/5005  0.009870  459/1024 = 0.4482421875
2491/5005  0.009809  437/1024 = 0.4267578125
2495/5005  0.010027  427/1024 = 0.4169921875
2499/5005  0.010434  429/1024 = 0.4189453125
2503/5005  0.009997  448/1024 = 0.4375
2507/5005  0.010463  413/1024 = 0.4033203125
2511/5005  0.010359  442/1024 = 0.431640625
2515/5005  0.010631  407/1024 = 0.3974609375
2519/5005  0.010509  424/1024 = 0.4140625
2523/5005  0.010259  429/1024 = 0.4189453125
2527/5005  0.010209  417/1024 = 0.4072265625
2531/5005  0.010248  442/1024 = 0.431640625
2535/5005  0.009870  435/1024 = 0.4248046875
2539/5005  0.010501  393/1024 = 0.3837890625
2543/5005  0.010636  416/1024 = 0.40625
2547/5005  0.010066  442/1024 = 0.431640625
2551/5005  0.009998  435/1024 = 0.4248046875
2555/5005  0.010433  448/1024 = 0.4375
2559/5005  0.010372  438/1024 = 0.427734375
2563/5005  0.010090  431/1024 = 0.4208984375
2567/5005  0.010541  418/1024 = 0.408203125
2571/5005  0.010501  423/1024 = 0.4130859375
2575/5005  0.010479  426/1024 = 0.416015625
2579/5005  0.010902  429/1024 = 0.4189453125
2583/5005  0.010399  434/1024 = 0.423828125
2587/5005  0.010226  435/1024 = 0.4248046875
2591/5005  0.010584  444/1024 = 0.43359375
2595/5005  0.010466  407/1024 = 0.3974609375
2599/5005  0.010642  423/1024 = 0.4130859375
2603/5005  0.010325  422/1024 = 0.412109375
2607/5005  0.010698  399/1024 = 0.3896484375
2611/5005  0.010452  411/1024 = 0.4013671875
2615/5005  0.010524  427/1024 = 0.4169921875
2619/5005  0.010770  392/1024 = 0.3828125
2623/5005  0.010375  429/1024 = 0.4189453125
2627/5005  0.009824  459/1024 = 0.4482421875
2631/5005  0.010170  431/1024 = 0.4208984375
2635/5005  0.010122  440/1024 = 0.4296875
2639/5005  0.010878  412/1024 = 0.40234375
2643/5005  0.010666  435/1024 = 0.4248046875
2647/5005  0.010315  427/1024 = 0.4169921875
2651/5005  0.010309  421/1024 = 0.4111328125
2655/5005  0.010328  419/1024 = 0.4091796875
2659/5005  0.010245  436/1024 = 0.42578125
2663/5005  0.010402  420/1024 = 0.41015625
2667/5005  0.010368  405/1024 = 0.3955078125
2671/5005  0.010410  429/1024 = 0.4189453125
2675/5005  0.010041  456/1024 = 0.4453125
2679/5005  0.009985  439/1024 = 0.4287109375
2683/5005  0.010741  425/1024 = 0.4150390625
2687/5005  0.010377  417/1024 = 0.4072265625
2691/5005  0.010459  412/1024 = 0.40234375
2695/5005  0.010235  444/1024 = 0.43359375
2699/5005  0.010356  432/1024 = 0.421875
2703/5005  0.009952  461/1024 = 0.4501953125
2707/5005  0.009981  449/1024 = 0.4384765625
2711/5005  0.010577  421/1024 = 0.4111328125
2715/5005  0.010464  433/1024 = 0.4228515625
2719/5005  0.010545  423/1024 = 0.4130859375
2723/5005  0.010210  421/1024 = 0.4111328125
2727/5005  0.010384  418/1024 = 0.408203125
2731/5005  0.010157  417/1024 = 0.4072265625
2735/5005  0.010578  412/1024 = 0.40234375
2739/5005  0.010309  430/1024 = 0.419921875
2743/5005  0.010244  451/1024 = 0.4404296875
2747/5005  0.010315  427/1024 = 0.4169921875
2751/5005  0.010795  397/1024 = 0.3876953125
2755/5005  0.010493  419/1024 = 0.4091796875
2759/5005  0.010194  422/1024 = 0.412109375
2763/5005  0.010804  419/1024 = 0.4091796875
2767/5005  0.010075  441/1024 = 0.4306640625
2771/5005  0.009965  460/1024 = 0.44921875
2775/5005  0.010325  406/1024 = 0.396484375
2779/5005  0.010122  443/1024 = 0.4326171875
2783/5005  0.010948  422/1024 = 0.412109375
2787/5005  0.010618  415/1024 = 0.4052734375
2791/5005  0.010423  418/1024 = 0.408203125
2795/5005  0.010681  423/1024 = 0.4130859375
2799/5005  0.010488  430/1024 = 0.419921875
2803/5005  0.010077  441/1024 = 0.4306640625
2807/5005  0.009738  450/1024 = 0.439453125
2811/5005  0.010745  425/1024 = 0.4150390625
2815/5005  0.010438  413/1024 = 0.4033203125
2819/5005  0.010080  428/1024 = 0.41796875
2823/5005  0.010271  427/1024 = 0.4169921875
2827/5005  0.010378  428/1024 = 0.41796875
2831/5005  0.010151  438/1024 = 0.427734375
2835/5005  0.009949  463/1024 = 0.4521484375
2839/5005  0.010621  416/1024 = 0.40625
2843/5005  0.010240  445/1024 = 0.4345703125
2847/5005  0.010155  447/1024 = 0.4365234375
2851/5005  0.010373  431/1024 = 0.4208984375
2855/5005  0.010792  399/1024 = 0.3896484375
2859/5005  0.010685  429/1024 = 0.4189453125
2863/5005  0.009742  461/1024 = 0.4501953125
2867/5005  0.010758  414/1024 = 0.404296875
2871/5005  0.010489  412/1024 = 0.40234375
2875/5005  0.010914  410/1024 = 0.400390625
2879/5005  0.010141  445/1024 = 0.4345703125
2883/5005  0.010706  420/1024 = 0.41015625
2887/5005  0.010106  442/1024 = 0.431640625
2891/5005  0.010516  438/1024 = 0.427734375
2895/5005  0.010538  405/1024 = 0.3955078125
2899/5005  0.010287  431/1024 = 0.4208984375
2903/5005  0.009863  433/1024 = 0.4228515625
2907/5005  0.010415  434/1024 = 0.423828125
2911/5005  0.010328  430/1024 = 0.419921875
2915/5005  0.010552  417/1024 = 0.4072265625
2919/5005  0.009967  437/1024 = 0.4267578125
2923/5005  0.009939  444/1024 = 0.43359375
2927/5005  0.010303  435/1024 = 0.4248046875
2931/5005  0.010474  436/1024 = 0.42578125
2935/5005  0.009755  448/1024 = 0.4375
2939/5005  0.009952  439/1024 = 0.4287109375
2943/5005  0.010384  422/1024 = 0.412109375
2947/5005  0.010381  421/1024 = 0.4111328125
2951/5005  0.009947  444/1024 = 0.43359375
2955/5005  0.010673  412/1024 = 0.40234375
2959/5005  0.009948  465/1024 = 0.4541015625
2963/5005  0.010741  429/1024 = 0.4189453125
2967/5005  0.010713  427/1024 = 0.4169921875
2971/5005  0.010185  435/1024 = 0.4248046875
2975/5005  0.010560  421/1024 = 0.4111328125
2979/5005  0.011138  412/1024 = 0.40234375
2983/5005  0.010380  418/1024 = 0.408203125
2987/5005  0.010577  435/1024 = 0.4248046875
2991/5005  0.010368  425/1024 = 0.4150390625
2995/5005  0.010543  430/1024 = 0.419921875
2999/5005  0.010434  433/1024 = 0.4228515625
3003/5005  0.010185  428/1024 = 0.41796875
3007/5005  0.010231  435/1024 = 0.4248046875
3011/5005  0.010056  447/1024 = 0.4365234375
3015/5005  0.010303  458/1024 = 0.447265625
3019/5005  0.010308  427/1024 = 0.4169921875
3023/5005  0.010892  418/1024 = 0.408203125
3027/5005  0.009824  454/1024 = 0.443359375
3031/5005  0.009985  431/1024 = 0.4208984375
3035/5005  0.010683  414/1024 = 0.404296875
3039/5005  0.010208  448/1024 = 0.4375
3043/5005  0.010286  427/1024 = 0.4169921875
3047/5005  0.010785  406/1024 = 0.396484375
3051/5005  0.010009  452/1024 = 0.44140625
3055/5005  0.010569  410/1024 = 0.400390625
3059/5005  0.009986  451/1024 = 0.4404296875
3063/5005  0.009610  460/1024 = 0.44921875
3067/5005  0.009968  453/1024 = 0.4423828125
3071/5005  0.010007  434/1024 = 0.423828125
3075/5005  0.010316  424/1024 = 0.4140625
3079/5005  0.010218  438/1024 = 0.427734375
3083/5005  0.009886  433/1024 = 0.4228515625
3087/5005  0.010549  430/1024 = 0.419921875
3091/5005  0.010316  432/1024 = 0.421875
3095/5005  0.010498  425/1024 = 0.4150390625
3099/5005  0.010607  408/1024 = 0.3984375
3103/5005  0.009985  431/1024 = 0.4208984375
3107/5005  0.010815  415/1024 = 0.4052734375
3111/5005  0.009996  446/1024 = 0.435546875
3115/5005  0.010000  440/1024 = 0.4296875
3119/5005  0.010296  428/1024 = 0.41796875
3123/5005  0.010563  437/1024 = 0.4267578125
3127/5005  0.010425  431/1024 = 0.4208984375
3131/5005  0.010015  457/1024 = 0.4462890625
3135/5005  0.009971  452/1024 = 0.44140625
3139/5005  0.010598  421/1024 = 0.4111328125
3143/5005  0.009837  447/1024 = 0.4365234375
3147/5005  0.010403  426/1024 = 0.416015625
3151/5005  0.010495  411/1024 = 0.4013671875
3155/5005  0.009965  431/1024 = 0.4208984375
3159/5005  0.010244  441/1024 = 0.4306640625
3163/5005  0.010151  424/1024 = 0.4140625
3167/5005  0.010669  422/1024 = 0.412109375
3171/5005  0.010463  441/1024 = 0.4306640625
3175/5005  0.010175  421/1024 = 0.4111328125
3179/5005  0.010439  438/1024 = 0.427734375
3183/5005  0.010190  447/1024 = 0.4365234375
3187/5005  0.010638  413/1024 = 0.4033203125
3191/5005  0.010286  405/1024 = 0.3955078125
3195/5005  0.010221  455/1024 = 0.4443359375
3199/5005  0.010790  424/1024 = 0.4140625
3203/5005  0.009993  446/1024 = 0.435546875
3207/5005  0.009889  430/1024 = 0.419921875
3211/5005  0.010072  421/1024 = 0.4111328125
3215/5005  0.010588  418/1024 = 0.408203125
3219/5005  0.010248  425/1024 = 0.4150390625
3223/5005  0.010595  421/1024 = 0.4111328125
3227/5005  0.010292  440/1024 = 0.4296875
3231/5005  0.010146  439/1024 = 0.4287109375
3235/5005  0.010538  423/1024 = 0.4130859375
3239/5005  0.010104  436/1024 = 0.42578125
3243/5005  0.010325  422/1024 = 0.412109375
3247/5005  0.010809  415/1024 = 0.4052734375
3251/5005  0.010234  454/1024 = 0.443359375
3255/5005  0.010304  444/1024 = 0.43359375
3259/5005  0.010192  421/1024 = 0.4111328125
3263/5005  0.009888  446/1024 = 0.435546875
3267/5005  0.010736  402/1024 = 0.392578125
3271/5005  0.010596  414/1024 = 0.404296875
3275/5005  0.009627  445/1024 = 0.4345703125
3279/5005  0.009772  443/1024 = 0.4326171875
3283/5005  0.010370  431/1024 = 0.4208984375
3287/5005  0.010318  421/1024 = 0.4111328125
3291/5005  0.009909  445/1024 = 0.4345703125
3295/5005  0.010651  416/1024 = 0.40625
3299/5005  0.010781  407/1024 = 0.3974609375
3303/5005  0.010365  443/1024 = 0.4326171875
3307/5005  0.010318  431/1024 = 0.4208984375
3311/5005  0.010907  395/1024 = 0.3857421875
3315/5005  0.010646  411/1024 = 0.4013671875
3319/5005  0.010082  440/1024 = 0.4296875
3323/5005  0.009662  454/1024 = 0.443359375
3327/5005  0.010735  419/1024 = 0.4091796875
3331/5005  0.010723  404/1024 = 0.39453125
3335/5005  0.010048  448/1024 = 0.4375
3339/5005  0.010042  443/1024 = 0.4326171875
3343/5005  0.010010  427/1024 = 0.4169921875
3347/5005  0.010474  446/1024 = 0.435546875
3351/5005  0.010265  422/1024 = 0.412109375
3355/5005  0.010068  439/1024 = 0.4287109375
3359/5005  0.009983  428/1024 = 0.41796875
3363/5005  0.010194  438/1024 = 0.427734375
3367/5005  0.010035  448/1024 = 0.4375
3371/5005  0.010248  425/1024 = 0.4150390625
3375/5005  0.010333  425/1024 = 0.4150390625
3379/5005  0.010351  439/1024 = 0.4287109375
3383/5005  0.010131  433/1024 = 0.4228515625
3387/5005  0.010686  423/1024 = 0.4130859375
3391/5005  0.009846  450/1024 = 0.439453125
3395/5005  0.010238  428/1024 = 0.41796875
3399/5005  0.009924  430/1024 = 0.419921875
3403/5005  0.010219  450/1024 = 0.439453125
3407/5005  0.009996  443/1024 = 0.4326171875
3411/5005  0.010529  418/1024 = 0.408203125
3415/5005  0.010450  413/1024 = 0.4033203125
3419/5005  0.010387  439/1024 = 0.4287109375
3423/5005  0.010114  444/1024 = 0.43359375
3427/5005  0.010355  420/1024 = 0.41015625
3431/5005  0.010107  442/1024 = 0.431640625
3435/5005  0.010605  399/1024 = 0.3896484375
3439/5005  0.010680  424/1024 = 0.4140625
3443/5005  0.010079  464/1024 = 0.453125
3447/5005  0.009969  456/1024 = 0.4453125
3451/5005  0.010589  402/1024 = 0.392578125
3455/5005  0.010652  409/1024 = 0.3994140625
3459/5005  0.009965  445/1024 = 0.4345703125
3463/5005  0.009938  451/1024 = 0.4404296875
3467/5005  0.010580  434/1024 = 0.423828125
3471/5005  0.011039  412/1024 = 0.40234375
3475/5005  0.010652  427/1024 = 0.4169921875
3479/5005  0.010204  428/1024 = 0.41796875
3483/5005  0.010132  449/1024 = 0.4384765625
3487/5005  0.010692  429/1024 = 0.4189453125
3491/5005  0.010564  418/1024 = 0.408203125
3495/5005  0.010352  442/1024 = 0.431640625
3499/5005  0.010566  456/1024 = 0.4453125
3503/5005  0.009951  442/1024 = 0.431640625
3507/5005  0.009789  446/1024 = 0.435546875
3511/5005  0.010495  422/1024 = 0.412109375
3515/5005  0.010118  422/1024 = 0.412109375
3519/5005  0.010261  435/1024 = 0.4248046875
3523/5005  0.009830  434/1024 = 0.423828125
3527/5005  0.010951  414/1024 = 0.404296875
3531/5005  0.010553  412/1024 = 0.40234375
3535/5005  0.010347  451/1024 = 0.4404296875
3539/5005  0.010184  424/1024 = 0.4140625
3543/5005  0.010069  441/1024 = 0.4306640625
3547/5005  0.010462  437/1024 = 0.4267578125
3551/5005  0.010063  431/1024 = 0.4208984375
3555/5005  0.010588  426/1024 = 0.416015625
3559/5005  0.010588  416/1024 = 0.40625
3563/5005  0.009979  434/1024 = 0.423828125
3567/5005  0.010248  438/1024 = 0.427734375
3571/5005  0.010105  443/1024 = 0.4326171875
3575/5005  0.009949  444/1024 = 0.43359375
3579/5005  0.010572  424/1024 = 0.4140625
3583/5005  0.009702  452/1024 = 0.44140625
3587/5005  0.010212  438/1024 = 0.427734375
3591/5005  0.010319  415/1024 = 0.4052734375
3595/5005  0.010206  430/1024 = 0.419921875
3599/5005  0.010238  418/1024 = 0.408203125
3603/5005  0.010137  441/1024 = 0.4306640625
3607/5005  0.010356  412/1024 = 0.40234375
3611/5005  0.010304  412/1024 = 0.40234375
3615/5005  0.010565  445/1024 = 0.4345703125
3619/5005  0.010429  430/1024 = 0.419921875
3623/5005  0.010351  421/1024 = 0.4111328125
3627/5005  0.010690  410/1024 = 0.400390625
3631/5005  0.010387  434/1024 = 0.423828125
3635/5005  0.009660  454/1024 = 0.443359375
3639/5005  0.009919  458/1024 = 0.447265625
3643/5005  0.010703  405/1024 = 0.3955078125
3647/5005  0.010311  420/1024 = 0.41015625
3651/5005  0.010188  423/1024 = 0.4130859375
3655/5005  0.009872  458/1024 = 0.447265625
3659/5005  0.010259  431/1024 = 0.4208984375
3663/5005  0.010121  442/1024 = 0.431640625
3667/5005  0.010440  424/1024 = 0.4140625
3671/5005  0.010339  401/1024 = 0.3916015625
3675/5005  0.010241  422/1024 = 0.412109375
3679/5005  0.010474  420/1024 = 0.41015625
3683/5005  0.010150  436/1024 = 0.42578125
3687/5005  0.009811  451/1024 = 0.4404296875
3691/5005  0.009994  452/1024 = 0.44140625
3695/5005  0.010928  415/1024 = 0.4052734375
3699/5005  0.010465  433/1024 = 0.4228515625
3703/5005  0.010405  434/1024 = 0.423828125
3707/5005  0.010161  442/1024 = 0.431640625
3711/5005  0.010160  445/1024 = 0.4345703125
3715/5005  0.010670  431/1024 = 0.4208984375
3719/5005  0.010497  437/1024 = 0.4267578125
3723/5005  0.010432  432/1024 = 0.421875
3727/5005  0.010579  425/1024 = 0.4150390625
3731/5005  0.010003  447/1024 = 0.4365234375
3735/5005  0.010313  430/1024 = 0.419921875
3739/5005  0.010283  447/1024 = 0.4365234375
3743/5005  0.010548  422/1024 = 0.412109375
3747/5005  0.011146  397/1024 = 0.3876953125
3751/5005  0.010217  428/1024 = 0.41796875
3755/5005  0.010594  428/1024 = 0.41796875
3759/5005  0.010403  429/1024 = 0.4189453125
3763/5005  0.010548  435/1024 = 0.4248046875
3767/5005  0.009815  444/1024 = 0.43359375
3771/5005  0.010416  429/1024 = 0.4189453125
3775/5005  0.010651  411/1024 = 0.4013671875
3779/5005  0.010354  420/1024 = 0.41015625
3783/5005  0.009727  451/1024 = 0.4404296875
3787/5005  0.010506  421/1024 = 0.4111328125
3791/5005  0.010683  410/1024 = 0.400390625
3795/5005  0.010432  407/1024 = 0.3974609375
3799/5005  0.010276  432/1024 = 0.421875
3803/5005  0.010738  413/1024 = 0.4033203125
3807/5005  0.009997  450/1024 = 0.439453125
3811/5005  0.010175  454/1024 = 0.443359375
3815/5005  0.010277  442/1024 = 0.431640625
3819/5005  0.010105  441/1024 = 0.4306640625
3823/5005  0.010390  463/1024 = 0.4521484375
3827/5005  0.010905  381/1024 = 0.3720703125
3831/5005  0.010321  443/1024 = 0.4326171875
3835/5005  0.010284  432/1024 = 0.421875
3839/5005  0.010353  435/1024 = 0.4248046875
3843/5005  0.009938  448/1024 = 0.4375
3847/5005  0.010558  439/1024 = 0.4287109375
3851/5005  0.009865  423/1024 = 0.4130859375
3855/5005  0.010838  422/1024 = 0.412109375
3859/5005  0.010373  446/1024 = 0.435546875
3863/5005  0.010225  446/1024 = 0.435546875
3867/5005  0.010233  439/1024 = 0.4287109375
3871/5005  0.009977  462/1024 = 0.451171875
3875/5005  0.010543  426/1024 = 0.416015625
3879/5005  0.010143  429/1024 = 0.4189453125
3883/5005  0.010271  439/1024 = 0.4287109375
3887/5005  0.010697  426/1024 = 0.416015625
3891/5005  0.010107  421/1024 = 0.4111328125
3895/5005  0.010123  453/1024 = 0.4423828125
3899/5005  0.010101  439/1024 = 0.4287109375
3903/5005  0.009599  474/1024 = 0.462890625
3907/5005  0.009872  444/1024 = 0.43359375
3911/5005  0.010548  425/1024 = 0.4150390625
3915/5005  0.009872  453/1024 = 0.4423828125
3919/5005  0.010528  422/1024 = 0.412109375
3923/5005  0.010774  384/1024 = 0.375
3927/5005  0.009910  449/1024 = 0.4384765625
3931/5005  0.010024  432/1024 = 0.421875
3935/5005  0.010364  433/1024 = 0.4228515625
3939/5005  0.009958  452/1024 = 0.44140625
3943/5005  0.010157  432/1024 = 0.421875
3947/5005  0.010521  421/1024 = 0.4111328125
3951/5005  0.010160  431/1024 = 0.4208984375
3955/5005  0.010108  419/1024 = 0.4091796875
3959/5005  0.009727  424/1024 = 0.4140625
3963/5005  0.010090  443/1024 = 0.4326171875
3967/5005  0.010397  442/1024 = 0.431640625
3971/5005  0.010601  418/1024 = 0.408203125
3975/5005  0.010285  417/1024 = 0.4072265625
3979/5005  0.009882  438/1024 = 0.427734375
3983/5005  0.010061  441/1024 = 0.4306640625
3987/5005  0.010509  442/1024 = 0.431640625
3991/5005  0.010691  428/1024 = 0.41796875
3995/5005  0.009830  429/1024 = 0.4189453125
3999/5005  0.010049  449/1024 = 0.4384765625
4003/5005  0.010259  448/1024 = 0.4375
4007/5005  0.010479  416/1024 = 0.40625
4011/5005  0.010439  408/1024 = 0.3984375
4015/5005  0.010562  417/1024 = 0.4072265625
4019/5005  0.010222  419/1024 = 0.4091796875
4023/5005  0.009892  435/1024 = 0.4248046875
4027/5005  0.010049  427/1024 = 0.4169921875
4031/5005  0.010249  436/1024 = 0.42578125
4035/5005  0.010458  427/1024 = 0.4169921875
4039/5005  0.010128  434/1024 = 0.423828125
4043/5005  0.010149  433/1024 = 0.4228515625
4047/5005  0.010044  440/1024 = 0.4296875
4051/5005  0.010284  434/1024 = 0.423828125
4055/5005  0.011032  397/1024 = 0.3876953125
4059/5005  0.010258  411/1024 = 0.4013671875
4063/5005  0.010405  436/1024 = 0.42578125
4067/5005  0.010089  441/1024 = 0.4306640625
4071/5005  0.009994  442/1024 = 0.431640625
4075/5005  0.009788  471/1024 = 0.4599609375
4079/5005  0.010466  424/1024 = 0.4140625
4083/5005  0.010856  409/1024 = 0.3994140625
4087/5005  0.010539  413/1024 = 0.4033203125
4091/5005  0.010305  438/1024 = 0.427734375
4095/5005  0.010077  436/1024 = 0.42578125
4099/5005  0.009931  448/1024 = 0.4375
4103/5005  0.010514  427/1024 = 0.4169921875
4107/5005  0.010470  414/1024 = 0.404296875
4111/5005  0.010317  425/1024 = 0.4150390625
4115/5005  0.010253  444/1024 = 0.43359375
4119/5005  0.010183  435/1024 = 0.4248046875
4123/5005  0.010630  423/1024 = 0.4130859375
4127/5005  0.010177  449/1024 = 0.4384765625
4131/5005  0.009761  450/1024 = 0.439453125
4135/5005  0.010086  459/1024 = 0.4482421875
4139/5005  0.010420  420/1024 = 0.41015625
4143/5005  0.010071  418/1024 = 0.408203125
4147/5005  0.010582  416/1024 = 0.40625
4151/5005  0.010407  428/1024 = 0.41796875
4155/5005  0.010240  443/1024 = 0.4326171875
4159/5005  0.010569  422/1024 = 0.412109375
4163/5005  0.010787  427/1024 = 0.4169921875
4167/5005  0.010345  407/1024 = 0.3974609375
4171/5005  0.010554  421/1024 = 0.4111328125
4175/5005  0.011017  387/1024 = 0.3779296875
4179/5005  0.010441  425/1024 = 0.4150390625
4183/5005  0.009886  459/1024 = 0.4482421875
4187/5005  0.010135  426/1024 = 0.416015625
4191/5005  0.009994  437/1024 = 0.4267578125
4195/5005  0.010854  413/1024 = 0.4033203125
4199/5005  0.010609  431/1024 = 0.4208984375
4203/5005  0.010579  437/1024 = 0.4267578125
4207/5005  0.009629  444/1024 = 0.43359375
4211/5005  0.010446  433/1024 = 0.4228515625
4215/5005  0.010224  444/1024 = 0.43359375
4219/5005  0.010354  421/1024 = 0.4111328125
4223/5005  0.010248  438/1024 = 0.427734375
4227/5005  0.010083  445/1024 = 0.4345703125
4231/5005  0.010496  415/1024 = 0.4052734375
4235/5005  0.010487  420/1024 = 0.41015625
4239/5005  0.010653  420/1024 = 0.41015625
4243/5005  0.010333  411/1024 = 0.4013671875
4247/5005  0.009939  434/1024 = 0.423828125
4251/5005  0.009938  446/1024 = 0.435546875
4255/5005  0.010353  430/1024 = 0.419921875
4259/5005  0.010601  437/1024 = 0.4267578125
4263/5005  0.010382  432/1024 = 0.421875
4267/5005  0.009988  455/1024 = 0.4443359375
4271/5005  0.010257  437/1024 = 0.4267578125
4275/5005  0.009985  438/1024 = 0.427734375
4279/5005  0.010187  440/1024 = 0.4296875
4283/5005  0.009848  446/1024 = 0.435546875
4287/5005  0.010499  414/1024 = 0.404296875
4291/5005  0.010811  416/1024 = 0.40625
4295/5005  0.010401  438/1024 = 0.427734375
4299/5005  0.010213  424/1024 = 0.4140625
4303/5005  0.010049  435/1024 = 0.4248046875
4307/5005  0.010738  417/1024 = 0.4072265625
4311/5005  0.010460  415/1024 = 0.4052734375
4315/5005  0.010142  437/1024 = 0.4267578125
4319/5005  0.009793  467/1024 = 0.4560546875
4323/5005  0.010248  442/1024 = 0.431640625
4327/5005  0.010277  429/1024 = 0.4189453125
4331/5005  0.010318  428/1024 = 0.41796875
4335/5005  0.009786  446/1024 = 0.435546875
4339/5005  0.010592  425/1024 = 0.4150390625
4343/5005  0.010733  417/1024 = 0.4072265625
4347/5005  0.010088  446/1024 = 0.435546875
4351/5005  0.010167  430/1024 = 0.419921875
4355/5005  0.010290  418/1024 = 0.408203125
4359/5005  0.010145  437/1024 = 0.4267578125
4363/5005  0.010094  420/1024 = 0.41015625
4367/5005  0.010265  417/1024 = 0.4072265625
4371/5005  0.010432  418/1024 = 0.408203125
4375/5005  0.010510  442/1024 = 0.431640625
4379/5005  0.010126  450/1024 = 0.439453125
4383/5005  0.010418  428/1024 = 0.41796875
4387/5005  0.010448  429/1024 = 0.4189453125
4391/5005  0.010071  445/1024 = 0.4345703125
4395/5005  0.010616  404/1024 = 0.39453125
4399/5005  0.009969  443/1024 = 0.4326171875
4403/5005  0.010400  446/1024 = 0.435546875
4407/5005  0.011078  424/1024 = 0.4140625
4411/5005  0.010428  425/1024 = 0.4150390625
4415/5005  0.010543  440/1024 = 0.4296875
4419/5005  0.010525  440/1024 = 0.4296875
4423/5005  0.009595  485/1024 = 0.4736328125
4427/5005  0.010061  445/1024 = 0.4345703125
4431/5005  0.010377  421/1024 = 0.4111328125
4435/5005  0.010190  451/1024 = 0.4404296875
4439/5005  0.010150  437/1024 = 0.4267578125
4443/5005  0.010188  453/1024 = 0.4423828125
4447/5005  0.010103  446/1024 = 0.435546875
4451/5005  0.010226  446/1024 = 0.435546875
4455/5005  0.010075  428/1024 = 0.41796875
4459/5005  0.010269  452/1024 = 0.44140625
4463/5005  0.010767  394/1024 = 0.384765625
4467/5005  0.010142  440/1024 = 0.4296875
4471/5005  0.010535  445/1024 = 0.4345703125
4475/5005  0.010389  436/1024 = 0.42578125
4479/5005  0.010020  447/1024 = 0.4365234375
4483/5005  0.010519  433/1024 = 0.4228515625
4487/5005  0.011213  388/1024 = 0.37890625
4491/5005  0.010712  421/1024 = 0.4111328125
4495/5005  0.010261  453/1024 = 0.4423828125
4499/5005  0.010718  406/1024 = 0.396484375
4503/5005  0.010495  441/1024 = 0.4306640625
4507/5005  0.010221  444/1024 = 0.43359375
4511/5005  0.009937  450/1024 = 0.439453125
4515/5005  0.010401  438/1024 = 0.427734375
4519/5005  0.009794  436/1024 = 0.42578125
4523/5005  0.009990  453/1024 = 0.4423828125
4527/5005  0.009992  440/1024 = 0.4296875
4531/5005  0.010401  422/1024 = 0.412109375
4535/5005  0.010221  427/1024 = 0.4169921875
4539/5005  0.009879  455/1024 = 0.4443359375
4543/5005  0.010632  427/1024 = 0.4169921875
4547/5005  0.009800  470/1024 = 0.458984375
4551/5005  0.010537  423/1024 = 0.4130859375
4555/5005  0.010477  426/1024 = 0.416015625
4559/5005  0.010346  439/1024 = 0.4287109375
4563/5005  0.010349  429/1024 = 0.4189453125
4567/5005  0.009956  429/1024 = 0.4189453125
4571/5005  0.010464  414/1024 = 0.404296875
4575/5005  0.010472  417/1024 = 0.4072265625
4579/5005  0.010489  428/1024 = 0.41796875
4583/5005  0.010462  424/1024 = 0.4140625
4587/5005  0.010618  411/1024 = 0.4013671875
4591/5005  0.009681  464/1024 = 0.453125
4595/5005  0.009870  426/1024 = 0.416015625
4599/5005  0.010087  431/1024 = 0.4208984375
4603/5005  0.010291  436/1024 = 0.42578125
4607/5005  0.010498  413/1024 = 0.4033203125
4611/5005  0.009830  448/1024 = 0.4375
4615/5005  0.010326  418/1024 = 0.408203125
4619/5005  0.010465  397/1024 = 0.3876953125
4623/5005  0.010175  437/1024 = 0.4267578125
4627/5005  0.010511  420/1024 = 0.41015625
4631/5005  0.009941  448/1024 = 0.4375
4635/5005  0.009627  462/1024 = 0.451171875
4639/5005  0.010464  436/1024 = 0.42578125
4643/5005  0.010750  411/1024 = 0.4013671875
4647/5005  0.010725  409/1024 = 0.3994140625
4651/5005  0.009610  463/1024 = 0.4521484375
4655/5005  0.010860  406/1024 = 0.396484375
4659/5005  0.010071  425/1024 = 0.4150390625
4663/5005  0.010233  445/1024 = 0.4345703125
4667/5005  0.010725  411/1024 = 0.4013671875
4671/5005  0.010239  439/1024 = 0.4287109375
4675/5005  0.010305  447/1024 = 0.4365234375
4679/5005  0.010163  439/1024 = 0.4287109375
4683/5005  0.010339  450/1024 = 0.439453125
4687/5005  0.009643  454/1024 = 0.443359375
4691/5005  0.010800  419/1024 = 0.4091796875
4695/5005  0.010822  417/1024 = 0.4072265625
4699/5005  0.010312  422/1024 = 0.412109375
4703/5005  0.010355  458/1024 = 0.447265625
4707/5005  0.010529  435/1024 = 0.4248046875
4711/5005  0.010372  432/1024 = 0.421875
4715/5005  0.010509  442/1024 = 0.431640625
4719/5005  0.010512  405/1024 = 0.3955078125
4723/5005  0.010389  444/1024 = 0.43359375
4727/5005  0.010386  431/1024 = 0.4208984375
4731/5005  0.010108  439/1024 = 0.4287109375
4735/5005  0.010596  404/1024 = 0.39453125
4739/5005  0.010534  425/1024 = 0.4150390625
4743/5005  0.010152  448/1024 = 0.4375
4747/5005  0.010763  429/1024 = 0.4189453125
4751/5005  0.010573  423/1024 = 0.4130859375
4755/5005  0.010377  418/1024 = 0.408203125
4759/5005  0.009970  445/1024 = 0.4345703125
4763/5005  0.010182  437/1024 = 0.4267578125
4767/5005  0.010201  444/1024 = 0.43359375
4771/5005  0.010008  437/1024 = 0.4267578125
4775/5005  0.010065  442/1024 = 0.431640625
4779/5005  0.009723  434/1024 = 0.423828125
4783/5005  0.010241  435/1024 = 0.4248046875
4787/5005  0.010719  399/1024 = 0.3896484375
4791/5005  0.010137  452/1024 = 0.44140625
4795/5005  0.010433  437/1024 = 0.4267578125
4799/5005  0.009738  475/1024 = 0.4638671875
4803/5005  0.009612  454/1024 = 0.443359375
4807/5005  0.010528  412/1024 = 0.40234375
4811/5005  0.010106  459/1024 = 0.4482421875
4815/5005  0.009929  446/1024 = 0.435546875
4819/5005  0.010547  422/1024 = 0.412109375
4823/5005  0.010503  422/1024 = 0.412109375
4827/5005  0.009911  449/1024 = 0.4384765625
4831/5005  0.010039  433/1024 = 0.4228515625
4835/5005  0.009986  433/1024 = 0.4228515625
4839/5005  0.010203  433/1024 = 0.4228515625
4843/5005  0.010579  433/1024 = 0.4228515625
4847/5005  0.010232  435/1024 = 0.4248046875
4851/5005  0.010149  427/1024 = 0.4169921875
4855/5005  0.010176  420/1024 = 0.41015625
4859/5005  0.010348  444/1024 = 0.43359375
4863/5005  0.010388  413/1024 = 0.4033203125
4867/5005  0.010415  420/1024 = 0.41015625
4871/5005  0.010103  450/1024 = 0.439453125
4875/5005  0.010145  445/1024 = 0.4345703125
4879/5005  0.010422  437/1024 = 0.4267578125
4883/5005  0.010433  447/1024 = 0.4365234375
4887/5005  0.010179  429/1024 = 0.4189453125
4891/5005  0.009895  438/1024 = 0.427734375
4895/5005  0.010165  441/1024 = 0.4306640625
4899/5005  0.009949  442/1024 = 0.431640625
4903/5005  0.010028  430/1024 = 0.419921875
4907/5005  0.010258  431/1024 = 0.4208984375
4911/5005  0.010340  430/1024 = 0.419921875
4915/5005  0.010396  437/1024 = 0.4267578125
4919/5005  0.010036  449/1024 = 0.4384765625
4923/5005  0.010123  443/1024 = 0.4326171875
4927/5005  0.009830  462/1024 = 0.451171875
4931/5005  0.010253  442/1024 = 0.431640625
4935/5005  0.009821  460/1024 = 0.44921875
4939/5005  0.010211  429/1024 = 0.4189453125
4943/5005  0.010058  413/1024 = 0.4033203125
4947/5005  0.010107  459/1024 = 0.4482421875
4951/5005  0.009975  445/1024 = 0.4345703125
4955/5005  0.010352  417/1024 = 0.4072265625
4959/5005  0.010770  411/1024 = 0.4013671875
4963/5005  0.010101  442/1024 = 0.431640625
4967/5005  0.010019  429/1024 = 0.4189453125
4971/5005  0.010229  434/1024 = 0.423828125
4975/5005  0.010089  438/1024 = 0.427734375
4979/5005  0.010249  447/1024 = 0.4365234375
4983/5005  0.010198  460/1024 = 0.44921875
4987/5005  0.010103  461/1024 = 0.4501953125
4991/5005  0.010571  411/1024 = 0.4013671875
4995/5005  0.009649  463/1024 = 0.4521484375
4999/5005  0.010352  423/1024 = 0.4130859375
5003/5005  0.010367  424/1024 = 0.4140625
1:27:39.671644
# writing to data/ex20201226_trainVGG16_epoch008.pth
