VGG(
  (features): Sequential(
    (0): Conv2d(3, 64, kernel_size=(3, 3), stride=(1, 1), padding=(1, 1))
    (1): ReLU(inplace=True)
    (2): Conv2d(64, 64, kernel_size=(3, 3), stride=(1, 1), padding=(1, 1))
    (3): ReLU(inplace=True)
    (4): MaxPool2d(kernel_size=2, stride=2, padding=0, dilation=1, ceil_mode=False)
    (5): Conv2d(64, 128, kernel_size=(3, 3), stride=(1, 1), padding=(1, 1))
    (6): ReLU(inplace=True)
    (7): Conv2d(128, 128, kernel_size=(3, 3), stride=(1, 1), padding=(1, 1))
    (8): ReLU(inplace=True)
    (9): MaxPool2d(kernel_size=2, stride=2, padding=0, dilation=1, ceil_mode=False)
    (10): Conv2d(128, 256, kernel_size=(3, 3), stride=(1, 1), padding=(1, 1))
    (11): ReLU(inplace=True)
    (12): Conv2d(256, 256, kernel_size=(3, 3), stride=(1, 1), padding=(1, 1))
    (13): ReLU(inplace=True)
    (14): Conv2d(256, 256, kernel_size=(3, 3), stride=(1, 1), padding=(1, 1))
    (15): ReLU(inplace=True)
    (16): MaxPool2d(kernel_size=2, stride=2, padding=0, dilation=1, ceil_mode=False)
    (17): Conv2d(256, 512, kernel_size=(3, 3), stride=(1, 1), padding=(1, 1))
    (18): ReLU(inplace=True)
    (19): Conv2d(512, 512, kernel_size=(3, 3), stride=(1, 1), padding=(1, 1))
    (20): ReLU(inplace=True)
    (21): Conv2d(512, 512, kernel_size=(3, 3), stride=(1, 1), padding=(1, 1))
    (22): ReLU(inplace=True)
    (23): MaxPool2d(kernel_size=2, stride=2, padding=0, dilation=1, ceil_mode=False)
    (24): Conv2d(512, 512, kernel_size=(3, 3), stride=(1, 1), padding=(1, 1))
    (25): ReLU(inplace=True)
    (26): Conv2d(512, 512, kernel_size=(3, 3), stride=(1, 1), padding=(1, 1))
    (27): ReLU(inplace=True)
    (28): Conv2d(512, 512, kernel_size=(3, 3), stride=(1, 1), padding=(1, 1))
    (29): ReLU(inplace=True)
    (30): MaxPool2d(kernel_size=2, stride=2, padding=0, dilation=1, ceil_mode=False)
  )
  (avgpool): AdaptiveAvgPool2d(output_size=(7, 7))
  (classifier): Sequential(
    (0): Linear(in_features=25088, out_features=4096, bias=True)
    (1): ReLU(inplace=True)
    (2): Dropout(p=0.5, inplace=False)
    (3): Linear(in_features=4096, out_features=4096, bias=True)
    (4): ReLU(inplace=True)
    (5): Dropout(p=0.5, inplace=False)
    (6): Linear(in_features=4096, out_features=1000, bias=True)
  )
)
# using cuda
3/5005  0.016566  164/1024 = 0.16015625
7/5005  0.016134  188/1024 = 0.18359375
11/5005  0.016208  185/1024 = 0.1806640625
15/5005  0.015778  195/1024 = 0.1904296875
19/5005  0.015974  196/1024 = 0.19140625
23/5005  0.015814  196/1024 = 0.19140625
27/5005  0.016572  173/1024 = 0.1689453125
31/5005  0.016179  169/1024 = 0.1650390625
35/5005  0.015478  220/1024 = 0.21484375
39/5005  0.015873  176/1024 = 0.171875
43/5005  0.016116  215/1024 = 0.2099609375
47/5005  0.015632  201/1024 = 0.1962890625
51/5005  0.015987  188/1024 = 0.18359375
55/5005  0.015450  201/1024 = 0.1962890625
59/5005  0.015514  202/1024 = 0.197265625
63/5005  0.015812  210/1024 = 0.205078125
67/5005  0.015410  210/1024 = 0.205078125
71/5005  0.015990  181/1024 = 0.1767578125
75/5005  0.015990  178/1024 = 0.173828125
79/5005  0.015656  218/1024 = 0.212890625
83/5005  0.015664  194/1024 = 0.189453125
87/5005  0.015497  214/1024 = 0.208984375
91/5005  0.016098  186/1024 = 0.181640625
95/5005  0.015931  203/1024 = 0.1982421875
99/5005  0.015728  186/1024 = 0.181640625
103/5005  0.015620  192/1024 = 0.1875
107/5005  0.015560  206/1024 = 0.201171875
111/5005  0.015551  203/1024 = 0.1982421875
115/5005  0.016134  193/1024 = 0.1884765625
119/5005  0.015564  204/1024 = 0.19921875
123/5005  0.015747  206/1024 = 0.201171875
127/5005  0.015514  201/1024 = 0.1962890625
131/5005  0.015877  199/1024 = 0.1943359375
135/5005  0.015322  203/1024 = 0.1982421875
139/5005  0.015659  197/1024 = 0.1923828125
143/5005  0.015957  194/1024 = 0.189453125
147/5005  0.015606  197/1024 = 0.1923828125
151/5005  0.015752  205/1024 = 0.2001953125
155/5005  0.015747  199/1024 = 0.1943359375
159/5005  0.015861  194/1024 = 0.189453125
163/5005  0.015617  206/1024 = 0.201171875
167/5005  0.015697  214/1024 = 0.208984375
171/5005  0.015693  189/1024 = 0.1845703125
175/5005  0.015596  216/1024 = 0.2109375
179/5005  0.016129  211/1024 = 0.2060546875
183/5005  0.016097  193/1024 = 0.1884765625
187/5005  0.015998  194/1024 = 0.189453125
191/5005  0.016145  179/1024 = 0.1748046875
195/5005  0.015339  225/1024 = 0.2197265625
199/5005  0.015693  194/1024 = 0.189453125
203/5005  0.015523  206/1024 = 0.201171875
207/5005  0.014907  237/1024 = 0.2314453125
211/5005  0.015624  199/1024 = 0.1943359375
215/5005  0.016090  198/1024 = 0.193359375
219/5005  0.015901  202/1024 = 0.197265625
223/5005  0.016289  170/1024 = 0.166015625
227/5005  0.015362  219/1024 = 0.2138671875
231/5005  0.015864  189/1024 = 0.1845703125
235/5005  0.015122  211/1024 = 0.2060546875
239/5005  0.015794  203/1024 = 0.1982421875
243/5005  0.015647  212/1024 = 0.20703125
247/5005  0.015637  197/1024 = 0.1923828125
251/5005  0.015579  203/1024 = 0.1982421875
255/5005  0.016162  181/1024 = 0.1767578125
259/5005  0.015210  207/1024 = 0.2021484375
263/5005  0.015729  210/1024 = 0.205078125
267/5005  0.015518  210/1024 = 0.205078125
271/5005  0.015505  200/1024 = 0.1953125
275/5005  0.015310  226/1024 = 0.220703125
279/5005  0.016108  196/1024 = 0.19140625
283/5005  0.016239  186/1024 = 0.181640625
287/5005  0.015419  227/1024 = 0.2216796875
291/5005  0.015589  209/1024 = 0.2041015625
295/5005  0.015897  204/1024 = 0.19921875
299/5005  0.016172  184/1024 = 0.1796875
303/5005  0.016069  192/1024 = 0.1875
307/5005  0.015243  230/1024 = 0.224609375
311/5005  0.015990  204/1024 = 0.19921875
315/5005  0.015609  215/1024 = 0.2099609375
319/5005  0.015492  207/1024 = 0.2021484375
323/5005  0.015758  206/1024 = 0.201171875
327/5005  0.015418  196/1024 = 0.19140625
331/5005  0.015807  206/1024 = 0.201171875
335/5005  0.015734  207/1024 = 0.2021484375
339/5005  0.015711  206/1024 = 0.201171875
343/5005  0.015915  184/1024 = 0.1796875
347/5005  0.015699  204/1024 = 0.19921875
351/5005  0.015594  214/1024 = 0.208984375
355/5005  0.016013  190/1024 = 0.185546875
359/5005  0.015246  208/1024 = 0.203125
363/5005  0.015595  200/1024 = 0.1953125
367/5005  0.015423  211/1024 = 0.2060546875
371/5005  0.015540  196/1024 = 0.19140625
375/5005  0.015665  201/1024 = 0.1962890625
379/5005  0.015911  195/1024 = 0.1904296875
383/5005  0.015466  222/1024 = 0.216796875
387/5005  0.015715  195/1024 = 0.1904296875
391/5005  0.015709  199/1024 = 0.1943359375
395/5005  0.015792  201/1024 = 0.1962890625
399/5005  0.015222  224/1024 = 0.21875
403/5005  0.015522  216/1024 = 0.2109375
407/5005  0.015565  193/1024 = 0.1884765625
411/5005  0.015030  222/1024 = 0.216796875
415/5005  0.015500  195/1024 = 0.1904296875
419/5005  0.016065  178/1024 = 0.173828125
423/5005  0.015505  226/1024 = 0.220703125
427/5005  0.015174  217/1024 = 0.2119140625
431/5005  0.015650  215/1024 = 0.2099609375
435/5005  0.015907  199/1024 = 0.1943359375
439/5005  0.015550  207/1024 = 0.2021484375
443/5005  0.015211  195/1024 = 0.1904296875
447/5005  0.016158  175/1024 = 0.1708984375
451/5005  0.015302  214/1024 = 0.208984375
455/5005  0.015471  203/1024 = 0.1982421875
459/5005  0.015360  218/1024 = 0.212890625
463/5005  0.015764  212/1024 = 0.20703125
467/5005  0.015546  198/1024 = 0.193359375
471/5005  0.015837  206/1024 = 0.201171875
475/5005  0.015715  199/1024 = 0.1943359375
479/5005  0.015707  206/1024 = 0.201171875
483/5005  0.015365  198/1024 = 0.193359375
487/5005  0.015449  211/1024 = 0.2060546875
491/5005  0.015420  207/1024 = 0.2021484375
495/5005  0.015644  209/1024 = 0.2041015625
499/5005  0.015579  211/1024 = 0.2060546875
503/5005  0.015294  222/1024 = 0.216796875
507/5005  0.015546  198/1024 = 0.193359375
511/5005  0.016022  191/1024 = 0.1865234375
515/5005  0.015576  211/1024 = 0.2060546875
519/5005  0.015639  196/1024 = 0.19140625
523/5005  0.014960  243/1024 = 0.2373046875
527/5005  0.015662  195/1024 = 0.1904296875
531/5005  0.015696  202/1024 = 0.197265625
535/5005  0.015267  206/1024 = 0.201171875
539/5005  0.016023  194/1024 = 0.189453125
543/5005  0.015744  201/1024 = 0.1962890625
547/5005  0.015323  208/1024 = 0.203125
551/5005  0.015645  195/1024 = 0.1904296875
555/5005  0.015890  214/1024 = 0.208984375
559/5005  0.016016  210/1024 = 0.205078125
563/5005  0.015801  179/1024 = 0.1748046875
567/5005  0.015312  220/1024 = 0.21484375
571/5005  0.015969  202/1024 = 0.197265625
575/5005  0.015390  201/1024 = 0.1962890625
579/5005  0.015866  211/1024 = 0.2060546875
583/5005  0.015050  232/1024 = 0.2265625
587/5005  0.015429  225/1024 = 0.2197265625
591/5005  0.015762  211/1024 = 0.2060546875
595/5005  0.015673  214/1024 = 0.208984375
599/5005  0.015382  223/1024 = 0.2177734375
603/5005  0.015548  202/1024 = 0.197265625
607/5005  0.015359  182/1024 = 0.177734375
611/5005  0.015609  208/1024 = 0.203125
615/5005  0.015282  236/1024 = 0.23046875
619/5005  0.015501  214/1024 = 0.208984375
623/5005  0.015831  182/1024 = 0.177734375
627/5005  0.015671  213/1024 = 0.2080078125
631/5005  0.014934  232/1024 = 0.2265625
635/5005  0.015342  219/1024 = 0.2138671875
639/5005  0.015398  222/1024 = 0.216796875
643/5005  0.015811  206/1024 = 0.201171875
647/5005  0.015573  199/1024 = 0.1943359375
651/5005  0.015545  217/1024 = 0.2119140625
655/5005  0.015565  205/1024 = 0.2001953125
659/5005  0.015581  223/1024 = 0.2177734375
663/5005  0.015054  229/1024 = 0.2236328125
667/5005  0.015113  223/1024 = 0.2177734375
671/5005  0.015448  222/1024 = 0.216796875
675/5005  0.015574  206/1024 = 0.201171875
679/5005  0.015596  188/1024 = 0.18359375
683/5005  0.015341  222/1024 = 0.216796875
687/5005  0.015466  212/1024 = 0.20703125
691/5005  0.015131  221/1024 = 0.2158203125
695/5005  0.015710  194/1024 = 0.189453125
699/5005  0.015451  204/1024 = 0.19921875
703/5005  0.015327  199/1024 = 0.1943359375
707/5005  0.015110  211/1024 = 0.2060546875
711/5005  0.015372  217/1024 = 0.2119140625
715/5005  0.015546  201/1024 = 0.1962890625
719/5005  0.015663  212/1024 = 0.20703125
723/5005  0.015454  219/1024 = 0.2138671875
727/5005  0.015273  224/1024 = 0.21875
731/5005  0.015038  226/1024 = 0.220703125
735/5005  0.014944  232/1024 = 0.2265625
739/5005  0.015697  200/1024 = 0.1953125
743/5005  0.015209  239/1024 = 0.2333984375
747/5005  0.015223  228/1024 = 0.22265625
751/5005  0.014983  248/1024 = 0.2421875
755/5005  0.015534  203/1024 = 0.1982421875
759/5005  0.015316  198/1024 = 0.193359375
763/5005  0.014997  206/1024 = 0.201171875
767/5005  0.015447  210/1024 = 0.205078125
771/5005  0.015286  224/1024 = 0.21875
775/5005  0.015419  214/1024 = 0.208984375
779/5005  0.015818  206/1024 = 0.201171875
783/5005  0.014855  225/1024 = 0.2197265625
787/5005  0.015526  208/1024 = 0.203125
791/5005  0.015536  206/1024 = 0.201171875
795/5005  0.015405  204/1024 = 0.19921875
799/5005  0.015297  216/1024 = 0.2109375
803/5005  0.015482  210/1024 = 0.205078125
807/5005  0.015249  221/1024 = 0.2158203125
811/5005  0.015084  207/1024 = 0.2021484375
815/5005  0.015073  184/1024 = 0.1796875
819/5005  0.015365  208/1024 = 0.203125
823/5005  0.015408  214/1024 = 0.208984375
827/5005  0.015493  232/1024 = 0.2265625
831/5005  0.015103  227/1024 = 0.2216796875
835/5005  0.015729  219/1024 = 0.2138671875
839/5005  0.015291  210/1024 = 0.205078125
843/5005  0.014993  235/1024 = 0.2294921875
847/5005  0.015680  218/1024 = 0.212890625
851/5005  0.015033  236/1024 = 0.23046875
855/5005  0.015076  229/1024 = 0.2236328125
859/5005  0.015247  230/1024 = 0.224609375
863/5005  0.015590  202/1024 = 0.197265625
867/5005  0.015240  229/1024 = 0.2236328125
871/5005  0.015614  213/1024 = 0.2080078125
875/5005  0.015360  216/1024 = 0.2109375
879/5005  0.015287  215/1024 = 0.2099609375
883/5005  0.015493  217/1024 = 0.2119140625
887/5005  0.014959  200/1024 = 0.1953125
891/5005  0.015375  216/1024 = 0.2109375
895/5005  0.014756  245/1024 = 0.2392578125
899/5005  0.015508  200/1024 = 0.1953125
903/5005  0.015204  206/1024 = 0.201171875
907/5005  0.015477  216/1024 = 0.2109375
911/5005  0.014991  236/1024 = 0.23046875
915/5005  0.015076  212/1024 = 0.20703125
919/5005  0.015517  209/1024 = 0.2041015625
923/5005  0.015069  246/1024 = 0.240234375
927/5005  0.015404  200/1024 = 0.1953125
931/5005  0.016005  191/1024 = 0.1865234375
935/5005  0.015117  217/1024 = 0.2119140625
939/5005  0.014618  245/1024 = 0.2392578125
943/5005  0.015007  226/1024 = 0.220703125
947/5005  0.015440  207/1024 = 0.2021484375
951/5005  0.015117  214/1024 = 0.208984375
955/5005  0.015723  207/1024 = 0.2021484375
959/5005  0.014947  242/1024 = 0.236328125
963/5005  0.015298  211/1024 = 0.2060546875
967/5005  0.015246  212/1024 = 0.20703125
971/5005  0.015211  241/1024 = 0.2353515625
975/5005  0.015146  206/1024 = 0.201171875
979/5005  0.015970  206/1024 = 0.201171875
983/5005  0.015744  192/1024 = 0.1875
987/5005  0.015279  205/1024 = 0.2001953125
991/5005  0.015242  210/1024 = 0.205078125
995/5005  0.014640  234/1024 = 0.228515625
999/5005  0.015315  221/1024 = 0.2158203125
1003/5005  0.015492  223/1024 = 0.2177734375
1007/5005  0.015215  211/1024 = 0.2060546875
1011/5005  0.014719  238/1024 = 0.232421875
1015/5005  0.015334  227/1024 = 0.2216796875
1019/5005  0.015231  231/1024 = 0.2255859375
1023/5005  0.015553  199/1024 = 0.1943359375
1027/5005  0.014876  220/1024 = 0.21484375
1031/5005  0.015668  211/1024 = 0.2060546875
1035/5005  0.015404  222/1024 = 0.216796875
1039/5005  0.014967  229/1024 = 0.2236328125
1043/5005  0.015563  193/1024 = 0.1884765625
1047/5005  0.015316  215/1024 = 0.2099609375
1051/5005  0.015346  217/1024 = 0.2119140625
1055/5005  0.015377  218/1024 = 0.212890625
1059/5005  0.015136  201/1024 = 0.1962890625
1063/5005  0.015455  206/1024 = 0.201171875
1067/5005  0.014990  227/1024 = 0.2216796875
1071/5005  0.015255  198/1024 = 0.193359375
1075/5005  0.015579  220/1024 = 0.21484375
1079/5005  0.015428  202/1024 = 0.197265625
1083/5005  0.015403  213/1024 = 0.2080078125
1087/5005  0.015155  222/1024 = 0.216796875
1091/5005  0.015169  231/1024 = 0.2255859375
1095/5005  0.015453  205/1024 = 0.2001953125
1099/5005  0.015115  216/1024 = 0.2109375
1103/5005  0.015302  204/1024 = 0.19921875
1107/5005  0.015425  212/1024 = 0.20703125
1111/5005  0.015400  216/1024 = 0.2109375
1115/5005  0.015380  212/1024 = 0.20703125
1119/5005  0.015539  213/1024 = 0.2080078125
1123/5005  0.015167  194/1024 = 0.189453125
1127/5005  0.015375  210/1024 = 0.205078125
1131/5005  0.014897  222/1024 = 0.216796875
1135/5005  0.015606  212/1024 = 0.20703125
1139/5005  0.015009  221/1024 = 0.2158203125
1143/5005  0.015168  204/1024 = 0.19921875
1147/5005  0.014938  238/1024 = 0.232421875
1151/5005  0.015569  197/1024 = 0.1923828125
1155/5005  0.015660  202/1024 = 0.197265625
1159/5005  0.015407  214/1024 = 0.208984375
1163/5005  0.014948  240/1024 = 0.234375
1167/5005  0.014576  234/1024 = 0.228515625
1171/5005  0.014904  215/1024 = 0.2099609375
1175/5005  0.015620  201/1024 = 0.1962890625
1179/5005  0.014723  228/1024 = 0.22265625
1183/5005  0.015730  223/1024 = 0.2177734375
1187/5005  0.015189  220/1024 = 0.21484375
1191/5005  0.015180  231/1024 = 0.2255859375
1195/5005  0.015109  209/1024 = 0.2041015625
1199/5005  0.015084  223/1024 = 0.2177734375
1203/5005  0.015567  186/1024 = 0.181640625
1207/5005  0.015377  229/1024 = 0.2236328125
1211/5005  0.015421  215/1024 = 0.2099609375
1215/5005  0.015789  195/1024 = 0.1904296875
1219/5005  0.015136  215/1024 = 0.2099609375
1223/5005  0.015401  220/1024 = 0.21484375
1227/5005  0.015121  210/1024 = 0.205078125
1231/5005  0.015146  218/1024 = 0.212890625
1235/5005  0.015125  228/1024 = 0.22265625
1239/5005  0.014866  227/1024 = 0.2216796875
1243/5005  0.015575  212/1024 = 0.20703125
1247/5005  0.015181  227/1024 = 0.2216796875
1251/5005  0.014979  222/1024 = 0.216796875
1255/5005  0.014702  207/1024 = 0.2021484375
1259/5005  0.015037  245/1024 = 0.2392578125
1263/5005  0.015436  211/1024 = 0.2060546875
1267/5005  0.015436  191/1024 = 0.1865234375
1271/5005  0.015354  206/1024 = 0.201171875
1275/5005  0.015375  220/1024 = 0.21484375
1279/5005  0.015543  211/1024 = 0.2060546875
1283/5005  0.015605  198/1024 = 0.193359375
1287/5005  0.014865  233/1024 = 0.2275390625
1291/5005  0.015505  215/1024 = 0.2099609375
1295/5005  0.015339  203/1024 = 0.1982421875
1299/5005  0.015047  236/1024 = 0.23046875
1303/5005  0.015617  220/1024 = 0.21484375
1307/5005  0.015138  232/1024 = 0.2265625
1311/5005  0.014880  239/1024 = 0.2333984375
1315/5005  0.015066  214/1024 = 0.208984375
1319/5005  0.015602  202/1024 = 0.197265625
1323/5005  0.015143  221/1024 = 0.2158203125
1327/5005  0.015420  215/1024 = 0.2099609375
1331/5005  0.015549  225/1024 = 0.2197265625
1335/5005  0.015068  217/1024 = 0.2119140625
1339/5005  0.014985  220/1024 = 0.21484375
1343/5005  0.014672  238/1024 = 0.232421875
1347/5005  0.015124  201/1024 = 0.1962890625
1351/5005  0.015267  202/1024 = 0.197265625
1355/5005  0.015462  225/1024 = 0.2197265625
1359/5005  0.015425  213/1024 = 0.2080078125
1363/5005  0.015084  236/1024 = 0.23046875
1367/5005  0.015543  223/1024 = 0.2177734375
1371/5005  0.015127  192/1024 = 0.1875
1375/5005  0.015430  213/1024 = 0.2080078125
1379/5005  0.015013  204/1024 = 0.19921875
1383/5005  0.015227  215/1024 = 0.2099609375
1387/5005  0.014926  225/1024 = 0.2197265625
1391/5005  0.015116  240/1024 = 0.234375
1395/5005  0.015060  233/1024 = 0.2275390625
1399/5005  0.015619  204/1024 = 0.19921875
1403/5005  0.014995  237/1024 = 0.2314453125
1407/5005  0.015425  213/1024 = 0.2080078125
1411/5005  0.015135  227/1024 = 0.2216796875
1415/5005  0.015126  212/1024 = 0.20703125
1419/5005  0.015123  217/1024 = 0.2119140625
1423/5005  0.015215  230/1024 = 0.224609375
1427/5005  0.014887  245/1024 = 0.2392578125
1431/5005  0.015325  218/1024 = 0.212890625
1435/5005  0.014657  220/1024 = 0.21484375
1439/5005  0.015198  221/1024 = 0.2158203125
1443/5005  0.015734  202/1024 = 0.197265625
1447/5005  0.015424  211/1024 = 0.2060546875
1451/5005  0.014841  221/1024 = 0.2158203125
1455/5005  0.015464  209/1024 = 0.2041015625
1459/5005  0.014979  231/1024 = 0.2255859375
1463/5005  0.015355  207/1024 = 0.2021484375
1467/5005  0.015014  227/1024 = 0.2216796875
1471/5005  0.015311  228/1024 = 0.22265625
1475/5005  0.015081  208/1024 = 0.203125
1479/5005  0.014936  244/1024 = 0.23828125
1483/5005  0.015503  208/1024 = 0.203125
1487/5005  0.015546  207/1024 = 0.2021484375
1491/5005  0.014671  244/1024 = 0.23828125
1495/5005  0.015333  224/1024 = 0.21875
1499/5005  0.014559  245/1024 = 0.2392578125
1503/5005  0.015387  222/1024 = 0.216796875
1507/5005  0.015096  227/1024 = 0.2216796875
1511/5005  0.015172  217/1024 = 0.2119140625
1515/5005  0.015256  200/1024 = 0.1953125
1519/5005  0.015246  211/1024 = 0.2060546875
1523/5005  0.015181  242/1024 = 0.236328125
1527/5005  0.014934  226/1024 = 0.220703125
1531/5005  0.015393  206/1024 = 0.201171875
1535/5005  0.015347  220/1024 = 0.21484375
1539/5005  0.015468  186/1024 = 0.181640625
1543/5005  0.016020  201/1024 = 0.1962890625
1547/5005  0.014783  244/1024 = 0.23828125
1551/5005  0.015219  219/1024 = 0.2138671875
1555/5005  0.015074  237/1024 = 0.2314453125
1559/5005  0.015095  240/1024 = 0.234375
1563/5005  0.015214  210/1024 = 0.205078125
1567/5005  0.015051  223/1024 = 0.2177734375
1571/5005  0.015487  220/1024 = 0.21484375
1575/5005  0.015161  236/1024 = 0.23046875
1579/5005  0.014766  237/1024 = 0.2314453125
1583/5005  0.014648  221/1024 = 0.2158203125
1587/5005  0.015557  214/1024 = 0.208984375
1591/5005  0.014784  218/1024 = 0.212890625
1595/5005  0.015063  237/1024 = 0.2314453125
1599/5005  0.015742  207/1024 = 0.2021484375
1603/5005  0.015208  220/1024 = 0.21484375
1607/5005  0.015105  234/1024 = 0.228515625
1611/5005  0.014868  242/1024 = 0.236328125
1615/5005  0.015415  197/1024 = 0.1923828125
1619/5005  0.015051  225/1024 = 0.2197265625
1623/5005  0.015364  196/1024 = 0.19140625
1627/5005  0.015226  219/1024 = 0.2138671875
1631/5005  0.015198  220/1024 = 0.21484375
1635/5005  0.015007  230/1024 = 0.224609375
1639/5005  0.015167  207/1024 = 0.2021484375
1643/5005  0.015151  232/1024 = 0.2265625
1647/5005  0.015193  224/1024 = 0.21875
1651/5005  0.014472  232/1024 = 0.2265625
1655/5005  0.014752  230/1024 = 0.224609375
1659/5005  0.015150  225/1024 = 0.2197265625
1663/5005  0.014955  223/1024 = 0.2177734375
1667/5005  0.015274  212/1024 = 0.20703125
1671/5005  0.014739  244/1024 = 0.23828125
1675/5005  0.014896  226/1024 = 0.220703125
1679/5005  0.015142  219/1024 = 0.2138671875
1683/5005  0.014953  229/1024 = 0.2236328125
1687/5005  0.015219  218/1024 = 0.212890625
1691/5005  0.015124  224/1024 = 0.21875
1695/5005  0.014932  227/1024 = 0.2216796875
1699/5005  0.014623  237/1024 = 0.2314453125
1703/5005  0.015525  205/1024 = 0.2001953125
1707/5005  0.015221  208/1024 = 0.203125
1711/5005  0.014659  235/1024 = 0.2294921875
1715/5005  0.015390  213/1024 = 0.2080078125
1719/5005  0.015330  236/1024 = 0.23046875
1723/5005  0.015123  228/1024 = 0.22265625
1727/5005  0.014865  230/1024 = 0.224609375
1731/5005  0.014758  246/1024 = 0.240234375
1735/5005  0.015297  208/1024 = 0.203125
1739/5005  0.015112  229/1024 = 0.2236328125
1743/5005  0.015207  206/1024 = 0.201171875
1747/5005  0.015190  210/1024 = 0.205078125
1751/5005  0.015009  221/1024 = 0.2158203125
1755/5005  0.014781  244/1024 = 0.23828125
1759/5005  0.014761  230/1024 = 0.224609375
1763/5005  0.015059  235/1024 = 0.2294921875
1767/5005  0.014776  254/1024 = 0.248046875
1771/5005  0.015017  237/1024 = 0.2314453125
1775/5005  0.014866  221/1024 = 0.2158203125
1779/5005  0.015061  211/1024 = 0.2060546875
1783/5005  0.014964  221/1024 = 0.2158203125
1787/5005  0.014875  230/1024 = 0.224609375
1791/5005  0.014989  217/1024 = 0.2119140625
1795/5005  0.015267  218/1024 = 0.212890625
1799/5005  0.014923  225/1024 = 0.2197265625
1803/5005  0.015255  207/1024 = 0.2021484375
1807/5005  0.015040  233/1024 = 0.2275390625
1811/5005  0.015632  213/1024 = 0.2080078125
1815/5005  0.014741  249/1024 = 0.2431640625
1819/5005  0.015447  209/1024 = 0.2041015625
1823/5005  0.015050  224/1024 = 0.21875
1827/5005  0.015217  208/1024 = 0.203125
1831/5005  0.015048  231/1024 = 0.2255859375
1835/5005  0.014990  223/1024 = 0.2177734375
1839/5005  0.014878  236/1024 = 0.23046875
1843/5005  0.014780  241/1024 = 0.2353515625
1847/5005  0.014924  229/1024 = 0.2236328125
1851/5005  0.014684  235/1024 = 0.2294921875
1855/5005  0.014929  231/1024 = 0.2255859375
1859/5005  0.014779  240/1024 = 0.234375
1863/5005  0.014880  247/1024 = 0.2412109375
1867/5005  0.015010  234/1024 = 0.228515625
1871/5005  0.015482  200/1024 = 0.1953125
1875/5005  0.014916  226/1024 = 0.220703125
1879/5005  0.015377  221/1024 = 0.2158203125
1883/5005  0.015249  211/1024 = 0.2060546875
1887/5005  0.015690  210/1024 = 0.205078125
1891/5005  0.014742  234/1024 = 0.228515625
1895/5005  0.015457  216/1024 = 0.2109375
1899/5005  0.015468  220/1024 = 0.21484375
1903/5005  0.015250  204/1024 = 0.19921875
1907/5005  0.015321  218/1024 = 0.212890625
1911/5005  0.014873  231/1024 = 0.2255859375
1915/5005  0.015176  207/1024 = 0.2021484375
1919/5005  0.014397  244/1024 = 0.23828125
1923/5005  0.014805  255/1024 = 0.2490234375
1927/5005  0.015381  238/1024 = 0.232421875
1931/5005  0.014975  238/1024 = 0.232421875
1935/5005  0.015167  213/1024 = 0.2080078125
1939/5005  0.014659  233/1024 = 0.2275390625
1943/5005  0.014544  244/1024 = 0.23828125
1947/5005  0.014815  227/1024 = 0.2216796875
1951/5005  0.014686  231/1024 = 0.2255859375
1955/5005  0.015237  233/1024 = 0.2275390625
1959/5005  0.014923  212/1024 = 0.20703125
1963/5005  0.014772  246/1024 = 0.240234375
1967/5005  0.014872  239/1024 = 0.2333984375
1971/5005  0.014923  224/1024 = 0.21875
1975/5005  0.015255  221/1024 = 0.2158203125
1979/5005  0.015458  210/1024 = 0.205078125
1983/5005  0.015218  226/1024 = 0.220703125
1987/5005  0.014830  226/1024 = 0.220703125
1991/5005  0.014536  245/1024 = 0.2392578125
1995/5005  0.015021  230/1024 = 0.224609375
1999/5005  0.014996  218/1024 = 0.212890625
2003/5005  0.014983  226/1024 = 0.220703125
2007/5005  0.015322  228/1024 = 0.22265625
2011/5005  0.014610  237/1024 = 0.2314453125
2015/5005  0.014762  240/1024 = 0.234375
2019/5005  0.015052  229/1024 = 0.2236328125
2023/5005  0.014852  215/1024 = 0.2099609375
2027/5005  0.015199  212/1024 = 0.20703125
2031/5005  0.015018  229/1024 = 0.2236328125
2035/5005  0.015203  224/1024 = 0.21875
2039/5005  0.014568  243/1024 = 0.2373046875
2043/5005  0.014668  252/1024 = 0.24609375
2047/5005  0.014952  231/1024 = 0.2255859375
2051/5005  0.015147  230/1024 = 0.224609375
2055/5005  0.015090  236/1024 = 0.23046875
2059/5005  0.015086  220/1024 = 0.21484375
2063/5005  0.014912  222/1024 = 0.216796875
2067/5005  0.014787  236/1024 = 0.23046875
2071/5005  0.015011  250/1024 = 0.244140625
2075/5005  0.015185  229/1024 = 0.2236328125
2079/5005  0.015157  230/1024 = 0.224609375
2083/5005  0.014562  258/1024 = 0.251953125
2087/5005  0.015294  207/1024 = 0.2021484375
2091/5005  0.014838  253/1024 = 0.2470703125
2095/5005  0.014661  246/1024 = 0.240234375
2099/5005  0.015206  227/1024 = 0.2216796875
2103/5005  0.015302  224/1024 = 0.21875
2107/5005  0.014460  248/1024 = 0.2421875
2111/5005  0.015100  237/1024 = 0.2314453125
2115/5005  0.014395  260/1024 = 0.25390625
2119/5005  0.015222  234/1024 = 0.228515625
2123/5005  0.015062  217/1024 = 0.2119140625
2127/5005  0.014933  217/1024 = 0.2119140625
2131/5005  0.014518  246/1024 = 0.240234375
2135/5005  0.014881  225/1024 = 0.2197265625
2139/5005  0.015007  216/1024 = 0.2109375
2143/5005  0.014629  246/1024 = 0.240234375
2147/5005  0.014851  249/1024 = 0.2431640625
2151/5005  0.015027  242/1024 = 0.236328125
2155/5005  0.014848  242/1024 = 0.236328125
2159/5005  0.015126  230/1024 = 0.224609375
2163/5005  0.014915  224/1024 = 0.21875
2167/5005  0.015062  240/1024 = 0.234375
2171/5005  0.014622  234/1024 = 0.228515625
2175/5005  0.014908  238/1024 = 0.232421875
2179/5005  0.014517  249/1024 = 0.2431640625
2183/5005  0.014808  231/1024 = 0.2255859375
2187/5005  0.014358  240/1024 = 0.234375
2191/5005  0.014945  234/1024 = 0.228515625
2195/5005  0.015050  210/1024 = 0.205078125
2199/5005  0.014954  228/1024 = 0.22265625
2203/5005  0.014651  237/1024 = 0.2314453125
2207/5005  0.014701  246/1024 = 0.240234375
2211/5005  0.014515  233/1024 = 0.2275390625
2215/5005  0.015290  221/1024 = 0.2158203125
2219/5005  0.014365  252/1024 = 0.24609375
2223/5005  0.015189  227/1024 = 0.2216796875
2227/5005  0.015154  212/1024 = 0.20703125
2231/5005  0.015013  221/1024 = 0.2158203125
2235/5005  0.014820  253/1024 = 0.2470703125
2239/5005  0.014784  233/1024 = 0.2275390625
2243/5005  0.014887  236/1024 = 0.23046875
2247/5005  0.014653  254/1024 = 0.248046875
2251/5005  0.014304  250/1024 = 0.244140625
2255/5005  0.014998  232/1024 = 0.2265625
2259/5005  0.014259  236/1024 = 0.23046875
2263/5005  0.014513  243/1024 = 0.2373046875
2267/5005  0.014226  256/1024 = 0.25
2271/5005  0.014287  248/1024 = 0.2421875
2275/5005  0.015284  238/1024 = 0.232421875
2279/5005  0.014917  220/1024 = 0.21484375
2283/5005  0.014784  224/1024 = 0.21875
2287/5005  0.015333  214/1024 = 0.208984375
2291/5005  0.014791  222/1024 = 0.216796875
2295/5005  0.014927  225/1024 = 0.2197265625
2299/5005  0.014844  228/1024 = 0.22265625
2303/5005  0.014629  247/1024 = 0.2412109375
2307/5005  0.015025  255/1024 = 0.2490234375
2311/5005  0.014801  230/1024 = 0.224609375
2315/5005  0.015099  240/1024 = 0.234375
2319/5005  0.015316  214/1024 = 0.208984375
2323/5005  0.014654  234/1024 = 0.228515625
2327/5005  0.014415  235/1024 = 0.2294921875
2331/5005  0.015028  248/1024 = 0.2421875
2335/5005  0.014890  216/1024 = 0.2109375
2339/5005  0.014315  237/1024 = 0.2314453125
2343/5005  0.014850  204/1024 = 0.19921875
2347/5005  0.014709  242/1024 = 0.236328125
2351/5005  0.015144  231/1024 = 0.2255859375
2355/5005  0.014717  256/1024 = 0.25
2359/5005  0.014513  245/1024 = 0.2392578125
2363/5005  0.015156  225/1024 = 0.2197265625
2367/5005  0.014970  208/1024 = 0.203125
2371/5005  0.014693  244/1024 = 0.23828125
2375/5005  0.014038  275/1024 = 0.2685546875
2379/5005  0.014872  237/1024 = 0.2314453125
2383/5005  0.014880  239/1024 = 0.2333984375
2387/5005  0.014813  228/1024 = 0.22265625
2391/5005  0.014761  232/1024 = 0.2265625
2395/5005  0.014551  239/1024 = 0.2333984375
2399/5005  0.014894  252/1024 = 0.24609375
2403/5005  0.014685  238/1024 = 0.232421875
2407/5005  0.014688  246/1024 = 0.240234375
2411/5005  0.015001  228/1024 = 0.22265625
2415/5005  0.014759  246/1024 = 0.240234375
2419/5005  0.014774  229/1024 = 0.2236328125
2423/5005  0.014698  239/1024 = 0.2333984375
2427/5005  0.014880  217/1024 = 0.2119140625
2431/5005  0.014781  222/1024 = 0.216796875
2435/5005  0.014707  232/1024 = 0.2265625
2439/5005  0.014886  234/1024 = 0.228515625
2443/5005  0.014552  250/1024 = 0.244140625
2447/5005  0.014485  249/1024 = 0.2431640625
2451/5005  0.014922  213/1024 = 0.2080078125
2455/5005  0.014898  255/1024 = 0.2490234375
2459/5005  0.014874  236/1024 = 0.23046875
2463/5005  0.014891  222/1024 = 0.216796875
2467/5005  0.014976  232/1024 = 0.2265625
2471/5005  0.014389  270/1024 = 0.263671875
2475/5005  0.014607  244/1024 = 0.23828125
2479/5005  0.015030  234/1024 = 0.228515625
2483/5005  0.014655  231/1024 = 0.2255859375
2487/5005  0.014685  247/1024 = 0.2412109375
2491/5005  0.015022  229/1024 = 0.2236328125
2495/5005  0.015037  228/1024 = 0.22265625
2499/5005  0.014870  249/1024 = 0.2431640625
2503/5005  0.014216  264/1024 = 0.2578125
2507/5005  0.014888  244/1024 = 0.23828125
2511/5005  0.014573  232/1024 = 0.2265625
2515/5005  0.014771  247/1024 = 0.2412109375
2519/5005  0.014400  257/1024 = 0.2509765625
2523/5005  0.014551  232/1024 = 0.2265625
2527/5005  0.015303  231/1024 = 0.2255859375
2531/5005  0.014559  258/1024 = 0.251953125
2535/5005  0.014881  235/1024 = 0.2294921875
2539/5005  0.014405  269/1024 = 0.2626953125
2543/5005  0.014581  228/1024 = 0.22265625
2547/5005  0.014402  250/1024 = 0.244140625
2551/5005  0.014718  241/1024 = 0.2353515625
2555/5005  0.014871  240/1024 = 0.234375
2559/5005  0.015219  230/1024 = 0.224609375
2563/5005  0.014439  246/1024 = 0.240234375
2567/5005  0.014460  247/1024 = 0.2412109375
2571/5005  0.014217  254/1024 = 0.248046875
2575/5005  0.014381  263/1024 = 0.2568359375
2579/5005  0.014331  273/1024 = 0.2666015625
2583/5005  0.014521  261/1024 = 0.2548828125
2587/5005  0.015213  238/1024 = 0.232421875
2591/5005  0.014639  220/1024 = 0.21484375
2595/5005  0.014144  269/1024 = 0.2626953125
2599/5005  0.014762  249/1024 = 0.2431640625
2603/5005  0.014736  234/1024 = 0.228515625
2607/5005  0.015063  226/1024 = 0.220703125
2611/5005  0.014645  251/1024 = 0.2451171875
2615/5005  0.014449  252/1024 = 0.24609375
2619/5005  0.014821  247/1024 = 0.2412109375
2623/5005  0.014535  244/1024 = 0.23828125
2627/5005  0.015366  233/1024 = 0.2275390625
2631/5005  0.014828  228/1024 = 0.22265625
2635/5005  0.014736  238/1024 = 0.232421875
2639/5005  0.014717  217/1024 = 0.2119140625
2643/5005  0.014824  231/1024 = 0.2255859375
2647/5005  0.014822  216/1024 = 0.2109375
2651/5005  0.014746  245/1024 = 0.2392578125
2655/5005  0.014351  260/1024 = 0.25390625
2659/5005  0.014733  244/1024 = 0.23828125
2663/5005  0.015386  201/1024 = 0.1962890625
2667/5005  0.015062  228/1024 = 0.22265625
2671/5005  0.015314  216/1024 = 0.2109375
2675/5005  0.014470  244/1024 = 0.23828125
2679/5005  0.014622  235/1024 = 0.2294921875
2683/5005  0.014780  250/1024 = 0.244140625
2687/5005  0.014192  255/1024 = 0.2490234375
2691/5005  0.014689  250/1024 = 0.244140625
2695/5005  0.014040  271/1024 = 0.2646484375
2699/5005  0.015118  206/1024 = 0.201171875
2703/5005  0.014906  231/1024 = 0.2255859375
2707/5005  0.014635  225/1024 = 0.2197265625
2711/5005  0.014498  247/1024 = 0.2412109375
2715/5005  0.014656  230/1024 = 0.224609375
2719/5005  0.014382  233/1024 = 0.2275390625
2723/5005  0.014462  259/1024 = 0.2529296875
2727/5005  0.014908  224/1024 = 0.21875
2731/5005  0.014708  233/1024 = 0.2275390625
2735/5005  0.014808  231/1024 = 0.2255859375
2739/5005  0.014056  269/1024 = 0.2626953125
2743/5005  0.014763  236/1024 = 0.23046875
2747/5005  0.014425  248/1024 = 0.2421875
2751/5005  0.014414  243/1024 = 0.2373046875
2755/5005  0.014868  236/1024 = 0.23046875
2759/5005  0.014759  240/1024 = 0.234375
2763/5005  0.014825  231/1024 = 0.2255859375
2767/5005  0.014581  252/1024 = 0.24609375
2771/5005  0.015124  218/1024 = 0.212890625
2775/5005  0.014627  242/1024 = 0.236328125
2779/5005  0.015120  228/1024 = 0.22265625
2783/5005  0.014497  250/1024 = 0.244140625
2787/5005  0.014946  234/1024 = 0.228515625
2791/5005  0.014669  240/1024 = 0.234375
2795/5005  0.014677  242/1024 = 0.236328125
2799/5005  0.015173  242/1024 = 0.236328125
2803/5005  0.014863  228/1024 = 0.22265625
2807/5005  0.014232  239/1024 = 0.2333984375
2811/5005  0.014580  241/1024 = 0.2353515625
2815/5005  0.014552  255/1024 = 0.2490234375
2819/5005  0.014396  244/1024 = 0.23828125
2823/5005  0.014579  273/1024 = 0.2666015625
2827/5005  0.014944  244/1024 = 0.23828125
2831/5005  0.014530  253/1024 = 0.2470703125
2835/5005  0.015095  230/1024 = 0.224609375
2839/5005  0.014582  252/1024 = 0.24609375
2843/5005  0.014560  238/1024 = 0.232421875
2847/5005  0.014558  238/1024 = 0.232421875
2851/5005  0.014527  241/1024 = 0.2353515625
2855/5005  0.014823  245/1024 = 0.2392578125
2859/5005  0.014658  233/1024 = 0.2275390625
2863/5005  0.014597  223/1024 = 0.2177734375
2867/5005  0.014761  215/1024 = 0.2099609375
2871/5005  0.014187  253/1024 = 0.2470703125
2875/5005  0.014981  228/1024 = 0.22265625
2879/5005  0.014417  259/1024 = 0.2529296875
2883/5005  0.014717  237/1024 = 0.2314453125
2887/5005  0.014002  265/1024 = 0.2587890625
2891/5005  0.014753  242/1024 = 0.236328125
2895/5005  0.014704  265/1024 = 0.2587890625
2899/5005  0.014520  244/1024 = 0.23828125
2903/5005  0.014733  244/1024 = 0.23828125
2907/5005  0.014778  254/1024 = 0.248046875
2911/5005  0.014553  245/1024 = 0.2392578125
2915/5005  0.014783  250/1024 = 0.244140625
2919/5005  0.014298  249/1024 = 0.2431640625
2923/5005  0.014809  233/1024 = 0.2275390625
2927/5005  0.014581  243/1024 = 0.2373046875
2931/5005  0.014370  259/1024 = 0.2529296875
2935/5005  0.014422  246/1024 = 0.240234375
2939/5005  0.014292  259/1024 = 0.2529296875
2943/5005  0.014905  224/1024 = 0.21875
2947/5005  0.014555  250/1024 = 0.244140625
2951/5005  0.014308  245/1024 = 0.2392578125
2955/5005  0.015139  228/1024 = 0.22265625
2959/5005  0.014404  241/1024 = 0.2353515625
2963/5005  0.015246  219/1024 = 0.2138671875
2967/5005  0.015063  217/1024 = 0.2119140625
2971/5005  0.014672  243/1024 = 0.2373046875
2975/5005  0.014485  270/1024 = 0.263671875
2979/5005  0.014513  263/1024 = 0.2568359375
2983/5005  0.014050  258/1024 = 0.251953125
2987/5005  0.014277  251/1024 = 0.2451171875
2991/5005  0.014500  252/1024 = 0.24609375
2995/5005  0.014496  238/1024 = 0.232421875
2999/5005  0.014595  244/1024 = 0.23828125
3003/5005  0.014256  245/1024 = 0.2392578125
3007/5005  0.014328  256/1024 = 0.25
3011/5005  0.014202  238/1024 = 0.232421875
3015/5005  0.014483  262/1024 = 0.255859375
3019/5005  0.014352  245/1024 = 0.2392578125
3023/5005  0.014034  281/1024 = 0.2744140625
3027/5005  0.014653  243/1024 = 0.2373046875
3031/5005  0.014346  264/1024 = 0.2578125
3035/5005  0.015136  236/1024 = 0.23046875
3039/5005  0.014792  223/1024 = 0.2177734375
3043/5005  0.014694  244/1024 = 0.23828125
3047/5005  0.014092  275/1024 = 0.2685546875
3051/5005  0.013943  262/1024 = 0.255859375
3055/5005  0.014576  236/1024 = 0.23046875
3059/5005  0.014417  231/1024 = 0.2255859375
3063/5005  0.014297  254/1024 = 0.248046875
3067/5005  0.013989  280/1024 = 0.2734375
3071/5005  0.014461  266/1024 = 0.259765625
3075/5005  0.014623  234/1024 = 0.228515625
3079/5005  0.014264  248/1024 = 0.2421875
3083/5005  0.014745  244/1024 = 0.23828125
3087/5005  0.014471  227/1024 = 0.2216796875
3091/5005  0.014613  229/1024 = 0.2236328125
3095/5005  0.014507  264/1024 = 0.2578125
3099/5005  0.014577  245/1024 = 0.2392578125
3103/5005  0.014728  258/1024 = 0.251953125
3107/5005  0.014950  238/1024 = 0.232421875
3111/5005  0.014230  257/1024 = 0.2509765625
3115/5005  0.014345  251/1024 = 0.2451171875
3119/5005  0.014639  227/1024 = 0.2216796875
3123/5005  0.014977  225/1024 = 0.2197265625
3127/5005  0.014865  220/1024 = 0.21484375
3131/5005  0.014561  246/1024 = 0.240234375
3135/5005  0.014715  242/1024 = 0.236328125
3139/5005  0.014567  258/1024 = 0.251953125
3143/5005  0.014208  255/1024 = 0.2490234375
3147/5005  0.014637  245/1024 = 0.2392578125
3151/5005  0.014614  247/1024 = 0.2412109375
3155/5005  0.014416  249/1024 = 0.2431640625
3159/5005  0.014315  259/1024 = 0.2529296875
3163/5005  0.014473  240/1024 = 0.234375
3167/5005  0.014689  215/1024 = 0.2099609375
3171/5005  0.014467  243/1024 = 0.2373046875
3175/5005  0.014994  231/1024 = 0.2255859375
3179/5005  0.014650  261/1024 = 0.2548828125
3183/5005  0.014372  246/1024 = 0.240234375
3187/5005  0.014561  238/1024 = 0.232421875
3191/5005  0.014553  262/1024 = 0.255859375
3195/5005  0.014359  255/1024 = 0.2490234375
3199/5005  0.014258  261/1024 = 0.2548828125
3203/5005  0.014493  242/1024 = 0.236328125
3207/5005  0.014455  254/1024 = 0.248046875
3211/5005  0.014745  235/1024 = 0.2294921875
3215/5005  0.013853  284/1024 = 0.27734375
3219/5005  0.014812  238/1024 = 0.232421875
3223/5005  0.014591  234/1024 = 0.228515625
3227/5005  0.014754  249/1024 = 0.2431640625
3231/5005  0.014223  257/1024 = 0.2509765625
3235/5005  0.014632  241/1024 = 0.2353515625
3239/5005  0.014858  231/1024 = 0.2255859375
3243/5005  0.014577  244/1024 = 0.23828125
3247/5005  0.014991  228/1024 = 0.22265625
3251/5005  0.014381  245/1024 = 0.2392578125
3255/5005  0.014742  231/1024 = 0.2255859375
3259/5005  0.014380  248/1024 = 0.2421875
3263/5005  0.015081  225/1024 = 0.2197265625
3267/5005  0.014602  254/1024 = 0.248046875
3271/5005  0.015183  217/1024 = 0.2119140625
3275/5005  0.014782  236/1024 = 0.23046875
3279/5005  0.014852  248/1024 = 0.2421875
3283/5005  0.014310  240/1024 = 0.234375
3287/5005  0.014818  241/1024 = 0.2353515625
3291/5005  0.014005  251/1024 = 0.2451171875
3295/5005  0.014693  237/1024 = 0.2314453125
3299/5005  0.014356  253/1024 = 0.2470703125
3303/5005  0.015070  229/1024 = 0.2236328125
3307/5005  0.014651  256/1024 = 0.25
3311/5005  0.014232  244/1024 = 0.23828125
3315/5005  0.014645  245/1024 = 0.2392578125
3319/5005  0.014402  254/1024 = 0.248046875
3323/5005  0.014199  261/1024 = 0.2548828125
3327/5005  0.014248  247/1024 = 0.2412109375
3331/5005  0.014937  228/1024 = 0.22265625
3335/5005  0.014044  264/1024 = 0.2578125
3339/5005  0.014123  265/1024 = 0.2587890625
3343/5005  0.014454  250/1024 = 0.244140625
3347/5005  0.014583  243/1024 = 0.2373046875
3351/5005  0.014544  250/1024 = 0.244140625
3355/5005  0.014284  262/1024 = 0.255859375
3359/5005  0.014285  265/1024 = 0.2587890625
3363/5005  0.014308  263/1024 = 0.2568359375
3367/5005  0.014329  228/1024 = 0.22265625
3371/5005  0.014213  280/1024 = 0.2734375
3375/5005  0.014580  253/1024 = 0.2470703125
3379/5005  0.014680  244/1024 = 0.23828125
3383/5005  0.014418  258/1024 = 0.251953125
3387/5005  0.014720  240/1024 = 0.234375
3391/5005  0.014274  261/1024 = 0.2548828125
3395/5005  0.014812  246/1024 = 0.240234375
3399/5005  0.014044  262/1024 = 0.255859375
3403/5005  0.014617  240/1024 = 0.234375
3407/5005  0.014201  262/1024 = 0.255859375
3411/5005  0.014339  258/1024 = 0.251953125
3415/5005  0.014596  245/1024 = 0.2392578125
3419/5005  0.014313  268/1024 = 0.26171875
3423/5005  0.014590  247/1024 = 0.2412109375
3427/5005  0.014519  256/1024 = 0.25
3431/5005  0.014280  278/1024 = 0.271484375
3435/5005  0.014614  263/1024 = 0.2568359375
3439/5005  0.014944  208/1024 = 0.203125
3443/5005  0.014677  243/1024 = 0.2373046875
3447/5005  0.013907  261/1024 = 0.2548828125
3451/5005  0.014602  232/1024 = 0.2265625
3455/5005  0.014579  236/1024 = 0.23046875
3459/5005  0.014993  239/1024 = 0.2333984375
3463/5005  0.014706  241/1024 = 0.2353515625
3467/5005  0.014710  243/1024 = 0.2373046875
3471/5005  0.014250  232/1024 = 0.2265625
3475/5005  0.014839  224/1024 = 0.21875
3479/5005  0.014671  234/1024 = 0.228515625
3483/5005  0.014432  263/1024 = 0.2568359375
3487/5005  0.014419  255/1024 = 0.2490234375
3491/5005  0.013712  280/1024 = 0.2734375
3495/5005  0.014466  255/1024 = 0.2490234375
3499/5005  0.014162  284/1024 = 0.27734375
3503/5005  0.014050  237/1024 = 0.2314453125
3507/5005  0.014291  252/1024 = 0.24609375
3511/5005  0.014625  239/1024 = 0.2333984375
3515/5005  0.014337  242/1024 = 0.236328125
3519/5005  0.014543  249/1024 = 0.2431640625
3523/5005  0.014751  251/1024 = 0.2451171875
3527/5005  0.014655  247/1024 = 0.2412109375
3531/5005  0.014083  267/1024 = 0.2607421875
3535/5005  0.014484  245/1024 = 0.2392578125
3539/5005  0.014504  260/1024 = 0.25390625
3543/5005  0.014354  259/1024 = 0.2529296875
3547/5005  0.014207  265/1024 = 0.2587890625
3551/5005  0.014323  235/1024 = 0.2294921875
3555/5005  0.014155  274/1024 = 0.267578125
3559/5005  0.014403  240/1024 = 0.234375
3563/5005  0.014577  245/1024 = 0.2392578125
3567/5005  0.014561  239/1024 = 0.2333984375
3571/5005  0.014488  248/1024 = 0.2421875
3575/5005  0.014247  256/1024 = 0.25
3579/5005  0.014291  251/1024 = 0.2451171875
3583/5005  0.014700  247/1024 = 0.2412109375
3587/5005  0.014271  259/1024 = 0.2529296875
3591/5005  0.014313  259/1024 = 0.2529296875
3595/5005  0.014727  247/1024 = 0.2412109375
3599/5005  0.014842  232/1024 = 0.2265625
3603/5005  0.014617  244/1024 = 0.23828125
3607/5005  0.014376  261/1024 = 0.2548828125
3611/5005  0.014297  252/1024 = 0.24609375
3615/5005  0.014290  262/1024 = 0.255859375
3619/5005  0.014152  240/1024 = 0.234375
3623/5005  0.014374  256/1024 = 0.25
3627/5005  0.013608  254/1024 = 0.248046875
3631/5005  0.014905  243/1024 = 0.2373046875
3635/5005  0.014244  267/1024 = 0.2607421875
3639/5005  0.014616  250/1024 = 0.244140625
3643/5005  0.014220  251/1024 = 0.2451171875
3647/5005  0.014605  241/1024 = 0.2353515625
3651/5005  0.014284  273/1024 = 0.2666015625
3655/5005  0.014010  257/1024 = 0.2509765625
3659/5005  0.013816  269/1024 = 0.2626953125
3663/5005  0.014058  273/1024 = 0.2666015625
3667/5005  0.014401  261/1024 = 0.2548828125
3671/5005  0.014827  236/1024 = 0.23046875
3675/5005  0.014369  249/1024 = 0.2431640625
3679/5005  0.014245  250/1024 = 0.244140625
3683/5005  0.014693  237/1024 = 0.2314453125
3687/5005  0.014263  247/1024 = 0.2412109375
3691/5005  0.014477  231/1024 = 0.2255859375
3695/5005  0.014160  265/1024 = 0.2587890625
3699/5005  0.014164  259/1024 = 0.2529296875
3703/5005  0.014384  227/1024 = 0.2216796875
3707/5005  0.014876  267/1024 = 0.2607421875
3711/5005  0.014500  253/1024 = 0.2470703125
3715/5005  0.014596  258/1024 = 0.251953125
3719/5005  0.014665  243/1024 = 0.2373046875
3723/5005  0.014664  239/1024 = 0.2333984375
3727/5005  0.014068  249/1024 = 0.2431640625
3731/5005  0.014133  275/1024 = 0.2685546875
3735/5005  0.014688  249/1024 = 0.2431640625
3739/5005  0.014155  251/1024 = 0.2451171875
3743/5005  0.014301  244/1024 = 0.23828125
3747/5005  0.013844  279/1024 = 0.2724609375
3751/5005  0.014349  240/1024 = 0.234375
3755/5005  0.013841  273/1024 = 0.2666015625
3759/5005  0.014067  261/1024 = 0.2548828125
3763/5005  0.013965  260/1024 = 0.25390625
3767/5005  0.014823  237/1024 = 0.2314453125
3771/5005  0.013895  278/1024 = 0.271484375
3775/5005  0.014018  266/1024 = 0.259765625
3779/5005  0.014508  244/1024 = 0.23828125
3783/5005  0.013899  253/1024 = 0.2470703125
3787/5005  0.014087  264/1024 = 0.2578125
3791/5005  0.013837  273/1024 = 0.2666015625
3795/5005  0.014351  254/1024 = 0.248046875
3799/5005  0.014099  270/1024 = 0.263671875
3803/5005  0.013994  267/1024 = 0.2607421875
3807/5005  0.013952  259/1024 = 0.2529296875
3811/5005  0.013891  264/1024 = 0.2578125
3815/5005  0.014317  251/1024 = 0.2451171875
3819/5005  0.014783  226/1024 = 0.220703125
3823/5005  0.014927  246/1024 = 0.240234375
3827/5005  0.014417  269/1024 = 0.2626953125
3831/5005  0.014104  255/1024 = 0.2490234375
3835/5005  0.014011  270/1024 = 0.263671875
3839/5005  0.014215  267/1024 = 0.2607421875
3843/5005  0.014055  260/1024 = 0.25390625
3847/5005  0.013811  273/1024 = 0.2666015625
3851/5005  0.014444  246/1024 = 0.240234375
3855/5005  0.014182  236/1024 = 0.23046875
3859/5005  0.014146  252/1024 = 0.24609375
3863/5005  0.014416  257/1024 = 0.2509765625
3867/5005  0.014517  262/1024 = 0.255859375
3871/5005  0.013565  278/1024 = 0.271484375
3875/5005  0.014284  250/1024 = 0.244140625
3879/5005  0.014129  258/1024 = 0.251953125
3883/5005  0.014783  261/1024 = 0.2548828125
3887/5005  0.014253  238/1024 = 0.232421875
3891/5005  0.014371  245/1024 = 0.2392578125
3895/5005  0.014251  259/1024 = 0.2529296875
3899/5005  0.013920  281/1024 = 0.2744140625
3903/5005  0.014207  260/1024 = 0.25390625
3907/5005  0.014291  267/1024 = 0.2607421875
3911/5005  0.014180  244/1024 = 0.23828125
3915/5005  0.014370  261/1024 = 0.2548828125
3919/5005  0.014062  254/1024 = 0.248046875
3923/5005  0.014331  262/1024 = 0.255859375
3927/5005  0.014252  274/1024 = 0.267578125
3931/5005  0.014162  266/1024 = 0.259765625
3935/5005  0.014427  248/1024 = 0.2421875
3939/5005  0.014424  249/1024 = 0.2431640625
3943/5005  0.014047  270/1024 = 0.263671875
3947/5005  0.014413  259/1024 = 0.2529296875
3951/5005  0.014360  252/1024 = 0.24609375
3955/5005  0.014253  264/1024 = 0.2578125
3959/5005  0.014105  252/1024 = 0.24609375
3963/5005  0.014759  246/1024 = 0.240234375
3967/5005  0.014241  267/1024 = 0.2607421875
3971/5005  0.014827  246/1024 = 0.240234375
3975/5005  0.014296  272/1024 = 0.265625
3979/5005  0.014228  246/1024 = 0.240234375
3983/5005  0.013829  264/1024 = 0.2578125
3987/5005  0.014669  230/1024 = 0.224609375
3991/5005  0.014079  279/1024 = 0.2724609375
3995/5005  0.014537  261/1024 = 0.2548828125
3999/5005  0.014437  245/1024 = 0.2392578125
4003/5005  0.014079  255/1024 = 0.2490234375
4007/5005  0.014117  261/1024 = 0.2548828125
4011/5005  0.014200  269/1024 = 0.2626953125
4015/5005  0.014336  240/1024 = 0.234375
4019/5005  0.014041  256/1024 = 0.25
4023/5005  0.013876  261/1024 = 0.2548828125
4027/5005  0.013818  265/1024 = 0.2587890625
4031/5005  0.013721  253/1024 = 0.2470703125
4035/5005  0.014132  260/1024 = 0.25390625
4039/5005  0.014243  271/1024 = 0.2646484375
4043/5005  0.014134  265/1024 = 0.2587890625
4047/5005  0.014224  269/1024 = 0.2626953125
4051/5005  0.014212  253/1024 = 0.2470703125
4055/5005  0.014602  237/1024 = 0.2314453125
4059/5005  0.013884  270/1024 = 0.263671875
4063/5005  0.014118  255/1024 = 0.2490234375
4067/5005  0.013985  252/1024 = 0.24609375
4071/5005  0.013924  271/1024 = 0.2646484375
4075/5005  0.014332  259/1024 = 0.2529296875
4079/5005  0.013999  256/1024 = 0.25
4083/5005  0.014170  256/1024 = 0.25
4087/5005  0.013785  286/1024 = 0.279296875
4091/5005  0.014056  277/1024 = 0.2705078125
4095/5005  0.014735  253/1024 = 0.2470703125
4099/5005  0.014099  260/1024 = 0.25390625
4103/5005  0.014127  265/1024 = 0.2587890625
4107/5005  0.014155  269/1024 = 0.2626953125
4111/5005  0.014219  249/1024 = 0.2431640625
4115/5005  0.014149  248/1024 = 0.2421875
4119/5005  0.014158  266/1024 = 0.259765625
4123/5005  0.014332  259/1024 = 0.2529296875
4127/5005  0.014196  254/1024 = 0.248046875
4131/5005  0.014370  246/1024 = 0.240234375
4135/5005  0.013934  260/1024 = 0.25390625
4139/5005  0.014100  290/1024 = 0.283203125
4143/5005  0.014128  265/1024 = 0.2587890625
4147/5005  0.014534  250/1024 = 0.244140625
4151/5005  0.013938  249/1024 = 0.2431640625
4155/5005  0.014020  275/1024 = 0.2685546875
4159/5005  0.014320  259/1024 = 0.2529296875
4163/5005  0.014305  263/1024 = 0.2568359375
4167/5005  0.013899  261/1024 = 0.2548828125
4171/5005  0.014151  267/1024 = 0.2607421875
4175/5005  0.014394  259/1024 = 0.2529296875
4179/5005  0.013961  270/1024 = 0.263671875
4183/5005  0.013905  265/1024 = 0.2587890625
4187/5005  0.013729  279/1024 = 0.2724609375
4191/5005  0.014007  275/1024 = 0.2685546875
4195/5005  0.014683  258/1024 = 0.251953125
4199/5005  0.014069  271/1024 = 0.2646484375
4203/5005  0.013995  262/1024 = 0.255859375
4207/5005  0.014047  266/1024 = 0.259765625
4211/5005  0.014241  249/1024 = 0.2431640625
4215/5005  0.013932  275/1024 = 0.2685546875
4219/5005  0.014596  236/1024 = 0.23046875
4223/5005  0.014232  259/1024 = 0.2529296875
4227/5005  0.014568  265/1024 = 0.2587890625
4231/5005  0.014399  241/1024 = 0.2353515625
4235/5005  0.014018  267/1024 = 0.2607421875
4239/5005  0.014327  256/1024 = 0.25
4243/5005  0.014320  273/1024 = 0.2666015625
4247/5005  0.013904  282/1024 = 0.275390625
4251/5005  0.014462  254/1024 = 0.248046875
4255/5005  0.014315  258/1024 = 0.251953125
4259/5005  0.014458  246/1024 = 0.240234375
4263/5005  0.014476  225/1024 = 0.2197265625
4267/5005  0.013704  289/1024 = 0.2822265625
4271/5005  0.014038  264/1024 = 0.2578125
4275/5005  0.013963  259/1024 = 0.2529296875
4279/5005  0.013759  272/1024 = 0.265625
4283/5005  0.014113  257/1024 = 0.2509765625
4287/5005  0.014442  262/1024 = 0.255859375
4291/5005  0.014101  269/1024 = 0.2626953125
4295/5005  0.014275  287/1024 = 0.2802734375
4299/5005  0.014336  251/1024 = 0.2451171875
4303/5005  0.014103  244/1024 = 0.23828125
4307/5005  0.014041  267/1024 = 0.2607421875
4311/5005  0.014012  267/1024 = 0.2607421875
4315/5005  0.014142  266/1024 = 0.259765625
4319/5005  0.014127  260/1024 = 0.25390625
4323/5005  0.013994  271/1024 = 0.2646484375
4327/5005  0.014284  249/1024 = 0.2431640625
4331/5005  0.014089  264/1024 = 0.2578125
4335/5005  0.013962  271/1024 = 0.2646484375
4339/5005  0.014093  246/1024 = 0.240234375
4343/5005  0.014385  244/1024 = 0.23828125
4347/5005  0.014059  265/1024 = 0.2587890625
4351/5005  0.014257  256/1024 = 0.25
4355/5005  0.014024  271/1024 = 0.2646484375
4359/5005  0.014551  239/1024 = 0.2333984375
4363/5005  0.014180  252/1024 = 0.24609375
4367/5005  0.014119  260/1024 = 0.25390625
4371/5005  0.014373  248/1024 = 0.2421875
4375/5005  0.014262  251/1024 = 0.2451171875
4379/5005  0.013875  286/1024 = 0.279296875
4383/5005  0.014156  255/1024 = 0.2490234375
4387/5005  0.014219  261/1024 = 0.2548828125
4391/5005  0.014091  264/1024 = 0.2578125
4395/5005  0.014796  251/1024 = 0.2451171875
4399/5005  0.014185  265/1024 = 0.2587890625
4403/5005  0.013974  261/1024 = 0.2548828125
4407/5005  0.013319  293/1024 = 0.2861328125
4411/5005  0.013874  249/1024 = 0.2431640625
4415/5005  0.014029  275/1024 = 0.2685546875
4419/5005  0.013648  290/1024 = 0.283203125
4423/5005  0.013873  258/1024 = 0.251953125
4427/5005  0.013803  252/1024 = 0.24609375
4431/5005  0.014069  266/1024 = 0.259765625
4435/5005  0.014624  251/1024 = 0.2451171875
4439/5005  0.013505  282/1024 = 0.275390625
4443/5005  0.013969  256/1024 = 0.25
4447/5005  0.014424  262/1024 = 0.255859375
4451/5005  0.013757  262/1024 = 0.255859375
4455/5005  0.013965  281/1024 = 0.2744140625
4459/5005  0.014403  259/1024 = 0.2529296875
4463/5005  0.013987  273/1024 = 0.2666015625
4467/5005  0.013754  281/1024 = 0.2744140625
4471/5005  0.013857  269/1024 = 0.2626953125
4475/5005  0.013912  275/1024 = 0.2685546875
4479/5005  0.014452  266/1024 = 0.259765625
4483/5005  0.014462  246/1024 = 0.240234375
4487/5005  0.013795  269/1024 = 0.2626953125
4491/5005  0.014356  264/1024 = 0.2578125
4495/5005  0.014380  260/1024 = 0.25390625
4499/5005  0.014505  244/1024 = 0.23828125
4503/5005  0.014385  250/1024 = 0.244140625
4507/5005  0.013936  277/1024 = 0.2705078125
4511/5005  0.013775  292/1024 = 0.28515625
4515/5005  0.014117  258/1024 = 0.251953125
4519/5005  0.014104  276/1024 = 0.26953125
4523/5005  0.014518  271/1024 = 0.2646484375
4527/5005  0.013405  295/1024 = 0.2880859375
4531/5005  0.014027  257/1024 = 0.2509765625
4535/5005  0.014204  251/1024 = 0.2451171875
4539/5005  0.014084  291/1024 = 0.2841796875
4543/5005  0.014050  269/1024 = 0.2626953125
4547/5005  0.014145  260/1024 = 0.25390625
4551/5005  0.013960  280/1024 = 0.2734375
4555/5005  0.014067  260/1024 = 0.25390625
4559/5005  0.013492  277/1024 = 0.2705078125
4563/5005  0.014179  252/1024 = 0.24609375
4567/5005  0.014237  258/1024 = 0.251953125
4571/5005  0.014045  262/1024 = 0.255859375
4575/5005  0.013760  269/1024 = 0.2626953125
4579/5005  0.014201  257/1024 = 0.2509765625
4583/5005  0.014191  271/1024 = 0.2646484375
4587/5005  0.014008  273/1024 = 0.2666015625
4591/5005  0.014030  263/1024 = 0.2568359375
4595/5005  0.013545  282/1024 = 0.275390625
4599/5005  0.014404  254/1024 = 0.248046875
4603/5005  0.014145  285/1024 = 0.2783203125
4607/5005  0.014229  275/1024 = 0.2685546875
4611/5005  0.013956  279/1024 = 0.2724609375
4615/5005  0.013942  270/1024 = 0.263671875
4619/5005  0.013785  295/1024 = 0.2880859375
4623/5005  0.014150  281/1024 = 0.2744140625
4627/5005  0.014772  231/1024 = 0.2255859375
4631/5005  0.013946  299/1024 = 0.2919921875
4635/5005  0.014146  279/1024 = 0.2724609375
4639/5005  0.013998  264/1024 = 0.2578125
4643/5005  0.013844  269/1024 = 0.2626953125
4647/5005  0.013841  272/1024 = 0.265625
4651/5005  0.014162  271/1024 = 0.2646484375
4655/5005  0.013869  278/1024 = 0.271484375
4659/5005  0.014202  269/1024 = 0.2626953125
4663/5005  0.013385  271/1024 = 0.2646484375
4667/5005  0.014535  247/1024 = 0.2412109375
4671/5005  0.013427  283/1024 = 0.2763671875
4675/5005  0.013825  267/1024 = 0.2607421875
4679/5005  0.014385  238/1024 = 0.232421875
4683/5005  0.014304  260/1024 = 0.25390625
4687/5005  0.013774  279/1024 = 0.2724609375
4691/5005  0.013962  277/1024 = 0.2705078125
4695/5005  0.014517  265/1024 = 0.2587890625
4699/5005  0.014019  259/1024 = 0.2529296875
4703/5005  0.013882  284/1024 = 0.27734375
4707/5005  0.014374  258/1024 = 0.251953125
4711/5005  0.014103  282/1024 = 0.275390625
4715/5005  0.014357  254/1024 = 0.248046875
4719/5005  0.013736  281/1024 = 0.2744140625
4723/5005  0.014093  286/1024 = 0.279296875
4727/5005  0.014148  267/1024 = 0.2607421875
4731/5005  0.014213  274/1024 = 0.267578125
4735/5005  0.013948  259/1024 = 0.2529296875
4739/5005  0.014207  260/1024 = 0.25390625
4743/5005  0.014515  258/1024 = 0.251953125
4747/5005  0.014481  258/1024 = 0.251953125
4751/5005  0.013832  291/1024 = 0.2841796875
4755/5005  0.013715  289/1024 = 0.2822265625
4759/5005  0.013714  285/1024 = 0.2783203125
4763/5005  0.014045  271/1024 = 0.2646484375
4767/5005  0.013996  261/1024 = 0.2548828125
4771/5005  0.013496  298/1024 = 0.291015625
4775/5005  0.014244  272/1024 = 0.265625
4779/5005  0.014160  259/1024 = 0.2529296875
4783/5005  0.014230  264/1024 = 0.2578125
4787/5005  0.014225  259/1024 = 0.2529296875
4791/5005  0.014095  274/1024 = 0.267578125
4795/5005  0.014364  257/1024 = 0.2509765625
4799/5005  0.014140  252/1024 = 0.24609375
4803/5005  0.014276  259/1024 = 0.2529296875
4807/5005  0.013970  263/1024 = 0.2568359375
4811/5005  0.013705  268/1024 = 0.26171875
4815/5005  0.013681  289/1024 = 0.2822265625
4819/5005  0.014587  245/1024 = 0.2392578125
4823/5005  0.013360  300/1024 = 0.29296875
4827/5005  0.013628  286/1024 = 0.279296875
4831/5005  0.013968  267/1024 = 0.2607421875
4835/5005  0.013831  270/1024 = 0.263671875
4839/5005  0.013431  262/1024 = 0.255859375
4843/5005  0.014010  268/1024 = 0.26171875
4847/5005  0.013810  280/1024 = 0.2734375
4851/5005  0.013576  290/1024 = 0.283203125
4855/5005  0.013932  250/1024 = 0.244140625
4859/5005  0.013704  293/1024 = 0.2861328125
4863/5005  0.014345  244/1024 = 0.23828125
4867/5005  0.013776  277/1024 = 0.2705078125
4871/5005  0.014236  249/1024 = 0.2431640625
4875/5005  0.013712  269/1024 = 0.2626953125
4879/5005  0.014417  241/1024 = 0.2353515625
4883/5005  0.013632  280/1024 = 0.2734375
4887/5005  0.013799  260/1024 = 0.25390625
4891/5005  0.014113  259/1024 = 0.2529296875
4895/5005  0.014253  245/1024 = 0.2392578125
4899/5005  0.014036  275/1024 = 0.2685546875
4903/5005  0.013365  287/1024 = 0.2802734375
4907/5005  0.013761  295/1024 = 0.2880859375
4911/5005  0.013459  282/1024 = 0.275390625
4915/5005  0.013625  271/1024 = 0.2646484375
4919/5005  0.013874  266/1024 = 0.259765625
4923/5005  0.013853  281/1024 = 0.2744140625
4927/5005  0.013977  279/1024 = 0.2724609375
4931/5005  0.013635  281/1024 = 0.2744140625
4935/5005  0.014255  263/1024 = 0.2568359375
4939/5005  0.013908  283/1024 = 0.2763671875
4943/5005  0.013906  281/1024 = 0.2744140625
4947/5005  0.013907  273/1024 = 0.2666015625
4951/5005  0.013730  282/1024 = 0.275390625
4955/5005  0.013494  272/1024 = 0.265625
4959/5005  0.013630  278/1024 = 0.271484375
4963/5005  0.013692  252/1024 = 0.24609375
4967/5005  0.014305  242/1024 = 0.236328125
4971/5005  0.013487  292/1024 = 0.28515625
4975/5005  0.013856  272/1024 = 0.265625
4979/5005  0.014169  251/1024 = 0.2451171875
4983/5005  0.013635  291/1024 = 0.2841796875
4987/5005  0.013916  284/1024 = 0.27734375
4991/5005  0.013810  275/1024 = 0.2685546875
4995/5005  0.014253  259/1024 = 0.2529296875
4999/5005  0.013585  280/1024 = 0.2734375
5003/5005  0.013697  278/1024 = 0.271484375
1:27:43.232001
