VGG(
  (features): Sequential(
    (0): Conv2d(3, 64, kernel_size=(3, 3), stride=(1, 1), padding=(1, 1))
    (1): ReLU(inplace=True)
    (2): Conv2d(64, 64, kernel_size=(3, 3), stride=(1, 1), padding=(1, 1))
    (3): ReLU(inplace=True)
    (4): MaxPool2d(kernel_size=2, stride=2, padding=0, dilation=1, ceil_mode=False)
    (5): Conv2d(64, 128, kernel_size=(3, 3), stride=(1, 1), padding=(1, 1))
    (6): ReLU(inplace=True)
    (7): Conv2d(128, 128, kernel_size=(3, 3), stride=(1, 1), padding=(1, 1))
    (8): ReLU(inplace=True)
    (9): MaxPool2d(kernel_size=2, stride=2, padding=0, dilation=1, ceil_mode=False)
    (10): Conv2d(128, 256, kernel_size=(3, 3), stride=(1, 1), padding=(1, 1))
    (11): ReLU(inplace=True)
    (12): Conv2d(256, 256, kernel_size=(3, 3), stride=(1, 1), padding=(1, 1))
    (13): ReLU(inplace=True)
    (14): Conv2d(256, 256, kernel_size=(3, 3), stride=(1, 1), padding=(1, 1))
    (15): ReLU(inplace=True)
    (16): MaxPool2d(kernel_size=2, stride=2, padding=0, dilation=1, ceil_mode=False)
    (17): Conv2d(256, 512, kernel_size=(3, 3), stride=(1, 1), padding=(1, 1))
    (18): ReLU(inplace=True)
    (19): Conv2d(512, 512, kernel_size=(3, 3), stride=(1, 1), padding=(1, 1))
    (20): ReLU(inplace=True)
    (21): Conv2d(512, 512, kernel_size=(3, 3), stride=(1, 1), padding=(1, 1))
    (22): ReLU(inplace=True)
    (23): MaxPool2d(kernel_size=2, stride=2, padding=0, dilation=1, ceil_mode=False)
    (24): Conv2d(512, 512, kernel_size=(3, 3), stride=(1, 1), padding=(1, 1))
    (25): ReLU(inplace=True)
    (26): Conv2d(512, 512, kernel_size=(3, 3), stride=(1, 1), padding=(1, 1))
    (27): ReLU(inplace=True)
    (28): Conv2d(512, 512, kernel_size=(3, 3), stride=(1, 1), padding=(1, 1))
    (29): ReLU(inplace=True)
    (30): MaxPool2d(kernel_size=2, stride=2, padding=0, dilation=1, ceil_mode=False)
  )
  (avgpool): AdaptiveAvgPool2d(output_size=(7, 7))
  (classifier): Sequential(
    (0): Linear(in_features=25088, out_features=4096, bias=True)
    (1): ReLU(inplace=True)
    (2): Dropout(p=0.5, inplace=False)
    (3): Linear(in_features=4096, out_features=4096, bias=True)
    (4): ReLU(inplace=True)
    (5): Dropout(p=0.5, inplace=False)
    (6): Linear(in_features=4096, out_features=1000, bias=True)
  )
)
# using cuda
3/5005  0.011794  370/1024 = 0.361328125
7/5005  0.012246  352/1024 = 0.34375
11/5005  0.011841  362/1024 = 0.353515625
15/5005  0.012035  348/1024 = 0.33984375
19/5005  0.011635  372/1024 = 0.36328125
23/5005  0.011713  370/1024 = 0.361328125
27/5005  0.011480  369/1024 = 0.3603515625
31/5005  0.011791  350/1024 = 0.341796875
35/5005  0.011284  382/1024 = 0.373046875
39/5005  0.011588  366/1024 = 0.357421875
43/5005  0.011703  356/1024 = 0.34765625
47/5005  0.011665  361/1024 = 0.3525390625
51/5005  0.010816  396/1024 = 0.38671875
55/5005  0.011807  369/1024 = 0.3603515625
59/5005  0.011558  374/1024 = 0.365234375
63/5005  0.011787  369/1024 = 0.3603515625
67/5005  0.011318  385/1024 = 0.3759765625
71/5005  0.012175  354/1024 = 0.345703125
75/5005  0.011472  380/1024 = 0.37109375
79/5005  0.011954  370/1024 = 0.361328125
83/5005  0.011599  374/1024 = 0.365234375
87/5005  0.011484  365/1024 = 0.3564453125
91/5005  0.011969  347/1024 = 0.3388671875
95/5005  0.011533  373/1024 = 0.3642578125
99/5005  0.011722  338/1024 = 0.330078125
103/5005  0.011693  368/1024 = 0.359375
107/5005  0.011907  363/1024 = 0.3544921875
111/5005  0.011688  351/1024 = 0.3427734375
115/5005  0.011900  368/1024 = 0.359375
119/5005  0.011849  345/1024 = 0.3369140625
123/5005  0.011543  385/1024 = 0.3759765625
127/5005  0.011686  389/1024 = 0.3798828125
131/5005  0.011714  374/1024 = 0.365234375
135/5005  0.011646  368/1024 = 0.359375
139/5005  0.011233  377/1024 = 0.3681640625
143/5005  0.012008  360/1024 = 0.3515625
147/5005  0.011128  400/1024 = 0.390625
151/5005  0.011653  359/1024 = 0.3505859375
155/5005  0.011486  360/1024 = 0.3515625
159/5005  0.011662  384/1024 = 0.375
163/5005  0.011787  376/1024 = 0.3671875
167/5005  0.012107  338/1024 = 0.330078125
171/5005  0.011638  358/1024 = 0.349609375
175/5005  0.011551  371/1024 = 0.3623046875
179/5005  0.011517  379/1024 = 0.3701171875
183/5005  0.011535  368/1024 = 0.359375
187/5005  0.011498  384/1024 = 0.375
191/5005  0.011129  397/1024 = 0.3876953125
195/5005  0.011656  359/1024 = 0.3505859375
199/5005  0.011572  395/1024 = 0.3857421875
203/5005  0.011894  365/1024 = 0.3564453125
207/5005  0.011458  378/1024 = 0.369140625
211/5005  0.011629  387/1024 = 0.3779296875
215/5005  0.011263  375/1024 = 0.3662109375
219/5005  0.012125  348/1024 = 0.33984375
223/5005  0.011256  391/1024 = 0.3818359375
227/5005  0.011854  363/1024 = 0.3544921875
231/5005  0.011901  356/1024 = 0.34765625
235/5005  0.011353  367/1024 = 0.3583984375
239/5005  0.011470  394/1024 = 0.384765625
243/5005  0.012165  340/1024 = 0.33203125
247/5005  0.011643  377/1024 = 0.3681640625
251/5005  0.012036  356/1024 = 0.34765625
255/5005  0.011823  369/1024 = 0.3603515625
259/5005  0.011370  380/1024 = 0.37109375
263/5005  0.011693  363/1024 = 0.3544921875
267/5005  0.011377  390/1024 = 0.380859375
271/5005  0.011171  395/1024 = 0.3857421875
275/5005  0.010825  398/1024 = 0.388671875
279/5005  0.012331  337/1024 = 0.3291015625
283/5005  0.012099  361/1024 = 0.3525390625
287/5005  0.011571  382/1024 = 0.373046875
291/5005  0.011756  388/1024 = 0.37890625
295/5005  0.011666  365/1024 = 0.3564453125
299/5005  0.011362  385/1024 = 0.3759765625
303/5005  0.011907  349/1024 = 0.3408203125
307/5005  0.011139  390/1024 = 0.380859375
311/5005  0.010998  411/1024 = 0.4013671875
315/5005  0.011590  391/1024 = 0.3818359375
319/5005  0.011066  392/1024 = 0.3828125
323/5005  0.011228  371/1024 = 0.3623046875
327/5005  0.011407  384/1024 = 0.375
331/5005  0.011484  381/1024 = 0.3720703125
335/5005  0.011916  368/1024 = 0.359375
339/5005  0.011642  368/1024 = 0.359375
343/5005  0.011262  377/1024 = 0.3681640625
347/5005  0.011432  390/1024 = 0.380859375
351/5005  0.011344  364/1024 = 0.35546875
355/5005  0.011531  362/1024 = 0.353515625
359/5005  0.011284  377/1024 = 0.3681640625
363/5005  0.011689  366/1024 = 0.357421875
367/5005  0.011871  343/1024 = 0.3349609375
371/5005  0.011529  365/1024 = 0.3564453125
375/5005  0.011525  385/1024 = 0.3759765625
379/5005  0.011459  377/1024 = 0.3681640625
383/5005  0.011603  361/1024 = 0.3525390625
387/5005  0.011030  382/1024 = 0.373046875
391/5005  0.012022  377/1024 = 0.3681640625
395/5005  0.011386  382/1024 = 0.373046875
399/5005  0.011360  368/1024 = 0.359375
403/5005  0.011703  369/1024 = 0.3603515625
407/5005  0.011767  369/1024 = 0.3603515625
411/5005  0.011678  373/1024 = 0.3642578125
415/5005  0.011579  359/1024 = 0.3505859375
419/5005  0.011649  371/1024 = 0.3623046875
423/5005  0.011449  381/1024 = 0.3720703125
427/5005  0.011976  363/1024 = 0.3544921875
431/5005  0.011946  360/1024 = 0.3515625
435/5005  0.011662  355/1024 = 0.3466796875
439/5005  0.011466  381/1024 = 0.3720703125
443/5005  0.011281  379/1024 = 0.3701171875
447/5005  0.011772  359/1024 = 0.3505859375
451/5005  0.011973  364/1024 = 0.35546875
455/5005  0.011355  369/1024 = 0.3603515625
459/5005  0.011300  382/1024 = 0.373046875
463/5005  0.011454  374/1024 = 0.365234375
467/5005  0.011646  370/1024 = 0.361328125
471/5005  0.011351  393/1024 = 0.3837890625
475/5005  0.011161  393/1024 = 0.3837890625
479/5005  0.010999  407/1024 = 0.3974609375
483/5005  0.011702  378/1024 = 0.369140625
487/5005  0.011961  358/1024 = 0.349609375
491/5005  0.012241  333/1024 = 0.3251953125
495/5005  0.011863  358/1024 = 0.349609375
499/5005  0.011699  375/1024 = 0.3662109375
503/5005  0.011901  347/1024 = 0.3388671875
507/5005  0.011635  370/1024 = 0.361328125
511/5005  0.011570  375/1024 = 0.3662109375
515/5005  0.011442  382/1024 = 0.373046875
519/5005  0.011468  357/1024 = 0.3486328125
523/5005  0.011520  387/1024 = 0.3779296875
527/5005  0.011304  377/1024 = 0.3681640625
531/5005  0.011891  361/1024 = 0.3525390625
535/5005  0.011733  361/1024 = 0.3525390625
539/5005  0.011594  371/1024 = 0.3623046875
543/5005  0.011293  364/1024 = 0.35546875
547/5005  0.011519  360/1024 = 0.3515625
551/5005  0.011672  377/1024 = 0.3681640625
555/5005  0.011415  393/1024 = 0.3837890625
559/5005  0.011810  352/1024 = 0.34375
563/5005  0.011416  384/1024 = 0.375
567/5005  0.012047  366/1024 = 0.357421875
571/5005  0.011359  374/1024 = 0.365234375
575/5005  0.011330  368/1024 = 0.359375
579/5005  0.011395  393/1024 = 0.3837890625
583/5005  0.011581  358/1024 = 0.349609375
587/5005  0.011334  374/1024 = 0.365234375
591/5005  0.011516  381/1024 = 0.3720703125
595/5005  0.011757  369/1024 = 0.3603515625
599/5005  0.011689  345/1024 = 0.3369140625
603/5005  0.011774  371/1024 = 0.3623046875
607/5005  0.011576  380/1024 = 0.37109375
611/5005  0.011712  350/1024 = 0.341796875
615/5005  0.011357  377/1024 = 0.3681640625
619/5005  0.011807  361/1024 = 0.3525390625
623/5005  0.011741  363/1024 = 0.3544921875
627/5005  0.011391  391/1024 = 0.3818359375
631/5005  0.011532  362/1024 = 0.353515625
635/5005  0.011635  357/1024 = 0.3486328125
639/5005  0.011062  372/1024 = 0.36328125
643/5005  0.011459  391/1024 = 0.3818359375
647/5005  0.011557  372/1024 = 0.36328125
651/5005  0.011743  361/1024 = 0.3525390625
655/5005  0.011594  353/1024 = 0.3447265625
659/5005  0.011409  365/1024 = 0.3564453125
663/5005  0.011783  347/1024 = 0.3388671875
667/5005  0.011694  358/1024 = 0.349609375
671/5005  0.011396  382/1024 = 0.373046875
675/5005  0.011606  371/1024 = 0.3623046875
679/5005  0.011186  403/1024 = 0.3935546875
683/5005  0.011282  390/1024 = 0.380859375
687/5005  0.011455  376/1024 = 0.3671875
691/5005  0.011787  353/1024 = 0.3447265625
695/5005  0.011376  385/1024 = 0.3759765625
699/5005  0.011828  376/1024 = 0.3671875
703/5005  0.012003  351/1024 = 0.3427734375
707/5005  0.011842  364/1024 = 0.35546875
711/5005  0.011921  364/1024 = 0.35546875
715/5005  0.011603  338/1024 = 0.330078125
719/5005  0.011388  370/1024 = 0.361328125
723/5005  0.011611  364/1024 = 0.35546875
727/5005  0.011621  356/1024 = 0.34765625
731/5005  0.011845  375/1024 = 0.3662109375
735/5005  0.011515  375/1024 = 0.3662109375
739/5005  0.010988  392/1024 = 0.3828125
743/5005  0.011752  362/1024 = 0.353515625
747/5005  0.011310  377/1024 = 0.3681640625
751/5005  0.011237  365/1024 = 0.3564453125
755/5005  0.011828  354/1024 = 0.345703125
759/5005  0.011500  364/1024 = 0.35546875
763/5005  0.011937  383/1024 = 0.3740234375
767/5005  0.011549  346/1024 = 0.337890625
771/5005  0.011667  394/1024 = 0.384765625
775/5005  0.011363  367/1024 = 0.3583984375
779/5005  0.011330  375/1024 = 0.3662109375
783/5005  0.011880  354/1024 = 0.345703125
787/5005  0.011460  357/1024 = 0.3486328125
791/5005  0.011260  388/1024 = 0.37890625
795/5005  0.011273  392/1024 = 0.3828125
799/5005  0.011760  366/1024 = 0.357421875
803/5005  0.011668  359/1024 = 0.3505859375
807/5005  0.011270  395/1024 = 0.3857421875
811/5005  0.011436  371/1024 = 0.3623046875
815/5005  0.011778  350/1024 = 0.341796875
819/5005  0.012065  361/1024 = 0.3525390625
823/5005  0.011666  359/1024 = 0.3505859375
827/5005  0.011518  381/1024 = 0.3720703125
831/5005  0.011430  381/1024 = 0.3720703125
835/5005  0.011496  372/1024 = 0.36328125
839/5005  0.011732  359/1024 = 0.3505859375
843/5005  0.011554  372/1024 = 0.36328125
847/5005  0.011488  384/1024 = 0.375
851/5005  0.011850  355/1024 = 0.3466796875
855/5005  0.011856  359/1024 = 0.3505859375
859/5005  0.011427  367/1024 = 0.3583984375
863/5005  0.011466  366/1024 = 0.357421875
867/5005  0.012024  354/1024 = 0.345703125
871/5005  0.011363  390/1024 = 0.380859375
875/5005  0.011935  348/1024 = 0.33984375
879/5005  0.011761  369/1024 = 0.3603515625
883/5005  0.011439  394/1024 = 0.384765625
887/5005  0.011700  369/1024 = 0.3603515625
891/5005  0.011726  352/1024 = 0.34375
895/5005  0.012062  355/1024 = 0.3466796875
899/5005  0.011475  356/1024 = 0.34765625
903/5005  0.011803  360/1024 = 0.3515625
907/5005  0.011583  376/1024 = 0.3671875
911/5005  0.011691  374/1024 = 0.365234375
915/5005  0.011760  367/1024 = 0.3583984375
919/5005  0.011492  367/1024 = 0.3583984375
923/5005  0.011202  388/1024 = 0.37890625
927/5005  0.011401  365/1024 = 0.3564453125
931/5005  0.011754  353/1024 = 0.3447265625
935/5005  0.011345  385/1024 = 0.3759765625
939/5005  0.011640  374/1024 = 0.365234375
943/5005  0.011416  392/1024 = 0.3828125
947/5005  0.011390  391/1024 = 0.3818359375
951/5005  0.011361  396/1024 = 0.38671875
955/5005  0.011276  387/1024 = 0.3779296875
959/5005  0.011399  368/1024 = 0.359375
963/5005  0.011595  362/1024 = 0.353515625
967/5005  0.011174  385/1024 = 0.3759765625
971/5005  0.011548  365/1024 = 0.3564453125
975/5005  0.011916  369/1024 = 0.3603515625
979/5005  0.012023  352/1024 = 0.34375
983/5005  0.011677  352/1024 = 0.34375
987/5005  0.011500  380/1024 = 0.37109375
991/5005  0.011910  354/1024 = 0.345703125
995/5005  0.011884  378/1024 = 0.369140625
999/5005  0.011796  377/1024 = 0.3681640625
1003/5005  0.011629  374/1024 = 0.365234375
1007/5005  0.011277  377/1024 = 0.3681640625
1011/5005  0.011446  387/1024 = 0.3779296875
1015/5005  0.011588  356/1024 = 0.34765625
1019/5005  0.011651  348/1024 = 0.33984375
1023/5005  0.011279  378/1024 = 0.369140625
1027/5005  0.012048  377/1024 = 0.3681640625
1031/5005  0.011487  353/1024 = 0.3447265625
1035/5005  0.011738  372/1024 = 0.36328125
1039/5005  0.011844  363/1024 = 0.3544921875
1043/5005  0.011604  401/1024 = 0.3916015625
1047/5005  0.011546  375/1024 = 0.3662109375
1051/5005  0.011454  383/1024 = 0.3740234375
1055/5005  0.011477  383/1024 = 0.3740234375
1059/5005  0.011230  360/1024 = 0.3515625
1063/5005  0.011430  370/1024 = 0.361328125
1067/5005  0.011236  363/1024 = 0.3544921875
1071/5005  0.011350  391/1024 = 0.3818359375
1075/5005  0.011539  350/1024 = 0.341796875
1079/5005  0.011931  351/1024 = 0.3427734375
1083/5005  0.011857  349/1024 = 0.3408203125
1087/5005  0.011672  359/1024 = 0.3505859375
1091/5005  0.011872  357/1024 = 0.3486328125
1095/5005  0.012061  337/1024 = 0.3291015625
1099/5005  0.011158  383/1024 = 0.3740234375
1103/5005  0.011648  355/1024 = 0.3466796875
1107/5005  0.011592  363/1024 = 0.3544921875
1111/5005  0.011672  361/1024 = 0.3525390625
1115/5005  0.011409  369/1024 = 0.3603515625
1119/5005  0.011376  393/1024 = 0.3837890625
1123/5005  0.011599  354/1024 = 0.345703125
1127/5005  0.011610  371/1024 = 0.3623046875
1131/5005  0.011272  381/1024 = 0.3720703125
1135/5005  0.011582  363/1024 = 0.3544921875
1139/5005  0.011403  383/1024 = 0.3740234375
1143/5005  0.011136  378/1024 = 0.369140625
1147/5005  0.011358  373/1024 = 0.3642578125
1151/5005  0.011171  384/1024 = 0.375
1155/5005  0.011610  369/1024 = 0.3603515625
1159/5005  0.011899  351/1024 = 0.3427734375
1163/5005  0.012005  354/1024 = 0.345703125
1167/5005  0.012502  341/1024 = 0.3330078125
1171/5005  0.011568  387/1024 = 0.3779296875
1175/5005  0.011649  367/1024 = 0.3583984375
1179/5005  0.011427  369/1024 = 0.3603515625
1183/5005  0.011736  347/1024 = 0.3388671875
1187/5005  0.011778  370/1024 = 0.361328125
1191/5005  0.011561  382/1024 = 0.373046875
1195/5005  0.011110  389/1024 = 0.3798828125
1199/5005  0.011707  371/1024 = 0.3623046875
1203/5005  0.011548  361/1024 = 0.3525390625
1207/5005  0.011055  384/1024 = 0.375
1211/5005  0.011235  374/1024 = 0.365234375
1215/5005  0.011841  348/1024 = 0.33984375
1219/5005  0.011064  404/1024 = 0.39453125
1223/5005  0.011126  372/1024 = 0.36328125
1227/5005  0.011439  412/1024 = 0.40234375
1231/5005  0.010675  426/1024 = 0.416015625
1235/5005  0.012254  364/1024 = 0.35546875
1239/5005  0.011549  353/1024 = 0.3447265625
1243/5005  0.012006  356/1024 = 0.34765625
1247/5005  0.011938  364/1024 = 0.35546875
1251/5005  0.011728  363/1024 = 0.3544921875
1255/5005  0.011839  386/1024 = 0.376953125
1259/5005  0.011344  376/1024 = 0.3671875
1263/5005  0.011865  362/1024 = 0.353515625
1267/5005  0.011929  357/1024 = 0.3486328125
1271/5005  0.011368  371/1024 = 0.3623046875
1275/5005  0.011877  367/1024 = 0.3583984375
1279/5005  0.011487  378/1024 = 0.369140625
1283/5005  0.011522  379/1024 = 0.3701171875
1287/5005  0.011421  373/1024 = 0.3642578125
1291/5005  0.011530  385/1024 = 0.3759765625
1295/5005  0.011379  380/1024 = 0.37109375
1299/5005  0.011372  387/1024 = 0.3779296875
1303/5005  0.011448  379/1024 = 0.3701171875
1307/5005  0.011389  378/1024 = 0.369140625
1311/5005  0.011468  392/1024 = 0.3828125
1315/5005  0.011822  370/1024 = 0.361328125
1319/5005  0.011758  374/1024 = 0.365234375
1323/5005  0.011866  346/1024 = 0.337890625
1327/5005  0.011526  381/1024 = 0.3720703125
1331/5005  0.011612  381/1024 = 0.3720703125
1335/5005  0.011021  389/1024 = 0.3798828125
1339/5005  0.011837  348/1024 = 0.33984375
1343/5005  0.011281  378/1024 = 0.369140625
1347/5005  0.011438  362/1024 = 0.353515625
1351/5005  0.011294  384/1024 = 0.375
1355/5005  0.011218  393/1024 = 0.3837890625
1359/5005  0.011439  377/1024 = 0.3681640625
1363/5005  0.011657  379/1024 = 0.3701171875
1367/5005  0.011762  358/1024 = 0.349609375
1371/5005  0.011521  372/1024 = 0.36328125
1375/5005  0.011696  348/1024 = 0.33984375
1379/5005  0.011698  368/1024 = 0.359375
1383/5005  0.011348  373/1024 = 0.3642578125
1387/5005  0.011527  370/1024 = 0.361328125
1391/5005  0.011233  379/1024 = 0.3701171875
1395/5005  0.011469  367/1024 = 0.3583984375
1399/5005  0.011230  393/1024 = 0.3837890625
1403/5005  0.011325  381/1024 = 0.3720703125
1407/5005  0.012124  349/1024 = 0.3408203125
1411/5005  0.011714  389/1024 = 0.3798828125
1415/5005  0.011754  370/1024 = 0.361328125
1419/5005  0.011289  386/1024 = 0.376953125
1423/5005  0.011546  352/1024 = 0.34375
1427/5005  0.012224  368/1024 = 0.359375
1431/5005  0.011391  388/1024 = 0.37890625
1435/5005  0.011416  375/1024 = 0.3662109375
1439/5005  0.011288  385/1024 = 0.3759765625
1443/5005  0.011293  396/1024 = 0.38671875
1447/5005  0.011769  370/1024 = 0.361328125
1451/5005  0.011625  355/1024 = 0.3466796875
1455/5005  0.011154  390/1024 = 0.380859375
1459/5005  0.010914  390/1024 = 0.380859375
1463/5005  0.011875  346/1024 = 0.337890625
1467/5005  0.011429  393/1024 = 0.3837890625
1471/5005  0.012028  353/1024 = 0.3447265625
1475/5005  0.011979  365/1024 = 0.3564453125
1479/5005  0.011191  386/1024 = 0.376953125
1483/5005  0.011795  360/1024 = 0.3515625
1487/5005  0.011578  366/1024 = 0.357421875
1491/5005  0.011577  374/1024 = 0.365234375
1495/5005  0.011276  403/1024 = 0.3935546875
1499/5005  0.011606  368/1024 = 0.359375
1503/5005  0.011526  377/1024 = 0.3681640625
1507/5005  0.011608  381/1024 = 0.3720703125
1511/5005  0.011470  363/1024 = 0.3544921875
1515/5005  0.011866  350/1024 = 0.341796875
1519/5005  0.011896  385/1024 = 0.3759765625
1523/5005  0.011375  390/1024 = 0.380859375
1527/5005  0.012127  372/1024 = 0.36328125
1531/5005  0.011224  374/1024 = 0.365234375
1535/5005  0.011602  379/1024 = 0.3701171875
1539/5005  0.012073  347/1024 = 0.3388671875
1543/5005  0.011016  386/1024 = 0.376953125
1547/5005  0.011541  363/1024 = 0.3544921875
1551/5005  0.011184  371/1024 = 0.3623046875
1555/5005  0.011482  391/1024 = 0.3818359375
1559/5005  0.011420  397/1024 = 0.3876953125
1563/5005  0.012028  366/1024 = 0.357421875
1567/5005  0.011815  369/1024 = 0.3603515625
1571/5005  0.011485  378/1024 = 0.369140625
1575/5005  0.011171  381/1024 = 0.3720703125
1579/5005  0.011966  380/1024 = 0.37109375
1583/5005  0.010796  428/1024 = 0.41796875
1587/5005  0.011701  379/1024 = 0.3701171875
1591/5005  0.011716  365/1024 = 0.3564453125
1595/5005  0.011975  356/1024 = 0.34765625
1599/5005  0.011998  354/1024 = 0.345703125
1603/5005  0.011366  390/1024 = 0.380859375
1607/5005  0.011398  374/1024 = 0.365234375
1611/5005  0.011687  357/1024 = 0.3486328125
1615/5005  0.011881  377/1024 = 0.3681640625
1619/5005  0.011555  364/1024 = 0.35546875
1623/5005  0.011466  386/1024 = 0.376953125
1627/5005  0.011476  373/1024 = 0.3642578125
1631/5005  0.011863  380/1024 = 0.37109375
1635/5005  0.011848  362/1024 = 0.353515625
1639/5005  0.011586  387/1024 = 0.3779296875
1643/5005  0.011917  334/1024 = 0.326171875
1647/5005  0.011364  391/1024 = 0.3818359375
1651/5005  0.011301  387/1024 = 0.3779296875
1655/5005  0.011542  368/1024 = 0.359375
1659/5005  0.011590  369/1024 = 0.3603515625
1663/5005  0.011096  380/1024 = 0.37109375
1667/5005  0.011358  381/1024 = 0.3720703125
1671/5005  0.011821  357/1024 = 0.3486328125
1675/5005  0.011279  377/1024 = 0.3681640625
1679/5005  0.011878  356/1024 = 0.34765625
1683/5005  0.011441  362/1024 = 0.353515625
1687/5005  0.010843  400/1024 = 0.390625
1691/5005  0.011135  396/1024 = 0.38671875
1695/5005  0.012080  345/1024 = 0.3369140625
1699/5005  0.011122  382/1024 = 0.373046875
1703/5005  0.011335  373/1024 = 0.3642578125
1707/5005  0.011240  374/1024 = 0.365234375
1711/5005  0.011566  382/1024 = 0.373046875
1715/5005  0.011972  340/1024 = 0.33203125
1719/5005  0.011098  404/1024 = 0.39453125
1723/5005  0.011727  361/1024 = 0.3525390625
1727/5005  0.011266  394/1024 = 0.384765625
1731/5005  0.011678  375/1024 = 0.3662109375
1735/5005  0.011730  372/1024 = 0.36328125
1739/5005  0.010728  410/1024 = 0.400390625
1743/5005  0.011674  364/1024 = 0.35546875
1747/5005  0.012117  351/1024 = 0.3427734375
1751/5005  0.011444  369/1024 = 0.3603515625
1755/5005  0.011393  376/1024 = 0.3671875
1759/5005  0.011397  374/1024 = 0.365234375
1763/5005  0.011802  367/1024 = 0.3583984375
1767/5005  0.011402  369/1024 = 0.3603515625
1771/5005  0.011831  361/1024 = 0.3525390625
1775/5005  0.011342  381/1024 = 0.3720703125
1779/5005  0.011596  347/1024 = 0.3388671875
1783/5005  0.011248  390/1024 = 0.380859375
1787/5005  0.011582  374/1024 = 0.365234375
1791/5005  0.011777  370/1024 = 0.361328125
1795/5005  0.011649  358/1024 = 0.349609375
1799/5005  0.011523  362/1024 = 0.353515625
1803/5005  0.011234  360/1024 = 0.3515625
1807/5005  0.011363  381/1024 = 0.3720703125
1811/5005  0.011256  383/1024 = 0.3740234375
1815/5005  0.011410  370/1024 = 0.361328125
1819/5005  0.011601  356/1024 = 0.34765625
1823/5005  0.011741  371/1024 = 0.3623046875
1827/5005  0.011624  387/1024 = 0.3779296875
1831/5005  0.012043  361/1024 = 0.3525390625
1835/5005  0.011856  369/1024 = 0.3603515625
1839/5005  0.011500  397/1024 = 0.3876953125
1843/5005  0.011751  353/1024 = 0.3447265625
1847/5005  0.011743  371/1024 = 0.3623046875
1851/5005  0.011506  383/1024 = 0.3740234375
1855/5005  0.011403  387/1024 = 0.3779296875
1859/5005  0.012033  368/1024 = 0.359375
1863/5005  0.011785  369/1024 = 0.3603515625
1867/5005  0.011876  376/1024 = 0.3671875
1871/5005  0.011755  356/1024 = 0.34765625
1875/5005  0.011294  386/1024 = 0.376953125
1879/5005  0.012029  351/1024 = 0.3427734375
1883/5005  0.011630  378/1024 = 0.369140625
1887/5005  0.011416  394/1024 = 0.384765625
1891/5005  0.011880  360/1024 = 0.3515625
1895/5005  0.011833  375/1024 = 0.3662109375
1899/5005  0.011479  374/1024 = 0.365234375
1903/5005  0.011776  358/1024 = 0.349609375
1907/5005  0.011475  376/1024 = 0.3671875
1911/5005  0.011795  356/1024 = 0.34765625
1915/5005  0.011459  380/1024 = 0.37109375
1919/5005  0.011351  373/1024 = 0.3642578125
1923/5005  0.011446  383/1024 = 0.3740234375
1927/5005  0.011484  365/1024 = 0.3564453125
1931/5005  0.012006  352/1024 = 0.34375
1935/5005  0.011533  382/1024 = 0.373046875
1939/5005  0.010745  403/1024 = 0.3935546875
1943/5005  0.011420  386/1024 = 0.376953125
1947/5005  0.012114  348/1024 = 0.33984375
1951/5005  0.011487  368/1024 = 0.359375
1955/5005  0.011392  387/1024 = 0.3779296875
1959/5005  0.011780  363/1024 = 0.3544921875
1963/5005  0.011276  380/1024 = 0.37109375
1967/5005  0.012209  359/1024 = 0.3505859375
1971/5005  0.011420  377/1024 = 0.3681640625
1975/5005  0.011687  378/1024 = 0.369140625
1979/5005  0.011554  394/1024 = 0.384765625
1983/5005  0.011218  388/1024 = 0.37890625
1987/5005  0.010695  400/1024 = 0.390625
1991/5005  0.011259  383/1024 = 0.3740234375
1995/5005  0.011392  380/1024 = 0.37109375
1999/5005  0.012027  354/1024 = 0.345703125
2003/5005  0.011863  364/1024 = 0.35546875
2007/5005  0.011372  384/1024 = 0.375
2011/5005  0.011223  395/1024 = 0.3857421875
2015/5005  0.011785  366/1024 = 0.357421875
2019/5005  0.011691  372/1024 = 0.36328125
2023/5005  0.011823  344/1024 = 0.3359375
2027/5005  0.012175  373/1024 = 0.3642578125
2031/5005  0.011331  392/1024 = 0.3828125
2035/5005  0.011782  369/1024 = 0.3603515625
2039/5005  0.010878  399/1024 = 0.3896484375
2043/5005  0.011723  358/1024 = 0.349609375
2047/5005  0.011254  372/1024 = 0.36328125
2051/5005  0.011702  350/1024 = 0.341796875
2055/5005  0.011774  365/1024 = 0.3564453125
2059/5005  0.011568  369/1024 = 0.3603515625
2063/5005  0.011320  385/1024 = 0.3759765625
2067/5005  0.011489  368/1024 = 0.359375
2071/5005  0.011706  365/1024 = 0.3564453125
2075/5005  0.011659  371/1024 = 0.3623046875
2079/5005  0.011262  380/1024 = 0.37109375
2083/5005  0.011691  370/1024 = 0.361328125
2087/5005  0.011161  388/1024 = 0.37890625
2091/5005  0.011391  359/1024 = 0.3505859375
2095/5005  0.011166  382/1024 = 0.373046875
2099/5005  0.011241  373/1024 = 0.3642578125
2103/5005  0.011381  382/1024 = 0.373046875
2107/5005  0.011945  371/1024 = 0.3623046875
2111/5005  0.011622  347/1024 = 0.3388671875
2115/5005  0.011818  366/1024 = 0.357421875
2119/5005  0.010959  419/1024 = 0.4091796875
2123/5005  0.011002  397/1024 = 0.3876953125
2127/5005  0.011083  390/1024 = 0.380859375
2131/5005  0.011859  371/1024 = 0.3623046875
2135/5005  0.011779  386/1024 = 0.376953125
2139/5005  0.011592  351/1024 = 0.3427734375
2143/5005  0.011132  401/1024 = 0.3916015625
2147/5005  0.011024  402/1024 = 0.392578125
2151/5005  0.011515  364/1024 = 0.35546875
2155/5005  0.011271  383/1024 = 0.3740234375
2159/5005  0.011107  389/1024 = 0.3798828125
2163/5005  0.011388  390/1024 = 0.380859375
2167/5005  0.011804  375/1024 = 0.3662109375
2171/5005  0.011740  393/1024 = 0.3837890625
2175/5005  0.011891  355/1024 = 0.3466796875
2179/5005  0.011720  372/1024 = 0.36328125
2183/5005  0.011247  372/1024 = 0.36328125
2187/5005  0.011462  363/1024 = 0.3544921875
2191/5005  0.011426  373/1024 = 0.3642578125
2195/5005  0.011581  377/1024 = 0.3681640625
2199/5005  0.011258  375/1024 = 0.3662109375
2203/5005  0.011483  371/1024 = 0.3623046875
2207/5005  0.011679  367/1024 = 0.3583984375
2211/5005  0.011332  386/1024 = 0.376953125
2215/5005  0.011066  402/1024 = 0.392578125
2219/5005  0.011121  397/1024 = 0.3876953125
2223/5005  0.010576  408/1024 = 0.3984375
2227/5005  0.011243  364/1024 = 0.35546875
2231/5005  0.011085  388/1024 = 0.37890625
2235/5005  0.011522  362/1024 = 0.353515625
2239/5005  0.011363  386/1024 = 0.376953125
2243/5005  0.011005  383/1024 = 0.3740234375
2247/5005  0.011747  371/1024 = 0.3623046875
2251/5005  0.011632  376/1024 = 0.3671875
2255/5005  0.012147  364/1024 = 0.35546875
2259/5005  0.011872  377/1024 = 0.3681640625
2263/5005  0.011770  378/1024 = 0.369140625
2267/5005  0.011625  372/1024 = 0.36328125
2271/5005  0.011409  379/1024 = 0.3701171875
2275/5005  0.011171  383/1024 = 0.3740234375
2279/5005  0.011305  382/1024 = 0.373046875
2283/5005  0.011669  380/1024 = 0.37109375
2287/5005  0.011476  365/1024 = 0.3564453125
2291/5005  0.011193  375/1024 = 0.3662109375
2295/5005  0.011442  381/1024 = 0.3720703125
2299/5005  0.011578  380/1024 = 0.37109375
2303/5005  0.011583  393/1024 = 0.3837890625
2307/5005  0.011263  398/1024 = 0.388671875
2311/5005  0.011213  392/1024 = 0.3828125
2315/5005  0.011597  389/1024 = 0.3798828125
2319/5005  0.011817  363/1024 = 0.3544921875
2323/5005  0.011478  365/1024 = 0.3564453125
2327/5005  0.011091  389/1024 = 0.3798828125
2331/5005  0.011160  364/1024 = 0.35546875
2335/5005  0.011357  363/1024 = 0.3544921875
2339/5005  0.011797  359/1024 = 0.3505859375
2343/5005  0.011058  380/1024 = 0.37109375
2347/5005  0.011575  378/1024 = 0.369140625
2351/5005  0.011833  349/1024 = 0.3408203125
2355/5005  0.011087  396/1024 = 0.38671875
2359/5005  0.011642  384/1024 = 0.375
2363/5005  0.011145  400/1024 = 0.390625
2367/5005  0.010939  401/1024 = 0.3916015625
2371/5005  0.011716  380/1024 = 0.37109375
2375/5005  0.011469  385/1024 = 0.3759765625
2379/5005  0.011698  360/1024 = 0.3515625
2383/5005  0.011136  388/1024 = 0.37890625
2387/5005  0.011823  370/1024 = 0.361328125
2391/5005  0.011868  364/1024 = 0.35546875
2395/5005  0.011440  388/1024 = 0.37890625
2399/5005  0.010785  407/1024 = 0.3974609375
2403/5005  0.011070  399/1024 = 0.3896484375
2407/5005  0.011678  359/1024 = 0.3505859375
2411/5005  0.011225  369/1024 = 0.3603515625
2415/5005  0.011787  370/1024 = 0.361328125
2419/5005  0.011390  376/1024 = 0.3671875
2423/5005  0.011252  383/1024 = 0.3740234375
2427/5005  0.011022  383/1024 = 0.3740234375
2431/5005  0.011294  383/1024 = 0.3740234375
2435/5005  0.011841  361/1024 = 0.3525390625
2439/5005  0.011154  391/1024 = 0.3818359375
2443/5005  0.011316  369/1024 = 0.3603515625
2447/5005  0.012033  344/1024 = 0.3359375
2451/5005  0.010954  380/1024 = 0.37109375
2455/5005  0.011008  409/1024 = 0.3994140625
2459/5005  0.011384  369/1024 = 0.3603515625
2463/5005  0.011412  402/1024 = 0.392578125
2467/5005  0.011450  380/1024 = 0.37109375
2471/5005  0.011478  355/1024 = 0.3466796875
2475/5005  0.011852  366/1024 = 0.357421875
2479/5005  0.011376  386/1024 = 0.376953125
2483/5005  0.011031  390/1024 = 0.380859375
2487/5005  0.011282  383/1024 = 0.3740234375
2491/5005  0.011692  384/1024 = 0.375
2495/5005  0.011806  361/1024 = 0.3525390625
2499/5005  0.011331  365/1024 = 0.3564453125
2503/5005  0.011329  392/1024 = 0.3828125
2507/5005  0.011982  364/1024 = 0.35546875
2511/5005  0.011148  408/1024 = 0.3984375
2515/5005  0.011828  371/1024 = 0.3623046875
2519/5005  0.011116  403/1024 = 0.3935546875
2523/5005  0.010720  410/1024 = 0.400390625
2527/5005  0.010910  413/1024 = 0.4033203125
2531/5005  0.010643  402/1024 = 0.392578125
2535/5005  0.011502  374/1024 = 0.365234375
2539/5005  0.011337  393/1024 = 0.3837890625
2543/5005  0.011569  391/1024 = 0.3818359375
2547/5005  0.011743  380/1024 = 0.37109375
2551/5005  0.011487  384/1024 = 0.375
2555/5005  0.011708  396/1024 = 0.38671875
2559/5005  0.011466  368/1024 = 0.359375
2563/5005  0.011209  379/1024 = 0.3701171875
2567/5005  0.011240  398/1024 = 0.388671875
2571/5005  0.011296  407/1024 = 0.3974609375
2575/5005  0.011884  353/1024 = 0.3447265625
2579/5005  0.011545  377/1024 = 0.3681640625
2583/5005  0.011659  388/1024 = 0.37890625
2587/5005  0.011131  399/1024 = 0.3896484375
2591/5005  0.011545  365/1024 = 0.3564453125
2595/5005  0.011449  376/1024 = 0.3671875
2599/5005  0.011406  372/1024 = 0.36328125
2603/5005  0.010984  397/1024 = 0.3876953125
2607/5005  0.010853  389/1024 = 0.3798828125
2611/5005  0.011482  396/1024 = 0.38671875
2615/5005  0.011804  370/1024 = 0.361328125
2619/5005  0.010869  413/1024 = 0.4033203125
2623/5005  0.011413  381/1024 = 0.3720703125
2627/5005  0.011369  387/1024 = 0.3779296875
2631/5005  0.011664  380/1024 = 0.37109375
2635/5005  0.011551  379/1024 = 0.3701171875
2639/5005  0.011249  376/1024 = 0.3671875
2643/5005  0.011949  366/1024 = 0.357421875
2647/5005  0.011028  411/1024 = 0.4013671875
2651/5005  0.011403  389/1024 = 0.3798828125
2655/5005  0.011557  383/1024 = 0.3740234375
2659/5005  0.011242  386/1024 = 0.376953125
2663/5005  0.011121  362/1024 = 0.353515625
2667/5005  0.011470  399/1024 = 0.3896484375
2671/5005  0.011160  405/1024 = 0.3955078125
2675/5005  0.011759  376/1024 = 0.3671875
2679/5005  0.011109  385/1024 = 0.3759765625
2683/5005  0.011511  372/1024 = 0.36328125
2687/5005  0.011541  374/1024 = 0.365234375
2691/5005  0.011317  404/1024 = 0.39453125
2695/5005  0.011449  390/1024 = 0.380859375
2699/5005  0.011987  339/1024 = 0.3310546875
2703/5005  0.011304  364/1024 = 0.35546875
2707/5005  0.010975  414/1024 = 0.404296875
2711/5005  0.011152  393/1024 = 0.3837890625
2715/5005  0.011470  364/1024 = 0.35546875
2719/5005  0.011094  369/1024 = 0.3603515625
2723/5005  0.010848  417/1024 = 0.4072265625
2727/5005  0.011084  387/1024 = 0.3779296875
2731/5005  0.011208  398/1024 = 0.388671875
2735/5005  0.011573  371/1024 = 0.3623046875
2739/5005  0.010844  396/1024 = 0.38671875
2743/5005  0.011709  364/1024 = 0.35546875
2747/5005  0.011456  403/1024 = 0.3935546875
2751/5005  0.011110  401/1024 = 0.3916015625
2755/5005  0.011298  363/1024 = 0.3544921875
2759/5005  0.011301  381/1024 = 0.3720703125
2763/5005  0.010914  390/1024 = 0.380859375
2767/5005  0.011281  388/1024 = 0.37890625
2771/5005  0.011789  362/1024 = 0.353515625
2775/5005  0.012050  355/1024 = 0.3466796875
2779/5005  0.011191  364/1024 = 0.35546875
2783/5005  0.011283  376/1024 = 0.3671875
2787/5005  0.011429  388/1024 = 0.37890625
2791/5005  0.011315  386/1024 = 0.376953125
2795/5005  0.011213  391/1024 = 0.3818359375
2799/5005  0.011404  402/1024 = 0.392578125
2803/5005  0.011306  372/1024 = 0.36328125
2807/5005  0.011584  379/1024 = 0.3701171875
2811/5005  0.011216  402/1024 = 0.392578125
2815/5005  0.011374  385/1024 = 0.3759765625
2819/5005  0.011104  366/1024 = 0.357421875
2823/5005  0.011847  373/1024 = 0.3642578125
2827/5005  0.010997  387/1024 = 0.3779296875
2831/5005  0.011312  377/1024 = 0.3681640625
2835/5005  0.011389  361/1024 = 0.3525390625
2839/5005  0.011489  384/1024 = 0.375
2843/5005  0.010811  406/1024 = 0.396484375
2847/5005  0.011707  376/1024 = 0.3671875
2851/5005  0.011248  397/1024 = 0.3876953125
2855/5005  0.011236  395/1024 = 0.3857421875
2859/5005  0.011489  366/1024 = 0.357421875
2863/5005  0.011625  366/1024 = 0.357421875
2867/5005  0.011416  378/1024 = 0.369140625
2871/5005  0.011359  385/1024 = 0.3759765625
2875/5005  0.011045  386/1024 = 0.376953125
2879/5005  0.011278  385/1024 = 0.3759765625
2883/5005  0.011403  358/1024 = 0.349609375
2887/5005  0.011193  379/1024 = 0.3701171875
2891/5005  0.011529  389/1024 = 0.3798828125
2895/5005  0.011195  392/1024 = 0.3828125
2899/5005  0.011480  376/1024 = 0.3671875
2903/5005  0.011790  361/1024 = 0.3525390625
2907/5005  0.011192  379/1024 = 0.3701171875
2911/5005  0.011527  346/1024 = 0.337890625
2915/5005  0.011194  394/1024 = 0.384765625
2919/5005  0.010994  402/1024 = 0.392578125
2923/5005  0.012061  349/1024 = 0.3408203125
2927/5005  0.011374  385/1024 = 0.3759765625
2931/5005  0.011442  399/1024 = 0.3896484375
2935/5005  0.011274  384/1024 = 0.375
2939/5005  0.011287  385/1024 = 0.3759765625
2943/5005  0.011346  383/1024 = 0.3740234375
2947/5005  0.011445  374/1024 = 0.365234375
2951/5005  0.011347  413/1024 = 0.4033203125
2955/5005  0.011444  382/1024 = 0.373046875
2959/5005  0.011591  365/1024 = 0.3564453125
2963/5005  0.011842  350/1024 = 0.341796875
2967/5005  0.011509  380/1024 = 0.37109375
2971/5005  0.011776  365/1024 = 0.3564453125
2975/5005  0.012013  378/1024 = 0.369140625
2979/5005  0.011521  375/1024 = 0.3662109375
2983/5005  0.011325  387/1024 = 0.3779296875
2987/5005  0.011504  392/1024 = 0.3828125
2991/5005  0.011672  364/1024 = 0.35546875
2995/5005  0.011692  366/1024 = 0.357421875
2999/5005  0.011440  386/1024 = 0.376953125
3003/5005  0.011018  405/1024 = 0.3955078125
3007/5005  0.011484  393/1024 = 0.3837890625
3011/5005  0.011202  387/1024 = 0.3779296875
3015/5005  0.011079  406/1024 = 0.396484375
3019/5005  0.011744  370/1024 = 0.361328125
3023/5005  0.011885  384/1024 = 0.375
3027/5005  0.011651  372/1024 = 0.36328125
3031/5005  0.011490  384/1024 = 0.375
3035/5005  0.011204  383/1024 = 0.3740234375
3039/5005  0.011738  375/1024 = 0.3662109375
3043/5005  0.011173  379/1024 = 0.3701171875
3047/5005  0.011296  400/1024 = 0.390625
3051/5005  0.011426  376/1024 = 0.3671875
3055/5005  0.011681  361/1024 = 0.3525390625
3059/5005  0.011122  382/1024 = 0.373046875
3063/5005  0.011359  371/1024 = 0.3623046875
3067/5005  0.011534  373/1024 = 0.3642578125
3071/5005  0.011439  379/1024 = 0.3701171875
3075/5005  0.011142  388/1024 = 0.37890625
3079/5005  0.011473  353/1024 = 0.3447265625
3083/5005  0.010992  388/1024 = 0.37890625
3087/5005  0.010799  405/1024 = 0.3955078125
3091/5005  0.011271  381/1024 = 0.3720703125
3095/5005  0.010867  388/1024 = 0.37890625
3099/5005  0.011661  372/1024 = 0.36328125
3103/5005  0.011105  384/1024 = 0.375
3107/5005  0.011608  369/1024 = 0.3603515625
3111/5005  0.011428  384/1024 = 0.375
3115/5005  0.011399  372/1024 = 0.36328125
3119/5005  0.011691  373/1024 = 0.3642578125
3123/5005  0.011125  389/1024 = 0.3798828125
3127/5005  0.011475  372/1024 = 0.36328125
3131/5005  0.011457  377/1024 = 0.3681640625
3135/5005  0.012132  377/1024 = 0.3681640625
3139/5005  0.011367  381/1024 = 0.3720703125
3143/5005  0.011294  391/1024 = 0.3818359375
3147/5005  0.011653  351/1024 = 0.3427734375
3151/5005  0.011325  372/1024 = 0.36328125
3155/5005  0.011308  381/1024 = 0.3720703125
3159/5005  0.011447  392/1024 = 0.3828125
3163/5005  0.011435  368/1024 = 0.359375
3167/5005  0.010922  415/1024 = 0.4052734375
3171/5005  0.011433  403/1024 = 0.3935546875
3175/5005  0.011127  418/1024 = 0.408203125
3179/5005  0.011370  380/1024 = 0.37109375
3183/5005  0.011088  386/1024 = 0.376953125
3187/5005  0.011437  391/1024 = 0.3818359375
3191/5005  0.010880  400/1024 = 0.390625
3195/5005  0.011621  381/1024 = 0.3720703125
3199/5005  0.011131  401/1024 = 0.3916015625
3203/5005  0.011187  401/1024 = 0.3916015625
3207/5005  0.011814  385/1024 = 0.3759765625
3211/5005  0.011188  385/1024 = 0.3759765625
3215/5005  0.010816  421/1024 = 0.4111328125
3219/5005  0.011276  377/1024 = 0.3681640625
3223/5005  0.011372  380/1024 = 0.37109375
3227/5005  0.011179  387/1024 = 0.3779296875
3231/5005  0.011406  383/1024 = 0.3740234375
3235/5005  0.011439  386/1024 = 0.376953125
3239/5005  0.011057  394/1024 = 0.384765625
3243/5005  0.011661  366/1024 = 0.357421875
3247/5005  0.011073  390/1024 = 0.380859375
3251/5005  0.011251  381/1024 = 0.3720703125
3255/5005  0.011605  388/1024 = 0.37890625
3259/5005  0.011092  394/1024 = 0.384765625
3263/5005  0.011127  380/1024 = 0.37109375
3267/5005  0.010996  367/1024 = 0.3583984375
3271/5005  0.011102  404/1024 = 0.39453125
3275/5005  0.011268  385/1024 = 0.3759765625
3279/5005  0.011498  389/1024 = 0.3798828125
3283/5005  0.011406  372/1024 = 0.36328125
3287/5005  0.011163  389/1024 = 0.3798828125
3291/5005  0.011417  370/1024 = 0.361328125
3295/5005  0.011686  367/1024 = 0.3583984375
3299/5005  0.011520  369/1024 = 0.3603515625
3303/5005  0.011434  352/1024 = 0.34375
3307/5005  0.011134  388/1024 = 0.37890625
3311/5005  0.011008  394/1024 = 0.384765625
3315/5005  0.010997  391/1024 = 0.3818359375
3319/5005  0.011179  420/1024 = 0.41015625
3323/5005  0.011479  389/1024 = 0.3798828125
3327/5005  0.011441  385/1024 = 0.3759765625
3331/5005  0.011658  366/1024 = 0.357421875
3335/5005  0.011268  377/1024 = 0.3681640625
3339/5005  0.011207  393/1024 = 0.3837890625
3343/5005  0.011433  391/1024 = 0.3818359375
3347/5005  0.011327  380/1024 = 0.37109375
3351/5005  0.010955  384/1024 = 0.375
3355/5005  0.011399  386/1024 = 0.376953125
3359/5005  0.011837  348/1024 = 0.33984375
3363/5005  0.011115  386/1024 = 0.376953125
3367/5005  0.011783  357/1024 = 0.3486328125
3371/5005  0.010990  416/1024 = 0.40625
3375/5005  0.011548  367/1024 = 0.3583984375
3379/5005  0.011215  393/1024 = 0.3837890625
3383/5005  0.010915  403/1024 = 0.3935546875
3387/5005  0.011443  367/1024 = 0.3583984375
3391/5005  0.011544  382/1024 = 0.373046875
3395/5005  0.011343  371/1024 = 0.3623046875
3399/5005  0.010976  399/1024 = 0.3896484375
3403/5005  0.011611  366/1024 = 0.357421875
3407/5005  0.011034  395/1024 = 0.3857421875
3411/5005  0.011013  394/1024 = 0.384765625
3415/5005  0.011232  385/1024 = 0.3759765625
3419/5005  0.011060  399/1024 = 0.3896484375
3423/5005  0.011452  372/1024 = 0.36328125
3427/5005  0.011258  367/1024 = 0.3583984375
3431/5005  0.011730  379/1024 = 0.3701171875
3435/5005  0.011511  385/1024 = 0.3759765625
3439/5005  0.011576  396/1024 = 0.38671875
3443/5005  0.011079  396/1024 = 0.38671875
3447/5005  0.011180  384/1024 = 0.375
3451/5005  0.011566  399/1024 = 0.3896484375
3455/5005  0.011516  386/1024 = 0.376953125
3459/5005  0.011363  376/1024 = 0.3671875
3463/5005  0.011692  368/1024 = 0.359375
3467/5005  0.010719  432/1024 = 0.421875
3471/5005  0.011523  367/1024 = 0.3583984375
3475/5005  0.011121  408/1024 = 0.3984375
3479/5005  0.011258  377/1024 = 0.3681640625
3483/5005  0.011038  406/1024 = 0.396484375
3487/5005  0.010698  401/1024 = 0.3916015625
3491/5005  0.011213  385/1024 = 0.3759765625
3495/5005  0.011105  391/1024 = 0.3818359375
3499/5005  0.011131  402/1024 = 0.392578125
3503/5005  0.011650  390/1024 = 0.380859375
3507/5005  0.011296  383/1024 = 0.3740234375
3511/5005  0.011121  366/1024 = 0.357421875
3515/5005  0.011447  378/1024 = 0.369140625
3519/5005  0.011366  374/1024 = 0.365234375
3523/5005  0.011629  380/1024 = 0.37109375
3527/5005  0.010870  413/1024 = 0.4033203125
3531/5005  0.011799  358/1024 = 0.349609375
3535/5005  0.011153  383/1024 = 0.3740234375
3539/5005  0.011537  387/1024 = 0.3779296875
3543/5005  0.011187  377/1024 = 0.3681640625
3547/5005  0.011034  391/1024 = 0.3818359375
3551/5005  0.011469  388/1024 = 0.37890625
3555/5005  0.011453  381/1024 = 0.3720703125
3559/5005  0.010755  413/1024 = 0.4033203125
3563/5005  0.011091  390/1024 = 0.380859375
3567/5005  0.011437  376/1024 = 0.3671875
3571/5005  0.011339  411/1024 = 0.4013671875
3575/5005  0.011235  365/1024 = 0.3564453125
3579/5005  0.011192  389/1024 = 0.3798828125
3583/5005  0.011509  380/1024 = 0.37109375
3587/5005  0.011832  361/1024 = 0.3525390625
3591/5005  0.011304  378/1024 = 0.369140625
3595/5005  0.011676  360/1024 = 0.3515625
3599/5005  0.010901  396/1024 = 0.38671875
3603/5005  0.011272  392/1024 = 0.3828125
3607/5005  0.011420  375/1024 = 0.3662109375
3611/5005  0.010912  404/1024 = 0.39453125
3615/5005  0.011607  372/1024 = 0.36328125
3619/5005  0.011379  377/1024 = 0.3681640625
3623/5005  0.010579  407/1024 = 0.3974609375
3627/5005  0.011547  380/1024 = 0.37109375
3631/5005  0.011238  380/1024 = 0.37109375
3635/5005  0.011562  382/1024 = 0.373046875
3639/5005  0.011707  370/1024 = 0.361328125
3643/5005  0.011114  377/1024 = 0.3681640625
3647/5005  0.011362  375/1024 = 0.3662109375
3651/5005  0.011502  389/1024 = 0.3798828125
3655/5005  0.011388  372/1024 = 0.36328125
3659/5005  0.011542  384/1024 = 0.375
3663/5005  0.011653  370/1024 = 0.361328125
3667/5005  0.011017  396/1024 = 0.38671875
3671/5005  0.011632  356/1024 = 0.34765625
3675/5005  0.011347  400/1024 = 0.390625
3679/5005  0.011919  351/1024 = 0.3427734375
3683/5005  0.011396  370/1024 = 0.361328125
3687/5005  0.011090  409/1024 = 0.3994140625
3691/5005  0.011584  375/1024 = 0.3662109375
3695/5005  0.011630  387/1024 = 0.3779296875
3699/5005  0.011124  394/1024 = 0.384765625
3703/5005  0.011394  373/1024 = 0.3642578125
3707/5005  0.011993  370/1024 = 0.361328125
3711/5005  0.010891  405/1024 = 0.3955078125
3715/5005  0.011640  370/1024 = 0.361328125
3719/5005  0.011632  375/1024 = 0.3662109375
3723/5005  0.011617  382/1024 = 0.373046875
3727/5005  0.011703  362/1024 = 0.353515625
3731/5005  0.011667  378/1024 = 0.369140625
3735/5005  0.011129  375/1024 = 0.3662109375
3739/5005  0.011282  391/1024 = 0.3818359375
3743/5005  0.011357  401/1024 = 0.3916015625
3747/5005  0.011190  400/1024 = 0.390625
3751/5005  0.011021  402/1024 = 0.392578125
3755/5005  0.010998  392/1024 = 0.3828125
3759/5005  0.011588  382/1024 = 0.373046875
3763/5005  0.011097  387/1024 = 0.3779296875
3767/5005  0.011392  393/1024 = 0.3837890625
3771/5005  0.010866  394/1024 = 0.384765625
3775/5005  0.011232  407/1024 = 0.3974609375
3779/5005  0.011507  368/1024 = 0.359375
3783/5005  0.010957  412/1024 = 0.40234375
3787/5005  0.011593  350/1024 = 0.341796875
3791/5005  0.010489  429/1024 = 0.4189453125
3795/5005  0.011486  383/1024 = 0.3740234375
3799/5005  0.011233  364/1024 = 0.35546875
3803/5005  0.011046  391/1024 = 0.3818359375
3807/5005  0.011018  406/1024 = 0.396484375
3811/5005  0.011478  367/1024 = 0.3583984375
3815/5005  0.011032  374/1024 = 0.365234375
3819/5005  0.011311  398/1024 = 0.388671875
3823/5005  0.011257  397/1024 = 0.3876953125
3827/5005  0.011686  370/1024 = 0.361328125
3831/5005  0.011017  396/1024 = 0.38671875
3835/5005  0.011555  392/1024 = 0.3828125
3839/5005  0.011314  370/1024 = 0.361328125
3843/5005  0.011638  365/1024 = 0.3564453125
3847/5005  0.011382  388/1024 = 0.37890625
3851/5005  0.011530  382/1024 = 0.373046875
3855/5005  0.010984  395/1024 = 0.3857421875
3859/5005  0.011106  386/1024 = 0.376953125
3863/5005  0.011083  388/1024 = 0.37890625
3867/5005  0.011386  383/1024 = 0.3740234375
3871/5005  0.011725  361/1024 = 0.3525390625
3875/5005  0.011024  389/1024 = 0.3798828125
3879/5005  0.011083  371/1024 = 0.3623046875
3883/5005  0.011307  388/1024 = 0.37890625
3887/5005  0.011194  387/1024 = 0.3779296875
3891/5005  0.010968  392/1024 = 0.3828125
3895/5005  0.011487  382/1024 = 0.373046875
3899/5005  0.011304  384/1024 = 0.375
3903/5005  0.011215  369/1024 = 0.3603515625
3907/5005  0.011566  353/1024 = 0.3447265625
3911/5005  0.010868  397/1024 = 0.3876953125
3915/5005  0.011048  397/1024 = 0.3876953125
3919/5005  0.011465  382/1024 = 0.373046875
3923/5005  0.011409  390/1024 = 0.380859375
3927/5005  0.011025  393/1024 = 0.3837890625
3931/5005  0.011846  377/1024 = 0.3681640625
3935/5005  0.011429  382/1024 = 0.373046875
3939/5005  0.011112  396/1024 = 0.38671875
3943/5005  0.011456  376/1024 = 0.3671875
3947/5005  0.010839  418/1024 = 0.408203125
3951/5005  0.011027  404/1024 = 0.39453125
3955/5005  0.011244  403/1024 = 0.3935546875
3959/5005  0.011458  380/1024 = 0.37109375
3963/5005  0.011473  385/1024 = 0.3759765625
3967/5005  0.011042  383/1024 = 0.3740234375
3971/5005  0.011878  363/1024 = 0.3544921875
3975/5005  0.011803  352/1024 = 0.34375
3979/5005  0.011097  415/1024 = 0.4052734375
3983/5005  0.011385  375/1024 = 0.3662109375
3987/5005  0.011057  410/1024 = 0.400390625
3991/5005  0.011817  360/1024 = 0.3515625
3995/5005  0.011342  376/1024 = 0.3671875
3999/5005  0.010968  398/1024 = 0.388671875
4003/5005  0.011405  380/1024 = 0.37109375
4007/5005  0.011230  390/1024 = 0.380859375
4011/5005  0.011078  395/1024 = 0.3857421875
4015/5005  0.011388  389/1024 = 0.3798828125
4019/5005  0.011070  398/1024 = 0.388671875
4023/5005  0.011158  389/1024 = 0.3798828125
4027/5005  0.011303  366/1024 = 0.357421875
4031/5005  0.011221  382/1024 = 0.373046875
4035/5005  0.011316  388/1024 = 0.37890625
4039/5005  0.011551  383/1024 = 0.3740234375
4043/5005  0.011185  395/1024 = 0.3857421875
4047/5005  0.011285  376/1024 = 0.3671875
4051/5005  0.011257  375/1024 = 0.3662109375
4055/5005  0.011311  393/1024 = 0.3837890625
4059/5005  0.010906  390/1024 = 0.380859375
4063/5005  0.011312  386/1024 = 0.376953125
4067/5005  0.011353  394/1024 = 0.384765625
4071/5005  0.011389  378/1024 = 0.369140625
4075/5005  0.011791  359/1024 = 0.3505859375
4079/5005  0.011122  395/1024 = 0.3857421875
4083/5005  0.010640  424/1024 = 0.4140625
4087/5005  0.011108  386/1024 = 0.376953125
4091/5005  0.011544  359/1024 = 0.3505859375
4095/5005  0.011209  382/1024 = 0.373046875
4099/5005  0.011432  390/1024 = 0.380859375
4103/5005  0.011225  388/1024 = 0.37890625
4107/5005  0.011092  382/1024 = 0.373046875
4111/5005  0.011419  385/1024 = 0.3759765625
4115/5005  0.011495  385/1024 = 0.3759765625
4119/5005  0.011273  390/1024 = 0.380859375
4123/5005  0.011207  381/1024 = 0.3720703125
4127/5005  0.011105  376/1024 = 0.3671875
4131/5005  0.011153  398/1024 = 0.388671875
4135/5005  0.011618  357/1024 = 0.3486328125
4139/5005  0.012110  370/1024 = 0.361328125
4143/5005  0.011462  373/1024 = 0.3642578125
4147/5005  0.011188  386/1024 = 0.376953125
4151/5005  0.010983  401/1024 = 0.3916015625
4155/5005  0.011073  398/1024 = 0.388671875
4159/5005  0.010768  404/1024 = 0.39453125
4163/5005  0.011656  360/1024 = 0.3515625
4167/5005  0.011771  383/1024 = 0.3740234375
4171/5005  0.011117  402/1024 = 0.392578125
4175/5005  0.011124  407/1024 = 0.3974609375
4179/5005  0.010882  392/1024 = 0.3828125
4183/5005  0.010995  403/1024 = 0.3935546875
4187/5005  0.011103  401/1024 = 0.3916015625
4191/5005  0.010733  409/1024 = 0.3994140625
4195/5005  0.011184  384/1024 = 0.375
4199/5005  0.011577  388/1024 = 0.37890625
4203/5005  0.011561  377/1024 = 0.3681640625
4207/5005  0.011060  389/1024 = 0.3798828125
4211/5005  0.011078  406/1024 = 0.396484375
4215/5005  0.011247  382/1024 = 0.373046875
4219/5005  0.010974  383/1024 = 0.3740234375
4223/5005  0.011434  382/1024 = 0.373046875
4227/5005  0.011199  410/1024 = 0.400390625
4231/5005  0.011226  389/1024 = 0.3798828125
4235/5005  0.011295  391/1024 = 0.3818359375
4239/5005  0.011058  379/1024 = 0.3701171875
4243/5005  0.010891  405/1024 = 0.3955078125
4247/5005  0.011162  392/1024 = 0.3828125
4251/5005  0.011105  406/1024 = 0.396484375
4255/5005  0.011090  388/1024 = 0.37890625
4259/5005  0.011099  374/1024 = 0.365234375
4263/5005  0.010808  415/1024 = 0.4052734375
4267/5005  0.011426  381/1024 = 0.3720703125
4271/5005  0.010783  407/1024 = 0.3974609375
4275/5005  0.011437  378/1024 = 0.369140625
4279/5005  0.011012  413/1024 = 0.4033203125
4283/5005  0.010925  389/1024 = 0.3798828125
4287/5005  0.011311  395/1024 = 0.3857421875
4291/5005  0.011056  403/1024 = 0.3935546875
4295/5005  0.010990  389/1024 = 0.3798828125
4299/5005  0.011374  370/1024 = 0.361328125
4303/5005  0.011380  374/1024 = 0.365234375
4307/5005  0.011381  383/1024 = 0.3740234375
4311/5005  0.011115  387/1024 = 0.3779296875
4315/5005  0.011238  397/1024 = 0.3876953125
4319/5005  0.011531  375/1024 = 0.3662109375
4323/5005  0.010769  404/1024 = 0.39453125
4327/5005  0.011256  403/1024 = 0.3935546875
4331/5005  0.011324  374/1024 = 0.365234375
4335/5005  0.011101  398/1024 = 0.388671875
4339/5005  0.011079  390/1024 = 0.380859375
4343/5005  0.011285  378/1024 = 0.369140625
4347/5005  0.011175  394/1024 = 0.384765625
4351/5005  0.011314  374/1024 = 0.365234375
4355/5005  0.011045  396/1024 = 0.38671875
4359/5005  0.011339  387/1024 = 0.3779296875
4363/5005  0.011156  406/1024 = 0.396484375
4367/5005  0.011253  387/1024 = 0.3779296875
4371/5005  0.011446  394/1024 = 0.384765625
4375/5005  0.011631  386/1024 = 0.376953125
4379/5005  0.011044  402/1024 = 0.392578125
4383/5005  0.011005  408/1024 = 0.3984375
4387/5005  0.011422  362/1024 = 0.353515625
4391/5005  0.010758  392/1024 = 0.3828125
4395/5005  0.011215  413/1024 = 0.4033203125
4399/5005  0.011265  398/1024 = 0.388671875
4403/5005  0.011143  396/1024 = 0.38671875
4407/5005  0.010862  385/1024 = 0.3759765625
4411/5005  0.011809  383/1024 = 0.3740234375
4415/5005  0.011265  400/1024 = 0.390625
4419/5005  0.011196  403/1024 = 0.3935546875
4423/5005  0.010757  404/1024 = 0.39453125
4427/5005  0.011766  357/1024 = 0.3486328125
4431/5005  0.011470  386/1024 = 0.376953125
4435/5005  0.010950  384/1024 = 0.375
4439/5005  0.010927  404/1024 = 0.39453125
4443/5005  0.011247  383/1024 = 0.3740234375
4447/5005  0.010878  392/1024 = 0.3828125
4451/5005  0.011325  375/1024 = 0.3662109375
4455/5005  0.011316  385/1024 = 0.3759765625
4459/5005  0.011426  377/1024 = 0.3681640625
4463/5005  0.011213  395/1024 = 0.3857421875
4467/5005  0.011078  379/1024 = 0.3701171875
4471/5005  0.011179  389/1024 = 0.3798828125
4475/5005  0.011070  384/1024 = 0.375
4479/5005  0.011719  377/1024 = 0.3681640625
4483/5005  0.011032  386/1024 = 0.376953125
4487/5005  0.011454  373/1024 = 0.3642578125
4491/5005  0.011577  363/1024 = 0.3544921875
4495/5005  0.011196  396/1024 = 0.38671875
4499/5005  0.011114  392/1024 = 0.3828125
4503/5005  0.011340  400/1024 = 0.390625
4507/5005  0.011885  375/1024 = 0.3662109375
4511/5005  0.010765  421/1024 = 0.4111328125
4515/5005  0.011254  406/1024 = 0.396484375
4519/5005  0.010890  412/1024 = 0.40234375
4523/5005  0.011756  380/1024 = 0.37109375
4527/5005  0.011650  358/1024 = 0.349609375
4531/5005  0.011233  383/1024 = 0.3740234375
4535/5005  0.011136  397/1024 = 0.3876953125
4539/5005  0.010845  416/1024 = 0.40625
4543/5005  0.010770  414/1024 = 0.404296875
4547/5005  0.011189  407/1024 = 0.3974609375
4551/5005  0.011632  378/1024 = 0.369140625
4555/5005  0.011445  371/1024 = 0.3623046875
4559/5005  0.011524  372/1024 = 0.36328125
4563/5005  0.011304  382/1024 = 0.373046875
4567/5005  0.011276  396/1024 = 0.38671875
4571/5005  0.011481  373/1024 = 0.3642578125
4575/5005  0.011459  369/1024 = 0.3603515625
4579/5005  0.011455  403/1024 = 0.3935546875
4583/5005  0.011229  401/1024 = 0.3916015625
4587/5005  0.011306  369/1024 = 0.3603515625
4591/5005  0.010955  399/1024 = 0.3896484375
4595/5005  0.010930  402/1024 = 0.392578125
4599/5005  0.011150  376/1024 = 0.3671875
4603/5005  0.010844  397/1024 = 0.3876953125
4607/5005  0.010786  417/1024 = 0.4072265625
4611/5005  0.011118  399/1024 = 0.3896484375
4615/5005  0.010996  404/1024 = 0.39453125
4619/5005  0.011721  361/1024 = 0.3525390625
4623/5005  0.010972  396/1024 = 0.38671875
4627/5005  0.010961  401/1024 = 0.3916015625
4631/5005  0.011436  383/1024 = 0.3740234375
4635/5005  0.010859  415/1024 = 0.4052734375
4639/5005  0.011243  395/1024 = 0.3857421875
4643/5005  0.011302  366/1024 = 0.357421875
4647/5005  0.011072  394/1024 = 0.384765625
4651/5005  0.010895  400/1024 = 0.390625
4655/5005  0.011435  407/1024 = 0.3974609375
4659/5005  0.011193  413/1024 = 0.4033203125
4663/5005  0.011845  371/1024 = 0.3623046875
4667/5005  0.011178  386/1024 = 0.376953125
4671/5005  0.011328  383/1024 = 0.3740234375
4675/5005  0.010635  385/1024 = 0.3759765625
4679/5005  0.011037  394/1024 = 0.384765625
4683/5005  0.011006  389/1024 = 0.3798828125
4687/5005  0.010909  419/1024 = 0.4091796875
4691/5005  0.010997  416/1024 = 0.40625
4695/5005  0.011527  378/1024 = 0.369140625
4699/5005  0.011186  395/1024 = 0.3857421875
4703/5005  0.011150  392/1024 = 0.3828125
4707/5005  0.011324  375/1024 = 0.3662109375
4711/5005  0.011342  394/1024 = 0.384765625
4715/5005  0.010937  386/1024 = 0.376953125
4719/5005  0.011188  404/1024 = 0.39453125
4723/5005  0.011614  370/1024 = 0.361328125
4727/5005  0.011451  357/1024 = 0.3486328125
4731/5005  0.011493  406/1024 = 0.396484375
4735/5005  0.011304  396/1024 = 0.38671875
4739/5005  0.010979  403/1024 = 0.3935546875
4743/5005  0.011076  401/1024 = 0.3916015625
4747/5005  0.011088  393/1024 = 0.3837890625
4751/5005  0.011405  382/1024 = 0.373046875
4755/5005  0.010891  400/1024 = 0.390625
4759/5005  0.011177  389/1024 = 0.3798828125
4763/5005  0.010779  414/1024 = 0.404296875
4767/5005  0.010915  410/1024 = 0.400390625
4771/5005  0.011333  390/1024 = 0.380859375
4775/5005  0.011439  382/1024 = 0.373046875
4779/5005  0.011419  381/1024 = 0.3720703125
4783/5005  0.011274  378/1024 = 0.369140625
4787/5005  0.011087  404/1024 = 0.39453125
4791/5005  0.010990  387/1024 = 0.3779296875
4795/5005  0.011096  378/1024 = 0.369140625
4799/5005  0.011273  389/1024 = 0.3798828125
4803/5005  0.011228  392/1024 = 0.3828125
4807/5005  0.011530  396/1024 = 0.38671875
4811/5005  0.011323  383/1024 = 0.3740234375
4815/5005  0.011329  400/1024 = 0.390625
4819/5005  0.010843  411/1024 = 0.4013671875
4823/5005  0.010893  396/1024 = 0.38671875
4827/5005  0.011289  369/1024 = 0.3603515625
4831/5005  0.011080  394/1024 = 0.384765625
4835/5005  0.011455  384/1024 = 0.375
4839/5005  0.011763  381/1024 = 0.3720703125
4843/5005  0.011515  372/1024 = 0.36328125
4847/5005  0.011046  382/1024 = 0.373046875
4851/5005  0.011484  369/1024 = 0.3603515625
4855/5005  0.011210  399/1024 = 0.3896484375
4859/5005  0.011586  378/1024 = 0.369140625
4863/5005  0.011282  385/1024 = 0.3759765625
4867/5005  0.011329  381/1024 = 0.3720703125
4871/5005  0.011370  375/1024 = 0.3662109375
4875/5005  0.011075  388/1024 = 0.37890625
4879/5005  0.010855  400/1024 = 0.390625
4883/5005  0.011703  375/1024 = 0.3662109375
4887/5005  0.011368  386/1024 = 0.376953125
4891/5005  0.010672  411/1024 = 0.4013671875
4895/5005  0.011139  389/1024 = 0.3798828125
4899/5005  0.011175  387/1024 = 0.3779296875
4903/5005  0.011030  413/1024 = 0.4033203125
4907/5005  0.010990  406/1024 = 0.396484375
4911/5005  0.011595  373/1024 = 0.3642578125
4915/5005  0.011648  362/1024 = 0.353515625
4919/5005  0.011596  356/1024 = 0.34765625
4923/5005  0.010816  385/1024 = 0.3759765625
4927/5005  0.011242  386/1024 = 0.376953125
4931/5005  0.011543  380/1024 = 0.37109375
4935/5005  0.010998  410/1024 = 0.400390625
4939/5005  0.011754  395/1024 = 0.3857421875
4943/5005  0.011329  367/1024 = 0.3583984375
4947/5005  0.011206  383/1024 = 0.3740234375
4951/5005  0.011010  404/1024 = 0.39453125
4955/5005  0.010853  419/1024 = 0.4091796875
4959/5005  0.010619  428/1024 = 0.41796875
4963/5005  0.011228  385/1024 = 0.3759765625
4967/5005  0.010967  420/1024 = 0.41015625
4971/5005  0.011170  398/1024 = 0.388671875
4975/5005  0.011588  372/1024 = 0.36328125
4979/5005  0.011298  392/1024 = 0.3828125
4983/5005  0.010960  388/1024 = 0.37890625
4987/5005  0.011116  407/1024 = 0.3974609375
4991/5005  0.011099  390/1024 = 0.380859375
4995/5005  0.010933  390/1024 = 0.380859375
4999/5005  0.011312  371/1024 = 0.3623046875
5003/5005  0.011328  401/1024 = 0.3916015625
1:27:41.436887
# writing to data/ex20201226_trainVGG16_epoch006.pth
