DCTnet(
  (conv01): Conv2d(3, 64, kernel_size=(8, 8), stride=(8, 8), bias=False)
  (conv02a): Conv2d(64, 256, kernel_size=(3, 3), stride=(1, 1))
  (conv02b): Conv2d(256, 256, kernel_size=(3, 3), stride=(1, 1))
  (pool1): MaxPool2d(kernel_size=2, stride=2, padding=0, dilation=1, ceil_mode=False)
  (conv03a): Conv2d(256, 512, kernel_size=(3, 3), stride=(1, 1))
  (conv03b): Conv2d(512, 512, kernel_size=(3, 3), stride=(1, 1))
  (pool2): MaxPool2d(kernel_size=2, stride=2, padding=0, dilation=1, ceil_mode=False)
  (avepool1): AdaptiveAvgPool2d(output_size=(7, 7))
  (fc1): Linear(in_features=25088, out_features=4096, bias=True)
  (fc2): Linear(in_features=4096, out_features=4096, bias=True)
  (fc3): Linear(in_features=4096, out_features=1000, bias=True)
  (dropout1): Dropout(p=0.5, inplace=False)
  (dropout2): Dropout(p=0.5, inplace=False)
)
# using cuda
3/5005  0.027006  0/1024 = 0.0
7/5005  0.027031  1/1024 = 0.0009765625
11/5005  0.026994  3/1024 = 0.0029296875
15/5005  0.026988  3/1024 = 0.0029296875
19/5005  0.026984  1/1024 = 0.0009765625
23/5005  0.026985  1/1024 = 0.0009765625
27/5005  0.026989  0/1024 = 0.0
31/5005  0.026981  2/1024 = 0.001953125
35/5005  0.026985  0/1024 = 0.0
39/5005  0.026982  2/1024 = 0.001953125
43/5005  0.026986  0/1024 = 0.0
47/5005  0.026983  0/1024 = 0.0
51/5005  0.026984  2/1024 = 0.001953125
55/5005  0.026975  3/1024 = 0.0029296875
59/5005  0.026990  0/1024 = 0.0
63/5005  0.026982  2/1024 = 0.001953125
67/5005  0.026989  1/1024 = 0.0009765625
71/5005  0.026983  0/1024 = 0.0
75/5005  0.026981  2/1024 = 0.001953125
79/5005  0.026985  1/1024 = 0.0009765625
83/5005  0.026979  1/1024 = 0.0009765625
87/5005  0.026981  0/1024 = 0.0
91/5005  0.026970  1/1024 = 0.0009765625
95/5005  0.026970  1/1024 = 0.0009765625
99/5005  0.026979  1/1024 = 0.0009765625
103/5005  0.026982  0/1024 = 0.0
107/5005  0.026961  0/1024 = 0.0
111/5005  0.026977  2/1024 = 0.001953125
115/5005  0.026973  1/1024 = 0.0009765625
119/5005  0.026957  2/1024 = 0.001953125
123/5005  0.026954  1/1024 = 0.0009765625
127/5005  0.026957  0/1024 = 0.0
131/5005  0.026964  0/1024 = 0.0
135/5005  0.026948  2/1024 = 0.001953125
139/5005  0.026949  2/1024 = 0.001953125
143/5005  0.026954  3/1024 = 0.0029296875
147/5005  0.026932  1/1024 = 0.0009765625
151/5005  0.026944  0/1024 = 0.0
155/5005  0.026937  4/1024 = 0.00390625
159/5005  0.026896  1/1024 = 0.0009765625
163/5005  0.026946  0/1024 = 0.0
167/5005  0.026939  1/1024 = 0.0009765625
171/5005  0.026941  2/1024 = 0.001953125
175/5005  0.026946  1/1024 = 0.0009765625
179/5005  0.026890  2/1024 = 0.001953125
183/5005  0.026867  3/1024 = 0.0029296875
187/5005  0.026930  0/1024 = 0.0
191/5005  0.026894  2/1024 = 0.001953125
195/5005  0.026838  4/1024 = 0.00390625
199/5005  0.026885  1/1024 = 0.0009765625
203/5005  0.026864  0/1024 = 0.0
207/5005  0.026899  2/1024 = 0.001953125
211/5005  0.026906  3/1024 = 0.0029296875
215/5005  0.026856  1/1024 = 0.0009765625
219/5005  0.026812  2/1024 = 0.001953125
223/5005  0.026828  1/1024 = 0.0009765625
227/5005  0.026821  3/1024 = 0.0029296875
231/5005  0.026786  2/1024 = 0.001953125
235/5005  0.026873  3/1024 = 0.0029296875
239/5005  0.026850  2/1024 = 0.001953125
243/5005  0.026860  3/1024 = 0.0029296875
247/5005  0.026787  4/1024 = 0.00390625
251/5005  0.026811  1/1024 = 0.0009765625
255/5005  0.026800  0/1024 = 0.0
259/5005  0.026787  4/1024 = 0.00390625
263/5005  0.026861  1/1024 = 0.0009765625
267/5005  0.026859  2/1024 = 0.001953125
271/5005  0.026817  5/1024 = 0.0048828125
275/5005  0.026827  2/1024 = 0.001953125
279/5005  0.026812  3/1024 = 0.0029296875
283/5005  0.026787  1/1024 = 0.0009765625
287/5005  0.026766  3/1024 = 0.0029296875
291/5005  0.026823  5/1024 = 0.0048828125
295/5005  0.026809  0/1024 = 0.0
299/5005  0.026756  2/1024 = 0.001953125
303/5005  0.026809  2/1024 = 0.001953125
307/5005  0.026880  4/1024 = 0.00390625
311/5005  0.026804  1/1024 = 0.0009765625
315/5005  0.026758  2/1024 = 0.001953125
319/5005  0.026715  1/1024 = 0.0009765625
323/5005  0.026758  3/1024 = 0.0029296875
327/5005  0.026777  1/1024 = 0.0009765625
331/5005  0.026800  5/1024 = 0.0048828125
335/5005  0.026703  3/1024 = 0.0029296875
339/5005  0.026785  0/1024 = 0.0
343/5005  0.026684  2/1024 = 0.001953125
347/5005  0.026759  2/1024 = 0.001953125
351/5005  0.026767  2/1024 = 0.001953125
355/5005  0.026710  4/1024 = 0.00390625
359/5005  0.026731  3/1024 = 0.0029296875
363/5005  0.026780  0/1024 = 0.0
367/5005  0.026747  0/1024 = 0.0
371/5005  0.026738  3/1024 = 0.0029296875
375/5005  0.026652  2/1024 = 0.001953125
379/5005  0.026669  4/1024 = 0.00390625
383/5005  0.026689  3/1024 = 0.0029296875
387/5005  0.026748  4/1024 = 0.00390625
391/5005  0.026759  3/1024 = 0.0029296875
395/5005  0.026738  1/1024 = 0.0009765625
399/5005  0.026690  2/1024 = 0.001953125
403/5005  0.026708  1/1024 = 0.0009765625
407/5005  0.026652  1/1024 = 0.0009765625
411/5005  0.026610  1/1024 = 0.0009765625
415/5005  0.026656  2/1024 = 0.001953125
419/5005  0.026659  5/1024 = 0.0048828125
423/5005  0.026662  0/1024 = 0.0
427/5005  0.026691  1/1024 = 0.0009765625
431/5005  0.026706  2/1024 = 0.001953125
435/5005  0.026670  2/1024 = 0.001953125
439/5005  0.026680  1/1024 = 0.0009765625
443/5005  0.026615  5/1024 = 0.0048828125
447/5005  0.026616  3/1024 = 0.0029296875
451/5005  0.026668  1/1024 = 0.0009765625
455/5005  0.026652  2/1024 = 0.001953125
459/5005  0.026638  4/1024 = 0.00390625
463/5005  0.026505  2/1024 = 0.001953125
467/5005  0.026658  0/1024 = 0.0
471/5005  0.026659  3/1024 = 0.0029296875
475/5005  0.026649  3/1024 = 0.0029296875
479/5005  0.026706  1/1024 = 0.0009765625
483/5005  0.026634  1/1024 = 0.0009765625
487/5005  0.026640  1/1024 = 0.0009765625
491/5005  0.026644  1/1024 = 0.0009765625
495/5005  0.026514  4/1024 = 0.00390625
499/5005  0.026548  2/1024 = 0.001953125
503/5005  0.026591  0/1024 = 0.0
507/5005  0.026584  1/1024 = 0.0009765625
511/5005  0.026626  3/1024 = 0.0029296875
515/5005  0.026533  2/1024 = 0.001953125
519/5005  0.026642  0/1024 = 0.0
523/5005  0.026646  1/1024 = 0.0009765625
527/5005  0.026567  1/1024 = 0.0009765625
531/5005  0.026532  2/1024 = 0.001953125
535/5005  0.026592  3/1024 = 0.0029296875
539/5005  0.026388  1/1024 = 0.0009765625
543/5005  0.026500  3/1024 = 0.0029296875
547/5005  0.026475  2/1024 = 0.001953125
551/5005  0.026510  3/1024 = 0.0029296875
555/5005  0.026623  1/1024 = 0.0009765625
559/5005  0.026446  3/1024 = 0.0029296875
563/5005  0.026579  4/1024 = 0.00390625
567/5005  0.026472  3/1024 = 0.0029296875
571/5005  0.026594  1/1024 = 0.0009765625
575/5005  0.026526  4/1024 = 0.00390625
579/5005  0.026448  3/1024 = 0.0029296875
583/5005  0.026292  5/1024 = 0.0048828125
587/5005  0.026292  2/1024 = 0.001953125
591/5005  0.026495  4/1024 = 0.00390625
595/5005  0.026509  2/1024 = 0.001953125
599/5005  0.026465  2/1024 = 0.001953125
603/5005  0.026383  2/1024 = 0.001953125
607/5005  0.026351  4/1024 = 0.00390625
611/5005  0.026362  3/1024 = 0.0029296875
615/5005  0.026243  5/1024 = 0.0048828125
619/5005  0.026293  3/1024 = 0.0029296875
623/5005  0.026333  5/1024 = 0.0048828125
627/5005  0.026333  2/1024 = 0.001953125
631/5005  0.026285  6/1024 = 0.005859375
635/5005  0.026296  7/1024 = 0.0068359375
639/5005  0.026332  3/1024 = 0.0029296875
643/5005  0.026274  2/1024 = 0.001953125
647/5005  0.026276  2/1024 = 0.001953125
651/5005  0.026309  2/1024 = 0.001953125
655/5005  0.026433  1/1024 = 0.0009765625
659/5005  0.026234  6/1024 = 0.005859375
663/5005  0.026286  4/1024 = 0.00390625
667/5005  0.026250  7/1024 = 0.0068359375
671/5005  0.026110  3/1024 = 0.0029296875
675/5005  0.026394  0/1024 = 0.0
679/5005  0.026146  3/1024 = 0.0029296875
683/5005  0.026344  1/1024 = 0.0009765625
687/5005  0.026296  1/1024 = 0.0009765625
691/5005  0.026216  4/1024 = 0.00390625
695/5005  0.026229  5/1024 = 0.0048828125
699/5005  0.026195  3/1024 = 0.0029296875
703/5005  0.026116  0/1024 = 0.0
707/5005  0.026213  4/1024 = 0.00390625
711/5005  0.026041  1/1024 = 0.0009765625
715/5005  0.026195  8/1024 = 0.0078125
719/5005  0.026138  5/1024 = 0.0048828125
723/5005  0.026130  4/1024 = 0.00390625
727/5005  0.026001  6/1024 = 0.005859375
731/5005  0.025983  5/1024 = 0.0048828125
735/5005  0.026156  4/1024 = 0.00390625
739/5005  0.026147  2/1024 = 0.001953125
743/5005  0.026097  4/1024 = 0.00390625
747/5005  0.025926  9/1024 = 0.0087890625
751/5005  0.026070  3/1024 = 0.0029296875
755/5005  0.025940  7/1024 = 0.0068359375
759/5005  0.025880  5/1024 = 0.0048828125
763/5005  0.025956  8/1024 = 0.0078125
767/5005  0.026022  6/1024 = 0.005859375
771/5005  0.026100  7/1024 = 0.0068359375
775/5005  0.025993  5/1024 = 0.0048828125
779/5005  0.026029  3/1024 = 0.0029296875
783/5005  0.025987  5/1024 = 0.0048828125
787/5005  0.026025  7/1024 = 0.0068359375
791/5005  0.025903  5/1024 = 0.0048828125
795/5005  0.025938  4/1024 = 0.00390625
799/5005  0.025980  3/1024 = 0.0029296875
803/5005  0.025904  4/1024 = 0.00390625
807/5005  0.025828  6/1024 = 0.005859375
811/5005  0.025661  4/1024 = 0.00390625
815/5005  0.025927  7/1024 = 0.0068359375
819/5005  0.026011  3/1024 = 0.0029296875
823/5005  0.025794  5/1024 = 0.0048828125
827/5005  0.025846  3/1024 = 0.0029296875
831/5005  0.026004  3/1024 = 0.0029296875
835/5005  0.025777  4/1024 = 0.00390625
839/5005  0.025955  5/1024 = 0.0048828125
843/5005  0.025833  4/1024 = 0.00390625
847/5005  0.025841  3/1024 = 0.0029296875
851/5005  0.025770  6/1024 = 0.005859375
855/5005  0.025633  5/1024 = 0.0048828125
859/5005  0.025669  3/1024 = 0.0029296875
863/5005  0.025845  11/1024 = 0.0107421875
867/5005  0.025982  4/1024 = 0.00390625
871/5005  0.025698  3/1024 = 0.0029296875
875/5005  0.025691  8/1024 = 0.0078125
879/5005  0.025743  9/1024 = 0.0087890625
883/5005  0.025656  4/1024 = 0.00390625
887/5005  0.025866  1/1024 = 0.0009765625
891/5005  0.025804  3/1024 = 0.0029296875
895/5005  0.025753  6/1024 = 0.005859375
899/5005  0.025789  5/1024 = 0.0048828125
903/5005  0.025658  9/1024 = 0.0087890625
907/5005  0.025374  7/1024 = 0.0068359375
911/5005  0.025568  4/1024 = 0.00390625
915/5005  0.025642  6/1024 = 0.005859375
919/5005  0.025584  4/1024 = 0.00390625
923/5005  0.025796  3/1024 = 0.0029296875
927/5005  0.025380  4/1024 = 0.00390625
931/5005  0.025403  2/1024 = 0.001953125
935/5005  0.025505  1/1024 = 0.0009765625
939/5005  0.025383  2/1024 = 0.001953125
943/5005  0.025450  4/1024 = 0.00390625
947/5005  0.025590  5/1024 = 0.0048828125
951/5005  0.025581  6/1024 = 0.005859375
955/5005  0.025563  6/1024 = 0.005859375
959/5005  0.025388  1/1024 = 0.0009765625
963/5005  0.025522  7/1024 = 0.0068359375
967/5005  0.025336  8/1024 = 0.0078125
971/5005  0.025665  5/1024 = 0.0048828125
975/5005  0.025403  5/1024 = 0.0048828125
979/5005  0.025417  8/1024 = 0.0078125
983/5005  0.025526  5/1024 = 0.0048828125
987/5005  0.025299  11/1024 = 0.0107421875
991/5005  0.025402  5/1024 = 0.0048828125
995/5005  0.025565  3/1024 = 0.0029296875
999/5005  0.025432  7/1024 = 0.0068359375
1003/5005  0.025326  5/1024 = 0.0048828125
1007/5005  0.025314  4/1024 = 0.00390625
1011/5005  0.025325  5/1024 = 0.0048828125
1015/5005  0.025393  10/1024 = 0.009765625
1019/5005  0.025360  4/1024 = 0.00390625
1023/5005  0.025316  6/1024 = 0.005859375
1027/5005  0.025202  7/1024 = 0.0068359375
1031/5005  0.025216  8/1024 = 0.0078125
1035/5005  0.025278  5/1024 = 0.0048828125
1039/5005  0.025313  5/1024 = 0.0048828125
1043/5005  0.025252  8/1024 = 0.0078125
1047/5005  0.025300  8/1024 = 0.0078125
1051/5005  0.025263  4/1024 = 0.00390625
1055/5005  0.025244  6/1024 = 0.005859375
1059/5005  0.025169  8/1024 = 0.0078125
1063/5005  0.025130  7/1024 = 0.0068359375
1067/5005  0.025004  11/1024 = 0.0107421875
1071/5005  0.025296  8/1024 = 0.0078125
1075/5005  0.025251  8/1024 = 0.0078125
1079/5005  0.025228  8/1024 = 0.0078125
1083/5005  0.025224  3/1024 = 0.0029296875
1087/5005  0.025195  5/1024 = 0.0048828125
1091/5005  0.025285  5/1024 = 0.0048828125
1095/5005  0.025255  6/1024 = 0.005859375
1099/5005  0.025271  4/1024 = 0.00390625
1103/5005  0.025200  7/1024 = 0.0068359375
1107/5005  0.025112  4/1024 = 0.00390625
1111/5005  0.025315  6/1024 = 0.005859375
1115/5005  0.025032  11/1024 = 0.0107421875
1119/5005  0.024968  10/1024 = 0.009765625
1123/5005  0.025169  6/1024 = 0.005859375
1127/5005  0.025182  8/1024 = 0.0078125
1131/5005  0.025064  8/1024 = 0.0078125
1135/5005  0.024949  11/1024 = 0.0107421875
1139/5005  0.025063  7/1024 = 0.0068359375
1143/5005  0.025108  8/1024 = 0.0078125
1147/5005  0.025136  13/1024 = 0.0126953125
1151/5005  0.025080  8/1024 = 0.0078125
1155/5005  0.025136  7/1024 = 0.0068359375
1159/5005  0.025133  3/1024 = 0.0029296875
1163/5005  0.024926  13/1024 = 0.0126953125
1167/5005  0.024840  8/1024 = 0.0078125
1171/5005  0.024878  7/1024 = 0.0068359375
1175/5005  0.025007  8/1024 = 0.0078125
1179/5005  0.024847  13/1024 = 0.0126953125
1183/5005  0.025043  3/1024 = 0.0029296875
1187/5005  0.024927  6/1024 = 0.005859375
1191/5005  0.025056  3/1024 = 0.0029296875
1195/5005  0.024975  7/1024 = 0.0068359375
1199/5005  0.024985  10/1024 = 0.009765625
1203/5005  0.025071  9/1024 = 0.0087890625
1207/5005  0.025179  8/1024 = 0.0078125
1211/5005  0.024759  8/1024 = 0.0078125
1215/5005  0.024976  11/1024 = 0.0107421875
1219/5005  0.024859  10/1024 = 0.009765625
1223/5005  0.024949  6/1024 = 0.005859375
1227/5005  0.024826  7/1024 = 0.0068359375
1231/5005  0.025018  4/1024 = 0.00390625
1235/5005  0.025039  7/1024 = 0.0068359375
1239/5005  0.024714  13/1024 = 0.0126953125
1243/5005  0.025006  4/1024 = 0.00390625
1247/5005  0.024918  14/1024 = 0.013671875
1251/5005  0.024936  8/1024 = 0.0078125
1255/5005  0.024970  9/1024 = 0.0087890625
1259/5005  0.024899  10/1024 = 0.009765625
1263/5005  0.024859  7/1024 = 0.0068359375
1267/5005  0.025076  9/1024 = 0.0087890625
1271/5005  0.024832  5/1024 = 0.0048828125
1275/5005  0.025023  7/1024 = 0.0068359375
1279/5005  0.024970  9/1024 = 0.0087890625
1283/5005  0.025045  5/1024 = 0.0048828125
1287/5005  0.024779  9/1024 = 0.0087890625
1291/5005  0.024939  7/1024 = 0.0068359375
1295/5005  0.024822  7/1024 = 0.0068359375
1299/5005  0.024662  9/1024 = 0.0087890625
1303/5005  0.024491  13/1024 = 0.0126953125
1307/5005  0.024728  10/1024 = 0.009765625
1311/5005  0.024822  7/1024 = 0.0068359375
1315/5005  0.024629  13/1024 = 0.0126953125
1319/5005  0.024648  16/1024 = 0.015625
1323/5005  0.024601  7/1024 = 0.0068359375
1327/5005  0.024720  5/1024 = 0.0048828125
1331/5005  0.024667  16/1024 = 0.015625
1335/5005  0.025086  10/1024 = 0.009765625
1339/5005  0.024747  15/1024 = 0.0146484375
1343/5005  0.024794  16/1024 = 0.015625
1347/5005  0.024948  4/1024 = 0.00390625
1351/5005  0.024796  11/1024 = 0.0107421875
1355/5005  0.024925  9/1024 = 0.0087890625
1359/5005  0.024642  8/1024 = 0.0078125
1363/5005  0.024656  7/1024 = 0.0068359375
1367/5005  0.024557  8/1024 = 0.0078125
1371/5005  0.024414  12/1024 = 0.01171875
1375/5005  0.024637  16/1024 = 0.015625
1379/5005  0.024623  7/1024 = 0.0068359375
1383/5005  0.024634  14/1024 = 0.013671875
1387/5005  0.024696  14/1024 = 0.013671875
1391/5005  0.024578  13/1024 = 0.0126953125
1395/5005  0.024797  3/1024 = 0.0029296875
1399/5005  0.024605  12/1024 = 0.01171875
1403/5005  0.024720  13/1024 = 0.0126953125
1407/5005  0.024681  9/1024 = 0.0087890625
1411/5005  0.024542  12/1024 = 0.01171875
1415/5005  0.024641  12/1024 = 0.01171875
1419/5005  0.024467  12/1024 = 0.01171875
1423/5005  0.024253  13/1024 = 0.0126953125
1427/5005  0.024425  11/1024 = 0.0107421875
1431/5005  0.024508  12/1024 = 0.01171875
1435/5005  0.024554  10/1024 = 0.009765625
1439/5005  0.024583  12/1024 = 0.01171875
1443/5005  0.024577  15/1024 = 0.0146484375
1447/5005  0.024675  12/1024 = 0.01171875
1451/5005  0.024293  12/1024 = 0.01171875
1455/5005  0.024517  12/1024 = 0.01171875
1459/5005  0.024413  10/1024 = 0.009765625
1463/5005  0.024334  11/1024 = 0.0107421875
1467/5005  0.024701  10/1024 = 0.009765625
1471/5005  0.024644  15/1024 = 0.0146484375
1475/5005  0.024542  12/1024 = 0.01171875
1479/5005  0.024422  7/1024 = 0.0068359375
1483/5005  0.024234  5/1024 = 0.0048828125
1487/5005  0.024655  17/1024 = 0.0166015625
1491/5005  0.024562  12/1024 = 0.01171875
1495/5005  0.024501  15/1024 = 0.0146484375
1499/5005  0.024240  11/1024 = 0.0107421875
1503/5005  0.024565  15/1024 = 0.0146484375
1507/5005  0.024483  15/1024 = 0.0146484375
1511/5005  0.024344  10/1024 = 0.009765625
1515/5005  0.024310  12/1024 = 0.01171875
1519/5005  0.024454  7/1024 = 0.0068359375
1523/5005  0.024307  16/1024 = 0.015625
1527/5005  0.023995  9/1024 = 0.0087890625
1531/5005  0.024650  18/1024 = 0.017578125
1535/5005  0.024381  15/1024 = 0.0146484375
1539/5005  0.024287  18/1024 = 0.017578125
1543/5005  0.024200  15/1024 = 0.0146484375
1547/5005  0.023997  12/1024 = 0.01171875
1551/5005  0.024421  14/1024 = 0.013671875
1555/5005  0.024418  15/1024 = 0.0146484375
1559/5005  0.024102  22/1024 = 0.021484375
1563/5005  0.024402  16/1024 = 0.015625
1567/5005  0.024191  14/1024 = 0.013671875
1571/5005  0.024369  19/1024 = 0.0185546875
1575/5005  0.024423  15/1024 = 0.0146484375
1579/5005  0.024376  16/1024 = 0.015625
1583/5005  0.024250  14/1024 = 0.013671875
1587/5005  0.024167  10/1024 = 0.009765625
1591/5005  0.024563  14/1024 = 0.013671875
1595/5005  0.024261  11/1024 = 0.0107421875
1599/5005  0.024167  14/1024 = 0.013671875
1603/5005  0.024313  11/1024 = 0.0107421875
1607/5005  0.024171  18/1024 = 0.017578125
1611/5005  0.024213  22/1024 = 0.021484375
1615/5005  0.024282  16/1024 = 0.015625
1619/5005  0.024259  11/1024 = 0.0107421875
1623/5005  0.024550  10/1024 = 0.009765625
1627/5005  0.024274  13/1024 = 0.0126953125
1631/5005  0.024333  16/1024 = 0.015625
1635/5005  0.024271  17/1024 = 0.0166015625
1639/5005  0.024021  18/1024 = 0.017578125
1643/5005  0.024016  17/1024 = 0.0166015625
1647/5005  0.024211  17/1024 = 0.0166015625
1651/5005  0.024042  13/1024 = 0.0126953125
1655/5005  0.023976  25/1024 = 0.0244140625
1659/5005  0.024236  14/1024 = 0.013671875
1663/5005  0.023997  17/1024 = 0.0166015625
1667/5005  0.024165  11/1024 = 0.0107421875
1671/5005  0.024116  21/1024 = 0.0205078125
1675/5005  0.024077  14/1024 = 0.013671875
1679/5005  0.024130  14/1024 = 0.013671875
1683/5005  0.024055  21/1024 = 0.0205078125
1687/5005  0.024232  20/1024 = 0.01953125
1691/5005  0.023961  16/1024 = 0.015625
1695/5005  0.024331  20/1024 = 0.01953125
1699/5005  0.024044  24/1024 = 0.0234375
1703/5005  0.024090  15/1024 = 0.0146484375
1707/5005  0.024013  21/1024 = 0.0205078125
1711/5005  0.024224  14/1024 = 0.013671875
1715/5005  0.024237  19/1024 = 0.0185546875
1719/5005  0.023864  21/1024 = 0.0205078125
1723/5005  0.023898  11/1024 = 0.0107421875
1727/5005  0.024139  12/1024 = 0.01171875
1731/5005  0.023846  11/1024 = 0.0107421875
1735/5005  0.023909  18/1024 = 0.017578125
1739/5005  0.023829  20/1024 = 0.01953125
1743/5005  0.024231  14/1024 = 0.013671875
1747/5005  0.023976  23/1024 = 0.0224609375
1751/5005  0.023992  15/1024 = 0.0146484375
1755/5005  0.023987  19/1024 = 0.0185546875
1759/5005  0.023982  19/1024 = 0.0185546875
1763/5005  0.023970  17/1024 = 0.0166015625
1767/5005  0.023925  18/1024 = 0.017578125
1771/5005  0.024033  11/1024 = 0.0107421875
1775/5005  0.024035  13/1024 = 0.0126953125
1779/5005  0.024042  17/1024 = 0.0166015625
1783/5005  0.023909  20/1024 = 0.01953125
1787/5005  0.023829  21/1024 = 0.0205078125
1791/5005  0.023954  16/1024 = 0.015625
1795/5005  0.023865  16/1024 = 0.015625
1799/5005  0.024133  13/1024 = 0.0126953125
1803/5005  0.024007  20/1024 = 0.01953125
1807/5005  0.023903  15/1024 = 0.0146484375
1811/5005  0.023896  21/1024 = 0.0205078125
1815/5005  0.023523  27/1024 = 0.0263671875
1819/5005  0.023863  14/1024 = 0.013671875
1823/5005  0.023720  13/1024 = 0.0126953125
1827/5005  0.023606  23/1024 = 0.0224609375
1831/5005  0.023891  21/1024 = 0.0205078125
1835/5005  0.023916  11/1024 = 0.0107421875
1839/5005  0.024052  23/1024 = 0.0224609375
1843/5005  0.024027  18/1024 = 0.017578125
1847/5005  0.023684  12/1024 = 0.01171875
1851/5005  0.023794  19/1024 = 0.0185546875
1855/5005  0.023711  18/1024 = 0.017578125
1859/5005  0.023515  19/1024 = 0.0185546875
1863/5005  0.023711  23/1024 = 0.0224609375
1867/5005  0.024044  14/1024 = 0.013671875
1871/5005  0.023775  19/1024 = 0.0185546875
1875/5005  0.023528  21/1024 = 0.0205078125
1879/5005  0.023707  11/1024 = 0.0107421875
1883/5005  0.023746  20/1024 = 0.01953125
1887/5005  0.023562  25/1024 = 0.0244140625
1891/5005  0.023800  24/1024 = 0.0234375
1895/5005  0.023579  26/1024 = 0.025390625
1899/5005  0.023620  17/1024 = 0.0166015625
1903/5005  0.023764  12/1024 = 0.01171875
1907/5005  0.023657  24/1024 = 0.0234375
1911/5005  0.023577  22/1024 = 0.021484375
1915/5005  0.023786  17/1024 = 0.0166015625
1919/5005  0.023644  23/1024 = 0.0224609375
1923/5005  0.023745  29/1024 = 0.0283203125
1927/5005  0.023385  23/1024 = 0.0224609375
1931/5005  0.023926  19/1024 = 0.0185546875
1935/5005  0.024026  20/1024 = 0.01953125
1939/5005  0.023708  25/1024 = 0.0244140625
1943/5005  0.023677  21/1024 = 0.0205078125
1947/5005  0.023497  24/1024 = 0.0234375
1951/5005  0.023582  20/1024 = 0.01953125
1955/5005  0.023660  25/1024 = 0.0244140625
1959/5005  0.023537  19/1024 = 0.0185546875
1963/5005  0.023674  18/1024 = 0.017578125
1967/5005  0.023576  16/1024 = 0.015625
1971/5005  0.023534  18/1024 = 0.017578125
1975/5005  0.023686  19/1024 = 0.0185546875
1979/5005  0.023431  25/1024 = 0.0244140625
1983/5005  0.023667  24/1024 = 0.0234375
1987/5005  0.023772  15/1024 = 0.0146484375
1991/5005  0.023522  15/1024 = 0.0146484375
1995/5005  0.023527  21/1024 = 0.0205078125
1999/5005  0.023324  25/1024 = 0.0244140625
2003/5005  0.023696  19/1024 = 0.0185546875
2007/5005  0.023719  16/1024 = 0.015625
2011/5005  0.023664  18/1024 = 0.017578125
2015/5005  0.023739  21/1024 = 0.0205078125
2019/5005  0.023726  20/1024 = 0.01953125
2023/5005  0.023602  23/1024 = 0.0224609375
2027/5005  0.023424  27/1024 = 0.0263671875
2031/5005  0.023657  22/1024 = 0.021484375
2035/5005  0.023520  19/1024 = 0.0185546875
2039/5005  0.023659  27/1024 = 0.0263671875
2043/5005  0.023254  25/1024 = 0.0244140625
2047/5005  0.023549  25/1024 = 0.0244140625
2051/5005  0.023218  31/1024 = 0.0302734375
2055/5005  0.023464  24/1024 = 0.0234375
2059/5005  0.023345  24/1024 = 0.0234375
2063/5005  0.023890  17/1024 = 0.0166015625
2067/5005  0.023537  15/1024 = 0.0146484375
2071/5005  0.023365  14/1024 = 0.013671875
2075/5005  0.023508  20/1024 = 0.01953125
2079/5005  0.023514  23/1024 = 0.0224609375
2083/5005  0.023471  32/1024 = 0.03125
2087/5005  0.023593  20/1024 = 0.01953125
2091/5005  0.023701  19/1024 = 0.0185546875
2095/5005  0.023607  10/1024 = 0.009765625
2099/5005  0.023270  22/1024 = 0.021484375
2103/5005  0.023563  14/1024 = 0.013671875
2107/5005  0.023508  19/1024 = 0.0185546875
2111/5005  0.023571  23/1024 = 0.0224609375
2115/5005  0.023613  23/1024 = 0.0224609375
2119/5005  0.023439  28/1024 = 0.02734375
2123/5005  0.023792  25/1024 = 0.0244140625
2127/5005  0.023335  28/1024 = 0.02734375
2131/5005  0.023745  17/1024 = 0.0166015625
2135/5005  0.023661  22/1024 = 0.021484375
2139/5005  0.023618  14/1024 = 0.013671875
2143/5005  0.023575  22/1024 = 0.021484375
2147/5005  0.023663  25/1024 = 0.0244140625
2151/5005  0.023304  27/1024 = 0.0263671875
2155/5005  0.023738  26/1024 = 0.025390625
2159/5005  0.023533  15/1024 = 0.0146484375
2163/5005  0.023068  22/1024 = 0.021484375
2167/5005  0.023360  19/1024 = 0.0185546875
2171/5005  0.023801  14/1024 = 0.013671875
2175/5005  0.023420  27/1024 = 0.0263671875
2179/5005  0.023599  24/1024 = 0.0234375
2183/5005  0.023431  23/1024 = 0.0224609375
2187/5005  0.023349  21/1024 = 0.0205078125
2191/5005  0.023702  27/1024 = 0.0263671875
2195/5005  0.023595  29/1024 = 0.0283203125
2199/5005  0.023488  26/1024 = 0.025390625
2203/5005  0.023418  25/1024 = 0.0244140625
2207/5005  0.023615  28/1024 = 0.02734375
2211/5005  0.023646  16/1024 = 0.015625
2215/5005  0.023784  24/1024 = 0.0234375
2219/5005  0.023294  26/1024 = 0.025390625
2223/5005  0.023410  19/1024 = 0.0185546875
2227/5005  0.023270  23/1024 = 0.0224609375
2231/5005  0.023321  25/1024 = 0.0244140625
2235/5005  0.023140  23/1024 = 0.0224609375
2239/5005  0.023501  24/1024 = 0.0234375
2243/5005  0.023855  20/1024 = 0.01953125
2247/5005  0.023585  28/1024 = 0.02734375
2251/5005  0.023428  27/1024 = 0.0263671875
2255/5005  0.023497  19/1024 = 0.0185546875
2259/5005  0.023355  22/1024 = 0.021484375
2263/5005  0.023576  21/1024 = 0.0205078125
2267/5005  0.023480  36/1024 = 0.03515625
2271/5005  0.023351  25/1024 = 0.0244140625
2275/5005  0.023417  19/1024 = 0.0185546875
2279/5005  0.023316  31/1024 = 0.0302734375
2283/5005  0.023425  27/1024 = 0.0263671875
2287/5005  0.023241  26/1024 = 0.025390625
2291/5005  0.023286  17/1024 = 0.0166015625
2295/5005  0.023211  16/1024 = 0.015625
2299/5005  0.023440  26/1024 = 0.025390625
2303/5005  0.023370  25/1024 = 0.0244140625
2307/5005  0.023238  28/1024 = 0.02734375
2311/5005  0.023397  26/1024 = 0.025390625
2315/5005  0.023422  17/1024 = 0.0166015625
2319/5005  0.023328  24/1024 = 0.0234375
2323/5005  0.023088  23/1024 = 0.0224609375
2327/5005  0.023360  22/1024 = 0.021484375
2331/5005  0.023243  28/1024 = 0.02734375
2335/5005  0.023254  25/1024 = 0.0244140625
2339/5005  0.023247  28/1024 = 0.02734375
2343/5005  0.023327  18/1024 = 0.017578125
2347/5005  0.023337  28/1024 = 0.02734375
2351/5005  0.023224  33/1024 = 0.0322265625
2355/5005  0.023158  26/1024 = 0.025390625
2359/5005  0.023212  28/1024 = 0.02734375
2363/5005  0.022950  27/1024 = 0.0263671875
2367/5005  0.023252  25/1024 = 0.0244140625
2371/5005  0.023291  27/1024 = 0.0263671875
2375/5005  0.023394  29/1024 = 0.0283203125
2379/5005  0.023137  33/1024 = 0.0322265625
2383/5005  0.023414  23/1024 = 0.0224609375
2387/5005  0.023340  31/1024 = 0.0302734375
2391/5005  0.023326  31/1024 = 0.0302734375
2395/5005  0.023494  16/1024 = 0.015625
2399/5005  0.023493  22/1024 = 0.021484375
2403/5005  0.023364  22/1024 = 0.021484375
2407/5005  0.023091  26/1024 = 0.025390625
2411/5005  0.022965  22/1024 = 0.021484375
2415/5005  0.023422  17/1024 = 0.0166015625
2419/5005  0.022935  25/1024 = 0.0244140625
2423/5005  0.023244  21/1024 = 0.0205078125
2427/5005  0.023243  26/1024 = 0.025390625
2431/5005  0.023367  31/1024 = 0.0302734375
2435/5005  0.023178  23/1024 = 0.0224609375
2439/5005  0.023337  23/1024 = 0.0224609375
2443/5005  0.023159  28/1024 = 0.02734375
2447/5005  0.023175  22/1024 = 0.021484375
2451/5005  0.023345  29/1024 = 0.0283203125
2455/5005  0.023264  25/1024 = 0.0244140625
2459/5005  0.023303  22/1024 = 0.021484375
2463/5005  0.023303  37/1024 = 0.0361328125
2467/5005  0.023017  24/1024 = 0.0234375
2471/5005  0.023155  32/1024 = 0.03125
2475/5005  0.023094  26/1024 = 0.025390625
2479/5005  0.023175  27/1024 = 0.0263671875
2483/5005  0.023266  33/1024 = 0.0322265625
2487/5005  0.023151  25/1024 = 0.0244140625
2491/5005  0.023091  26/1024 = 0.025390625
2495/5005  0.022973  27/1024 = 0.0263671875
2499/5005  0.023149  22/1024 = 0.021484375
2503/5005  0.023110  28/1024 = 0.02734375
2507/5005  0.022974  26/1024 = 0.025390625
2511/5005  0.023195  34/1024 = 0.033203125
2515/5005  0.023220  21/1024 = 0.0205078125
2519/5005  0.023178  31/1024 = 0.0302734375
2523/5005  0.023265  26/1024 = 0.025390625
2527/5005  0.023129  26/1024 = 0.025390625
2531/5005  0.022926  31/1024 = 0.0302734375
2535/5005  0.023015  26/1024 = 0.025390625
2539/5005  0.023321  28/1024 = 0.02734375
2543/5005  0.023047  21/1024 = 0.0205078125
2547/5005  0.022904  24/1024 = 0.0234375
2551/5005  0.023201  25/1024 = 0.0244140625
2555/5005  0.023079  25/1024 = 0.0244140625
2559/5005  0.023359  20/1024 = 0.01953125
2563/5005  0.022983  27/1024 = 0.0263671875
2567/5005  0.023011  28/1024 = 0.02734375
2571/5005  0.023182  30/1024 = 0.029296875
2575/5005  0.022773  27/1024 = 0.0263671875
2579/5005  0.022683  32/1024 = 0.03125
2583/5005  0.023062  33/1024 = 0.0322265625
2587/5005  0.023076  29/1024 = 0.0283203125
2591/5005  0.023071  24/1024 = 0.0234375
2595/5005  0.023265  27/1024 = 0.0263671875
2599/5005  0.023036  29/1024 = 0.0283203125
2603/5005  0.023003  38/1024 = 0.037109375
2607/5005  0.023119  26/1024 = 0.025390625
2611/5005  0.022956  37/1024 = 0.0361328125
2615/5005  0.023166  30/1024 = 0.029296875
2619/5005  0.023186  27/1024 = 0.0263671875
2623/5005  0.023185  29/1024 = 0.0283203125
2627/5005  0.023040  30/1024 = 0.029296875
2631/5005  0.023077  39/1024 = 0.0380859375
2635/5005  0.023052  27/1024 = 0.0263671875
2639/5005  0.023048  31/1024 = 0.0302734375
2643/5005  0.023260  25/1024 = 0.0244140625
2647/5005  0.023313  27/1024 = 0.0263671875
2651/5005  0.023119  27/1024 = 0.0263671875
2655/5005  0.023107  34/1024 = 0.033203125
2659/5005  0.023007  29/1024 = 0.0283203125
2663/5005  0.022487  31/1024 = 0.0302734375
2667/5005  0.023176  29/1024 = 0.0283203125
2671/5005  0.022879  25/1024 = 0.0244140625
2675/5005  0.022992  31/1024 = 0.0302734375
2679/5005  0.022959  34/1024 = 0.033203125
2683/5005  0.023141  28/1024 = 0.02734375
2687/5005  0.022943  30/1024 = 0.029296875
2691/5005  0.023021  30/1024 = 0.029296875
2695/5005  0.022771  35/1024 = 0.0341796875
2699/5005  0.022979  29/1024 = 0.0283203125
2703/5005  0.022811  23/1024 = 0.0224609375
2707/5005  0.023098  15/1024 = 0.0146484375
2711/5005  0.022927  28/1024 = 0.02734375
2715/5005  0.022880  33/1024 = 0.0322265625
2719/5005  0.022961  35/1024 = 0.0341796875
2723/5005  0.022938  23/1024 = 0.0224609375
2727/5005  0.023365  22/1024 = 0.021484375
2731/5005  0.022994  29/1024 = 0.0283203125
2735/5005  0.022914  34/1024 = 0.033203125
2739/5005  0.022991  35/1024 = 0.0341796875
2743/5005  0.022692  33/1024 = 0.0322265625
2747/5005  0.022693  32/1024 = 0.03125
2751/5005  0.022745  32/1024 = 0.03125
2755/5005  0.022727  25/1024 = 0.0244140625
2759/5005  0.023052  26/1024 = 0.025390625
2763/5005  0.023183  27/1024 = 0.0263671875
2767/5005  0.022889  34/1024 = 0.033203125
2771/5005  0.022822  30/1024 = 0.029296875
2775/5005  0.022731  34/1024 = 0.033203125
2779/5005  0.022972  24/1024 = 0.0234375
2783/5005  0.022959  35/1024 = 0.0341796875
2787/5005  0.022974  35/1024 = 0.0341796875
2791/5005  0.023167  24/1024 = 0.0234375
2795/5005  0.022655  32/1024 = 0.03125
2799/5005  0.022613  36/1024 = 0.03515625
2803/5005  0.022935  30/1024 = 0.029296875
2807/5005  0.022933  30/1024 = 0.029296875
2811/5005  0.022891  35/1024 = 0.0341796875
2815/5005  0.022601  35/1024 = 0.0341796875
2819/5005  0.022733  35/1024 = 0.0341796875
2823/5005  0.022991  31/1024 = 0.0302734375
2827/5005  0.022886  32/1024 = 0.03125
2831/5005  0.022912  36/1024 = 0.03515625
2835/5005  0.022949  29/1024 = 0.0283203125
2839/5005  0.022766  34/1024 = 0.033203125
2843/5005  0.022688  27/1024 = 0.0263671875
2847/5005  0.023080  32/1024 = 0.03125
2851/5005  0.022775  33/1024 = 0.0322265625
2855/5005  0.023019  27/1024 = 0.0263671875
2859/5005  0.022610  44/1024 = 0.04296875
2863/5005  0.022880  25/1024 = 0.0244140625
2867/5005  0.022845  31/1024 = 0.0302734375
2871/5005  0.022869  31/1024 = 0.0302734375
2875/5005  0.023136  26/1024 = 0.025390625
2879/5005  0.023083  29/1024 = 0.0283203125
2883/5005  0.022765  26/1024 = 0.025390625
2887/5005  0.022920  33/1024 = 0.0322265625
2891/5005  0.022638  41/1024 = 0.0400390625
2895/5005  0.022845  39/1024 = 0.0380859375
2899/5005  0.022873  23/1024 = 0.0224609375
2903/5005  0.022601  30/1024 = 0.029296875
2907/5005  0.022554  40/1024 = 0.0390625
2911/5005  0.022803  31/1024 = 0.0302734375
2915/5005  0.023175  20/1024 = 0.01953125
2919/5005  0.022467  23/1024 = 0.0224609375
2923/5005  0.022527  34/1024 = 0.033203125
2927/5005  0.022875  29/1024 = 0.0283203125
2931/5005  0.022832  33/1024 = 0.0322265625
2935/5005  0.022741  32/1024 = 0.03125
2939/5005  0.022675  25/1024 = 0.0244140625
2943/5005  0.022769  33/1024 = 0.0322265625
2947/5005  0.022921  30/1024 = 0.029296875
2951/5005  0.022614  29/1024 = 0.0283203125
2955/5005  0.022888  29/1024 = 0.0283203125
2959/5005  0.022854  36/1024 = 0.03515625
2963/5005  0.022942  34/1024 = 0.033203125
2967/5005  0.022331  30/1024 = 0.029296875
2971/5005  0.022610  32/1024 = 0.03125
2975/5005  0.022563  38/1024 = 0.037109375
2979/5005  0.022640  33/1024 = 0.0322265625
2983/5005  0.022545  39/1024 = 0.0380859375
2987/5005  0.022899  33/1024 = 0.0322265625
2991/5005  0.022509  32/1024 = 0.03125
2995/5005  0.022427  34/1024 = 0.033203125
2999/5005  0.022678  33/1024 = 0.0322265625
3003/5005  0.022744  20/1024 = 0.01953125
3007/5005  0.022743  37/1024 = 0.0361328125
3011/5005  0.022595  34/1024 = 0.033203125
3015/5005  0.022686  31/1024 = 0.0302734375
3019/5005  0.022730  39/1024 = 0.0380859375
3023/5005  0.022732  33/1024 = 0.0322265625
3027/5005  0.022776  28/1024 = 0.02734375
3031/5005  0.022563  42/1024 = 0.041015625
3035/5005  0.022758  37/1024 = 0.0361328125
3039/5005  0.022818  27/1024 = 0.0263671875
3043/5005  0.022898  40/1024 = 0.0390625
3047/5005  0.022641  34/1024 = 0.033203125
3051/5005  0.022680  27/1024 = 0.0263671875
3055/5005  0.022949  34/1024 = 0.033203125
3059/5005  0.022448  36/1024 = 0.03515625
3063/5005  0.022781  36/1024 = 0.03515625
3067/5005  0.022778  29/1024 = 0.0283203125
3071/5005  0.022671  31/1024 = 0.0302734375
3075/5005  0.022586  33/1024 = 0.0322265625
3079/5005  0.022674  39/1024 = 0.0380859375
3083/5005  0.022586  31/1024 = 0.0302734375
3087/5005  0.022782  26/1024 = 0.025390625
3091/5005  0.022606  33/1024 = 0.0322265625
3095/5005  0.022988  32/1024 = 0.03125
3099/5005  0.022834  23/1024 = 0.0224609375
3103/5005  0.022464  40/1024 = 0.0390625
3107/5005  0.022556  33/1024 = 0.0322265625
3111/5005  0.022778  36/1024 = 0.03515625
3115/5005  0.022755  25/1024 = 0.0244140625
3119/5005  0.022672  28/1024 = 0.02734375
3123/5005  0.022635  22/1024 = 0.021484375
3127/5005  0.022765  31/1024 = 0.0302734375
3131/5005  0.022791  31/1024 = 0.0302734375
3135/5005  0.022680  39/1024 = 0.0380859375
3139/5005  0.022337  30/1024 = 0.029296875
3143/5005  0.022654  33/1024 = 0.0322265625
3147/5005  0.022781  22/1024 = 0.021484375
3151/5005  0.022651  33/1024 = 0.0322265625
3155/5005  0.022733  37/1024 = 0.0361328125
3159/5005  0.022658  34/1024 = 0.033203125
3163/5005  0.022392  37/1024 = 0.0361328125
3167/5005  0.022598  35/1024 = 0.0341796875
3171/5005  0.022887  21/1024 = 0.0205078125
3175/5005  0.022373  27/1024 = 0.0263671875
3179/5005  0.023038  24/1024 = 0.0234375
3183/5005  0.022665  43/1024 = 0.0419921875
3187/5005  0.022703  24/1024 = 0.0234375
3191/5005  0.022614  44/1024 = 0.04296875
3195/5005  0.022750  30/1024 = 0.029296875
3199/5005  0.022198  36/1024 = 0.03515625
3203/5005  0.022210  35/1024 = 0.0341796875
3207/5005  0.022685  36/1024 = 0.03515625
3211/5005  0.022837  23/1024 = 0.0224609375
3215/5005  0.022579  39/1024 = 0.0380859375
3219/5005  0.022511  38/1024 = 0.037109375
3223/5005  0.022655  29/1024 = 0.0283203125
3227/5005  0.022337  26/1024 = 0.025390625
3231/5005  0.022453  35/1024 = 0.0341796875
3235/5005  0.022556  32/1024 = 0.03125
3239/5005  0.022523  42/1024 = 0.041015625
3243/5005  0.022672  32/1024 = 0.03125
3247/5005  0.022402  29/1024 = 0.0283203125
3251/5005  0.022669  37/1024 = 0.0361328125
3255/5005  0.022655  20/1024 = 0.01953125
3259/5005  0.022280  38/1024 = 0.037109375
3263/5005  0.022691  27/1024 = 0.0263671875
3267/5005  0.022274  38/1024 = 0.037109375
3271/5005  0.022136  43/1024 = 0.0419921875
3275/5005  0.022524  36/1024 = 0.03515625
3279/5005  0.022268  44/1024 = 0.04296875
3283/5005  0.022679  33/1024 = 0.0322265625
3287/5005  0.022643  41/1024 = 0.0400390625
3291/5005  0.022176  38/1024 = 0.037109375
3295/5005  0.022442  41/1024 = 0.0400390625
3299/5005  0.022315  29/1024 = 0.0283203125
3303/5005  0.022517  34/1024 = 0.033203125
3307/5005  0.022701  25/1024 = 0.0244140625
3311/5005  0.022776  40/1024 = 0.0390625
3315/5005  0.022625  28/1024 = 0.02734375
3319/5005  0.022630  28/1024 = 0.02734375
3323/5005  0.022348  37/1024 = 0.0361328125
3327/5005  0.022234  51/1024 = 0.0498046875
3331/5005  0.022510  37/1024 = 0.0361328125
3335/5005  0.022581  32/1024 = 0.03125
3339/5005  0.022409  38/1024 = 0.037109375
3343/5005  0.022595  36/1024 = 0.03515625
3347/5005  0.022781  30/1024 = 0.029296875
3351/5005  0.022634  31/1024 = 0.0302734375
3355/5005  0.022597  35/1024 = 0.0341796875
3359/5005  0.022812  31/1024 = 0.0302734375
3363/5005  0.022468  35/1024 = 0.0341796875
3367/5005  0.022592  37/1024 = 0.0361328125
3371/5005  0.022361  26/1024 = 0.025390625
3375/5005  0.022559  31/1024 = 0.0302734375
3379/5005  0.022733  39/1024 = 0.0380859375
3383/5005  0.022081  33/1024 = 0.0322265625
3387/5005  0.022219  43/1024 = 0.0419921875
3391/5005  0.022645  43/1024 = 0.0419921875
3395/5005  0.022811  27/1024 = 0.0263671875
3399/5005  0.022355  36/1024 = 0.03515625
3403/5005  0.022421  42/1024 = 0.041015625
3407/5005  0.022727  32/1024 = 0.03125
3411/5005  0.022630  27/1024 = 0.0263671875
3415/5005  0.022609  42/1024 = 0.041015625
3419/5005  0.022304  33/1024 = 0.0322265625
3423/5005  0.022608  35/1024 = 0.0341796875
3427/5005  0.022293  33/1024 = 0.0322265625
3431/5005  0.022432  32/1024 = 0.03125
3435/5005  0.022561  28/1024 = 0.02734375
3439/5005  0.022417  32/1024 = 0.03125
3443/5005  0.022626  28/1024 = 0.02734375
3447/5005  0.022040  44/1024 = 0.04296875
3451/5005  0.022425  32/1024 = 0.03125
3455/5005  0.022358  34/1024 = 0.033203125
3459/5005  0.022169  42/1024 = 0.041015625
3463/5005  0.022667  34/1024 = 0.033203125
3467/5005  0.022238  38/1024 = 0.037109375
3471/5005  0.022579  38/1024 = 0.037109375
3475/5005  0.022674  40/1024 = 0.0390625
3479/5005  0.022196  33/1024 = 0.0322265625
3483/5005  0.022219  48/1024 = 0.046875
3487/5005  0.022108  44/1024 = 0.04296875
3491/5005  0.022428  31/1024 = 0.0302734375
3495/5005  0.022298  33/1024 = 0.0322265625
3499/5005  0.022056  35/1024 = 0.0341796875
3503/5005  0.022223  41/1024 = 0.0400390625
3507/5005  0.022219  37/1024 = 0.0361328125
3511/5005  0.022391  37/1024 = 0.0361328125
3515/5005  0.022682  36/1024 = 0.03515625
3519/5005  0.022384  52/1024 = 0.05078125
3523/5005  0.022452  38/1024 = 0.037109375
3527/5005  0.022226  38/1024 = 0.037109375
3531/5005  0.022604  34/1024 = 0.033203125
3535/5005  0.022542  39/1024 = 0.0380859375
3539/5005  0.022282  51/1024 = 0.0498046875
3543/5005  0.022408  38/1024 = 0.037109375
3547/5005  0.022489  40/1024 = 0.0390625
3551/5005  0.022260  35/1024 = 0.0341796875
3555/5005  0.022290  41/1024 = 0.0400390625
3559/5005  0.022678  35/1024 = 0.0341796875
3563/5005  0.022488  33/1024 = 0.0322265625
3567/5005  0.022270  49/1024 = 0.0478515625
3571/5005  0.022840  32/1024 = 0.03125
3575/5005  0.022056  33/1024 = 0.0322265625
3579/5005  0.022488  27/1024 = 0.0263671875
3583/5005  0.022356  44/1024 = 0.04296875
3587/5005  0.022421  36/1024 = 0.03515625
3591/5005  0.022480  34/1024 = 0.033203125
3595/5005  0.022409  44/1024 = 0.04296875
3599/5005  0.022599  30/1024 = 0.029296875
3603/5005  0.022404  40/1024 = 0.0390625
3607/5005  0.022065  40/1024 = 0.0390625
3611/5005  0.022457  36/1024 = 0.03515625
3615/5005  0.022668  35/1024 = 0.0341796875
3619/5005  0.022326  48/1024 = 0.046875
3623/5005  0.021888  44/1024 = 0.04296875
3627/5005  0.022139  48/1024 = 0.046875
3631/5005  0.022354  33/1024 = 0.0322265625
3635/5005  0.022421  35/1024 = 0.0341796875
3639/5005  0.022413  40/1024 = 0.0390625
3643/5005  0.022474  33/1024 = 0.0322265625
3647/5005  0.022256  35/1024 = 0.0341796875
3651/5005  0.022411  42/1024 = 0.041015625
3655/5005  0.022053  38/1024 = 0.037109375
3659/5005  0.022379  36/1024 = 0.03515625
3663/5005  0.022367  39/1024 = 0.0380859375
3667/5005  0.022208  52/1024 = 0.05078125
3671/5005  0.022266  50/1024 = 0.048828125
3675/5005  0.022520  41/1024 = 0.0400390625
3679/5005  0.022075  40/1024 = 0.0390625
3683/5005  0.022254  38/1024 = 0.037109375
3687/5005  0.022470  32/1024 = 0.03125
3691/5005  0.022288  43/1024 = 0.0419921875
3695/5005  0.022289  38/1024 = 0.037109375
3699/5005  0.022296  41/1024 = 0.0400390625
3703/5005  0.022144  38/1024 = 0.037109375
3707/5005  0.022282  54/1024 = 0.052734375
3711/5005  0.022315  27/1024 = 0.0263671875
3715/5005  0.022295  30/1024 = 0.029296875
3719/5005  0.022112  33/1024 = 0.0322265625
3723/5005  0.022245  40/1024 = 0.0390625
3727/5005  0.022176  31/1024 = 0.0302734375
3731/5005  0.021790  50/1024 = 0.048828125
3735/5005  0.022145  45/1024 = 0.0439453125
3739/5005  0.022290  34/1024 = 0.033203125
3743/5005  0.022412  40/1024 = 0.0390625
3747/5005  0.022208  42/1024 = 0.041015625
3751/5005  0.022308  43/1024 = 0.0419921875
3755/5005  0.022328  38/1024 = 0.037109375
3759/5005  0.022080  43/1024 = 0.0419921875
3763/5005  0.022294  42/1024 = 0.041015625
3767/5005  0.022092  48/1024 = 0.046875
3771/5005  0.022220  49/1024 = 0.0478515625
3775/5005  0.021931  38/1024 = 0.037109375
3779/5005  0.022466  40/1024 = 0.0390625
3783/5005  0.022034  43/1024 = 0.0419921875
3787/5005  0.022365  41/1024 = 0.0400390625
3791/5005  0.022039  51/1024 = 0.0498046875
3795/5005  0.022031  49/1024 = 0.0478515625
3799/5005  0.021981  39/1024 = 0.0380859375
3803/5005  0.022058  40/1024 = 0.0390625
3807/5005  0.022065  36/1024 = 0.03515625
3811/5005  0.021714  41/1024 = 0.0400390625
3815/5005  0.022362  37/1024 = 0.0361328125
3819/5005  0.022358  39/1024 = 0.0380859375
3823/5005  0.022295  35/1024 = 0.0341796875
3827/5005  0.021900  39/1024 = 0.0380859375
3831/5005  0.022359  46/1024 = 0.044921875
3835/5005  0.022240  54/1024 = 0.052734375
3839/5005  0.022106  43/1024 = 0.0419921875
3843/5005  0.022074  42/1024 = 0.041015625
3847/5005  0.022362  35/1024 = 0.0341796875
3851/5005  0.021970  39/1024 = 0.0380859375
3855/5005  0.021713  44/1024 = 0.04296875
3859/5005  0.022259  35/1024 = 0.0341796875
3863/5005  0.022174  36/1024 = 0.03515625
3867/5005  0.022102  40/1024 = 0.0390625
3871/5005  0.022161  37/1024 = 0.0361328125
3875/5005  0.022341  42/1024 = 0.041015625
3879/5005  0.022254  50/1024 = 0.048828125
3883/5005  0.022340  31/1024 = 0.0302734375
3887/5005  0.022378  38/1024 = 0.037109375
3891/5005  0.022163  35/1024 = 0.0341796875
3895/5005  0.022093  46/1024 = 0.044921875
3899/5005  0.022258  46/1024 = 0.044921875
3903/5005  0.021847  52/1024 = 0.05078125
3907/5005  0.022140  37/1024 = 0.0361328125
3911/5005  0.022090  45/1024 = 0.0439453125
3915/5005  0.021939  48/1024 = 0.046875
3919/5005  0.021986  52/1024 = 0.05078125
3923/5005  0.022034  45/1024 = 0.0439453125
3927/5005  0.022378  37/1024 = 0.0361328125
3931/5005  0.022152  39/1024 = 0.0380859375
3935/5005  0.021937  38/1024 = 0.037109375
3939/5005  0.022130  52/1024 = 0.05078125
3943/5005  0.022032  51/1024 = 0.0498046875
3947/5005  0.022227  44/1024 = 0.04296875
3951/5005  0.022203  46/1024 = 0.044921875
3955/5005  0.022099  54/1024 = 0.052734375
3959/5005  0.022075  39/1024 = 0.0380859375
3963/5005  0.022182  50/1024 = 0.048828125
3967/5005  0.022085  34/1024 = 0.033203125
3971/5005  0.022002  35/1024 = 0.0341796875
3975/5005  0.022144  34/1024 = 0.033203125
3979/5005  0.022274  44/1024 = 0.04296875
3983/5005  0.022450  37/1024 = 0.0361328125
3987/5005  0.021923  46/1024 = 0.044921875
3991/5005  0.022244  38/1024 = 0.037109375
3995/5005  0.021983  33/1024 = 0.0322265625
3999/5005  0.022224  40/1024 = 0.0390625
4003/5005  0.021909  55/1024 = 0.0537109375
4007/5005  0.022150  43/1024 = 0.0419921875
4011/5005  0.021949  59/1024 = 0.0576171875
4015/5005  0.022203  43/1024 = 0.0419921875
4019/5005  0.022207  43/1024 = 0.0419921875
4023/5005  0.022019  33/1024 = 0.0322265625
4027/5005  0.022235  39/1024 = 0.0380859375
4031/5005  0.022151  37/1024 = 0.0361328125
4035/5005  0.021993  47/1024 = 0.0458984375
4039/5005  0.022129  42/1024 = 0.041015625
4043/5005  0.022103  42/1024 = 0.041015625
4047/5005  0.022220  37/1024 = 0.0361328125
4051/5005  0.022171  44/1024 = 0.04296875
4055/5005  0.022203  34/1024 = 0.033203125
4059/5005  0.022185  34/1024 = 0.033203125
4063/5005  0.022150  44/1024 = 0.04296875
4067/5005  0.021926  49/1024 = 0.0478515625
4071/5005  0.022155  47/1024 = 0.0458984375
4075/5005  0.022018  39/1024 = 0.0380859375
4079/5005  0.021960  42/1024 = 0.041015625
4083/5005  0.022204  38/1024 = 0.037109375
4087/5005  0.022187  45/1024 = 0.0439453125
4091/5005  0.021829  46/1024 = 0.044921875
4095/5005  0.022191  39/1024 = 0.0380859375
4099/5005  0.021969  53/1024 = 0.0517578125
4103/5005  0.021960  57/1024 = 0.0556640625
4107/5005  0.022198  33/1024 = 0.0322265625
4111/5005  0.022170  45/1024 = 0.0439453125
4115/5005  0.021865  37/1024 = 0.0361328125
4119/5005  0.022410  46/1024 = 0.044921875
4123/5005  0.022189  54/1024 = 0.052734375
4127/5005  0.022213  45/1024 = 0.0439453125
4131/5005  0.022281  23/1024 = 0.0224609375
4135/5005  0.022285  37/1024 = 0.0361328125
4139/5005  0.022068  41/1024 = 0.0400390625
4143/5005  0.021796  52/1024 = 0.05078125
4147/5005  0.021872  35/1024 = 0.0341796875
4151/5005  0.022157  50/1024 = 0.048828125
4155/5005  0.022015  40/1024 = 0.0390625
4159/5005  0.022006  42/1024 = 0.041015625
4163/5005  0.021928  51/1024 = 0.0498046875
4167/5005  0.022020  50/1024 = 0.048828125
4171/5005  0.022240  50/1024 = 0.048828125
4175/5005  0.021928  43/1024 = 0.0419921875
4179/5005  0.021906  53/1024 = 0.0517578125
4183/5005  0.022092  39/1024 = 0.0380859375
4187/5005  0.022078  40/1024 = 0.0390625
4191/5005  0.021807  56/1024 = 0.0546875
4195/5005  0.022344  46/1024 = 0.044921875
4199/5005  0.021937  43/1024 = 0.0419921875
4203/5005  0.021923  44/1024 = 0.04296875
4207/5005  0.022204  40/1024 = 0.0390625
4211/5005  0.021746  56/1024 = 0.0546875
4215/5005  0.021697  55/1024 = 0.0537109375
4219/5005  0.021882  44/1024 = 0.04296875
4223/5005  0.021916  42/1024 = 0.041015625
4227/5005  0.021844  43/1024 = 0.0419921875
4231/5005  0.021942  34/1024 = 0.033203125
4235/5005  0.022179  32/1024 = 0.03125
4239/5005  0.022001  39/1024 = 0.0380859375
4243/5005  0.021836  49/1024 = 0.0478515625
4247/5005  0.022161  45/1024 = 0.0439453125
4251/5005  0.021985  44/1024 = 0.04296875
4255/5005  0.022189  42/1024 = 0.041015625
4259/5005  0.021917  50/1024 = 0.048828125
4263/5005  0.021981  48/1024 = 0.046875
4267/5005  0.022059  49/1024 = 0.0478515625
4271/5005  0.022122  48/1024 = 0.046875
4275/5005  0.022039  38/1024 = 0.037109375
4279/5005  0.021747  44/1024 = 0.04296875
4283/5005  0.021932  39/1024 = 0.0380859375
4287/5005  0.022090  43/1024 = 0.0419921875
4291/5005  0.021938  41/1024 = 0.0400390625
4295/5005  0.022066  48/1024 = 0.046875
4299/5005  0.021997  49/1024 = 0.0478515625
4303/5005  0.021732  48/1024 = 0.046875
4307/5005  0.021985  43/1024 = 0.0419921875
4311/5005  0.022064  36/1024 = 0.03515625
4315/5005  0.021788  51/1024 = 0.0498046875
4319/5005  0.021947  40/1024 = 0.0390625
4323/5005  0.022327  41/1024 = 0.0400390625
4327/5005  0.022051  41/1024 = 0.0400390625
4331/5005  0.021848  47/1024 = 0.0458984375
4335/5005  0.022003  43/1024 = 0.0419921875
4339/5005  0.022231  43/1024 = 0.0419921875
4343/5005  0.021975  58/1024 = 0.056640625
4347/5005  0.022001  42/1024 = 0.041015625
4351/5005  0.022052  34/1024 = 0.033203125
4355/5005  0.021745  52/1024 = 0.05078125
4359/5005  0.021838  55/1024 = 0.0537109375
4363/5005  0.021793  59/1024 = 0.0576171875
4367/5005  0.021796  41/1024 = 0.0400390625
4371/5005  0.021726  48/1024 = 0.046875
4375/5005  0.021823  36/1024 = 0.03515625
4379/5005  0.021629  62/1024 = 0.060546875
4383/5005  0.021800  55/1024 = 0.0537109375
4387/5005  0.022155  34/1024 = 0.033203125
4391/5005  0.021762  53/1024 = 0.0517578125
4395/5005  0.022024  40/1024 = 0.0390625
4399/5005  0.022094  49/1024 = 0.0478515625
4403/5005  0.021967  39/1024 = 0.0380859375
4407/5005  0.021944  41/1024 = 0.0400390625
4411/5005  0.021665  50/1024 = 0.048828125
4415/5005  0.021990  48/1024 = 0.046875
4419/5005  0.021800  36/1024 = 0.03515625
4423/5005  0.021782  47/1024 = 0.0458984375
4427/5005  0.022042  44/1024 = 0.04296875
4431/5005  0.022031  46/1024 = 0.044921875
4435/5005  0.021667  55/1024 = 0.0537109375
4439/5005  0.021871  48/1024 = 0.046875
4443/5005  0.021834  48/1024 = 0.046875
4447/5005  0.022045  46/1024 = 0.044921875
4451/5005  0.021750  39/1024 = 0.0380859375
4455/5005  0.021695  56/1024 = 0.0546875
4459/5005  0.021864  48/1024 = 0.046875
4463/5005  0.021849  57/1024 = 0.0556640625
4467/5005  0.021721  51/1024 = 0.0498046875
4471/5005  0.021947  51/1024 = 0.0498046875
4475/5005  0.021719  56/1024 = 0.0546875
4479/5005  0.021996  47/1024 = 0.0458984375
4483/5005  0.021762  46/1024 = 0.044921875
4487/5005  0.021733  41/1024 = 0.0400390625
4491/5005  0.021843  43/1024 = 0.0419921875
4495/5005  0.021622  57/1024 = 0.0556640625
4499/5005  0.021692  46/1024 = 0.044921875
4503/5005  0.022035  46/1024 = 0.044921875
4507/5005  0.021847  38/1024 = 0.037109375
4511/5005  0.021640  55/1024 = 0.0537109375
4515/5005  0.021486  45/1024 = 0.0439453125
4519/5005  0.021516  51/1024 = 0.0498046875
4523/5005  0.021592  49/1024 = 0.0478515625
4527/5005  0.021853  53/1024 = 0.0517578125
4531/5005  0.021779  41/1024 = 0.0400390625
4535/5005  0.021978  48/1024 = 0.046875
4539/5005  0.021615  44/1024 = 0.04296875
4543/5005  0.021861  44/1024 = 0.04296875
4547/5005  0.021717  51/1024 = 0.0498046875
4551/5005  0.022137  43/1024 = 0.0419921875
4555/5005  0.021569  46/1024 = 0.044921875
4559/5005  0.021563  46/1024 = 0.044921875
4563/5005  0.021807  48/1024 = 0.046875
4567/5005  0.021769  46/1024 = 0.044921875
4571/5005  0.021809  46/1024 = 0.044921875
4575/5005  0.021868  54/1024 = 0.052734375
4579/5005  0.021609  54/1024 = 0.052734375
4583/5005  0.021570  52/1024 = 0.05078125
4587/5005  0.021702  50/1024 = 0.048828125
4591/5005  0.021589  53/1024 = 0.0517578125
4595/5005  0.021840  48/1024 = 0.046875
4599/5005  0.021602  49/1024 = 0.0478515625
4603/5005  0.022011  46/1024 = 0.044921875
4607/5005  0.021845  52/1024 = 0.05078125
4611/5005  0.021582  49/1024 = 0.0478515625
4615/5005  0.021793  46/1024 = 0.044921875
4619/5005  0.021565  45/1024 = 0.0439453125
4623/5005  0.021419  65/1024 = 0.0634765625
4627/5005  0.022077  43/1024 = 0.0419921875
4631/5005  0.021843  54/1024 = 0.052734375
4635/5005  0.021633  44/1024 = 0.04296875
4639/5005  0.021690  45/1024 = 0.0439453125
4643/5005  0.021657  50/1024 = 0.048828125
4647/5005  0.022168  52/1024 = 0.05078125
4651/5005  0.021587  43/1024 = 0.0419921875
4655/5005  0.021596  50/1024 = 0.048828125
4659/5005  0.021761  52/1024 = 0.05078125
4663/5005  0.021605  46/1024 = 0.044921875
4667/5005  0.021906  50/1024 = 0.048828125
4671/5005  0.021685  45/1024 = 0.0439453125
4675/5005  0.021610  53/1024 = 0.0517578125
4679/5005  0.021843  49/1024 = 0.0478515625
4683/5005  0.021598  53/1024 = 0.0517578125
4687/5005  0.022038  42/1024 = 0.041015625
4691/5005  0.021850  48/1024 = 0.046875
4695/5005  0.021412  59/1024 = 0.0576171875
4699/5005  0.021947  45/1024 = 0.0439453125
4703/5005  0.022205  40/1024 = 0.0390625
4707/5005  0.021868  52/1024 = 0.05078125
4711/5005  0.021791  55/1024 = 0.0537109375
4715/5005  0.021850  54/1024 = 0.052734375
4719/5005  0.021911  45/1024 = 0.0439453125
4723/5005  0.021827  47/1024 = 0.0458984375
4727/5005  0.021876  35/1024 = 0.0341796875
4731/5005  0.021668  51/1024 = 0.0498046875
4735/5005  0.021571  53/1024 = 0.0517578125
4739/5005  0.021775  48/1024 = 0.046875
4743/5005  0.021653  49/1024 = 0.0478515625
4747/5005  0.021973  60/1024 = 0.05859375
4751/5005  0.021573  58/1024 = 0.056640625
4755/5005  0.021709  51/1024 = 0.0498046875
4759/5005  0.021621  53/1024 = 0.0517578125
4763/5005  0.021675  47/1024 = 0.0458984375
4767/5005  0.021337  56/1024 = 0.0546875
4771/5005  0.021595  61/1024 = 0.0595703125
4775/5005  0.022117  52/1024 = 0.05078125
4779/5005  0.021614  62/1024 = 0.060546875
4783/5005  0.022084  46/1024 = 0.044921875
4787/5005  0.021565  53/1024 = 0.0517578125
4791/5005  0.021736  50/1024 = 0.048828125
4795/5005  0.021472  62/1024 = 0.060546875
4799/5005  0.021612  53/1024 = 0.0517578125
4803/5005  0.021994  50/1024 = 0.048828125
4807/5005  0.021995  44/1024 = 0.04296875
4811/5005  0.021335  52/1024 = 0.05078125
4815/5005  0.021912  46/1024 = 0.044921875
4819/5005  0.021573  59/1024 = 0.0576171875
4823/5005  0.021584  51/1024 = 0.0498046875
4827/5005  0.021652  47/1024 = 0.0458984375
4831/5005  0.021581  62/1024 = 0.060546875
4835/5005  0.021337  48/1024 = 0.046875
4839/5005  0.021893  37/1024 = 0.0361328125
4843/5005  0.021562  51/1024 = 0.0498046875
4847/5005  0.021865  52/1024 = 0.05078125
4851/5005  0.021666  53/1024 = 0.0517578125
4855/5005  0.021793  51/1024 = 0.0498046875
4859/5005  0.021566  65/1024 = 0.0634765625
4863/5005  0.021750  46/1024 = 0.044921875
4867/5005  0.021684  50/1024 = 0.048828125
4871/5005  0.021714  44/1024 = 0.04296875
4875/5005  0.022074  40/1024 = 0.0390625
4879/5005  0.021639  53/1024 = 0.0517578125
4883/5005  0.021998  40/1024 = 0.0390625
4887/5005  0.021401  49/1024 = 0.0478515625
4891/5005  0.021511  46/1024 = 0.044921875
4895/5005  0.021296  63/1024 = 0.0615234375
4899/5005  0.021597  54/1024 = 0.052734375
4903/5005  0.021987  37/1024 = 0.0361328125
4907/5005  0.021733  61/1024 = 0.0595703125
4911/5005  0.021870  52/1024 = 0.05078125
4915/5005  0.021925  40/1024 = 0.0390625
4919/5005  0.021777  43/1024 = 0.0419921875
4923/5005  0.021626  50/1024 = 0.048828125
4927/5005  0.021614  54/1024 = 0.052734375
4931/5005  0.021502  56/1024 = 0.0546875
4935/5005  0.021789  45/1024 = 0.0439453125
4939/5005  0.021409  54/1024 = 0.052734375
4943/5005  0.021390  59/1024 = 0.0576171875
4947/5005  0.021251  55/1024 = 0.0537109375
4951/5005  0.021502  65/1024 = 0.0634765625
4955/5005  0.021492  39/1024 = 0.0380859375
4959/5005  0.021582  52/1024 = 0.05078125
4963/5005  0.021755  48/1024 = 0.046875
4967/5005  0.021810  57/1024 = 0.0556640625
4971/5005  0.021902  58/1024 = 0.056640625
4975/5005  0.021345  58/1024 = 0.056640625
4979/5005  0.021494  42/1024 = 0.041015625
4983/5005  0.021879  51/1024 = 0.0498046875
4987/5005  0.021743  50/1024 = 0.048828125
4991/5005  0.021733  46/1024 = 0.044921875
4995/5005  0.021721  49/1024 = 0.0478515625
4999/5005  0.021511  54/1024 = 0.052734375
5003/5005  0.021727  58/1024 = 0.056640625
0:11:57.711552
