VGG(
  (features): Sequential(
    (0): Conv2d(3, 64, kernel_size=(3, 3), stride=(1, 1), padding=(1, 1))
    (1): ReLU(inplace=True)
    (2): Conv2d(64, 64, kernel_size=(3, 3), stride=(1, 1), padding=(1, 1))
    (3): ReLU(inplace=True)
    (4): MaxPool2d(kernel_size=2, stride=2, padding=0, dilation=1, ceil_mode=False)
    (5): Conv2d(64, 128, kernel_size=(3, 3), stride=(1, 1), padding=(1, 1))
    (6): ReLU(inplace=True)
    (7): Conv2d(128, 128, kernel_size=(3, 3), stride=(1, 1), padding=(1, 1))
    (8): ReLU(inplace=True)
    (9): MaxPool2d(kernel_size=2, stride=2, padding=0, dilation=1, ceil_mode=False)
    (10): Conv2d(128, 256, kernel_size=(3, 3), stride=(1, 1), padding=(1, 1))
    (11): ReLU(inplace=True)
    (12): Conv2d(256, 256, kernel_size=(3, 3), stride=(1, 1), padding=(1, 1))
    (13): ReLU(inplace=True)
    (14): Conv2d(256, 256, kernel_size=(3, 3), stride=(1, 1), padding=(1, 1))
    (15): ReLU(inplace=True)
    (16): MaxPool2d(kernel_size=2, stride=2, padding=0, dilation=1, ceil_mode=False)
    (17): Conv2d(256, 512, kernel_size=(3, 3), stride=(1, 1), padding=(1, 1))
    (18): ReLU(inplace=True)
    (19): Conv2d(512, 512, kernel_size=(3, 3), stride=(1, 1), padding=(1, 1))
    (20): ReLU(inplace=True)
    (21): Conv2d(512, 512, kernel_size=(3, 3), stride=(1, 1), padding=(1, 1))
    (22): ReLU(inplace=True)
    (23): MaxPool2d(kernel_size=2, stride=2, padding=0, dilation=1, ceil_mode=False)
    (24): Conv2d(512, 512, kernel_size=(3, 3), stride=(1, 1), padding=(1, 1))
    (25): ReLU(inplace=True)
    (26): Conv2d(512, 512, kernel_size=(3, 3), stride=(1, 1), padding=(1, 1))
    (27): ReLU(inplace=True)
    (28): Conv2d(512, 512, kernel_size=(3, 3), stride=(1, 1), padding=(1, 1))
    (29): ReLU(inplace=True)
    (30): MaxPool2d(kernel_size=2, stride=2, padding=0, dilation=1, ceil_mode=False)
  )
  (avgpool): AdaptiveAvgPool2d(output_size=(7, 7))
  (classifier): Sequential(
    (0): Linear(in_features=25088, out_features=4096, bias=True)
    (1): ReLU(inplace=True)
    (2): Dropout(p=0.5, inplace=False)
    (3): Linear(in_features=4096, out_features=4096, bias=True)
    (4): ReLU(inplace=True)
    (5): Dropout(p=0.5, inplace=False)
    (6): Linear(in_features=4096, out_features=1000, bias=True)
  )
)
# using cuda
3/5005  0.027003  1/1024 = 0.0009765625
7/5005  0.027000  3/1024 = 0.0029296875
11/5005  0.026981  0/1024 = 0.0
15/5005  0.026993  0/1024 = 0.0
19/5005  0.026984  0/1024 = 0.0
23/5005  0.026986  0/1024 = 0.0
27/5005  0.026982  2/1024 = 0.001953125
31/5005  0.026981  1/1024 = 0.0009765625
35/5005  0.026983  1/1024 = 0.0009765625
39/5005  0.026989  0/1024 = 0.0
43/5005  0.026981  0/1024 = 0.0
47/5005  0.026985  1/1024 = 0.0009765625
51/5005  0.026981  0/1024 = 0.0
55/5005  0.026982  2/1024 = 0.001953125
59/5005  0.026984  0/1024 = 0.0
63/5005  0.026984  0/1024 = 0.0
67/5005  0.026984  0/1024 = 0.0
71/5005  0.026985  1/1024 = 0.0009765625
75/5005  0.026981  3/1024 = 0.0029296875
79/5005  0.026982  1/1024 = 0.0009765625
83/5005  0.026980  2/1024 = 0.001953125
87/5005  0.026983  1/1024 = 0.0009765625
91/5005  0.026973  1/1024 = 0.0009765625
95/5005  0.026985  0/1024 = 0.0
99/5005  0.026959  1/1024 = 0.0009765625
103/5005  0.026978  1/1024 = 0.0009765625
107/5005  0.026967  0/1024 = 0.0
111/5005  0.026970  0/1024 = 0.0
115/5005  0.026927  1/1024 = 0.0009765625
119/5005  0.026965  1/1024 = 0.0009765625
123/5005  0.026953  1/1024 = 0.0009765625
127/5005  0.026896  2/1024 = 0.001953125
131/5005  0.026923  1/1024 = 0.0009765625
135/5005  0.026939  0/1024 = 0.0
139/5005  0.026904  1/1024 = 0.0009765625
143/5005  0.026899  2/1024 = 0.001953125
147/5005  0.026869  1/1024 = 0.0009765625
151/5005  0.026904  1/1024 = 0.0009765625
155/5005  0.026894  1/1024 = 0.0009765625
159/5005  0.026929  1/1024 = 0.0009765625
163/5005  0.026879  3/1024 = 0.0029296875
167/5005  0.026887  1/1024 = 0.0009765625
171/5005  0.026888  2/1024 = 0.001953125
175/5005  0.026872  1/1024 = 0.0009765625
179/5005  0.026872  1/1024 = 0.0009765625
183/5005  0.026879  2/1024 = 0.001953125
187/5005  0.026864  2/1024 = 0.001953125
191/5005  0.026881  4/1024 = 0.00390625
195/5005  0.026844  0/1024 = 0.0
199/5005  0.026798  1/1024 = 0.0009765625
203/5005  0.026750  1/1024 = 0.0009765625
207/5005  0.026785  2/1024 = 0.001953125
211/5005  0.026822  1/1024 = 0.0009765625
215/5005  0.026880  1/1024 = 0.0009765625
219/5005  0.026864  2/1024 = 0.001953125
223/5005  0.026829  2/1024 = 0.001953125
227/5005  0.026819  0/1024 = 0.0
231/5005  0.026784  2/1024 = 0.001953125
235/5005  0.026770  3/1024 = 0.0029296875
239/5005  0.026735  0/1024 = 0.0
243/5005  0.026782  0/1024 = 0.0
247/5005  0.026733  0/1024 = 0.0
251/5005  0.026752  0/1024 = 0.0
255/5005  0.026785  2/1024 = 0.001953125
259/5005  0.026698  1/1024 = 0.0009765625
263/5005  0.026774  3/1024 = 0.0029296875
267/5005  0.026787  3/1024 = 0.0029296875
271/5005  0.026759  0/1024 = 0.0
275/5005  0.026752  0/1024 = 0.0
279/5005  0.026657  0/1024 = 0.0
283/5005  0.026738  2/1024 = 0.001953125
287/5005  0.026734  3/1024 = 0.0029296875
291/5005  0.026667  0/1024 = 0.0
295/5005  0.026632  2/1024 = 0.001953125
299/5005  0.026614  2/1024 = 0.001953125
303/5005  0.026712  1/1024 = 0.0009765625
307/5005  0.026703  0/1024 = 0.0
311/5005  0.026605  4/1024 = 0.00390625
315/5005  0.026613  3/1024 = 0.0029296875
319/5005  0.026639  2/1024 = 0.001953125
323/5005  0.026659  2/1024 = 0.001953125
327/5005  0.026643  1/1024 = 0.0009765625
331/5005  0.026586  1/1024 = 0.0009765625
335/5005  0.026699  0/1024 = 0.0
339/5005  0.026546  3/1024 = 0.0029296875
343/5005  0.026644  3/1024 = 0.0029296875
347/5005  0.026577  1/1024 = 0.0009765625
351/5005  0.026454  1/1024 = 0.0009765625
355/5005  0.026364  4/1024 = 0.00390625
359/5005  0.026539  4/1024 = 0.00390625
363/5005  0.026644  3/1024 = 0.0029296875
367/5005  0.026640  3/1024 = 0.0029296875
371/5005  0.026560  1/1024 = 0.0009765625
375/5005  0.026587  2/1024 = 0.001953125
379/5005  0.026543  3/1024 = 0.0029296875
383/5005  0.026500  2/1024 = 0.001953125
387/5005  0.026536  1/1024 = 0.0009765625
391/5005  0.026519  1/1024 = 0.0009765625
395/5005  0.026559  3/1024 = 0.0029296875
399/5005  0.026545  4/1024 = 0.00390625
403/5005  0.026466  2/1024 = 0.001953125
407/5005  0.026490  3/1024 = 0.0029296875
411/5005  0.026529  1/1024 = 0.0009765625
415/5005  0.026501  0/1024 = 0.0
419/5005  0.026453  5/1024 = 0.0048828125
423/5005  0.026441  2/1024 = 0.001953125
427/5005  0.026461  2/1024 = 0.001953125
431/5005  0.026537  3/1024 = 0.0029296875
435/5005  0.026544  2/1024 = 0.001953125
439/5005  0.026434  4/1024 = 0.00390625
443/5005  0.026497  4/1024 = 0.00390625
447/5005  0.026492  0/1024 = 0.0
451/5005  0.026476  3/1024 = 0.0029296875
455/5005  0.026557  0/1024 = 0.0
459/5005  0.026385  2/1024 = 0.001953125
463/5005  0.026462  2/1024 = 0.001953125
467/5005  0.026398  2/1024 = 0.001953125
471/5005  0.026527  3/1024 = 0.0029296875
475/5005  0.026454  1/1024 = 0.0009765625
479/5005  0.026500  2/1024 = 0.001953125
483/5005  0.026425  1/1024 = 0.0009765625
487/5005  0.026482  1/1024 = 0.0009765625
491/5005  0.026425  3/1024 = 0.0029296875
495/5005  0.026420  1/1024 = 0.0009765625
499/5005  0.026503  2/1024 = 0.001953125
503/5005  0.026420  1/1024 = 0.0009765625
507/5005  0.026458  2/1024 = 0.001953125
511/5005  0.026361  1/1024 = 0.0009765625
515/5005  0.026406  3/1024 = 0.0029296875
519/5005  0.026418  4/1024 = 0.00390625
523/5005  0.026459  0/1024 = 0.0
527/5005  0.026399  1/1024 = 0.0009765625
531/5005  0.026453  2/1024 = 0.001953125
535/5005  0.026468  1/1024 = 0.0009765625
539/5005  0.026513  4/1024 = 0.00390625
543/5005  0.026383  2/1024 = 0.001953125
547/5005  0.026379  0/1024 = 0.0
551/5005  0.026374  2/1024 = 0.001953125
555/5005  0.026380  1/1024 = 0.0009765625
559/5005  0.026386  1/1024 = 0.0009765625
563/5005  0.026262  3/1024 = 0.0029296875
567/5005  0.026302  5/1024 = 0.0048828125
571/5005  0.026323  4/1024 = 0.00390625
575/5005  0.026320  1/1024 = 0.0009765625
579/5005  0.026228  2/1024 = 0.001953125
583/5005  0.026388  1/1024 = 0.0009765625
587/5005  0.026345  1/1024 = 0.0009765625
591/5005  0.026340  4/1024 = 0.00390625
595/5005  0.026266  1/1024 = 0.0009765625
599/5005  0.026360  6/1024 = 0.005859375
603/5005  0.026282  2/1024 = 0.001953125
607/5005  0.026421  4/1024 = 0.00390625
611/5005  0.026221  4/1024 = 0.00390625
615/5005  0.026341  1/1024 = 0.0009765625
619/5005  0.026252  3/1024 = 0.0029296875
623/5005  0.026399  3/1024 = 0.0029296875
627/5005  0.026269  5/1024 = 0.0048828125
631/5005  0.026298  4/1024 = 0.00390625
635/5005  0.026360  2/1024 = 0.001953125
639/5005  0.026169  2/1024 = 0.001953125
643/5005  0.026369  1/1024 = 0.0009765625
647/5005  0.026426  5/1024 = 0.0048828125
651/5005  0.026222  4/1024 = 0.00390625
655/5005  0.026391  3/1024 = 0.0029296875
659/5005  0.026303  1/1024 = 0.0009765625
663/5005  0.026345  3/1024 = 0.0029296875
667/5005  0.026457  2/1024 = 0.001953125
671/5005  0.026383  2/1024 = 0.001953125
675/5005  0.026318  5/1024 = 0.0048828125
679/5005  0.026372  2/1024 = 0.001953125
683/5005  0.026242  3/1024 = 0.0029296875
687/5005  0.026161  2/1024 = 0.001953125
691/5005  0.026283  3/1024 = 0.0029296875
695/5005  0.026318  2/1024 = 0.001953125
699/5005  0.026147  3/1024 = 0.0029296875
703/5005  0.026401  1/1024 = 0.0009765625
707/5005  0.026334  0/1024 = 0.0
711/5005  0.026224  3/1024 = 0.0029296875
715/5005  0.026331  5/1024 = 0.0048828125
719/5005  0.026304  3/1024 = 0.0029296875
723/5005  0.026315  0/1024 = 0.0
727/5005  0.026292  2/1024 = 0.001953125
731/5005  0.026144  6/1024 = 0.005859375
735/5005  0.026299  4/1024 = 0.00390625
739/5005  0.026102  4/1024 = 0.00390625
743/5005  0.026365  2/1024 = 0.001953125
747/5005  0.026279  2/1024 = 0.001953125
751/5005  0.026284  5/1024 = 0.0048828125
755/5005  0.026212  3/1024 = 0.0029296875
759/5005  0.026234  2/1024 = 0.001953125
763/5005  0.026225  3/1024 = 0.0029296875
767/5005  0.026281  3/1024 = 0.0029296875
771/5005  0.026294  9/1024 = 0.0087890625
775/5005  0.026137  3/1024 = 0.0029296875
779/5005  0.026163  1/1024 = 0.0009765625
783/5005  0.026146  2/1024 = 0.001953125
787/5005  0.026330  1/1024 = 0.0009765625
791/5005  0.026134  3/1024 = 0.0029296875
795/5005  0.026054  4/1024 = 0.00390625
799/5005  0.026208  5/1024 = 0.0048828125
803/5005  0.026241  4/1024 = 0.00390625
807/5005  0.026108  3/1024 = 0.0029296875
811/5005  0.026004  4/1024 = 0.00390625
815/5005  0.026211  1/1024 = 0.0009765625
819/5005  0.026033  2/1024 = 0.001953125
823/5005  0.026219  4/1024 = 0.00390625
827/5005  0.026108  8/1024 = 0.0078125
831/5005  0.026174  5/1024 = 0.0048828125
835/5005  0.026248  3/1024 = 0.0029296875
839/5005  0.026166  2/1024 = 0.001953125
843/5005  0.026142  0/1024 = 0.0
847/5005  0.026231  0/1024 = 0.0
851/5005  0.026135  3/1024 = 0.0029296875
855/5005  0.026162  6/1024 = 0.005859375
859/5005  0.026003  3/1024 = 0.0029296875
863/5005  0.025980  8/1024 = 0.0078125
867/5005  0.025935  6/1024 = 0.005859375
871/5005  0.026128  3/1024 = 0.0029296875
875/5005  0.026102  4/1024 = 0.00390625
879/5005  0.026069  3/1024 = 0.0029296875
883/5005  0.026098  4/1024 = 0.00390625
887/5005  0.026164  5/1024 = 0.0048828125
891/5005  0.026081  6/1024 = 0.005859375
895/5005  0.026151  4/1024 = 0.00390625
899/5005  0.026139  5/1024 = 0.0048828125
903/5005  0.026034  5/1024 = 0.0048828125
907/5005  0.026008  1/1024 = 0.0009765625
911/5005  0.025827  8/1024 = 0.0078125
915/5005  0.026045  7/1024 = 0.0068359375
919/5005  0.025968  4/1024 = 0.00390625
923/5005  0.026004  6/1024 = 0.005859375
927/5005  0.025952  6/1024 = 0.005859375
931/5005  0.025991  4/1024 = 0.00390625
935/5005  0.025809  7/1024 = 0.0068359375
939/5005  0.025947  4/1024 = 0.00390625
943/5005  0.026021  5/1024 = 0.0048828125
947/5005  0.025824  5/1024 = 0.0048828125
951/5005  0.025903  5/1024 = 0.0048828125
955/5005  0.025817  7/1024 = 0.0068359375
959/5005  0.025765  3/1024 = 0.0029296875
963/5005  0.025742  1/1024 = 0.0009765625
967/5005  0.025937  8/1024 = 0.0078125
971/5005  0.025941  10/1024 = 0.009765625
975/5005  0.025859  4/1024 = 0.00390625
979/5005  0.026016  2/1024 = 0.001953125
983/5005  0.025738  9/1024 = 0.0087890625
987/5005  0.025790  9/1024 = 0.0087890625
991/5005  0.025676  6/1024 = 0.005859375
995/5005  0.025544  6/1024 = 0.005859375
999/5005  0.025573  12/1024 = 0.01171875
1003/5005  0.025684  5/1024 = 0.0048828125
1007/5005  0.025775  13/1024 = 0.0126953125
1011/5005  0.025661  5/1024 = 0.0048828125
1015/5005  0.025706  8/1024 = 0.0078125
1019/5005  0.025821  5/1024 = 0.0048828125
1023/5005  0.025492  8/1024 = 0.0078125
1027/5005  0.025599  8/1024 = 0.0078125
1031/5005  0.025743  4/1024 = 0.00390625
1035/5005  0.025744  3/1024 = 0.0029296875
1039/5005  0.025614  7/1024 = 0.0068359375
1043/5005  0.025723  3/1024 = 0.0029296875
1047/5005  0.025549  1/1024 = 0.0009765625
1051/5005  0.025431  10/1024 = 0.009765625
1055/5005  0.025443  9/1024 = 0.0087890625
1059/5005  0.025500  7/1024 = 0.0068359375
1063/5005  0.025434  6/1024 = 0.005859375
1067/5005  0.025451  2/1024 = 0.001953125
1071/5005  0.025640  6/1024 = 0.005859375
1075/5005  0.025254  6/1024 = 0.005859375
1079/5005  0.025419  9/1024 = 0.0087890625
1083/5005  0.025346  5/1024 = 0.0048828125
1087/5005  0.025395  5/1024 = 0.0048828125
1091/5005  0.025446  6/1024 = 0.005859375
1095/5005  0.025395  5/1024 = 0.0048828125
1099/5005  0.025315  3/1024 = 0.0029296875
1103/5005  0.025279  9/1024 = 0.0087890625
1107/5005  0.025382  6/1024 = 0.005859375
1111/5005  0.025279  8/1024 = 0.0078125
1115/5005  0.025469  6/1024 = 0.005859375
1119/5005  0.025355  4/1024 = 0.00390625
1123/5005  0.025418  9/1024 = 0.0087890625
1127/5005  0.025380  11/1024 = 0.0107421875
1131/5005  0.025098  13/1024 = 0.0126953125
1135/5005  0.025281  7/1024 = 0.0068359375
1139/5005  0.025336  6/1024 = 0.005859375
1143/5005  0.025353  7/1024 = 0.0068359375
1147/5005  0.025250  11/1024 = 0.0107421875
1151/5005  0.025237  7/1024 = 0.0068359375
1155/5005  0.025324  8/1024 = 0.0078125
1159/5005  0.025173  12/1024 = 0.01171875
1163/5005  0.025438  7/1024 = 0.0068359375
1167/5005  0.025250  9/1024 = 0.0087890625
1171/5005  0.025299  7/1024 = 0.0068359375
1175/5005  0.025268  6/1024 = 0.005859375
1179/5005  0.025144  15/1024 = 0.0146484375
1183/5005  0.025119  4/1024 = 0.00390625
1187/5005  0.025062  7/1024 = 0.0068359375
1191/5005  0.025215  6/1024 = 0.005859375
1195/5005  0.025225  5/1024 = 0.0048828125
1199/5005  0.024911  8/1024 = 0.0078125
1203/5005  0.025024  9/1024 = 0.0087890625
1207/5005  0.025002  10/1024 = 0.009765625
1211/5005  0.024873  6/1024 = 0.005859375
1215/5005  0.024881  9/1024 = 0.0087890625
1219/5005  0.024797  14/1024 = 0.013671875
1223/5005  0.025050  7/1024 = 0.0068359375
1227/5005  0.024864  7/1024 = 0.0068359375
1231/5005  0.024852  8/1024 = 0.0078125
1235/5005  0.025038  6/1024 = 0.005859375
1239/5005  0.025034  14/1024 = 0.013671875
1243/5005  0.024926  7/1024 = 0.0068359375
1247/5005  0.024921  10/1024 = 0.009765625
1251/5005  0.024889  10/1024 = 0.009765625
1255/5005  0.025006  11/1024 = 0.0107421875
1259/5005  0.024956  14/1024 = 0.013671875
1263/5005  0.025005  9/1024 = 0.0087890625
1267/5005  0.024948  10/1024 = 0.009765625
1271/5005  0.024796  7/1024 = 0.0068359375
1275/5005  0.024853  8/1024 = 0.0078125
1279/5005  0.024709  12/1024 = 0.01171875
1283/5005  0.024740  6/1024 = 0.005859375
1287/5005  0.024679  10/1024 = 0.009765625
1291/5005  0.024708  13/1024 = 0.0126953125
1295/5005  0.024580  12/1024 = 0.01171875
1299/5005  0.024832  7/1024 = 0.0068359375
1303/5005  0.024621  13/1024 = 0.0126953125
1307/5005  0.024815  12/1024 = 0.01171875
1311/5005  0.024607  17/1024 = 0.0166015625
1315/5005  0.024457  16/1024 = 0.015625
1319/5005  0.024369  13/1024 = 0.0126953125
1323/5005  0.024757  7/1024 = 0.0068359375
1327/5005  0.024689  13/1024 = 0.0126953125
1331/5005  0.024598  13/1024 = 0.0126953125
1335/5005  0.024666  7/1024 = 0.0068359375
1339/5005  0.024715  10/1024 = 0.009765625
1343/5005  0.024546  8/1024 = 0.0078125
1347/5005  0.024868  5/1024 = 0.0048828125
1351/5005  0.024684  11/1024 = 0.0107421875
1355/5005  0.024813  7/1024 = 0.0068359375
1359/5005  0.024483  10/1024 = 0.009765625
1363/5005  0.024483  12/1024 = 0.01171875
1367/5005  0.024608  12/1024 = 0.01171875
1371/5005  0.024349  21/1024 = 0.0205078125
1375/5005  0.024486  12/1024 = 0.01171875
1379/5005  0.024594  12/1024 = 0.01171875
1383/5005  0.024390  11/1024 = 0.0107421875
1387/5005  0.024469  12/1024 = 0.01171875
1391/5005  0.024587  14/1024 = 0.013671875
1395/5005  0.024467  13/1024 = 0.0126953125
1399/5005  0.024253  14/1024 = 0.013671875
1403/5005  0.024290  11/1024 = 0.0107421875
1407/5005  0.024147  16/1024 = 0.015625
1411/5005  0.024412  12/1024 = 0.01171875
1415/5005  0.024433  15/1024 = 0.0146484375
1419/5005  0.024419  15/1024 = 0.0146484375
1423/5005  0.024401  13/1024 = 0.0126953125
1427/5005  0.024253  13/1024 = 0.0126953125
1431/5005  0.024531  14/1024 = 0.013671875
1435/5005  0.024521  16/1024 = 0.015625
1439/5005  0.024294  10/1024 = 0.009765625
1443/5005  0.024493  9/1024 = 0.0087890625
1447/5005  0.024115  13/1024 = 0.0126953125
1451/5005  0.024304  19/1024 = 0.0185546875
1455/5005  0.024209  16/1024 = 0.015625
1459/5005  0.024241  15/1024 = 0.0146484375
1463/5005  0.024053  18/1024 = 0.017578125
1467/5005  0.024088  16/1024 = 0.015625
1471/5005  0.024204  9/1024 = 0.0087890625
1475/5005  0.024200  10/1024 = 0.009765625
1479/5005  0.024057  14/1024 = 0.013671875
1483/5005  0.023918  14/1024 = 0.013671875
1487/5005  0.024041  9/1024 = 0.0087890625
1491/5005  0.024128  10/1024 = 0.009765625
1495/5005  0.024092  11/1024 = 0.0107421875
1499/5005  0.024016  18/1024 = 0.017578125
1503/5005  0.024128  15/1024 = 0.0146484375
1507/5005  0.024122  11/1024 = 0.0107421875
1511/5005  0.024087  8/1024 = 0.0078125
1515/5005  0.023962  13/1024 = 0.0126953125
1519/5005  0.023912  26/1024 = 0.025390625
1523/5005  0.023801  16/1024 = 0.015625
1527/5005  0.024215  10/1024 = 0.009765625
1531/5005  0.024098  19/1024 = 0.0185546875
1535/5005  0.023921  19/1024 = 0.0185546875
1539/5005  0.023951  11/1024 = 0.0107421875
1543/5005  0.024028  11/1024 = 0.0107421875
1547/5005  0.023954  20/1024 = 0.01953125
1551/5005  0.023974  23/1024 = 0.0224609375
1555/5005  0.023819  11/1024 = 0.0107421875
1559/5005  0.024011  15/1024 = 0.0146484375
1563/5005  0.023827  16/1024 = 0.015625
1567/5005  0.023787  17/1024 = 0.0166015625
1571/5005  0.024012  7/1024 = 0.0068359375
1575/5005  0.023775  16/1024 = 0.015625
1579/5005  0.023776  15/1024 = 0.0146484375
1583/5005  0.023957  16/1024 = 0.015625
1587/5005  0.023842  16/1024 = 0.015625
1591/5005  0.023585  21/1024 = 0.0205078125
1595/5005  0.023884  12/1024 = 0.01171875
1599/5005  0.023876  17/1024 = 0.0166015625
1603/5005  0.023812  18/1024 = 0.017578125
1607/5005  0.023786  18/1024 = 0.017578125
1611/5005  0.023769  14/1024 = 0.013671875
1615/5005  0.023786  14/1024 = 0.013671875
1619/5005  0.023613  14/1024 = 0.013671875
1623/5005  0.023795  20/1024 = 0.01953125
1627/5005  0.023839  15/1024 = 0.0146484375
1631/5005  0.023590  19/1024 = 0.0185546875
1635/5005  0.024055  11/1024 = 0.0107421875
1639/5005  0.023470  12/1024 = 0.01171875
1643/5005  0.023279  15/1024 = 0.0146484375
1647/5005  0.023639  24/1024 = 0.0234375
1651/5005  0.023668  20/1024 = 0.01953125
1655/5005  0.023774  11/1024 = 0.0107421875
1659/5005  0.023515  16/1024 = 0.015625
1663/5005  0.023723  22/1024 = 0.021484375
1667/5005  0.023585  19/1024 = 0.0185546875
1671/5005  0.023413  14/1024 = 0.013671875
1675/5005  0.023652  18/1024 = 0.017578125
1679/5005  0.023495  22/1024 = 0.021484375
1683/5005  0.023981  17/1024 = 0.0166015625
1687/5005  0.023427  32/1024 = 0.03125
1691/5005  0.023621  15/1024 = 0.0146484375
1695/5005  0.023688  16/1024 = 0.015625
1699/5005  0.023864  17/1024 = 0.0166015625
1703/5005  0.023723  15/1024 = 0.0146484375
1707/5005  0.023354  17/1024 = 0.0166015625
1711/5005  0.023275  29/1024 = 0.0283203125
1715/5005  0.023697  20/1024 = 0.01953125
1719/5005  0.023733  12/1024 = 0.01171875
1723/5005  0.023411  22/1024 = 0.021484375
1727/5005  0.023496  18/1024 = 0.017578125
1731/5005  0.023463  19/1024 = 0.0185546875
1735/5005  0.023411  27/1024 = 0.0263671875
1739/5005  0.023223  22/1024 = 0.021484375
1743/5005  0.023604  18/1024 = 0.017578125
1747/5005  0.023482  21/1024 = 0.0205078125
1751/5005  0.023347  22/1024 = 0.021484375
1755/5005  0.023447  17/1024 = 0.0166015625
1759/5005  0.023474  15/1024 = 0.0146484375
1763/5005  0.023311  23/1024 = 0.0224609375
1767/5005  0.023731  18/1024 = 0.017578125
1771/5005  0.023538  30/1024 = 0.029296875
1775/5005  0.023429  21/1024 = 0.0205078125
1779/5005  0.023370  21/1024 = 0.0205078125
1783/5005  0.023293  22/1024 = 0.021484375
1787/5005  0.023216  20/1024 = 0.01953125
1791/5005  0.023643  16/1024 = 0.015625
1795/5005  0.023434  13/1024 = 0.0126953125
1799/5005  0.023526  22/1024 = 0.021484375
1803/5005  0.023445  22/1024 = 0.021484375
1807/5005  0.023526  17/1024 = 0.0166015625
1811/5005  0.023400  22/1024 = 0.021484375
1815/5005  0.023408  22/1024 = 0.021484375
1819/5005  0.023312  25/1024 = 0.0244140625
1823/5005  0.023451  13/1024 = 0.0126953125
1827/5005  0.023098  24/1024 = 0.0234375
1831/5005  0.023153  18/1024 = 0.017578125
1835/5005  0.023155  24/1024 = 0.0234375
1839/5005  0.023032  24/1024 = 0.0234375
1843/5005  0.023431  26/1024 = 0.025390625
1847/5005  0.022987  22/1024 = 0.021484375
1851/5005  0.023247  20/1024 = 0.01953125
1855/5005  0.023440  23/1024 = 0.0224609375
1859/5005  0.023100  25/1024 = 0.0244140625
1863/5005  0.023614  25/1024 = 0.0244140625
1867/5005  0.023256  16/1024 = 0.015625
1871/5005  0.022840  32/1024 = 0.03125
1875/5005  0.023407  24/1024 = 0.0234375
1879/5005  0.022897  34/1024 = 0.033203125
1883/5005  0.023250  16/1024 = 0.015625
1887/5005  0.023124  22/1024 = 0.021484375
1891/5005  0.023282  15/1024 = 0.0146484375
1895/5005  0.022992  20/1024 = 0.01953125
1899/5005  0.023184  22/1024 = 0.021484375
1903/5005  0.023020  28/1024 = 0.02734375
1907/5005  0.022992  28/1024 = 0.02734375
1911/5005  0.023245  29/1024 = 0.0283203125
1915/5005  0.023021  20/1024 = 0.01953125
1919/5005  0.023132  18/1024 = 0.017578125
1923/5005  0.022941  28/1024 = 0.02734375
1927/5005  0.023074  23/1024 = 0.0224609375
1931/5005  0.023078  28/1024 = 0.02734375
1935/5005  0.023100  29/1024 = 0.0283203125
1939/5005  0.023129  31/1024 = 0.0302734375
1943/5005  0.022978  26/1024 = 0.025390625
1947/5005  0.023193  21/1024 = 0.0205078125
1951/5005  0.022922  27/1024 = 0.0263671875
1955/5005  0.023195  23/1024 = 0.0224609375
1959/5005  0.022907  26/1024 = 0.025390625
1963/5005  0.022961  30/1024 = 0.029296875
1967/5005  0.022985  22/1024 = 0.021484375
1971/5005  0.023072  21/1024 = 0.0205078125
1975/5005  0.022951  22/1024 = 0.021484375
1979/5005  0.023008  23/1024 = 0.0224609375
1983/5005  0.022984  35/1024 = 0.0341796875
1987/5005  0.023012  23/1024 = 0.0224609375
1991/5005  0.023007  19/1024 = 0.0185546875
1995/5005  0.023012  22/1024 = 0.021484375
1999/5005  0.023318  22/1024 = 0.021484375
2003/5005  0.022886  23/1024 = 0.0224609375
2007/5005  0.022823  40/1024 = 0.0390625
2011/5005  0.023000  17/1024 = 0.0166015625
2015/5005  0.022775  26/1024 = 0.025390625
2019/5005  0.022702  34/1024 = 0.033203125
2023/5005  0.022933  27/1024 = 0.0263671875
2027/5005  0.023068  31/1024 = 0.0302734375
2031/5005  0.022607  23/1024 = 0.0224609375
2035/5005  0.022653  32/1024 = 0.03125
2039/5005  0.022706  28/1024 = 0.02734375
2043/5005  0.022705  20/1024 = 0.01953125
2047/5005  0.022993  22/1024 = 0.021484375
2051/5005  0.023057  31/1024 = 0.0302734375
2055/5005  0.023008  21/1024 = 0.0205078125
2059/5005  0.022979  27/1024 = 0.0263671875
2063/5005  0.022763  27/1024 = 0.0263671875
2067/5005  0.022489  32/1024 = 0.03125
2071/5005  0.022621  28/1024 = 0.02734375
2075/5005  0.022860  24/1024 = 0.0234375
2079/5005  0.022762  30/1024 = 0.029296875
2083/5005  0.022985  22/1024 = 0.021484375
2087/5005  0.022757  31/1024 = 0.0302734375
2091/5005  0.022771  29/1024 = 0.0283203125
2095/5005  0.022840  24/1024 = 0.0234375
2099/5005  0.022738  22/1024 = 0.021484375
2103/5005  0.022934  28/1024 = 0.02734375
2107/5005  0.022715  32/1024 = 0.03125
2111/5005  0.022905  19/1024 = 0.0185546875
2115/5005  0.022645  30/1024 = 0.029296875
2119/5005  0.022812  22/1024 = 0.021484375
2123/5005  0.022695  30/1024 = 0.029296875
2127/5005  0.022875  25/1024 = 0.0244140625
2131/5005  0.022907  32/1024 = 0.03125
2135/5005  0.022619  33/1024 = 0.0322265625
2139/5005  0.022296  33/1024 = 0.0322265625
2143/5005  0.022859  23/1024 = 0.0224609375
2147/5005  0.022835  24/1024 = 0.0234375
2151/5005  0.022684  23/1024 = 0.0224609375
2155/5005  0.022718  32/1024 = 0.03125
2159/5005  0.022548  34/1024 = 0.033203125
2163/5005  0.022536  33/1024 = 0.0322265625
2167/5005  0.022513  30/1024 = 0.029296875
2171/5005  0.022660  28/1024 = 0.02734375
2175/5005  0.022671  37/1024 = 0.0361328125
2179/5005  0.022643  26/1024 = 0.025390625
2183/5005  0.022559  35/1024 = 0.0341796875
2187/5005  0.022881  24/1024 = 0.0234375
2191/5005  0.022501  28/1024 = 0.02734375
2195/5005  0.022384  28/1024 = 0.02734375
2199/5005  0.022435  35/1024 = 0.0341796875
2203/5005  0.022737  33/1024 = 0.0322265625
2207/5005  0.022269  37/1024 = 0.0361328125
2211/5005  0.022502  27/1024 = 0.0263671875
2215/5005  0.022378  30/1024 = 0.029296875
2219/5005  0.022191  30/1024 = 0.029296875
2223/5005  0.022594  25/1024 = 0.0244140625
2227/5005  0.022539  28/1024 = 0.02734375
2231/5005  0.022765  30/1024 = 0.029296875
2235/5005  0.022791  21/1024 = 0.0205078125
2239/5005  0.022309  30/1024 = 0.029296875
2243/5005  0.022482  23/1024 = 0.0224609375
2247/5005  0.022361  33/1024 = 0.0322265625
2251/5005  0.022443  30/1024 = 0.029296875
2255/5005  0.022210  36/1024 = 0.03515625
2259/5005  0.022580  28/1024 = 0.02734375
2263/5005  0.022171  27/1024 = 0.0263671875
2267/5005  0.022604  29/1024 = 0.0283203125
2271/5005  0.022611  30/1024 = 0.029296875
2275/5005  0.022824  29/1024 = 0.0283203125
2279/5005  0.022328  29/1024 = 0.0283203125
2283/5005  0.022654  31/1024 = 0.0302734375
2287/5005  0.022559  32/1024 = 0.03125
2291/5005  0.022483  33/1024 = 0.0322265625
2295/5005  0.022794  32/1024 = 0.03125
2299/5005  0.022565  32/1024 = 0.03125
2303/5005  0.022595  27/1024 = 0.0263671875
2307/5005  0.022300  40/1024 = 0.0390625
2311/5005  0.022635  33/1024 = 0.0322265625
2315/5005  0.022152  32/1024 = 0.03125
2319/5005  0.022225  36/1024 = 0.03515625
2323/5005  0.022800  29/1024 = 0.0283203125
2327/5005  0.022548  31/1024 = 0.0302734375
2331/5005  0.022474  38/1024 = 0.037109375
2335/5005  0.022690  34/1024 = 0.033203125
2339/5005  0.022340  47/1024 = 0.0458984375
2343/5005  0.022178  41/1024 = 0.0400390625
2347/5005  0.022400  31/1024 = 0.0302734375
2351/5005  0.022494  32/1024 = 0.03125
2355/5005  0.022425  37/1024 = 0.0361328125
2359/5005  0.022105  34/1024 = 0.033203125
2363/5005  0.022394  31/1024 = 0.0302734375
2367/5005  0.022352  26/1024 = 0.025390625
2371/5005  0.022520  28/1024 = 0.02734375
2375/5005  0.022194  26/1024 = 0.025390625
2379/5005  0.022185  32/1024 = 0.03125
2383/5005  0.022390  37/1024 = 0.0361328125
2387/5005  0.022218  38/1024 = 0.037109375
2391/5005  0.022217  23/1024 = 0.0224609375
2395/5005  0.022334  38/1024 = 0.037109375
2399/5005  0.022344  24/1024 = 0.0234375
2403/5005  0.022227  33/1024 = 0.0322265625
2407/5005  0.022176  36/1024 = 0.03515625
2411/5005  0.022075  32/1024 = 0.03125
2415/5005  0.022297  28/1024 = 0.02734375
2419/5005  0.022298  39/1024 = 0.0380859375
2423/5005  0.022288  28/1024 = 0.02734375
2427/5005  0.022433  37/1024 = 0.0361328125
2431/5005  0.021952  39/1024 = 0.0380859375
2435/5005  0.022388  34/1024 = 0.033203125
2439/5005  0.022478  33/1024 = 0.0322265625
2443/5005  0.022056  29/1024 = 0.0283203125
2447/5005  0.021785  46/1024 = 0.044921875
2451/5005  0.021879  41/1024 = 0.0400390625
2455/5005  0.022531  33/1024 = 0.0322265625
2459/5005  0.022054  34/1024 = 0.033203125
2463/5005  0.022378  39/1024 = 0.0380859375
2467/5005  0.022309  38/1024 = 0.037109375
2471/5005  0.022136  29/1024 = 0.0283203125
2475/5005  0.022009  37/1024 = 0.0361328125
2479/5005  0.022006  29/1024 = 0.0283203125
2483/5005  0.022257  31/1024 = 0.0302734375
2487/5005  0.022137  31/1024 = 0.0302734375
2491/5005  0.022321  23/1024 = 0.0224609375
2495/5005  0.022328  34/1024 = 0.033203125
2499/5005  0.022298  29/1024 = 0.0283203125
2503/5005  0.022382  33/1024 = 0.0322265625
2507/5005  0.022172  31/1024 = 0.0302734375
2511/5005  0.022313  31/1024 = 0.0302734375
2515/5005  0.022028  38/1024 = 0.037109375
2519/5005  0.021765  43/1024 = 0.0419921875
2523/5005  0.022215  38/1024 = 0.037109375
2527/5005  0.022098  38/1024 = 0.037109375
2531/5005  0.022038  38/1024 = 0.037109375
2535/5005  0.022194  22/1024 = 0.021484375
2539/5005  0.021910  28/1024 = 0.02734375
2543/5005  0.021877  39/1024 = 0.0380859375
2547/5005  0.022350  31/1024 = 0.0302734375
2551/5005  0.021945  33/1024 = 0.0322265625
2555/5005  0.022073  37/1024 = 0.0361328125
2559/5005  0.021892  29/1024 = 0.0283203125
2563/5005  0.021834  37/1024 = 0.0361328125
2567/5005  0.022101  32/1024 = 0.03125
2571/5005  0.022200  33/1024 = 0.0322265625
2575/5005  0.022281  27/1024 = 0.0263671875
2579/5005  0.022125  25/1024 = 0.0244140625
2583/5005  0.021885  39/1024 = 0.0380859375
2587/5005  0.022033  37/1024 = 0.0361328125
2591/5005  0.022022  38/1024 = 0.037109375
2595/5005  0.021878  35/1024 = 0.0341796875
2599/5005  0.021996  34/1024 = 0.033203125
2603/5005  0.022043  40/1024 = 0.0390625
2607/5005  0.022195  32/1024 = 0.03125
2611/5005  0.021715  51/1024 = 0.0498046875
2615/5005  0.021908  44/1024 = 0.04296875
2619/5005  0.022234  26/1024 = 0.025390625
2623/5005  0.021708  45/1024 = 0.0439453125
2627/5005  0.022146  27/1024 = 0.0263671875
2631/5005  0.022118  32/1024 = 0.03125
2635/5005  0.021921  49/1024 = 0.0478515625
2639/5005  0.022023  40/1024 = 0.0390625
2643/5005  0.022160  30/1024 = 0.029296875
2647/5005  0.021587  45/1024 = 0.0439453125
2651/5005  0.021793  36/1024 = 0.03515625
2655/5005  0.021455  47/1024 = 0.0458984375
2659/5005  0.021925  35/1024 = 0.0341796875
2663/5005  0.021809  39/1024 = 0.0380859375
2667/5005  0.021945  38/1024 = 0.037109375
2671/5005  0.021939  30/1024 = 0.029296875
2675/5005  0.021587  43/1024 = 0.0419921875
2679/5005  0.021642  36/1024 = 0.03515625
2683/5005  0.021997  37/1024 = 0.0361328125
2687/5005  0.022029  37/1024 = 0.0361328125
2691/5005  0.021884  40/1024 = 0.0390625
2695/5005  0.021703  40/1024 = 0.0390625
2699/5005  0.021889  39/1024 = 0.0380859375
2703/5005  0.021862  26/1024 = 0.025390625
2707/5005  0.021673  46/1024 = 0.044921875
2711/5005  0.021832  43/1024 = 0.0419921875
2715/5005  0.021830  39/1024 = 0.0380859375
2719/5005  0.021468  34/1024 = 0.033203125
2723/5005  0.021991  31/1024 = 0.0302734375
2727/5005  0.021347  50/1024 = 0.048828125
2731/5005  0.021156  48/1024 = 0.046875
2735/5005  0.021711  39/1024 = 0.0380859375
2739/5005  0.021681  40/1024 = 0.0390625
2743/5005  0.021538  42/1024 = 0.041015625
2747/5005  0.021522  37/1024 = 0.0361328125
2751/5005  0.021829  39/1024 = 0.0380859375
2755/5005  0.021358  43/1024 = 0.0419921875
2759/5005  0.021473  37/1024 = 0.0361328125
2763/5005  0.022029  37/1024 = 0.0361328125
2767/5005  0.021396  34/1024 = 0.033203125
2771/5005  0.021473  45/1024 = 0.0439453125
2775/5005  0.021524  43/1024 = 0.0419921875
2779/5005  0.021695  43/1024 = 0.0419921875
2783/5005  0.021710  34/1024 = 0.033203125
2787/5005  0.021681  38/1024 = 0.037109375
2791/5005  0.021483  39/1024 = 0.0380859375
2795/5005  0.021923  39/1024 = 0.0380859375
2799/5005  0.021880  48/1024 = 0.046875
2803/5005  0.021983  42/1024 = 0.041015625
2807/5005  0.021802  37/1024 = 0.0361328125
2811/5005  0.021642  52/1024 = 0.05078125
2815/5005  0.021611  37/1024 = 0.0361328125
2819/5005  0.021735  42/1024 = 0.041015625
2823/5005  0.021737  51/1024 = 0.0498046875
2827/5005  0.021497  52/1024 = 0.05078125
2831/5005  0.021828  42/1024 = 0.041015625
2835/5005  0.021837  47/1024 = 0.0458984375
2839/5005  0.021317  52/1024 = 0.05078125
2843/5005  0.021697  35/1024 = 0.0341796875
2847/5005  0.021887  39/1024 = 0.0380859375
2851/5005  0.021520  36/1024 = 0.03515625
2855/5005  0.021375  56/1024 = 0.0546875
2859/5005  0.021291  44/1024 = 0.04296875
2863/5005  0.021475  45/1024 = 0.0439453125
2867/5005  0.021444  45/1024 = 0.0439453125
2871/5005  0.021550  42/1024 = 0.041015625
2875/5005  0.021531  40/1024 = 0.0390625
2879/5005  0.021510  43/1024 = 0.0419921875
2883/5005  0.021554  47/1024 = 0.0458984375
2887/5005  0.021173  51/1024 = 0.0498046875
2891/5005  0.021839  44/1024 = 0.04296875
2895/5005  0.021909  42/1024 = 0.041015625
2899/5005  0.021662  47/1024 = 0.0458984375
2903/5005  0.021756  48/1024 = 0.046875
2907/5005  0.021287  52/1024 = 0.05078125
2911/5005  0.021528  33/1024 = 0.0322265625
2915/5005  0.021472  39/1024 = 0.0380859375
2919/5005  0.021527  34/1024 = 0.033203125
2923/5005  0.021552  39/1024 = 0.0380859375
2927/5005  0.021739  46/1024 = 0.044921875
2931/5005  0.021682  36/1024 = 0.03515625
2935/5005  0.021347  44/1024 = 0.04296875
2939/5005  0.021625  36/1024 = 0.03515625
2943/5005  0.020945  58/1024 = 0.056640625
2947/5005  0.021267  44/1024 = 0.04296875
2951/5005  0.021708  37/1024 = 0.0361328125
2955/5005  0.021752  44/1024 = 0.04296875
2959/5005  0.021715  39/1024 = 0.0380859375
2963/5005  0.021951  45/1024 = 0.0439453125
2967/5005  0.021405  52/1024 = 0.05078125
2971/5005  0.021477  40/1024 = 0.0390625
2975/5005  0.021396  47/1024 = 0.0458984375
2979/5005  0.021516  48/1024 = 0.046875
2983/5005  0.021248  49/1024 = 0.0478515625
2987/5005  0.021182  56/1024 = 0.0546875
2991/5005  0.021512  27/1024 = 0.0263671875
2995/5005  0.021912  51/1024 = 0.0498046875
2999/5005  0.021538  46/1024 = 0.044921875
3003/5005  0.021547  51/1024 = 0.0498046875
3007/5005  0.021533  43/1024 = 0.0419921875
3011/5005  0.021527  48/1024 = 0.046875
3015/5005  0.021425  45/1024 = 0.0439453125
3019/5005  0.021290  40/1024 = 0.0390625
3023/5005  0.021315  42/1024 = 0.041015625
3027/5005  0.021429  36/1024 = 0.03515625
3031/5005  0.021450  40/1024 = 0.0390625
3035/5005  0.021422  43/1024 = 0.0419921875
3039/5005  0.021255  52/1024 = 0.05078125
3043/5005  0.021185  50/1024 = 0.048828125
3047/5005  0.021140  50/1024 = 0.048828125
3051/5005  0.021236  53/1024 = 0.0517578125
3055/5005  0.021457  46/1024 = 0.044921875
3059/5005  0.021073  63/1024 = 0.0615234375
3063/5005  0.021492  60/1024 = 0.05859375
3067/5005  0.021287  43/1024 = 0.0419921875
3071/5005  0.021093  49/1024 = 0.0478515625
3075/5005  0.021493  38/1024 = 0.037109375
3079/5005  0.021715  45/1024 = 0.0439453125
3083/5005  0.021463  40/1024 = 0.0390625
3087/5005  0.021396  49/1024 = 0.0478515625
3091/5005  0.021087  34/1024 = 0.033203125
3095/5005  0.021269  59/1024 = 0.0576171875
3099/5005  0.021319  45/1024 = 0.0439453125
3103/5005  0.021446  34/1024 = 0.033203125
3107/5005  0.021232  40/1024 = 0.0390625
3111/5005  0.020957  55/1024 = 0.0537109375
3115/5005  0.021269  39/1024 = 0.0380859375
3119/5005  0.021256  52/1024 = 0.05078125
3123/5005  0.021040  68/1024 = 0.06640625
3127/5005  0.021062  42/1024 = 0.041015625
3131/5005  0.021061  51/1024 = 0.0498046875
3135/5005  0.021142  55/1024 = 0.0537109375
3139/5005  0.021606  48/1024 = 0.046875
3143/5005  0.021000  55/1024 = 0.0537109375
3147/5005  0.021260  44/1024 = 0.04296875
3151/5005  0.021256  46/1024 = 0.044921875
3155/5005  0.020984  57/1024 = 0.0556640625
3159/5005  0.021131  41/1024 = 0.0400390625
3163/5005  0.020987  55/1024 = 0.0537109375
3167/5005  0.020794  49/1024 = 0.0478515625
3171/5005  0.021693  40/1024 = 0.0390625
3175/5005  0.020987  59/1024 = 0.0576171875
3179/5005  0.021038  45/1024 = 0.0439453125
3183/5005  0.021274  45/1024 = 0.0439453125
3187/5005  0.021379  48/1024 = 0.046875
3191/5005  0.020982  52/1024 = 0.05078125
3195/5005  0.021346  51/1024 = 0.0498046875
3199/5005  0.021191  47/1024 = 0.0458984375
3203/5005  0.021350  43/1024 = 0.0419921875
3207/5005  0.020951  60/1024 = 0.05859375
3211/5005  0.020737  51/1024 = 0.0498046875
3215/5005  0.020770  51/1024 = 0.0498046875
3219/5005  0.021234  41/1024 = 0.0400390625
3223/5005  0.021462  41/1024 = 0.0400390625
3227/5005  0.021234  57/1024 = 0.0556640625
3231/5005  0.020856  62/1024 = 0.060546875
3235/5005  0.020751  73/1024 = 0.0712890625
3239/5005  0.021225  54/1024 = 0.052734375
3243/5005  0.020842  56/1024 = 0.0546875
3247/5005  0.021275  59/1024 = 0.0576171875
3251/5005  0.020680  54/1024 = 0.052734375
3255/5005  0.021430  43/1024 = 0.0419921875
3259/5005  0.020881  67/1024 = 0.0654296875
3263/5005  0.020666  61/1024 = 0.0595703125
3267/5005  0.021519  42/1024 = 0.041015625
3271/5005  0.020922  60/1024 = 0.05859375
3275/5005  0.020852  60/1024 = 0.05859375
3279/5005  0.020763  64/1024 = 0.0625
3283/5005  0.020838  62/1024 = 0.060546875
3287/5005  0.020907  53/1024 = 0.0517578125
3291/5005  0.021003  50/1024 = 0.048828125
3295/5005  0.021093  48/1024 = 0.046875
3299/5005  0.020819  56/1024 = 0.0546875
3303/5005  0.020970  45/1024 = 0.0439453125
3307/5005  0.020842  50/1024 = 0.048828125
3311/5005  0.020882  51/1024 = 0.0498046875
3315/5005  0.020783  56/1024 = 0.0546875
3319/5005  0.021272  50/1024 = 0.048828125
3323/5005  0.021247  49/1024 = 0.0478515625
3327/5005  0.021056  65/1024 = 0.0634765625
3331/5005  0.021043  47/1024 = 0.0458984375
3335/5005  0.021180  45/1024 = 0.0439453125
3339/5005  0.020858  64/1024 = 0.0625
3343/5005  0.021195  43/1024 = 0.0419921875
3347/5005  0.021204  37/1024 = 0.0361328125
3351/5005  0.020687  53/1024 = 0.0517578125
3355/5005  0.020962  70/1024 = 0.068359375
3359/5005  0.021134  56/1024 = 0.0546875
3363/5005  0.021051  60/1024 = 0.05859375
3367/5005  0.021313  48/1024 = 0.046875
3371/5005  0.021216  56/1024 = 0.0546875
3375/5005  0.020630  46/1024 = 0.044921875
3379/5005  0.021126  42/1024 = 0.041015625
3383/5005  0.020992  57/1024 = 0.0556640625
3387/5005  0.020812  66/1024 = 0.064453125
3391/5005  0.020862  53/1024 = 0.0517578125
3395/5005  0.020980  51/1024 = 0.0498046875
3399/5005  0.020824  65/1024 = 0.0634765625
3403/5005  0.020556  68/1024 = 0.06640625
3407/5005  0.020840  52/1024 = 0.05078125
3411/5005  0.021029  44/1024 = 0.04296875
3415/5005  0.021199  48/1024 = 0.046875
3419/5005  0.020852  65/1024 = 0.0634765625
3423/5005  0.021010  49/1024 = 0.0478515625
3427/5005  0.021099  61/1024 = 0.0595703125
3431/5005  0.020980  54/1024 = 0.052734375
3435/5005  0.021073  46/1024 = 0.044921875
3439/5005  0.021095  49/1024 = 0.0478515625
3443/5005  0.020758  54/1024 = 0.052734375
3447/5005  0.020801  46/1024 = 0.044921875
3451/5005  0.020802  56/1024 = 0.0546875
3455/5005  0.020937  52/1024 = 0.05078125
3459/5005  0.020708  63/1024 = 0.0615234375
3463/5005  0.020945  47/1024 = 0.0458984375
3467/5005  0.021201  48/1024 = 0.046875
3471/5005  0.020827  63/1024 = 0.0615234375
3475/5005  0.020855  57/1024 = 0.0556640625
3479/5005  0.020619  63/1024 = 0.0615234375
3483/5005  0.020755  57/1024 = 0.0556640625
3487/5005  0.020533  61/1024 = 0.0595703125
3491/5005  0.020749  51/1024 = 0.0498046875
3495/5005  0.020547  62/1024 = 0.060546875
3499/5005  0.020388  65/1024 = 0.0634765625
3503/5005  0.020614  57/1024 = 0.0556640625
3507/5005  0.020901  64/1024 = 0.0625
3511/5005  0.020478  68/1024 = 0.06640625
3515/5005  0.020441  61/1024 = 0.0595703125
3519/5005  0.020662  59/1024 = 0.0576171875
3523/5005  0.020689  56/1024 = 0.0546875
3527/5005  0.020505  70/1024 = 0.068359375
3531/5005  0.020436  63/1024 = 0.0615234375
3535/5005  0.020878  47/1024 = 0.0458984375
3539/5005  0.020689  62/1024 = 0.060546875
3543/5005  0.020579  62/1024 = 0.060546875
3547/5005  0.020723  50/1024 = 0.048828125
3551/5005  0.020995  59/1024 = 0.0576171875
3555/5005  0.020635  67/1024 = 0.0654296875
3559/5005  0.020916  47/1024 = 0.0458984375
3563/5005  0.020309  71/1024 = 0.0693359375
3567/5005  0.021152  48/1024 = 0.046875
3571/5005  0.020754  61/1024 = 0.0595703125
3575/5005  0.020531  57/1024 = 0.0556640625
3579/5005  0.020607  62/1024 = 0.060546875
3583/5005  0.020473  66/1024 = 0.064453125
3587/5005  0.020670  69/1024 = 0.0673828125
3591/5005  0.020261  67/1024 = 0.0654296875
3595/5005  0.020502  56/1024 = 0.0546875
3599/5005  0.020966  58/1024 = 0.056640625
3603/5005  0.020546  59/1024 = 0.0576171875
3607/5005  0.020518  50/1024 = 0.048828125
3611/5005  0.020760  57/1024 = 0.0556640625
3615/5005  0.020792  68/1024 = 0.06640625
3619/5005  0.020550  67/1024 = 0.0654296875
3623/5005  0.020581  73/1024 = 0.0712890625
3627/5005  0.020676  64/1024 = 0.0625
3631/5005  0.020188  66/1024 = 0.064453125
3635/5005  0.020858  66/1024 = 0.064453125
3639/5005  0.020578  59/1024 = 0.0576171875
3643/5005  0.020824  57/1024 = 0.0556640625
3647/5005  0.020390  69/1024 = 0.0673828125
3651/5005  0.020737  54/1024 = 0.052734375
3655/5005  0.020646  55/1024 = 0.0537109375
3659/5005  0.020356  70/1024 = 0.068359375
3663/5005  0.020614  64/1024 = 0.0625
3667/5005  0.020441  65/1024 = 0.0634765625
3671/5005  0.020468  61/1024 = 0.0595703125
3675/5005  0.020920  54/1024 = 0.052734375
3679/5005  0.020925  51/1024 = 0.0498046875
3683/5005  0.020414  64/1024 = 0.0625
3687/5005  0.020309  68/1024 = 0.06640625
3691/5005  0.020635  58/1024 = 0.056640625
3695/5005  0.020438  66/1024 = 0.064453125
3699/5005  0.020561  63/1024 = 0.0615234375
3703/5005  0.020713  66/1024 = 0.064453125
3707/5005  0.020389  57/1024 = 0.0556640625
3711/5005  0.020558  61/1024 = 0.0595703125
3715/5005  0.020522  74/1024 = 0.072265625
3719/5005  0.020369  76/1024 = 0.07421875
3723/5005  0.020509  61/1024 = 0.0595703125
3727/5005  0.020783  51/1024 = 0.0498046875
3731/5005  0.020740  67/1024 = 0.0654296875
3735/5005  0.020432  64/1024 = 0.0625
3739/5005  0.020642  52/1024 = 0.05078125
3743/5005  0.020243  65/1024 = 0.0634765625
3747/5005  0.020780  59/1024 = 0.0576171875
3751/5005  0.020745  57/1024 = 0.0556640625
3755/5005  0.020515  56/1024 = 0.0546875
3759/5005  0.020687  56/1024 = 0.0546875
3763/5005  0.020679  67/1024 = 0.0654296875
3767/5005  0.020445  52/1024 = 0.05078125
3771/5005  0.020569  57/1024 = 0.0556640625
3775/5005  0.020600  56/1024 = 0.0546875
3779/5005  0.020543  56/1024 = 0.0546875
3783/5005  0.020133  72/1024 = 0.0703125
3787/5005  0.020485  61/1024 = 0.0595703125
3791/5005  0.020733  60/1024 = 0.05859375
3795/5005  0.020517  57/1024 = 0.0556640625
3799/5005  0.020466  70/1024 = 0.068359375
3803/5005  0.020410  64/1024 = 0.0625
3807/5005  0.020078  80/1024 = 0.078125
3811/5005  0.020715  65/1024 = 0.0634765625
3815/5005  0.020522  67/1024 = 0.0654296875
3819/5005  0.020218  56/1024 = 0.0546875
3823/5005  0.020453  71/1024 = 0.0693359375
3827/5005  0.020672  48/1024 = 0.046875
3831/5005  0.020297  68/1024 = 0.06640625
3835/5005  0.020591  62/1024 = 0.060546875
3839/5005  0.020367  75/1024 = 0.0732421875
3843/5005  0.020609  59/1024 = 0.0576171875
3847/5005  0.020146  87/1024 = 0.0849609375
3851/5005  0.019897  76/1024 = 0.07421875
3855/5005  0.020223  72/1024 = 0.0703125
3859/5005  0.020648  51/1024 = 0.0498046875
3863/5005  0.020414  72/1024 = 0.0703125
3867/5005  0.020522  65/1024 = 0.0634765625
3871/5005  0.020455  61/1024 = 0.0595703125
3875/5005  0.020537  69/1024 = 0.0673828125
3879/5005  0.020300  55/1024 = 0.0537109375
3883/5005  0.020703  64/1024 = 0.0625
3887/5005  0.020372  66/1024 = 0.064453125
3891/5005  0.020037  68/1024 = 0.06640625
3895/5005  0.019866  67/1024 = 0.0654296875
3899/5005  0.020471  67/1024 = 0.0654296875
3903/5005  0.020125  72/1024 = 0.0703125
3907/5005  0.019935  77/1024 = 0.0751953125
3911/5005  0.020255  71/1024 = 0.0693359375
3915/5005  0.020401  57/1024 = 0.0556640625
3919/5005  0.020374  78/1024 = 0.076171875
3923/5005  0.020531  74/1024 = 0.072265625
3927/5005  0.020408  64/1024 = 0.0625
3931/5005  0.019887  81/1024 = 0.0791015625
3935/5005  0.020346  90/1024 = 0.087890625
3939/5005  0.020652  70/1024 = 0.068359375
3943/5005  0.020045  71/1024 = 0.0693359375
3947/5005  0.020516  66/1024 = 0.064453125
3951/5005  0.020277  61/1024 = 0.0595703125
3955/5005  0.020057  65/1024 = 0.0634765625
3959/5005  0.020354  68/1024 = 0.06640625
3963/5005  0.019922  77/1024 = 0.0751953125
3967/5005  0.020188  66/1024 = 0.064453125
3971/5005  0.020562  60/1024 = 0.05859375
3975/5005  0.020288  63/1024 = 0.0615234375
3979/5005  0.020039  80/1024 = 0.078125
3983/5005  0.020132  70/1024 = 0.068359375
3987/5005  0.020346  69/1024 = 0.0673828125
3991/5005  0.020249  66/1024 = 0.064453125
3995/5005  0.020174  63/1024 = 0.0615234375
3999/5005  0.020154  81/1024 = 0.0791015625
4003/5005  0.020310  68/1024 = 0.06640625
4007/5005  0.020194  72/1024 = 0.0703125
4011/5005  0.020038  68/1024 = 0.06640625
4015/5005  0.020269  64/1024 = 0.0625
4019/5005  0.020490  58/1024 = 0.056640625
4023/5005  0.019850  88/1024 = 0.0859375
4027/5005  0.020396  58/1024 = 0.056640625
4031/5005  0.020047  88/1024 = 0.0859375
4035/5005  0.020368  51/1024 = 0.0498046875
4039/5005  0.020093  59/1024 = 0.0576171875
4043/5005  0.020320  62/1024 = 0.060546875
4047/5005  0.020624  66/1024 = 0.064453125
4051/5005  0.020166  82/1024 = 0.080078125
4055/5005  0.019900  81/1024 = 0.0791015625
4059/5005  0.019973  71/1024 = 0.0693359375
4063/5005  0.020292  76/1024 = 0.07421875
4067/5005  0.019835  67/1024 = 0.0654296875
4071/5005  0.020430  65/1024 = 0.0634765625
4075/5005  0.020024  79/1024 = 0.0771484375
4079/5005  0.020061  70/1024 = 0.068359375
4083/5005  0.019821  79/1024 = 0.0771484375
4087/5005  0.020200  70/1024 = 0.068359375
4091/5005  0.020663  71/1024 = 0.0693359375
4095/5005  0.020171  66/1024 = 0.064453125
4099/5005  0.020180  69/1024 = 0.0673828125
4103/5005  0.019640  90/1024 = 0.087890625
4107/5005  0.020292  62/1024 = 0.060546875
4111/5005  0.020264  64/1024 = 0.0625
4115/5005  0.020347  72/1024 = 0.0703125
4119/5005  0.020275  60/1024 = 0.05859375
4123/5005  0.020313  67/1024 = 0.0654296875
4127/5005  0.020510  68/1024 = 0.06640625
4131/5005  0.019713  78/1024 = 0.076171875
4135/5005  0.019596  81/1024 = 0.0791015625
4139/5005  0.020185  71/1024 = 0.0693359375
4143/5005  0.020024  73/1024 = 0.0712890625
4147/5005  0.020021  81/1024 = 0.0791015625
4151/5005  0.019802  78/1024 = 0.076171875
4155/5005  0.020209  81/1024 = 0.0791015625
4159/5005  0.020140  81/1024 = 0.0791015625
4163/5005  0.019820  82/1024 = 0.080078125
4167/5005  0.020017  70/1024 = 0.068359375
4171/5005  0.020106  69/1024 = 0.0673828125
4175/5005  0.020358  65/1024 = 0.0634765625
4179/5005  0.019387  86/1024 = 0.083984375
4183/5005  0.020098  85/1024 = 0.0830078125
4187/5005  0.020081  71/1024 = 0.0693359375
4191/5005  0.019921  76/1024 = 0.07421875
4195/5005  0.020123  67/1024 = 0.0654296875
4199/5005  0.020258  65/1024 = 0.0634765625
4203/5005  0.020387  63/1024 = 0.0615234375
4207/5005  0.020252  67/1024 = 0.0654296875
4211/5005  0.019733  83/1024 = 0.0810546875
4215/5005  0.019721  69/1024 = 0.0673828125
4219/5005  0.019924  79/1024 = 0.0771484375
4223/5005  0.019985  68/1024 = 0.06640625
4227/5005  0.019764  72/1024 = 0.0703125
4231/5005  0.019949  71/1024 = 0.0693359375
4235/5005  0.019631  71/1024 = 0.0693359375
4239/5005  0.020066  73/1024 = 0.0712890625
4243/5005  0.019937  73/1024 = 0.0712890625
4247/5005  0.019793  81/1024 = 0.0791015625
4251/5005  0.020009  77/1024 = 0.0751953125
4255/5005  0.019966  80/1024 = 0.078125
4259/5005  0.020021  75/1024 = 0.0732421875
4263/5005  0.019668  77/1024 = 0.0751953125
4267/5005  0.019680  77/1024 = 0.0751953125
4271/5005  0.019710  75/1024 = 0.0732421875
4275/5005  0.019889  80/1024 = 0.078125
4279/5005  0.019813  58/1024 = 0.056640625
4283/5005  0.019979  68/1024 = 0.06640625
4287/5005  0.019725  66/1024 = 0.064453125
4291/5005  0.019764  86/1024 = 0.083984375
4295/5005  0.019786  77/1024 = 0.0751953125
4299/5005  0.019650  90/1024 = 0.087890625
4303/5005  0.019602  80/1024 = 0.078125
4307/5005  0.019802  94/1024 = 0.091796875
4311/5005  0.019839  68/1024 = 0.06640625
4315/5005  0.020072  66/1024 = 0.064453125
4319/5005  0.019175  94/1024 = 0.091796875
4323/5005  0.020027  76/1024 = 0.07421875
4327/5005  0.019957  67/1024 = 0.0654296875
4331/5005  0.019542  84/1024 = 0.08203125
4335/5005  0.019824  74/1024 = 0.072265625
4339/5005  0.019974  60/1024 = 0.05859375
4343/5005  0.019917  87/1024 = 0.0849609375
4347/5005  0.019912  56/1024 = 0.0546875
4351/5005  0.019570  98/1024 = 0.095703125
4355/5005  0.019865  83/1024 = 0.0810546875
4359/5005  0.019677  95/1024 = 0.0927734375
4363/5005  0.020069  66/1024 = 0.064453125
4367/5005  0.020000  75/1024 = 0.0732421875
4371/5005  0.020225  85/1024 = 0.0830078125
4375/5005  0.019941  89/1024 = 0.0869140625
4379/5005  0.019904  72/1024 = 0.0703125
4383/5005  0.019795  79/1024 = 0.0771484375
4387/5005  0.019687  82/1024 = 0.080078125
4391/5005  0.019563  77/1024 = 0.0751953125
4395/5005  0.019435  84/1024 = 0.08203125
4399/5005  0.019796  69/1024 = 0.0673828125
4403/5005  0.019556  77/1024 = 0.0751953125
4407/5005  0.019802  73/1024 = 0.0712890625
4411/5005  0.020142  79/1024 = 0.0771484375
4415/5005  0.019661  87/1024 = 0.0849609375
4419/5005  0.019636  78/1024 = 0.076171875
4423/5005  0.019916  76/1024 = 0.07421875
4427/5005  0.019635  93/1024 = 0.0908203125
4431/5005  0.019708  65/1024 = 0.0634765625
4435/5005  0.020016  76/1024 = 0.07421875
4439/5005  0.019596  92/1024 = 0.08984375
4443/5005  0.019558  75/1024 = 0.0732421875
4447/5005  0.019247  89/1024 = 0.0869140625
4451/5005  0.019416  90/1024 = 0.087890625
4455/5005  0.019838  75/1024 = 0.0732421875
4459/5005  0.019337  97/1024 = 0.0947265625
4463/5005  0.020049  73/1024 = 0.0712890625
4467/5005  0.019705  79/1024 = 0.0771484375
4471/5005  0.019703  72/1024 = 0.0703125
4475/5005  0.019785  80/1024 = 0.078125
4479/5005  0.019495  84/1024 = 0.08203125
4483/5005  0.019590  74/1024 = 0.072265625
4487/5005  0.019480  96/1024 = 0.09375
4491/5005  0.019563  72/1024 = 0.0703125
4495/5005  0.019765  78/1024 = 0.076171875
4499/5005  0.019870  75/1024 = 0.0732421875
4503/5005  0.019915  65/1024 = 0.0634765625
4507/5005  0.019517  85/1024 = 0.0830078125
4511/5005  0.019448  80/1024 = 0.078125
4515/5005  0.019410  79/1024 = 0.0771484375
4519/5005  0.019394  100/1024 = 0.09765625
4523/5005  0.019514  80/1024 = 0.078125
4527/5005  0.019530  89/1024 = 0.0869140625
4531/5005  0.020319  62/1024 = 0.060546875
4535/5005  0.019731  81/1024 = 0.0791015625
4539/5005  0.019997  73/1024 = 0.0712890625
4543/5005  0.019914  89/1024 = 0.0869140625
4547/5005  0.019646  84/1024 = 0.08203125
4551/5005  0.019551  92/1024 = 0.08984375
4555/5005  0.019759  88/1024 = 0.0859375
4559/5005  0.019304  91/1024 = 0.0888671875
4563/5005  0.019571  80/1024 = 0.078125
4567/5005  0.019511  72/1024 = 0.0703125
4571/5005  0.019592  102/1024 = 0.099609375
4575/5005  0.019408  86/1024 = 0.083984375
4579/5005  0.019772  87/1024 = 0.0849609375
4583/5005  0.019825  74/1024 = 0.072265625
4587/5005  0.019575  70/1024 = 0.068359375
4591/5005  0.019464  87/1024 = 0.0849609375
4595/5005  0.019649  83/1024 = 0.0810546875
4599/5005  0.019305  80/1024 = 0.078125
4603/5005  0.019478  86/1024 = 0.083984375
4607/5005  0.019641  100/1024 = 0.09765625
4611/5005  0.019491  82/1024 = 0.080078125
4615/5005  0.019584  82/1024 = 0.080078125
4619/5005  0.019481  79/1024 = 0.0771484375
4623/5005  0.019741  89/1024 = 0.0869140625
4627/5005  0.019612  88/1024 = 0.0859375
4631/5005  0.019604  73/1024 = 0.0712890625
4635/5005  0.019371  78/1024 = 0.076171875
4639/5005  0.019631  81/1024 = 0.0791015625
4643/5005  0.019597  85/1024 = 0.0830078125
4647/5005  0.019824  89/1024 = 0.0869140625
4651/5005  0.019779  77/1024 = 0.0751953125
4655/5005  0.019501  93/1024 = 0.0908203125
4659/5005  0.019183  93/1024 = 0.0908203125
4663/5005  0.019430  76/1024 = 0.07421875
4667/5005  0.019718  80/1024 = 0.078125
4671/5005  0.019623  78/1024 = 0.076171875
4675/5005  0.019564  85/1024 = 0.0830078125
4679/5005  0.019227  101/1024 = 0.0986328125
4683/5005  0.019408  77/1024 = 0.0751953125
4687/5005  0.019276  85/1024 = 0.0830078125
4691/5005  0.019546  83/1024 = 0.0810546875
4695/5005  0.019201  94/1024 = 0.091796875
4699/5005  0.019206  86/1024 = 0.083984375
4703/5005  0.019483  78/1024 = 0.076171875
4707/5005  0.019347  95/1024 = 0.0927734375
4711/5005  0.019932  79/1024 = 0.0771484375
4715/5005  0.019038  95/1024 = 0.0927734375
4719/5005  0.019581  74/1024 = 0.072265625
4723/5005  0.019044  84/1024 = 0.08203125
4727/5005  0.019312  92/1024 = 0.08984375
4731/5005  0.019466  85/1024 = 0.0830078125
4735/5005  0.019641  69/1024 = 0.0673828125
4739/5005  0.019250  82/1024 = 0.080078125
4743/5005  0.019330  80/1024 = 0.078125
4747/5005  0.019411  96/1024 = 0.09375
4751/5005  0.019735  81/1024 = 0.0791015625
4755/5005  0.019134  94/1024 = 0.091796875
4759/5005  0.019509  90/1024 = 0.087890625
4763/5005  0.019341  97/1024 = 0.0947265625
4767/5005  0.019534  89/1024 = 0.0869140625
4771/5005  0.019441  89/1024 = 0.0869140625
4775/5005  0.019431  95/1024 = 0.0927734375
4779/5005  0.019492  84/1024 = 0.08203125
4783/5005  0.019469  95/1024 = 0.0927734375
4787/5005  0.019354  79/1024 = 0.0771484375
4791/5005  0.019472  90/1024 = 0.087890625
4795/5005  0.019875  69/1024 = 0.0673828125
4799/5005  0.019154  82/1024 = 0.080078125
4803/5005  0.019125  96/1024 = 0.09375
4807/5005  0.019557  89/1024 = 0.0869140625
4811/5005  0.019579  84/1024 = 0.08203125
4815/5005  0.019600  90/1024 = 0.087890625
4819/5005  0.019380  92/1024 = 0.08984375
4823/5005  0.019169  97/1024 = 0.0947265625
4827/5005  0.019151  91/1024 = 0.0888671875
4831/5005  0.019190  89/1024 = 0.0869140625
4835/5005  0.019327  87/1024 = 0.0849609375
4839/5005  0.019107  94/1024 = 0.091796875
4843/5005  0.019274  83/1024 = 0.0810546875
4847/5005  0.019448  89/1024 = 0.0869140625
4851/5005  0.018913  95/1024 = 0.0927734375
4855/5005  0.019507  77/1024 = 0.0751953125
4859/5005  0.019179  100/1024 = 0.09765625
4863/5005  0.019166  87/1024 = 0.0849609375
4867/5005  0.019196  91/1024 = 0.0888671875
4871/5005  0.019366  79/1024 = 0.0771484375
4875/5005  0.019451  82/1024 = 0.080078125
4879/5005  0.019313  92/1024 = 0.08984375
4883/5005  0.019188  93/1024 = 0.0908203125
4887/5005  0.019497  66/1024 = 0.064453125
4891/5005  0.019244  107/1024 = 0.1044921875
4895/5005  0.019507  86/1024 = 0.083984375
4899/5005  0.019388  88/1024 = 0.0859375
4903/5005  0.019148  82/1024 = 0.080078125
4907/5005  0.019583  91/1024 = 0.0888671875
4911/5005  0.019069  101/1024 = 0.0986328125
4915/5005  0.019507  86/1024 = 0.083984375
4919/5005  0.019450  96/1024 = 0.09375
4923/5005  0.019613  87/1024 = 0.0849609375
4927/5005  0.019250  93/1024 = 0.0908203125
4931/5005  0.019416  91/1024 = 0.0888671875
4935/5005  0.019526  77/1024 = 0.0751953125
4939/5005  0.019454  79/1024 = 0.0771484375
4943/5005  0.019499  85/1024 = 0.0830078125
4947/5005  0.019149  87/1024 = 0.0849609375
4951/5005  0.018984  102/1024 = 0.099609375
4955/5005  0.019253  89/1024 = 0.0869140625
4959/5005  0.019162  91/1024 = 0.0888671875
4963/5005  0.019232  88/1024 = 0.0859375
4967/5005  0.019103  98/1024 = 0.095703125
4971/5005  0.019238  98/1024 = 0.095703125
4975/5005  0.019408  87/1024 = 0.0849609375
4979/5005  0.019142  100/1024 = 0.09765625
4983/5005  0.019178  94/1024 = 0.091796875
4987/5005  0.019211  89/1024 = 0.0869140625
4991/5005  0.019492  88/1024 = 0.0859375
4995/5005  0.018935  93/1024 = 0.0908203125
4999/5005  0.019096  77/1024 = 0.0751953125
5003/5005  0.019183  94/1024 = 0.091796875
1:27:23.934791
