VGG(
  (features): Sequential(
    (0): Conv2d(3, 64, kernel_size=(3, 3), stride=(1, 1), padding=(1, 1))
    (1): ReLU(inplace=True)
    (2): Conv2d(64, 64, kernel_size=(3, 3), stride=(1, 1), padding=(1, 1))
    (3): ReLU(inplace=True)
    (4): MaxPool2d(kernel_size=2, stride=2, padding=0, dilation=1, ceil_mode=False)
    (5): Conv2d(64, 128, kernel_size=(3, 3), stride=(1, 1), padding=(1, 1))
    (6): ReLU(inplace=True)
    (7): Conv2d(128, 128, kernel_size=(3, 3), stride=(1, 1), padding=(1, 1))
    (8): ReLU(inplace=True)
    (9): MaxPool2d(kernel_size=2, stride=2, padding=0, dilation=1, ceil_mode=False)
    (10): Conv2d(128, 256, kernel_size=(3, 3), stride=(1, 1), padding=(1, 1))
    (11): ReLU(inplace=True)
    (12): Conv2d(256, 256, kernel_size=(3, 3), stride=(1, 1), padding=(1, 1))
    (13): ReLU(inplace=True)
    (14): Conv2d(256, 256, kernel_size=(3, 3), stride=(1, 1), padding=(1, 1))
    (15): ReLU(inplace=True)
    (16): MaxPool2d(kernel_size=2, stride=2, padding=0, dilation=1, ceil_mode=False)
    (17): Conv2d(256, 512, kernel_size=(3, 3), stride=(1, 1), padding=(1, 1))
    (18): ReLU(inplace=True)
    (19): Conv2d(512, 512, kernel_size=(3, 3), stride=(1, 1), padding=(1, 1))
    (20): ReLU(inplace=True)
    (21): Conv2d(512, 512, kernel_size=(3, 3), stride=(1, 1), padding=(1, 1))
    (22): ReLU(inplace=True)
    (23): MaxPool2d(kernel_size=2, stride=2, padding=0, dilation=1, ceil_mode=False)
    (24): Conv2d(512, 512, kernel_size=(3, 3), stride=(1, 1), padding=(1, 1))
    (25): ReLU(inplace=True)
    (26): Conv2d(512, 512, kernel_size=(3, 3), stride=(1, 1), padding=(1, 1))
    (27): ReLU(inplace=True)
    (28): Conv2d(512, 512, kernel_size=(3, 3), stride=(1, 1), padding=(1, 1))
    (29): ReLU(inplace=True)
    (30): MaxPool2d(kernel_size=2, stride=2, padding=0, dilation=1, ceil_mode=False)
  )
  (avgpool): AdaptiveAvgPool2d(output_size=(7, 7))
  (classifier): Sequential(
    (0): Linear(in_features=25088, out_features=4096, bias=True)
    (1): ReLU(inplace=True)
    (2): Dropout(p=0.5, inplace=False)
    (3): Linear(in_features=4096, out_features=4096, bias=True)
    (4): ReLU(inplace=True)
    (5): Dropout(p=0.5, inplace=False)
    (6): Linear(in_features=4096, out_features=1000, bias=True)
  )
)
# using cuda
3/5005  0.012718  311/1024 = 0.3037109375
7/5005  0.013139  326/1024 = 0.318359375
11/5005  0.012479  334/1024 = 0.326171875
15/5005  0.012575  326/1024 = 0.318359375
19/5005  0.012375  324/1024 = 0.31640625
23/5005  0.012347  325/1024 = 0.3173828125
27/5005  0.012848  321/1024 = 0.3134765625
31/5005  0.012361  325/1024 = 0.3173828125
35/5005  0.012044  330/1024 = 0.322265625
39/5005  0.012438  329/1024 = 0.3212890625
43/5005  0.012593  305/1024 = 0.2978515625
47/5005  0.012873  305/1024 = 0.2978515625
51/5005  0.012931  331/1024 = 0.3232421875
55/5005  0.012187  338/1024 = 0.330078125
59/5005  0.012586  318/1024 = 0.310546875
63/5005  0.012297  346/1024 = 0.337890625
67/5005  0.012269  346/1024 = 0.337890625
71/5005  0.013637  296/1024 = 0.2890625
75/5005  0.012287  322/1024 = 0.314453125
79/5005  0.012496  344/1024 = 0.3359375
83/5005  0.012341  335/1024 = 0.3271484375
87/5005  0.012137  355/1024 = 0.3466796875
91/5005  0.012665  316/1024 = 0.30859375
95/5005  0.012524  324/1024 = 0.31640625
99/5005  0.012500  332/1024 = 0.32421875
103/5005  0.013268  322/1024 = 0.314453125
107/5005  0.012956  311/1024 = 0.3037109375
111/5005  0.012584  320/1024 = 0.3125
115/5005  0.013048  315/1024 = 0.3076171875
119/5005  0.012496  333/1024 = 0.3251953125
123/5005  0.012894  323/1024 = 0.3154296875
127/5005  0.012489  330/1024 = 0.322265625
131/5005  0.012078  354/1024 = 0.345703125
135/5005  0.012648  327/1024 = 0.3193359375
139/5005  0.012716  299/1024 = 0.2919921875
143/5005  0.012358  339/1024 = 0.3310546875
147/5005  0.012127  358/1024 = 0.349609375
151/5005  0.013026  301/1024 = 0.2939453125
155/5005  0.013120  303/1024 = 0.2958984375
159/5005  0.012829  320/1024 = 0.3125
163/5005  0.012713  322/1024 = 0.314453125
167/5005  0.012626  329/1024 = 0.3212890625
171/5005  0.012601  315/1024 = 0.3076171875
175/5005  0.012461  322/1024 = 0.314453125
179/5005  0.012242  331/1024 = 0.3232421875
183/5005  0.012132  337/1024 = 0.3291015625
187/5005  0.013014  321/1024 = 0.3134765625
191/5005  0.012547  351/1024 = 0.3427734375
195/5005  0.012814  330/1024 = 0.322265625
199/5005  0.012324  338/1024 = 0.330078125
203/5005  0.012317  336/1024 = 0.328125
207/5005  0.012490  326/1024 = 0.318359375
211/5005  0.012358  349/1024 = 0.3408203125
215/5005  0.012521  336/1024 = 0.328125
219/5005  0.012089  337/1024 = 0.3291015625
223/5005  0.012611  327/1024 = 0.3193359375
227/5005  0.012840  326/1024 = 0.318359375
231/5005  0.012837  322/1024 = 0.314453125
235/5005  0.013191  305/1024 = 0.2978515625
239/5005  0.012296  354/1024 = 0.345703125
243/5005  0.012506  316/1024 = 0.30859375
247/5005  0.012648  352/1024 = 0.34375
251/5005  0.012616  325/1024 = 0.3173828125
255/5005  0.012638  336/1024 = 0.328125
259/5005  0.012126  342/1024 = 0.333984375
263/5005  0.013059  335/1024 = 0.3271484375
267/5005  0.012596  317/1024 = 0.3095703125
271/5005  0.012831  326/1024 = 0.318359375
275/5005  0.012902  327/1024 = 0.3193359375
279/5005  0.012340  314/1024 = 0.306640625
283/5005  0.012876  290/1024 = 0.283203125
287/5005  0.012362  349/1024 = 0.3408203125
291/5005  0.012290  343/1024 = 0.3349609375
295/5005  0.012659  335/1024 = 0.3271484375
299/5005  0.012103  342/1024 = 0.333984375
303/5005  0.011952  356/1024 = 0.34765625
307/5005  0.012450  309/1024 = 0.3017578125
311/5005  0.012283  360/1024 = 0.3515625
315/5005  0.012743  329/1024 = 0.3212890625
319/5005  0.011965  351/1024 = 0.3427734375
323/5005  0.012403  345/1024 = 0.3369140625
327/5005  0.012423  316/1024 = 0.30859375
331/5005  0.012679  300/1024 = 0.29296875
335/5005  0.012670  318/1024 = 0.310546875
339/5005  0.012520  331/1024 = 0.3232421875
343/5005  0.012637  315/1024 = 0.3076171875
347/5005  0.012670  329/1024 = 0.3212890625
351/5005  0.013062  334/1024 = 0.326171875
355/5005  0.012917  335/1024 = 0.3271484375
359/5005  0.012853  311/1024 = 0.3037109375
363/5005  0.012748  333/1024 = 0.3251953125
367/5005  0.012975  299/1024 = 0.2919921875
371/5005  0.012143  321/1024 = 0.3134765625
375/5005  0.012489  327/1024 = 0.3193359375
379/5005  0.012177  337/1024 = 0.3291015625
383/5005  0.012973  308/1024 = 0.30078125
387/5005  0.012189  318/1024 = 0.310546875
391/5005  0.012671  329/1024 = 0.3212890625
395/5005  0.012624  327/1024 = 0.3193359375
399/5005  0.012719  320/1024 = 0.3125
403/5005  0.012411  344/1024 = 0.3359375
407/5005  0.012518  345/1024 = 0.3369140625
411/5005  0.012526  336/1024 = 0.328125
415/5005  0.012255  350/1024 = 0.341796875
419/5005  0.012527  319/1024 = 0.3115234375
423/5005  0.013032  297/1024 = 0.2900390625
427/5005  0.012212  329/1024 = 0.3212890625
431/5005  0.012236  339/1024 = 0.3310546875
435/5005  0.012935  282/1024 = 0.275390625
439/5005  0.012538  320/1024 = 0.3125
443/5005  0.012368  332/1024 = 0.32421875
447/5005  0.012761  327/1024 = 0.3193359375
451/5005  0.012639  320/1024 = 0.3125
455/5005  0.012608  345/1024 = 0.3369140625
459/5005  0.012449  326/1024 = 0.318359375
463/5005  0.012935  312/1024 = 0.3046875
467/5005  0.012278  335/1024 = 0.3271484375
471/5005  0.012295  320/1024 = 0.3125
475/5005  0.012820  315/1024 = 0.3076171875
479/5005  0.011358  382/1024 = 0.373046875
483/5005  0.012509  325/1024 = 0.3173828125
487/5005  0.012560  320/1024 = 0.3125
491/5005  0.012738  324/1024 = 0.31640625
495/5005  0.012622  336/1024 = 0.328125
499/5005  0.012269  333/1024 = 0.3251953125
503/5005  0.012377  318/1024 = 0.310546875
507/5005  0.012343  333/1024 = 0.3251953125
511/5005  0.012680  336/1024 = 0.328125
515/5005  0.012301  331/1024 = 0.3232421875
519/5005  0.012414  354/1024 = 0.345703125
523/5005  0.012611  320/1024 = 0.3125
527/5005  0.012662  323/1024 = 0.3154296875
531/5005  0.012332  350/1024 = 0.341796875
535/5005  0.012456  349/1024 = 0.3408203125
539/5005  0.012169  326/1024 = 0.318359375
543/5005  0.012758  352/1024 = 0.34375
547/5005  0.012291  339/1024 = 0.3310546875
551/5005  0.012397  337/1024 = 0.3291015625
555/5005  0.012364  319/1024 = 0.3115234375
559/5005  0.012610  321/1024 = 0.3134765625
563/5005  0.012507  341/1024 = 0.3330078125
567/5005  0.012328  331/1024 = 0.3232421875
571/5005  0.012993  326/1024 = 0.318359375
575/5005  0.012360  351/1024 = 0.3427734375
579/5005  0.012129  361/1024 = 0.3525390625
583/5005  0.012320  347/1024 = 0.3388671875
587/5005  0.012833  310/1024 = 0.302734375
591/5005  0.012587  314/1024 = 0.306640625
595/5005  0.012554  330/1024 = 0.322265625
599/5005  0.012280  332/1024 = 0.32421875
603/5005  0.012684  325/1024 = 0.3173828125
607/5005  0.012447  344/1024 = 0.3359375
611/5005  0.011950  342/1024 = 0.333984375
615/5005  0.012380  327/1024 = 0.3193359375
619/5005  0.012489  331/1024 = 0.3232421875
623/5005  0.012085  351/1024 = 0.3427734375
627/5005  0.012405  320/1024 = 0.3125
631/5005  0.012328  321/1024 = 0.3134765625
635/5005  0.012490  339/1024 = 0.3310546875
639/5005  0.012098  364/1024 = 0.35546875
643/5005  0.012937  316/1024 = 0.30859375
647/5005  0.012628  348/1024 = 0.33984375
651/5005  0.012565  322/1024 = 0.314453125
655/5005  0.012812  335/1024 = 0.3271484375
659/5005  0.012317  347/1024 = 0.3388671875
663/5005  0.012782  317/1024 = 0.3095703125
667/5005  0.011995  360/1024 = 0.3515625
671/5005  0.011915  354/1024 = 0.345703125
675/5005  0.012423  322/1024 = 0.314453125
679/5005  0.012891  333/1024 = 0.3251953125
683/5005  0.012801  314/1024 = 0.306640625
687/5005  0.012598  326/1024 = 0.318359375
691/5005  0.012751  349/1024 = 0.3408203125
695/5005  0.012125  348/1024 = 0.33984375
699/5005  0.012318  344/1024 = 0.3359375
703/5005  0.012145  353/1024 = 0.3447265625
707/5005  0.012179  345/1024 = 0.3369140625
711/5005  0.012501  336/1024 = 0.328125
715/5005  0.012918  331/1024 = 0.3232421875
719/5005  0.012155  356/1024 = 0.34765625
723/5005  0.012285  346/1024 = 0.337890625
727/5005  0.013014  313/1024 = 0.3056640625
731/5005  0.012504  324/1024 = 0.31640625
735/5005  0.012776  322/1024 = 0.314453125
739/5005  0.012471  329/1024 = 0.3212890625
743/5005  0.012160  344/1024 = 0.3359375
747/5005  0.012635  349/1024 = 0.3408203125
751/5005  0.012363  334/1024 = 0.326171875
755/5005  0.012048  371/1024 = 0.3623046875
759/5005  0.012294  338/1024 = 0.330078125
763/5005  0.012964  332/1024 = 0.32421875
767/5005  0.013013  333/1024 = 0.3251953125
771/5005  0.012567  334/1024 = 0.326171875
775/5005  0.012597  330/1024 = 0.322265625
779/5005  0.012347  346/1024 = 0.337890625
783/5005  0.012464  330/1024 = 0.322265625
787/5005  0.012612  336/1024 = 0.328125
791/5005  0.012787  320/1024 = 0.3125
795/5005  0.012431  332/1024 = 0.32421875
799/5005  0.012401  321/1024 = 0.3134765625
803/5005  0.012670  314/1024 = 0.306640625
807/5005  0.012557  303/1024 = 0.2958984375
811/5005  0.012690  336/1024 = 0.328125
815/5005  0.012653  324/1024 = 0.31640625
819/5005  0.012250  334/1024 = 0.326171875
823/5005  0.013065  336/1024 = 0.328125
827/5005  0.012432  350/1024 = 0.341796875
831/5005  0.012461  344/1024 = 0.3359375
835/5005  0.012212  345/1024 = 0.3369140625
839/5005  0.012137  350/1024 = 0.341796875
843/5005  0.011979  359/1024 = 0.3505859375
847/5005  0.012088  335/1024 = 0.3271484375
851/5005  0.012622  325/1024 = 0.3173828125
855/5005  0.011896  355/1024 = 0.3466796875
859/5005  0.012467  319/1024 = 0.3115234375
863/5005  0.012291  336/1024 = 0.328125
867/5005  0.012453  346/1024 = 0.337890625
871/5005  0.012632  317/1024 = 0.3095703125
875/5005  0.012112  345/1024 = 0.3369140625
879/5005  0.012091  339/1024 = 0.3310546875
883/5005  0.012350  323/1024 = 0.3154296875
887/5005  0.012435  324/1024 = 0.31640625
891/5005  0.012057  351/1024 = 0.3427734375
895/5005  0.012930  305/1024 = 0.2978515625
899/5005  0.012246  323/1024 = 0.3154296875
903/5005  0.012298  323/1024 = 0.3154296875
907/5005  0.012536  322/1024 = 0.314453125
911/5005  0.012710  322/1024 = 0.314453125
915/5005  0.012213  356/1024 = 0.34765625
919/5005  0.012578  336/1024 = 0.328125
923/5005  0.012307  339/1024 = 0.3310546875
927/5005  0.012553  338/1024 = 0.330078125
931/5005  0.012181  335/1024 = 0.3271484375
935/5005  0.012121  344/1024 = 0.3359375
939/5005  0.012547  329/1024 = 0.3212890625
943/5005  0.012651  350/1024 = 0.341796875
947/5005  0.012071  329/1024 = 0.3212890625
951/5005  0.012772  329/1024 = 0.3212890625
955/5005  0.012207  350/1024 = 0.341796875
959/5005  0.012363  355/1024 = 0.3466796875
963/5005  0.012106  355/1024 = 0.3466796875
967/5005  0.011907  355/1024 = 0.3466796875
971/5005  0.012481  347/1024 = 0.3388671875
975/5005  0.011321  366/1024 = 0.357421875
979/5005  0.012439  327/1024 = 0.3193359375
983/5005  0.012042  341/1024 = 0.3330078125
987/5005  0.012193  356/1024 = 0.34765625
991/5005  0.012564  320/1024 = 0.3125
995/5005  0.012358  334/1024 = 0.326171875
999/5005  0.011803  349/1024 = 0.3408203125
1003/5005  0.012526  322/1024 = 0.314453125
1007/5005  0.011939  360/1024 = 0.3515625
1011/5005  0.011795  364/1024 = 0.35546875
1015/5005  0.012037  342/1024 = 0.333984375
1019/5005  0.012087  364/1024 = 0.35546875
1023/5005  0.012431  362/1024 = 0.353515625
1027/5005  0.012418  326/1024 = 0.318359375
1031/5005  0.012011  337/1024 = 0.3291015625
1035/5005  0.012724  323/1024 = 0.3154296875
1039/5005  0.012670  312/1024 = 0.3046875
1043/5005  0.012456  297/1024 = 0.2900390625
1047/5005  0.012352  371/1024 = 0.3623046875
1051/5005  0.012189  377/1024 = 0.3681640625
1055/5005  0.012011  337/1024 = 0.3291015625
1059/5005  0.012027  355/1024 = 0.3466796875
1063/5005  0.012309  313/1024 = 0.3056640625
1067/5005  0.013024  312/1024 = 0.3046875
1071/5005  0.012911  327/1024 = 0.3193359375
1075/5005  0.012203  373/1024 = 0.3642578125
1079/5005  0.012056  349/1024 = 0.3408203125
1083/5005  0.012856  323/1024 = 0.3154296875
1087/5005  0.011956  361/1024 = 0.3525390625
1091/5005  0.012071  353/1024 = 0.3447265625
1095/5005  0.012513  352/1024 = 0.34375
1099/5005  0.012261  344/1024 = 0.3359375
1103/5005  0.012370  337/1024 = 0.3291015625
1107/5005  0.012112  351/1024 = 0.3427734375
1111/5005  0.011897  362/1024 = 0.353515625
1115/5005  0.012288  354/1024 = 0.345703125
1119/5005  0.012425  339/1024 = 0.3310546875
1123/5005  0.012123  348/1024 = 0.33984375
1127/5005  0.012459  336/1024 = 0.328125
1131/5005  0.012527  335/1024 = 0.3271484375
1135/5005  0.011844  368/1024 = 0.359375
1139/5005  0.012421  329/1024 = 0.3212890625
1143/5005  0.012235  348/1024 = 0.33984375
1147/5005  0.012197  335/1024 = 0.3271484375
1151/5005  0.012478  340/1024 = 0.33203125
1155/5005  0.012373  330/1024 = 0.322265625
1159/5005  0.012571  311/1024 = 0.3037109375
1163/5005  0.012463  341/1024 = 0.3330078125
1167/5005  0.012488  341/1024 = 0.3330078125
1171/5005  0.012416  319/1024 = 0.3115234375
1175/5005  0.012370  328/1024 = 0.3203125
1179/5005  0.012578  325/1024 = 0.3173828125
1183/5005  0.012436  329/1024 = 0.3212890625
1187/5005  0.012367  342/1024 = 0.333984375
1191/5005  0.012252  334/1024 = 0.326171875
1195/5005  0.012514  337/1024 = 0.3291015625
1199/5005  0.012003  340/1024 = 0.33203125
1203/5005  0.012655  322/1024 = 0.314453125
1207/5005  0.012379  345/1024 = 0.3369140625
1211/5005  0.012209  349/1024 = 0.3408203125
1215/5005  0.012355  320/1024 = 0.3125
1219/5005  0.012148  342/1024 = 0.333984375
1223/5005  0.011701  364/1024 = 0.35546875
1227/5005  0.012414  330/1024 = 0.322265625
1231/5005  0.012020  347/1024 = 0.3388671875
1235/5005  0.012087  341/1024 = 0.3330078125
1239/5005  0.012273  342/1024 = 0.333984375
1243/5005  0.012534  331/1024 = 0.3232421875
1247/5005  0.012471  330/1024 = 0.322265625
1251/5005  0.011828  335/1024 = 0.3271484375
1255/5005  0.012443  330/1024 = 0.322265625
1259/5005  0.011906  341/1024 = 0.3330078125
1263/5005  0.012427  334/1024 = 0.326171875
1267/5005  0.012293  336/1024 = 0.328125
1271/5005  0.012326  340/1024 = 0.33203125
1275/5005  0.012221  330/1024 = 0.322265625
1279/5005  0.012453  346/1024 = 0.337890625
1283/5005  0.012285  358/1024 = 0.349609375
1287/5005  0.012560  332/1024 = 0.32421875
1291/5005  0.012634  324/1024 = 0.31640625
1295/5005  0.012463  333/1024 = 0.3251953125
1299/5005  0.012150  341/1024 = 0.3330078125
1303/5005  0.012034  334/1024 = 0.326171875
1307/5005  0.012177  343/1024 = 0.3349609375
1311/5005  0.012737  307/1024 = 0.2998046875
1315/5005  0.012199  324/1024 = 0.31640625
1319/5005  0.012194  347/1024 = 0.3388671875
1323/5005  0.012461  333/1024 = 0.3251953125
1327/5005  0.012212  341/1024 = 0.3330078125
1331/5005  0.012587  297/1024 = 0.2900390625
1335/5005  0.012487  340/1024 = 0.33203125
1339/5005  0.012384  326/1024 = 0.318359375
1343/5005  0.012156  331/1024 = 0.3232421875
1347/5005  0.012362  334/1024 = 0.326171875
1351/5005  0.012350  343/1024 = 0.3349609375
1355/5005  0.012007  349/1024 = 0.3408203125
1359/5005  0.011907  366/1024 = 0.357421875
1363/5005  0.013038  316/1024 = 0.30859375
1367/5005  0.012456  326/1024 = 0.318359375
1371/5005  0.012170  327/1024 = 0.3193359375
1375/5005  0.012675  314/1024 = 0.306640625
1379/5005  0.012400  327/1024 = 0.3193359375
1383/5005  0.012643  322/1024 = 0.314453125
1387/5005  0.012740  334/1024 = 0.326171875
1391/5005  0.012252  347/1024 = 0.3388671875
1395/5005  0.012416  335/1024 = 0.3271484375
1399/5005  0.011617  365/1024 = 0.3564453125
1403/5005  0.011652  370/1024 = 0.361328125
1407/5005  0.012056  358/1024 = 0.349609375
1411/5005  0.011985  355/1024 = 0.3466796875
1415/5005  0.012080  358/1024 = 0.349609375
1419/5005  0.012470  320/1024 = 0.3125
1423/5005  0.012386  341/1024 = 0.3330078125
1427/5005  0.012172  343/1024 = 0.3349609375
1431/5005  0.012777  314/1024 = 0.306640625
1435/5005  0.012216  350/1024 = 0.341796875
1439/5005  0.012368  350/1024 = 0.341796875
1443/5005  0.012026  338/1024 = 0.330078125
1447/5005  0.012731  314/1024 = 0.306640625
1451/5005  0.012400  325/1024 = 0.3173828125
1455/5005  0.012725  328/1024 = 0.3203125
1459/5005  0.012419  326/1024 = 0.318359375
1463/5005  0.011647  365/1024 = 0.3564453125
1467/5005  0.012848  322/1024 = 0.314453125
1471/5005  0.011814  366/1024 = 0.357421875
1475/5005  0.012348  319/1024 = 0.3115234375
1479/5005  0.012346  344/1024 = 0.3359375
1483/5005  0.012657  309/1024 = 0.3017578125
1487/5005  0.012255  352/1024 = 0.34375
1491/5005  0.012707  331/1024 = 0.3232421875
1495/5005  0.012292  333/1024 = 0.3251953125
1499/5005  0.012403  341/1024 = 0.3330078125
1503/5005  0.012696  326/1024 = 0.318359375
1507/5005  0.012162  335/1024 = 0.3271484375
1511/5005  0.012268  338/1024 = 0.330078125
1515/5005  0.011716  360/1024 = 0.3515625
1519/5005  0.012513  320/1024 = 0.3125
1523/5005  0.012451  340/1024 = 0.33203125
1527/5005  0.012158  359/1024 = 0.3505859375
1531/5005  0.012330  330/1024 = 0.322265625
1535/5005  0.012135  339/1024 = 0.3310546875
1539/5005  0.012832  322/1024 = 0.314453125
1543/5005  0.012085  352/1024 = 0.34375
1547/5005  0.012387  363/1024 = 0.3544921875
1551/5005  0.012340  321/1024 = 0.3134765625
1555/5005  0.012085  358/1024 = 0.349609375
1559/5005  0.012506  338/1024 = 0.330078125
1563/5005  0.011972  348/1024 = 0.33984375
1567/5005  0.011987  355/1024 = 0.3466796875
1571/5005  0.012132  345/1024 = 0.3369140625
1575/5005  0.012639  325/1024 = 0.3173828125
1579/5005  0.012205  316/1024 = 0.30859375
1583/5005  0.012890  329/1024 = 0.3212890625
1587/5005  0.012338  320/1024 = 0.3125
1591/5005  0.011970  356/1024 = 0.34765625
1595/5005  0.012913  339/1024 = 0.3310546875
1599/5005  0.012388  320/1024 = 0.3125
1603/5005  0.012463  326/1024 = 0.318359375
1607/5005  0.012002  364/1024 = 0.35546875
1611/5005  0.011988  350/1024 = 0.341796875
1615/5005  0.012689  331/1024 = 0.3232421875
1619/5005  0.012584  330/1024 = 0.322265625
1623/5005  0.012047  348/1024 = 0.33984375
1627/5005  0.011930  327/1024 = 0.3193359375
1631/5005  0.012420  332/1024 = 0.32421875
1635/5005  0.011911  345/1024 = 0.3369140625
1639/5005  0.012233  330/1024 = 0.322265625
1643/5005  0.012415  342/1024 = 0.333984375
1647/5005  0.012364  306/1024 = 0.298828125
1651/5005  0.012028  326/1024 = 0.318359375
1655/5005  0.011963  348/1024 = 0.33984375
1659/5005  0.012267  332/1024 = 0.32421875
1663/5005  0.012284  335/1024 = 0.3271484375
1667/5005  0.012474  328/1024 = 0.3203125
1671/5005  0.012037  348/1024 = 0.33984375
1675/5005  0.012321  353/1024 = 0.3447265625
1679/5005  0.012626  324/1024 = 0.31640625
1683/5005  0.012109  341/1024 = 0.3330078125
1687/5005  0.012368  341/1024 = 0.3330078125
1691/5005  0.012202  348/1024 = 0.33984375
1695/5005  0.012486  332/1024 = 0.32421875
1699/5005  0.012079  375/1024 = 0.3662109375
1703/5005  0.012117  361/1024 = 0.3525390625
1707/5005  0.011815  325/1024 = 0.3173828125
1711/5005  0.012271  329/1024 = 0.3212890625
1715/5005  0.012494  331/1024 = 0.3232421875
1719/5005  0.012365  326/1024 = 0.318359375
1723/5005  0.012633  350/1024 = 0.341796875
1727/5005  0.012430  334/1024 = 0.326171875
1731/5005  0.012254  347/1024 = 0.3388671875
1735/5005  0.012160  340/1024 = 0.33203125
1739/5005  0.012343  315/1024 = 0.3076171875
1743/5005  0.012136  348/1024 = 0.33984375
1747/5005  0.012113  345/1024 = 0.3369140625
1751/5005  0.012227  337/1024 = 0.3291015625
1755/5005  0.012282  353/1024 = 0.3447265625
1759/5005  0.012426  320/1024 = 0.3125
1763/5005  0.012419  335/1024 = 0.3271484375
1767/5005  0.012409  312/1024 = 0.3046875
1771/5005  0.011958  337/1024 = 0.3291015625
1775/5005  0.012263  332/1024 = 0.32421875
1779/5005  0.012884  329/1024 = 0.3212890625
1783/5005  0.012137  338/1024 = 0.330078125
1787/5005  0.012239  339/1024 = 0.3310546875
1791/5005  0.011987  350/1024 = 0.341796875
1795/5005  0.012322  314/1024 = 0.306640625
1799/5005  0.012252  351/1024 = 0.3427734375
1803/5005  0.012863  319/1024 = 0.3115234375
1807/5005  0.012576  336/1024 = 0.328125
1811/5005  0.012792  342/1024 = 0.333984375
1815/5005  0.012205  348/1024 = 0.33984375
1819/5005  0.011811  343/1024 = 0.3349609375
1823/5005  0.012121  339/1024 = 0.3310546875
1827/5005  0.012290  341/1024 = 0.3330078125
1831/5005  0.012374  348/1024 = 0.33984375
1835/5005  0.012277  332/1024 = 0.32421875
1839/5005  0.011860  357/1024 = 0.3486328125
1843/5005  0.012321  347/1024 = 0.3388671875
1847/5005  0.012628  323/1024 = 0.3154296875
1851/5005  0.012493  342/1024 = 0.333984375
1855/5005  0.012469  329/1024 = 0.3212890625
1859/5005  0.011904  342/1024 = 0.333984375
1863/5005  0.011974  345/1024 = 0.3369140625
1867/5005  0.012281  331/1024 = 0.3232421875
1871/5005  0.012238  341/1024 = 0.3330078125
1875/5005  0.011824  359/1024 = 0.3505859375
1879/5005  0.011843  342/1024 = 0.333984375
1883/5005  0.012708  321/1024 = 0.3134765625
1887/5005  0.012210  346/1024 = 0.337890625
1891/5005  0.011522  355/1024 = 0.3466796875
1895/5005  0.012171  333/1024 = 0.3251953125
1899/5005  0.012585  329/1024 = 0.3212890625
1903/5005  0.012492  326/1024 = 0.318359375
1907/5005  0.012246  337/1024 = 0.3291015625
1911/5005  0.012260  350/1024 = 0.341796875
1915/5005  0.012448  330/1024 = 0.322265625
1919/5005  0.012579  343/1024 = 0.3349609375
1923/5005  0.012187  352/1024 = 0.34375
1927/5005  0.012309  342/1024 = 0.333984375
1931/5005  0.012409  334/1024 = 0.326171875
1935/5005  0.012001  321/1024 = 0.3134765625
1939/5005  0.012321  334/1024 = 0.326171875
1943/5005  0.012594  351/1024 = 0.3427734375
1947/5005  0.012304  335/1024 = 0.3271484375
1951/5005  0.012298  333/1024 = 0.3251953125
1955/5005  0.012056  360/1024 = 0.3515625
1959/5005  0.011968  363/1024 = 0.3544921875
1963/5005  0.012213  363/1024 = 0.3544921875
1967/5005  0.012295  329/1024 = 0.3212890625
1971/5005  0.012456  343/1024 = 0.3349609375
1975/5005  0.011880  353/1024 = 0.3447265625
1979/5005  0.011918  319/1024 = 0.3115234375
1983/5005  0.012170  353/1024 = 0.3447265625
1987/5005  0.012101  333/1024 = 0.3251953125
1991/5005  0.011839  353/1024 = 0.3447265625
1995/5005  0.012314  332/1024 = 0.32421875
1999/5005  0.011732  363/1024 = 0.3544921875
2003/5005  0.012600  319/1024 = 0.3115234375
2007/5005  0.012235  376/1024 = 0.3671875
2011/5005  0.012445  340/1024 = 0.33203125
2015/5005  0.011932  359/1024 = 0.3505859375
2019/5005  0.012809  311/1024 = 0.3037109375
2023/5005  0.012269  319/1024 = 0.3115234375
2027/5005  0.012701  324/1024 = 0.31640625
2031/5005  0.011750  360/1024 = 0.3515625
2035/5005  0.012339  342/1024 = 0.333984375
2039/5005  0.012657  333/1024 = 0.3251953125
2043/5005  0.011887  374/1024 = 0.365234375
2047/5005  0.012575  331/1024 = 0.3232421875
2051/5005  0.012588  330/1024 = 0.322265625
2055/5005  0.012504  345/1024 = 0.3369140625
2059/5005  0.012001  359/1024 = 0.3505859375
2063/5005  0.012587  320/1024 = 0.3125
2067/5005  0.012416  339/1024 = 0.3310546875
2071/5005  0.011863  350/1024 = 0.341796875
2075/5005  0.012812  325/1024 = 0.3173828125
2079/5005  0.012295  333/1024 = 0.3251953125
2083/5005  0.012028  342/1024 = 0.333984375
2087/5005  0.012042  352/1024 = 0.34375
2091/5005  0.012114  334/1024 = 0.326171875
2095/5005  0.012902  346/1024 = 0.337890625
2099/5005  0.012195  348/1024 = 0.33984375
2103/5005  0.012175  333/1024 = 0.3251953125
2107/5005  0.012032  337/1024 = 0.3291015625
2111/5005  0.012276  350/1024 = 0.341796875
2115/5005  0.012551  315/1024 = 0.3076171875
2119/5005  0.011944  345/1024 = 0.3369140625
2123/5005  0.012004  357/1024 = 0.3486328125
2127/5005  0.012087  344/1024 = 0.3359375
2131/5005  0.012591  319/1024 = 0.3115234375
2135/5005  0.012281  346/1024 = 0.337890625
2139/5005  0.012024  341/1024 = 0.3330078125
2143/5005  0.012027  335/1024 = 0.3271484375
2147/5005  0.012214  346/1024 = 0.337890625
2151/5005  0.012171  359/1024 = 0.3505859375
2155/5005  0.012217  333/1024 = 0.3251953125
2159/5005  0.011729  352/1024 = 0.34375
2163/5005  0.012091  361/1024 = 0.3525390625
2167/5005  0.012232  337/1024 = 0.3291015625
2171/5005  0.012064  338/1024 = 0.330078125
2175/5005  0.012542  306/1024 = 0.298828125
2179/5005  0.011971  357/1024 = 0.3486328125
2183/5005  0.012428  339/1024 = 0.3310546875
2187/5005  0.011710  342/1024 = 0.333984375
2191/5005  0.012251  355/1024 = 0.3466796875
2195/5005  0.012115  354/1024 = 0.345703125
2199/5005  0.012886  316/1024 = 0.30859375
2203/5005  0.011535  365/1024 = 0.3564453125
2207/5005  0.011809  368/1024 = 0.359375
2211/5005  0.012526  330/1024 = 0.322265625
2215/5005  0.012329  356/1024 = 0.34765625
2219/5005  0.011718  353/1024 = 0.3447265625
2223/5005  0.012525  333/1024 = 0.3251953125
2227/5005  0.012339  323/1024 = 0.3154296875
2231/5005  0.012655  340/1024 = 0.33203125
2235/5005  0.012054  362/1024 = 0.353515625
2239/5005  0.011925  339/1024 = 0.3310546875
2243/5005  0.013074  309/1024 = 0.3017578125
2247/5005  0.012423  331/1024 = 0.3232421875
2251/5005  0.011818  352/1024 = 0.34375
2255/5005  0.012562  348/1024 = 0.33984375
2259/5005  0.012575  332/1024 = 0.32421875
2263/5005  0.012184  361/1024 = 0.3525390625
2267/5005  0.011960  344/1024 = 0.3359375
2271/5005  0.012143  356/1024 = 0.34765625
2275/5005  0.012164  349/1024 = 0.3408203125
2279/5005  0.011931  346/1024 = 0.337890625
2283/5005  0.011761  368/1024 = 0.359375
2287/5005  0.012032  355/1024 = 0.3466796875
2291/5005  0.012225  344/1024 = 0.3359375
2295/5005  0.012261  333/1024 = 0.3251953125
2299/5005  0.012562  325/1024 = 0.3173828125
2303/5005  0.012504  324/1024 = 0.31640625
2307/5005  0.012200  350/1024 = 0.341796875
2311/5005  0.011884  368/1024 = 0.359375
2315/5005  0.012166  348/1024 = 0.33984375
2319/5005  0.011922  349/1024 = 0.3408203125
2323/5005  0.011849  362/1024 = 0.353515625
2327/5005  0.011904  356/1024 = 0.34765625
2331/5005  0.012266  363/1024 = 0.3544921875
2335/5005  0.012166  345/1024 = 0.3369140625
2339/5005  0.012537  332/1024 = 0.32421875
2343/5005  0.012800  312/1024 = 0.3046875
2347/5005  0.012654  321/1024 = 0.3134765625
2351/5005  0.012402  329/1024 = 0.3212890625
2355/5005  0.012289  343/1024 = 0.3349609375
2359/5005  0.011978  338/1024 = 0.330078125
2363/5005  0.012382  340/1024 = 0.33203125
2367/5005  0.012341  332/1024 = 0.32421875
2371/5005  0.012037  355/1024 = 0.3466796875
2375/5005  0.012262  357/1024 = 0.3486328125
2379/5005  0.012576  337/1024 = 0.3291015625
2383/5005  0.012061  365/1024 = 0.3564453125
2387/5005  0.012397  319/1024 = 0.3115234375
2391/5005  0.012490  325/1024 = 0.3173828125
2395/5005  0.012120  343/1024 = 0.3349609375
2399/5005  0.011342  389/1024 = 0.3798828125
2403/5005  0.012384  344/1024 = 0.3359375
2407/5005  0.012306  334/1024 = 0.326171875
2411/5005  0.012450  356/1024 = 0.34765625
2415/5005  0.012395  344/1024 = 0.3359375
2419/5005  0.012163  367/1024 = 0.3583984375
2423/5005  0.011988  335/1024 = 0.3271484375
2427/5005  0.011847  363/1024 = 0.3544921875
2431/5005  0.012179  369/1024 = 0.3603515625
2435/5005  0.012134  336/1024 = 0.328125
2439/5005  0.012208  355/1024 = 0.3466796875
2443/5005  0.012133  324/1024 = 0.31640625
2447/5005  0.012063  346/1024 = 0.337890625
2451/5005  0.012327  348/1024 = 0.33984375
2455/5005  0.012114  367/1024 = 0.3583984375
2459/5005  0.012365  347/1024 = 0.3388671875
2463/5005  0.011573  350/1024 = 0.341796875
2467/5005  0.011714  365/1024 = 0.3564453125
2471/5005  0.011732  370/1024 = 0.361328125
2475/5005  0.012233  341/1024 = 0.3330078125
2479/5005  0.012198  355/1024 = 0.3466796875
2483/5005  0.012165  350/1024 = 0.341796875
2487/5005  0.012074  348/1024 = 0.33984375
2491/5005  0.012261  346/1024 = 0.337890625
2495/5005  0.012175  347/1024 = 0.3388671875
2499/5005  0.012060  350/1024 = 0.341796875
2503/5005  0.012251  324/1024 = 0.31640625
2507/5005  0.012568  359/1024 = 0.3505859375
2511/5005  0.012376  325/1024 = 0.3173828125
2515/5005  0.012125  353/1024 = 0.3447265625
2519/5005  0.012175  365/1024 = 0.3564453125
2523/5005  0.011809  377/1024 = 0.3681640625
2527/5005  0.012365  323/1024 = 0.3154296875
2531/5005  0.012403  321/1024 = 0.3134765625
2535/5005  0.012101  358/1024 = 0.349609375
2539/5005  0.012330  318/1024 = 0.310546875
2543/5005  0.012322  331/1024 = 0.3232421875
2547/5005  0.012301  324/1024 = 0.31640625
2551/5005  0.012037  357/1024 = 0.3486328125
2555/5005  0.012041  351/1024 = 0.3427734375
2559/5005  0.012295  341/1024 = 0.3330078125
2563/5005  0.012507  349/1024 = 0.3408203125
2567/5005  0.012249  338/1024 = 0.330078125
2571/5005  0.011758  364/1024 = 0.35546875
2575/5005  0.012398  345/1024 = 0.3369140625
2579/5005  0.012152  377/1024 = 0.3681640625
2583/5005  0.012417  331/1024 = 0.3232421875
2587/5005  0.011943  354/1024 = 0.345703125
2591/5005  0.012353  339/1024 = 0.3310546875
2595/5005  0.012162  357/1024 = 0.3486328125
2599/5005  0.012805  316/1024 = 0.30859375
2603/5005  0.011445  385/1024 = 0.3759765625
2607/5005  0.011878  373/1024 = 0.3642578125
2611/5005  0.012307  352/1024 = 0.34375
2615/5005  0.012136  347/1024 = 0.3388671875
2619/5005  0.012524  322/1024 = 0.314453125
2623/5005  0.012208  359/1024 = 0.3505859375
2627/5005  0.011937  335/1024 = 0.3271484375
2631/5005  0.012563  330/1024 = 0.322265625
2635/5005  0.012160  337/1024 = 0.3291015625
2639/5005  0.012080  354/1024 = 0.345703125
2643/5005  0.012568  319/1024 = 0.3115234375
2647/5005  0.012402  355/1024 = 0.3466796875
2651/5005  0.012138  338/1024 = 0.330078125
2655/5005  0.012235  320/1024 = 0.3125
2659/5005  0.012236  331/1024 = 0.3232421875
2663/5005  0.012088  356/1024 = 0.34765625
2667/5005  0.011999  351/1024 = 0.3427734375
2671/5005  0.012418  342/1024 = 0.333984375
2675/5005  0.012417  362/1024 = 0.353515625
2679/5005  0.011996  352/1024 = 0.34375
2683/5005  0.012257  361/1024 = 0.3525390625
2687/5005  0.012081  338/1024 = 0.330078125
2691/5005  0.011873  340/1024 = 0.33203125
2695/5005  0.012095  329/1024 = 0.3212890625
2699/5005  0.011858  363/1024 = 0.3544921875
2703/5005  0.011943  344/1024 = 0.3359375
2707/5005  0.012704  328/1024 = 0.3203125
2711/5005  0.012033  355/1024 = 0.3466796875
2715/5005  0.011732  369/1024 = 0.3603515625
2719/5005  0.012413  331/1024 = 0.3232421875
2723/5005  0.012024  356/1024 = 0.34765625
2727/5005  0.012063  356/1024 = 0.34765625
2731/5005  0.012366  354/1024 = 0.345703125
2735/5005  0.012077  343/1024 = 0.3349609375
2739/5005  0.012015  355/1024 = 0.3466796875
2743/5005  0.012058  333/1024 = 0.3251953125
2747/5005  0.011842  357/1024 = 0.3486328125
2751/5005  0.012034  365/1024 = 0.3564453125
2755/5005  0.011673  362/1024 = 0.353515625
2759/5005  0.012342  342/1024 = 0.333984375
2763/5005  0.012530  334/1024 = 0.326171875
2767/5005  0.012215  347/1024 = 0.3388671875
2771/5005  0.012089  350/1024 = 0.341796875
2775/5005  0.012213  338/1024 = 0.330078125
2779/5005  0.012096  346/1024 = 0.337890625
2783/5005  0.012646  326/1024 = 0.318359375
2787/5005  0.012337  341/1024 = 0.3330078125
2791/5005  0.011923  341/1024 = 0.3330078125
2795/5005  0.012015  354/1024 = 0.345703125
2799/5005  0.011955  342/1024 = 0.333984375
2803/5005  0.011698  348/1024 = 0.33984375
2807/5005  0.012390  334/1024 = 0.326171875
2811/5005  0.012499  308/1024 = 0.30078125
2815/5005  0.011932  356/1024 = 0.34765625
2819/5005  0.012437  310/1024 = 0.302734375
2823/5005  0.011981  340/1024 = 0.33203125
2827/5005  0.012389  321/1024 = 0.3134765625
2831/5005  0.011486  358/1024 = 0.349609375
2835/5005  0.012378  339/1024 = 0.3310546875
2839/5005  0.012710  343/1024 = 0.3349609375
2843/5005  0.012224  340/1024 = 0.33203125
2847/5005  0.012108  344/1024 = 0.3359375
2851/5005  0.012127  335/1024 = 0.3271484375
2855/5005  0.011865  342/1024 = 0.333984375
2859/5005  0.012299  339/1024 = 0.3310546875
2863/5005  0.012375  316/1024 = 0.30859375
2867/5005  0.012167  341/1024 = 0.3330078125
2871/5005  0.012164  348/1024 = 0.33984375
2875/5005  0.012360  322/1024 = 0.314453125
2879/5005  0.012153  321/1024 = 0.3134765625
2883/5005  0.012380  338/1024 = 0.330078125
2887/5005  0.012325  346/1024 = 0.337890625
2891/5005  0.011589  384/1024 = 0.375
2895/5005  0.011931  352/1024 = 0.34375
2899/5005  0.011961  360/1024 = 0.3515625
2903/5005  0.011562  368/1024 = 0.359375
2907/5005  0.011854  365/1024 = 0.3564453125
2911/5005  0.012126  332/1024 = 0.32421875
2915/5005  0.011750  357/1024 = 0.3486328125
2919/5005  0.012354  325/1024 = 0.3173828125
2923/5005  0.011848  374/1024 = 0.365234375
2927/5005  0.012422  344/1024 = 0.3359375
2931/5005  0.011951  348/1024 = 0.33984375
2935/5005  0.011598  370/1024 = 0.361328125
2939/5005  0.012089  366/1024 = 0.357421875
2943/5005  0.012001  370/1024 = 0.361328125
2947/5005  0.011396  376/1024 = 0.3671875
2951/5005  0.012403  341/1024 = 0.3330078125
2955/5005  0.012344  344/1024 = 0.3359375
2959/5005  0.012553  337/1024 = 0.3291015625
2963/5005  0.011995  339/1024 = 0.3310546875
2967/5005  0.012415  346/1024 = 0.337890625
2971/5005  0.011979  353/1024 = 0.3447265625
2975/5005  0.012308  351/1024 = 0.3427734375
2979/5005  0.012261  337/1024 = 0.3291015625
2983/5005  0.012503  335/1024 = 0.3271484375
2987/5005  0.012130  343/1024 = 0.3349609375
2991/5005  0.012184  343/1024 = 0.3349609375
2995/5005  0.012310  353/1024 = 0.3447265625
2999/5005  0.012122  340/1024 = 0.33203125
3003/5005  0.012409  326/1024 = 0.318359375
3007/5005  0.012129  342/1024 = 0.333984375
3011/5005  0.012209  356/1024 = 0.34765625
3015/5005  0.012255  353/1024 = 0.3447265625
3019/5005  0.011664  374/1024 = 0.365234375
3023/5005  0.011955  365/1024 = 0.3564453125
3027/5005  0.011942  334/1024 = 0.326171875
3031/5005  0.011877  360/1024 = 0.3515625
3035/5005  0.012493  354/1024 = 0.345703125
3039/5005  0.012081  344/1024 = 0.3359375
3043/5005  0.012091  358/1024 = 0.349609375
3047/5005  0.011764  362/1024 = 0.353515625
3051/5005  0.012079  348/1024 = 0.33984375
3055/5005  0.011783  378/1024 = 0.369140625
3059/5005  0.011511  370/1024 = 0.361328125
3063/5005  0.012324  335/1024 = 0.3271484375
3067/5005  0.011985  342/1024 = 0.333984375
3071/5005  0.012124  344/1024 = 0.3359375
3075/5005  0.012101  355/1024 = 0.3466796875
3079/5005  0.012190  357/1024 = 0.3486328125
3083/5005  0.012101  346/1024 = 0.337890625
3087/5005  0.011703  375/1024 = 0.3662109375
3091/5005  0.012128  375/1024 = 0.3662109375
3095/5005  0.012023  363/1024 = 0.3544921875
3099/5005  0.012070  364/1024 = 0.35546875
3103/5005  0.012114  335/1024 = 0.3271484375
3107/5005  0.012710  315/1024 = 0.3076171875
3111/5005  0.012160  345/1024 = 0.3369140625
3115/5005  0.011952  370/1024 = 0.361328125
3119/5005  0.012151  364/1024 = 0.35546875
3123/5005  0.011695  350/1024 = 0.341796875
3127/5005  0.011892  353/1024 = 0.3447265625
3131/5005  0.011706  360/1024 = 0.3515625
3135/5005  0.012069  356/1024 = 0.34765625
3139/5005  0.012027  352/1024 = 0.34375
3143/5005  0.012392  316/1024 = 0.30859375
3147/5005  0.012009  368/1024 = 0.359375
3151/5005  0.012155  326/1024 = 0.318359375
3155/5005  0.011653  370/1024 = 0.361328125
3159/5005  0.012187  348/1024 = 0.33984375
3163/5005  0.011587  363/1024 = 0.3544921875
3167/5005  0.012066  362/1024 = 0.353515625
3171/5005  0.012039  358/1024 = 0.349609375
3175/5005  0.012162  349/1024 = 0.3408203125
3179/5005  0.012438  328/1024 = 0.3203125
3183/5005  0.012287  345/1024 = 0.3369140625
3187/5005  0.012315  342/1024 = 0.333984375
3191/5005  0.012197  343/1024 = 0.3349609375
3195/5005  0.011881  355/1024 = 0.3466796875
3199/5005  0.012009  355/1024 = 0.3466796875
3203/5005  0.011889  352/1024 = 0.34375
3207/5005  0.012237  329/1024 = 0.3212890625
3211/5005  0.012492  340/1024 = 0.33203125
3215/5005  0.011989  364/1024 = 0.35546875
3219/5005  0.012213  344/1024 = 0.3359375
3223/5005  0.011994  334/1024 = 0.326171875
3227/5005  0.012819  329/1024 = 0.3212890625
3231/5005  0.011917  362/1024 = 0.353515625
3235/5005  0.012110  345/1024 = 0.3369140625
3239/5005  0.012515  322/1024 = 0.314453125
3243/5005  0.012518  344/1024 = 0.3359375
3247/5005  0.011822  356/1024 = 0.34765625
3251/5005  0.012512  329/1024 = 0.3212890625
3255/5005  0.011991  365/1024 = 0.3564453125
3259/5005  0.012091  355/1024 = 0.3466796875
3263/5005  0.012493  358/1024 = 0.349609375
3267/5005  0.011947  347/1024 = 0.3388671875
3271/5005  0.011889  356/1024 = 0.34765625
3275/5005  0.011898  345/1024 = 0.3369140625
3279/5005  0.011992  345/1024 = 0.3369140625
3283/5005  0.011918  350/1024 = 0.341796875
3287/5005  0.012355  336/1024 = 0.328125
3291/5005  0.012153  342/1024 = 0.333984375
3295/5005  0.011981  361/1024 = 0.3525390625
3299/5005  0.012375  329/1024 = 0.3212890625
3303/5005  0.012313  350/1024 = 0.341796875
3307/5005  0.012111  367/1024 = 0.3583984375
3311/5005  0.011823  352/1024 = 0.34375
3315/5005  0.011779  365/1024 = 0.3564453125
3319/5005  0.011602  364/1024 = 0.35546875
3323/5005  0.012116  360/1024 = 0.3515625
3327/5005  0.012143  345/1024 = 0.3369140625
3331/5005  0.012256  330/1024 = 0.322265625
3335/5005  0.012011  352/1024 = 0.34375
3339/5005  0.012267  350/1024 = 0.341796875
3343/5005  0.011845  367/1024 = 0.3583984375
3347/5005  0.012081  356/1024 = 0.34765625
3351/5005  0.012423  328/1024 = 0.3203125
3355/5005  0.012170  347/1024 = 0.3388671875
3359/5005  0.011887  353/1024 = 0.3447265625
3363/5005  0.012112  349/1024 = 0.3408203125
3367/5005  0.011857  364/1024 = 0.35546875
3371/5005  0.011941  365/1024 = 0.3564453125
3375/5005  0.012382  339/1024 = 0.3310546875
3379/5005  0.011706  362/1024 = 0.353515625
3383/5005  0.011835  370/1024 = 0.361328125
3387/5005  0.011821  380/1024 = 0.37109375
3391/5005  0.011840  352/1024 = 0.34375
3395/5005  0.012006  347/1024 = 0.3388671875
3399/5005  0.012447  334/1024 = 0.326171875
3403/5005  0.011823  360/1024 = 0.3515625
3407/5005  0.011825  358/1024 = 0.349609375
3411/5005  0.011829  373/1024 = 0.3642578125
3415/5005  0.012247  336/1024 = 0.328125
3419/5005  0.011993  339/1024 = 0.3310546875
3423/5005  0.011705  345/1024 = 0.3369140625
3427/5005  0.012468  317/1024 = 0.3095703125
3431/5005  0.011691  348/1024 = 0.33984375
3435/5005  0.011992  348/1024 = 0.33984375
3439/5005  0.012064  365/1024 = 0.3564453125
3443/5005  0.012004  359/1024 = 0.3505859375
3447/5005  0.012056  337/1024 = 0.3291015625
3451/5005  0.011400  366/1024 = 0.357421875
3455/5005  0.012304  334/1024 = 0.326171875
3459/5005  0.011509  362/1024 = 0.353515625
3463/5005  0.012113  349/1024 = 0.3408203125
3467/5005  0.012050  348/1024 = 0.33984375
3471/5005  0.012147  337/1024 = 0.3291015625
3475/5005  0.011741  365/1024 = 0.3564453125
3479/5005  0.012280  338/1024 = 0.330078125
3483/5005  0.012143  336/1024 = 0.328125
3487/5005  0.011674  360/1024 = 0.3515625
3491/5005  0.011977  355/1024 = 0.3466796875
3495/5005  0.011956  365/1024 = 0.3564453125
3499/5005  0.011849  365/1024 = 0.3564453125
3503/5005  0.012235  328/1024 = 0.3203125
3507/5005  0.012381  351/1024 = 0.3427734375
3511/5005  0.011562  367/1024 = 0.3583984375
3515/5005  0.012119  352/1024 = 0.34375
3519/5005  0.011889  339/1024 = 0.3310546875
3523/5005  0.012551  334/1024 = 0.326171875
3527/5005  0.011832  361/1024 = 0.3525390625
3531/5005  0.012452  342/1024 = 0.333984375
3535/5005  0.012271  353/1024 = 0.3447265625
3539/5005  0.011523  367/1024 = 0.3583984375
3543/5005  0.012406  338/1024 = 0.330078125
3547/5005  0.011932  375/1024 = 0.3662109375
3551/5005  0.012050  335/1024 = 0.3271484375
3555/5005  0.012024  356/1024 = 0.34765625
3559/5005  0.012754  339/1024 = 0.3310546875
3563/5005  0.011921  356/1024 = 0.34765625
3567/5005  0.011852  365/1024 = 0.3564453125
3571/5005  0.012264  346/1024 = 0.337890625
3575/5005  0.011992  378/1024 = 0.369140625
3579/5005  0.011825  362/1024 = 0.353515625
3583/5005  0.011420  371/1024 = 0.3623046875
3587/5005  0.012074  357/1024 = 0.3486328125
3591/5005  0.012059  338/1024 = 0.330078125
3595/5005  0.012685  330/1024 = 0.322265625
3599/5005  0.011406  381/1024 = 0.3720703125
3603/5005  0.011482  349/1024 = 0.3408203125
3607/5005  0.011490  361/1024 = 0.3525390625
3611/5005  0.011854  357/1024 = 0.3486328125
3615/5005  0.011824  347/1024 = 0.3388671875
3619/5005  0.012033  362/1024 = 0.353515625
3623/5005  0.012254  344/1024 = 0.3359375
3627/5005  0.012083  347/1024 = 0.3388671875
3631/5005  0.012013  340/1024 = 0.33203125
3635/5005  0.012332  313/1024 = 0.3056640625
3639/5005  0.011590  352/1024 = 0.34375
3643/5005  0.011612  361/1024 = 0.3525390625
3647/5005  0.012022  355/1024 = 0.3466796875
3651/5005  0.011832  368/1024 = 0.359375
3655/5005  0.012152  374/1024 = 0.365234375
3659/5005  0.012621  325/1024 = 0.3173828125
3663/5005  0.011928  356/1024 = 0.34765625
3667/5005  0.011909  327/1024 = 0.3193359375
3671/5005  0.011581  368/1024 = 0.359375
3675/5005  0.012314  326/1024 = 0.318359375
3679/5005  0.011707  369/1024 = 0.3603515625
3683/5005  0.012138  357/1024 = 0.3486328125
3687/5005  0.011876  356/1024 = 0.34765625
3691/5005  0.011962  345/1024 = 0.3369140625
3695/5005  0.011607  369/1024 = 0.3603515625
3699/5005  0.011601  370/1024 = 0.361328125
3703/5005  0.011615  364/1024 = 0.35546875
3707/5005  0.011639  376/1024 = 0.3671875
3711/5005  0.012472  349/1024 = 0.3408203125
3715/5005  0.012051  365/1024 = 0.3564453125
3719/5005  0.011563  361/1024 = 0.3525390625
3723/5005  0.011904  349/1024 = 0.3408203125
3727/5005  0.012285  352/1024 = 0.34375
3731/5005  0.011797  368/1024 = 0.359375
3735/5005  0.012567  317/1024 = 0.3095703125
3739/5005  0.011955  343/1024 = 0.3349609375
3743/5005  0.012732  318/1024 = 0.310546875
3747/5005  0.011821  365/1024 = 0.3564453125
3751/5005  0.011555  380/1024 = 0.37109375
3755/5005  0.011519  371/1024 = 0.3623046875
3759/5005  0.011853  356/1024 = 0.34765625
3763/5005  0.011790  378/1024 = 0.369140625
3767/5005  0.012170  345/1024 = 0.3369140625
3771/5005  0.011866  353/1024 = 0.3447265625
3775/5005  0.012222  346/1024 = 0.337890625
3779/5005  0.012041  338/1024 = 0.330078125
3783/5005  0.012602  340/1024 = 0.33203125
3787/5005  0.011962  377/1024 = 0.3681640625
3791/5005  0.011931  359/1024 = 0.3505859375
3795/5005  0.011815  360/1024 = 0.3515625
3799/5005  0.012007  355/1024 = 0.3466796875
3803/5005  0.012030  369/1024 = 0.3603515625
3807/5005  0.011374  369/1024 = 0.3603515625
3811/5005  0.011807  371/1024 = 0.3623046875
3815/5005  0.012147  360/1024 = 0.3515625
3819/5005  0.012039  347/1024 = 0.3388671875
3823/5005  0.012305  350/1024 = 0.341796875
3827/5005  0.011764  344/1024 = 0.3359375
3831/5005  0.012037  358/1024 = 0.349609375
3835/5005  0.012030  331/1024 = 0.3232421875
3839/5005  0.011857  355/1024 = 0.3466796875
3843/5005  0.012226  333/1024 = 0.3251953125
3847/5005  0.011797  357/1024 = 0.3486328125
3851/5005  0.011698  371/1024 = 0.3623046875
3855/5005  0.011731  390/1024 = 0.380859375
3859/5005  0.011953  329/1024 = 0.3212890625
3863/5005  0.012100  365/1024 = 0.3564453125
3867/5005  0.012205  350/1024 = 0.341796875
3871/5005  0.011989  344/1024 = 0.3359375
3875/5005  0.012028  332/1024 = 0.32421875
3879/5005  0.012470  336/1024 = 0.328125
3883/5005  0.012091  364/1024 = 0.35546875
3887/5005  0.011880  349/1024 = 0.3408203125
3891/5005  0.011478  378/1024 = 0.369140625
3895/5005  0.012101  340/1024 = 0.33203125
3899/5005  0.012049  360/1024 = 0.3515625
3903/5005  0.011700  382/1024 = 0.373046875
3907/5005  0.011536  355/1024 = 0.3466796875
3911/5005  0.012509  344/1024 = 0.3359375
3915/5005  0.011795  352/1024 = 0.34375
3919/5005  0.011956  353/1024 = 0.3447265625
3923/5005  0.012499  332/1024 = 0.32421875
3927/5005  0.011974  326/1024 = 0.318359375
3931/5005  0.011999  365/1024 = 0.3564453125
3935/5005  0.011800  367/1024 = 0.3583984375
3939/5005  0.011401  375/1024 = 0.3662109375
3943/5005  0.011814  368/1024 = 0.359375
3947/5005  0.011764  367/1024 = 0.3583984375
3951/5005  0.012133  370/1024 = 0.361328125
3955/5005  0.012099  359/1024 = 0.3505859375
3959/5005  0.011956  354/1024 = 0.345703125
3963/5005  0.011791  363/1024 = 0.3544921875
3967/5005  0.012097  332/1024 = 0.32421875
3971/5005  0.012175  350/1024 = 0.341796875
3975/5005  0.011880  348/1024 = 0.33984375
3979/5005  0.012115  351/1024 = 0.3427734375
3983/5005  0.012008  371/1024 = 0.3623046875
3987/5005  0.012059  340/1024 = 0.33203125
3991/5005  0.011592  381/1024 = 0.3720703125
3995/5005  0.011802  358/1024 = 0.349609375
3999/5005  0.010945  381/1024 = 0.3720703125
4003/5005  0.011397  366/1024 = 0.357421875
4007/5005  0.011636  381/1024 = 0.3720703125
4011/5005  0.012537  333/1024 = 0.3251953125
4015/5005  0.011914  358/1024 = 0.349609375
4019/5005  0.012437  335/1024 = 0.3271484375
4023/5005  0.011565  348/1024 = 0.33984375
4027/5005  0.011670  366/1024 = 0.357421875
4031/5005  0.011882  353/1024 = 0.3447265625
4035/5005  0.011690  349/1024 = 0.3408203125
4039/5005  0.012195  350/1024 = 0.341796875
4043/5005  0.012172  349/1024 = 0.3408203125
4047/5005  0.011906  341/1024 = 0.3330078125
4051/5005  0.011899  354/1024 = 0.345703125
4055/5005  0.012380  341/1024 = 0.3330078125
4059/5005  0.012156  357/1024 = 0.3486328125
4063/5005  0.011862  366/1024 = 0.357421875
4067/5005  0.012222  342/1024 = 0.333984375
4071/5005  0.012527  322/1024 = 0.314453125
4075/5005  0.012024  342/1024 = 0.333984375
4079/5005  0.011682  362/1024 = 0.353515625
4083/5005  0.012408  320/1024 = 0.3125
4087/5005  0.012107  357/1024 = 0.3486328125
4091/5005  0.011743  349/1024 = 0.3408203125
4095/5005  0.012337  351/1024 = 0.3427734375
4099/5005  0.011946  336/1024 = 0.328125
4103/5005  0.011825  358/1024 = 0.349609375
4107/5005  0.011723  364/1024 = 0.35546875
4111/5005  0.011769  363/1024 = 0.3544921875
4115/5005  0.011681  365/1024 = 0.3564453125
4119/5005  0.011681  343/1024 = 0.3349609375
4123/5005  0.012433  340/1024 = 0.33203125
4127/5005  0.011781  376/1024 = 0.3671875
4131/5005  0.011722  359/1024 = 0.3505859375
4135/5005  0.011876  350/1024 = 0.341796875
4139/5005  0.011794  343/1024 = 0.3349609375
4143/5005  0.012512  341/1024 = 0.3330078125
4147/5005  0.011516  374/1024 = 0.365234375
4151/5005  0.011798  350/1024 = 0.341796875
4155/5005  0.012210  355/1024 = 0.3466796875
4159/5005  0.011841  362/1024 = 0.353515625
4163/5005  0.012218  339/1024 = 0.3310546875
4167/5005  0.012086  350/1024 = 0.341796875
4171/5005  0.012239  348/1024 = 0.33984375
4175/5005  0.011639  367/1024 = 0.3583984375
4179/5005  0.011989  358/1024 = 0.349609375
4183/5005  0.011672  354/1024 = 0.345703125
4187/5005  0.012511  362/1024 = 0.353515625
4191/5005  0.012183  346/1024 = 0.337890625
4195/5005  0.012643  330/1024 = 0.322265625
4199/5005  0.011535  360/1024 = 0.3515625
4203/5005  0.011975  366/1024 = 0.357421875
4207/5005  0.011962  365/1024 = 0.3564453125
4211/5005  0.012126  335/1024 = 0.3271484375
4215/5005  0.011777  378/1024 = 0.369140625
4219/5005  0.011455  368/1024 = 0.359375
4223/5005  0.011990  359/1024 = 0.3505859375
4227/5005  0.012040  368/1024 = 0.359375
4231/5005  0.012311  348/1024 = 0.33984375
4235/5005  0.012033  344/1024 = 0.3359375
4239/5005  0.011379  378/1024 = 0.369140625
4243/5005  0.011702  343/1024 = 0.3349609375
4247/5005  0.011836  379/1024 = 0.3701171875
4251/5005  0.012161  339/1024 = 0.3310546875
4255/5005  0.012297  340/1024 = 0.33203125
4259/5005  0.012093  343/1024 = 0.3349609375
4263/5005  0.011540  359/1024 = 0.3505859375
4267/5005  0.012613  346/1024 = 0.337890625
4271/5005  0.011729  371/1024 = 0.3623046875
4275/5005  0.011601  370/1024 = 0.361328125
4279/5005  0.011918  350/1024 = 0.341796875
4283/5005  0.012028  346/1024 = 0.337890625
4287/5005  0.011954  361/1024 = 0.3525390625
4291/5005  0.011913  350/1024 = 0.341796875
4295/5005  0.011834  348/1024 = 0.33984375
4299/5005  0.012147  345/1024 = 0.3369140625
4303/5005  0.012341  328/1024 = 0.3203125
4307/5005  0.011586  359/1024 = 0.3505859375
4311/5005  0.011970  349/1024 = 0.3408203125
4315/5005  0.012145  341/1024 = 0.3330078125
4319/5005  0.012423  363/1024 = 0.3544921875
4323/5005  0.012172  353/1024 = 0.3447265625
4327/5005  0.012426  327/1024 = 0.3193359375
4331/5005  0.011679  380/1024 = 0.37109375
4335/5005  0.011444  374/1024 = 0.365234375
4339/5005  0.011407  379/1024 = 0.3701171875
4343/5005  0.012294  329/1024 = 0.3212890625
4347/5005  0.011846  351/1024 = 0.3427734375
4351/5005  0.011626  386/1024 = 0.376953125
4355/5005  0.012146  351/1024 = 0.3427734375
4359/5005  0.012010  358/1024 = 0.349609375
4363/5005  0.012341  337/1024 = 0.3291015625
4367/5005  0.011807  353/1024 = 0.3447265625
4371/5005  0.011981  346/1024 = 0.337890625
4375/5005  0.011379  365/1024 = 0.3564453125
4379/5005  0.011890  353/1024 = 0.3447265625
4383/5005  0.012729  313/1024 = 0.3056640625
4387/5005  0.012187  342/1024 = 0.333984375
4391/5005  0.011650  340/1024 = 0.33203125
4395/5005  0.011545  384/1024 = 0.375
4399/5005  0.012320  352/1024 = 0.34375
4403/5005  0.011743  386/1024 = 0.376953125
4407/5005  0.011933  366/1024 = 0.357421875
4411/5005  0.011775  363/1024 = 0.3544921875
4415/5005  0.011978  338/1024 = 0.330078125
4419/5005  0.011928  360/1024 = 0.3515625
4423/5005  0.011800  399/1024 = 0.3896484375
4427/5005  0.012234  347/1024 = 0.3388671875
4431/5005  0.012234  329/1024 = 0.3212890625
4435/5005  0.011828  365/1024 = 0.3564453125
4439/5005  0.011861  369/1024 = 0.3603515625
4443/5005  0.011775  367/1024 = 0.3583984375
4447/5005  0.011726  368/1024 = 0.359375
4451/5005  0.012275  344/1024 = 0.3359375
4455/5005  0.011805  355/1024 = 0.3466796875
4459/5005  0.012466  337/1024 = 0.3291015625
4463/5005  0.011947  342/1024 = 0.333984375
4467/5005  0.012025  362/1024 = 0.353515625
4471/5005  0.011812  356/1024 = 0.34765625
4475/5005  0.011936  365/1024 = 0.3564453125
4479/5005  0.011590  380/1024 = 0.37109375
4483/5005  0.012305  325/1024 = 0.3173828125
4487/5005  0.012087  335/1024 = 0.3271484375
4491/5005  0.012221  329/1024 = 0.3212890625
4495/5005  0.012259  347/1024 = 0.3388671875
4499/5005  0.012283  350/1024 = 0.341796875
4503/5005  0.011906  368/1024 = 0.359375
4507/5005  0.012080  331/1024 = 0.3232421875
4511/5005  0.011731  365/1024 = 0.3564453125
4515/5005  0.011462  377/1024 = 0.3681640625
4519/5005  0.012119  364/1024 = 0.35546875
4523/5005  0.012013  347/1024 = 0.3388671875
4527/5005  0.012352  330/1024 = 0.322265625
4531/5005  0.011581  360/1024 = 0.3515625
4535/5005  0.011405  383/1024 = 0.3740234375
4539/5005  0.011339  375/1024 = 0.3662109375
4543/5005  0.011192  381/1024 = 0.3720703125
4547/5005  0.011551  380/1024 = 0.37109375
4551/5005  0.011441  379/1024 = 0.3701171875
4555/5005  0.011979  347/1024 = 0.3388671875
4559/5005  0.012037  366/1024 = 0.357421875
4563/5005  0.012154  346/1024 = 0.337890625
4567/5005  0.012062  371/1024 = 0.3623046875
4571/5005  0.011798  356/1024 = 0.34765625
4575/5005  0.011964  362/1024 = 0.353515625
4579/5005  0.011258  384/1024 = 0.375
4583/5005  0.011829  365/1024 = 0.3564453125
4587/5005  0.011511  361/1024 = 0.3525390625
4591/5005  0.011489  378/1024 = 0.369140625
4595/5005  0.011971  354/1024 = 0.345703125
4599/5005  0.012531  318/1024 = 0.310546875
4603/5005  0.012042  369/1024 = 0.3603515625
4607/5005  0.012536  332/1024 = 0.32421875
4611/5005  0.011538  359/1024 = 0.3505859375
4615/5005  0.011837  332/1024 = 0.32421875
4619/5005  0.012359  327/1024 = 0.3193359375
4623/5005  0.012155  340/1024 = 0.33203125
4627/5005  0.011997  355/1024 = 0.3466796875
4631/5005  0.011743  363/1024 = 0.3544921875
4635/5005  0.011916  354/1024 = 0.345703125
4639/5005  0.012243  328/1024 = 0.3203125
4643/5005  0.011802  352/1024 = 0.34375
4647/5005  0.012436  341/1024 = 0.3330078125
4651/5005  0.011689  371/1024 = 0.3623046875
4655/5005  0.011856  343/1024 = 0.3349609375
4659/5005  0.011981  354/1024 = 0.345703125
4663/5005  0.011735  367/1024 = 0.3583984375
4667/5005  0.011841  359/1024 = 0.3505859375
4671/5005  0.011797  362/1024 = 0.353515625
4675/5005  0.011603  380/1024 = 0.37109375
4679/5005  0.011688  368/1024 = 0.359375
4683/5005  0.012039  367/1024 = 0.3583984375
4687/5005  0.011671  369/1024 = 0.3603515625
4691/5005  0.011636  346/1024 = 0.337890625
4695/5005  0.012132  340/1024 = 0.33203125
4699/5005  0.011652  348/1024 = 0.33984375
4703/5005  0.012069  351/1024 = 0.3427734375
4707/5005  0.011867  368/1024 = 0.359375
4711/5005  0.011531  361/1024 = 0.3525390625
4715/5005  0.012364  338/1024 = 0.330078125
4719/5005  0.012005  368/1024 = 0.359375
4723/5005  0.011708  353/1024 = 0.3447265625
4727/5005  0.012337  328/1024 = 0.3203125
4731/5005  0.011521  383/1024 = 0.3740234375
4735/5005  0.011883  370/1024 = 0.361328125
4739/5005  0.011608  375/1024 = 0.3662109375
4743/5005  0.011595  378/1024 = 0.369140625
4747/5005  0.011904  350/1024 = 0.341796875
4751/5005  0.011829  357/1024 = 0.3486328125
4755/5005  0.012163  331/1024 = 0.3232421875
4759/5005  0.011644  364/1024 = 0.35546875
4763/5005  0.011705  359/1024 = 0.3505859375
4767/5005  0.011696  361/1024 = 0.3525390625
4771/5005  0.011754  373/1024 = 0.3642578125
4775/5005  0.012051  348/1024 = 0.33984375
4779/5005  0.011429  371/1024 = 0.3623046875
4783/5005  0.012081  355/1024 = 0.3466796875
4787/5005  0.012221  352/1024 = 0.34375
4791/5005  0.012149  350/1024 = 0.341796875
4795/5005  0.011502  363/1024 = 0.3544921875
4799/5005  0.011843  366/1024 = 0.357421875
4803/5005  0.012169  354/1024 = 0.345703125
4807/5005  0.011375  380/1024 = 0.37109375
4811/5005  0.012604  351/1024 = 0.3427734375
4815/5005  0.011899  365/1024 = 0.3564453125
4819/5005  0.011564  364/1024 = 0.35546875
4823/5005  0.012074  356/1024 = 0.34765625
4827/5005  0.011487  378/1024 = 0.369140625
4831/5005  0.012396  324/1024 = 0.31640625
4835/5005  0.011749  367/1024 = 0.3583984375
4839/5005  0.011771  366/1024 = 0.357421875
4843/5005  0.011779  367/1024 = 0.3583984375
4847/5005  0.011894  355/1024 = 0.3466796875
4851/5005  0.011741  378/1024 = 0.369140625
4855/5005  0.012492  351/1024 = 0.3427734375
4859/5005  0.012218  357/1024 = 0.3486328125
4863/5005  0.011925  359/1024 = 0.3505859375
4867/5005  0.012053  355/1024 = 0.3466796875
4871/5005  0.011783  372/1024 = 0.36328125
4875/5005  0.011369  366/1024 = 0.357421875
4879/5005  0.012074  364/1024 = 0.35546875
4883/5005  0.011534  394/1024 = 0.384765625
4887/5005  0.011317  365/1024 = 0.3564453125
4891/5005  0.011407  366/1024 = 0.357421875
4895/5005  0.011838  356/1024 = 0.34765625
4899/5005  0.011928  351/1024 = 0.3427734375
4903/5005  0.011814  373/1024 = 0.3642578125
4907/5005  0.012247  333/1024 = 0.3251953125
4911/5005  0.011880  356/1024 = 0.34765625
4915/5005  0.011879  360/1024 = 0.3515625
4919/5005  0.011668  392/1024 = 0.3828125
4923/5005  0.011757  384/1024 = 0.375
4927/5005  0.011532  370/1024 = 0.361328125
4931/5005  0.011459  385/1024 = 0.3759765625
4935/5005  0.011371  391/1024 = 0.3818359375
4939/5005  0.012433  325/1024 = 0.3173828125
4943/5005  0.011232  361/1024 = 0.3525390625
4947/5005  0.012244  344/1024 = 0.3359375
4951/5005  0.011648  382/1024 = 0.373046875
4955/5005  0.011830  358/1024 = 0.349609375
4959/5005  0.011846  358/1024 = 0.349609375
4963/5005  0.011410  383/1024 = 0.3740234375
4967/5005  0.012194  337/1024 = 0.3291015625
4971/5005  0.011654  349/1024 = 0.3408203125
4975/5005  0.011594  368/1024 = 0.359375
4979/5005  0.011702  357/1024 = 0.3486328125
4983/5005  0.011706  382/1024 = 0.373046875
4987/5005  0.012054  351/1024 = 0.3427734375
4991/5005  0.011606  366/1024 = 0.357421875
4995/5005  0.011434  366/1024 = 0.357421875
4999/5005  0.012097  350/1024 = 0.341796875
5003/5005  0.011481  371/1024 = 0.3623046875
1:27:35.358059
# writing to data/ex20201226_trainVGG16_epoch005.pth
