VGG(
  (features): Sequential(
    (0): Conv2d(3, 64, kernel_size=(3, 3), stride=(1, 1), padding=(1, 1))
    (1): ReLU(inplace=True)
    (2): Conv2d(64, 64, kernel_size=(3, 3), stride=(1, 1), padding=(1, 1))
    (3): ReLU(inplace=True)
    (4): MaxPool2d(kernel_size=2, stride=2, padding=0, dilation=1, ceil_mode=False)
    (5): Conv2d(64, 128, kernel_size=(3, 3), stride=(1, 1), padding=(1, 1))
    (6): ReLU(inplace=True)
    (7): Conv2d(128, 128, kernel_size=(3, 3), stride=(1, 1), padding=(1, 1))
    (8): ReLU(inplace=True)
    (9): MaxPool2d(kernel_size=2, stride=2, padding=0, dilation=1, ceil_mode=False)
    (10): Conv2d(128, 256, kernel_size=(3, 3), stride=(1, 1), padding=(1, 1))
    (11): ReLU(inplace=True)
    (12): Conv2d(256, 256, kernel_size=(3, 3), stride=(1, 1), padding=(1, 1))
    (13): ReLU(inplace=True)
    (14): Conv2d(256, 256, kernel_size=(3, 3), stride=(1, 1), padding=(1, 1))
    (15): ReLU(inplace=True)
    (16): MaxPool2d(kernel_size=2, stride=2, padding=0, dilation=1, ceil_mode=False)
    (17): Conv2d(256, 512, kernel_size=(3, 3), stride=(1, 1), padding=(1, 1))
    (18): ReLU(inplace=True)
    (19): Conv2d(512, 512, kernel_size=(3, 3), stride=(1, 1), padding=(1, 1))
    (20): ReLU(inplace=True)
    (21): Conv2d(512, 512, kernel_size=(3, 3), stride=(1, 1), padding=(1, 1))
    (22): ReLU(inplace=True)
    (23): MaxPool2d(kernel_size=2, stride=2, padding=0, dilation=1, ceil_mode=False)
    (24): Conv2d(512, 512, kernel_size=(3, 3), stride=(1, 1), padding=(1, 1))
    (25): ReLU(inplace=True)
    (26): Conv2d(512, 512, kernel_size=(3, 3), stride=(1, 1), padding=(1, 1))
    (27): ReLU(inplace=True)
    (28): Conv2d(512, 512, kernel_size=(3, 3), stride=(1, 1), padding=(1, 1))
    (29): ReLU(inplace=True)
    (30): MaxPool2d(kernel_size=2, stride=2, padding=0, dilation=1, ceil_mode=False)
  )
  (avgpool): AdaptiveAvgPool2d(output_size=(7, 7))
  (classifier): Sequential(
    (0): Linear(in_features=25088, out_features=4096, bias=True)
    (1): ReLU(inplace=True)
    (2): Dropout(p=0.5, inplace=False)
    (3): Linear(in_features=4096, out_features=4096, bias=True)
    (4): ReLU(inplace=True)
    (5): Dropout(p=0.5, inplace=False)
    (6): Linear(in_features=4096, out_features=1000, bias=True)
  )
)
# using cuda
3/5005  0.010788  406/1024 = 0.396484375
7/5005  0.010913  406/1024 = 0.396484375
11/5005  0.011178  396/1024 = 0.38671875
15/5005  0.011091  401/1024 = 0.3916015625
19/5005  0.010498  407/1024 = 0.3974609375
23/5005  0.011209  374/1024 = 0.365234375
27/5005  0.010997  392/1024 = 0.3828125
31/5005  0.010752  408/1024 = 0.3984375
35/5005  0.010903  399/1024 = 0.3896484375
39/5005  0.011040  379/1024 = 0.3701171875
43/5005  0.011065  401/1024 = 0.3916015625
47/5005  0.011069  400/1024 = 0.390625
51/5005  0.011652  380/1024 = 0.37109375
55/5005  0.010635  391/1024 = 0.3818359375
59/5005  0.010835  397/1024 = 0.3876953125
63/5005  0.010794  408/1024 = 0.3984375
67/5005  0.010918  388/1024 = 0.37890625
71/5005  0.011202  393/1024 = 0.3837890625
75/5005  0.010910  397/1024 = 0.3876953125
79/5005  0.010879  415/1024 = 0.4052734375
83/5005  0.011443  388/1024 = 0.37890625
87/5005  0.011020  401/1024 = 0.3916015625
91/5005  0.011078  403/1024 = 0.3935546875
95/5005  0.010964  394/1024 = 0.384765625
99/5005  0.011611  385/1024 = 0.3759765625
103/5005  0.011079  386/1024 = 0.376953125
107/5005  0.010965  414/1024 = 0.404296875
111/5005  0.010789  402/1024 = 0.392578125
115/5005  0.010650  410/1024 = 0.400390625
119/5005  0.010767  402/1024 = 0.392578125
123/5005  0.011402  360/1024 = 0.3515625
127/5005  0.010837  391/1024 = 0.3818359375
131/5005  0.011220  387/1024 = 0.3779296875
135/5005  0.010908  388/1024 = 0.37890625
139/5005  0.010889  389/1024 = 0.3798828125
143/5005  0.010881  398/1024 = 0.388671875
147/5005  0.010693  409/1024 = 0.3994140625
151/5005  0.011156  407/1024 = 0.3974609375
155/5005  0.011051  373/1024 = 0.3642578125
159/5005  0.011105  405/1024 = 0.3955078125
163/5005  0.011001  394/1024 = 0.384765625
167/5005  0.011181  388/1024 = 0.37890625
171/5005  0.010974  397/1024 = 0.3876953125
175/5005  0.010957  390/1024 = 0.380859375
179/5005  0.010785  389/1024 = 0.3798828125
183/5005  0.010979  397/1024 = 0.3876953125
187/5005  0.011482  383/1024 = 0.3740234375
191/5005  0.011515  383/1024 = 0.3740234375
195/5005  0.011085  375/1024 = 0.3662109375
199/5005  0.011136  401/1024 = 0.3916015625
203/5005  0.011136  386/1024 = 0.376953125
207/5005  0.011633  367/1024 = 0.3583984375
211/5005  0.010857  408/1024 = 0.3984375
215/5005  0.010699  417/1024 = 0.4072265625
219/5005  0.011620  350/1024 = 0.341796875
223/5005  0.010682  418/1024 = 0.408203125
227/5005  0.011102  381/1024 = 0.3720703125
231/5005  0.010900  411/1024 = 0.4013671875
235/5005  0.011270  413/1024 = 0.4033203125
239/5005  0.010802  413/1024 = 0.4033203125
243/5005  0.011015  389/1024 = 0.3798828125
247/5005  0.010571  413/1024 = 0.4033203125
251/5005  0.011044  397/1024 = 0.3876953125
255/5005  0.010713  420/1024 = 0.41015625
259/5005  0.010910  408/1024 = 0.3984375
263/5005  0.011239  391/1024 = 0.3818359375
267/5005  0.011154  380/1024 = 0.37109375
271/5005  0.011170  418/1024 = 0.408203125
275/5005  0.010462  422/1024 = 0.412109375
279/5005  0.011133  388/1024 = 0.37890625
283/5005  0.011304  391/1024 = 0.3818359375
287/5005  0.010653  409/1024 = 0.3994140625
291/5005  0.010700  418/1024 = 0.408203125
295/5005  0.011158  378/1024 = 0.369140625
299/5005  0.011143  400/1024 = 0.390625
303/5005  0.010749  394/1024 = 0.384765625
307/5005  0.010791  417/1024 = 0.4072265625
311/5005  0.009904  444/1024 = 0.43359375
315/5005  0.011128  404/1024 = 0.39453125
319/5005  0.011115  389/1024 = 0.3798828125
323/5005  0.011066  384/1024 = 0.375
327/5005  0.011151  395/1024 = 0.3857421875
331/5005  0.011130  406/1024 = 0.396484375
335/5005  0.010396  420/1024 = 0.41015625
339/5005  0.010791  388/1024 = 0.37890625
343/5005  0.011075  379/1024 = 0.3701171875
347/5005  0.010955  391/1024 = 0.3818359375
351/5005  0.011310  382/1024 = 0.373046875
355/5005  0.010672  430/1024 = 0.419921875
359/5005  0.010465  424/1024 = 0.4140625
363/5005  0.010788  402/1024 = 0.392578125
367/5005  0.010533  411/1024 = 0.4013671875
371/5005  0.011341  382/1024 = 0.373046875
375/5005  0.011310  387/1024 = 0.3779296875
379/5005  0.010972  400/1024 = 0.390625
383/5005  0.011049  398/1024 = 0.388671875
387/5005  0.010631  412/1024 = 0.40234375
391/5005  0.011214  388/1024 = 0.37890625
395/5005  0.011332  391/1024 = 0.3818359375
399/5005  0.011264  387/1024 = 0.3779296875
403/5005  0.010912  406/1024 = 0.396484375
407/5005  0.010994  392/1024 = 0.3828125
411/5005  0.010993  379/1024 = 0.3701171875
415/5005  0.011284  389/1024 = 0.3798828125
419/5005  0.010915  392/1024 = 0.3828125
423/5005  0.011218  394/1024 = 0.384765625
427/5005  0.011075  410/1024 = 0.400390625
431/5005  0.010978  412/1024 = 0.40234375
435/5005  0.010705  402/1024 = 0.392578125
439/5005  0.010754  408/1024 = 0.3984375
443/5005  0.011424  374/1024 = 0.365234375
447/5005  0.011564  388/1024 = 0.37890625
451/5005  0.010772  413/1024 = 0.4033203125
455/5005  0.010609  428/1024 = 0.41796875
459/5005  0.010648  410/1024 = 0.400390625
463/5005  0.010918  401/1024 = 0.3916015625
467/5005  0.011434  378/1024 = 0.369140625
471/5005  0.010911  403/1024 = 0.3935546875
475/5005  0.010876  423/1024 = 0.4130859375
479/5005  0.011148  404/1024 = 0.39453125
483/5005  0.010593  420/1024 = 0.41015625
487/5005  0.010742  422/1024 = 0.412109375
491/5005  0.010751  401/1024 = 0.3916015625
495/5005  0.011271  411/1024 = 0.4013671875
499/5005  0.010893  409/1024 = 0.3994140625
503/5005  0.011676  342/1024 = 0.333984375
507/5005  0.010638  408/1024 = 0.3984375
511/5005  0.011485  386/1024 = 0.376953125
515/5005  0.011401  375/1024 = 0.3662109375
519/5005  0.010447  408/1024 = 0.3984375
523/5005  0.011212  386/1024 = 0.376953125
527/5005  0.010972  393/1024 = 0.3837890625
531/5005  0.011018  401/1024 = 0.3916015625
535/5005  0.010958  401/1024 = 0.3916015625
539/5005  0.011194  396/1024 = 0.38671875
543/5005  0.010953  397/1024 = 0.3876953125
547/5005  0.010769  423/1024 = 0.4130859375
551/5005  0.011198  386/1024 = 0.376953125
555/5005  0.011034  407/1024 = 0.3974609375
559/5005  0.010908  408/1024 = 0.3984375
563/5005  0.010841  393/1024 = 0.3837890625
567/5005  0.010748  423/1024 = 0.4130859375
571/5005  0.010850  400/1024 = 0.390625
575/5005  0.011016  379/1024 = 0.3701171875
579/5005  0.010586  414/1024 = 0.404296875
583/5005  0.011103  407/1024 = 0.3974609375
587/5005  0.011119  391/1024 = 0.3818359375
591/5005  0.011356  405/1024 = 0.3955078125
595/5005  0.011342  353/1024 = 0.3447265625
599/5005  0.010372  421/1024 = 0.4111328125
603/5005  0.010766  422/1024 = 0.412109375
607/5005  0.011195  390/1024 = 0.380859375
611/5005  0.011351  383/1024 = 0.3740234375
615/5005  0.010872  401/1024 = 0.3916015625
619/5005  0.011245  411/1024 = 0.4013671875
623/5005  0.010958  400/1024 = 0.390625
627/5005  0.010810  416/1024 = 0.40625
631/5005  0.010907  388/1024 = 0.37890625
635/5005  0.011276  381/1024 = 0.3720703125
639/5005  0.010961  407/1024 = 0.3974609375
643/5005  0.010961  411/1024 = 0.4013671875
647/5005  0.010903  399/1024 = 0.3896484375
651/5005  0.011670  382/1024 = 0.373046875
655/5005  0.010702  416/1024 = 0.40625
659/5005  0.011003  406/1024 = 0.396484375
663/5005  0.011065  399/1024 = 0.3896484375
667/5005  0.011086  393/1024 = 0.3837890625
671/5005  0.011194  372/1024 = 0.36328125
675/5005  0.011751  357/1024 = 0.3486328125
679/5005  0.011051  378/1024 = 0.369140625
683/5005  0.010972  412/1024 = 0.40234375
687/5005  0.011329  373/1024 = 0.3642578125
691/5005  0.010906  404/1024 = 0.39453125
695/5005  0.010789  423/1024 = 0.4130859375
699/5005  0.010845  411/1024 = 0.4013671875
703/5005  0.011250  391/1024 = 0.3818359375
707/5005  0.010995  373/1024 = 0.3642578125
711/5005  0.011049  409/1024 = 0.3994140625
715/5005  0.010718  380/1024 = 0.37109375
719/5005  0.010787  426/1024 = 0.416015625
723/5005  0.011762  378/1024 = 0.369140625
727/5005  0.010862  422/1024 = 0.412109375
731/5005  0.011178  368/1024 = 0.359375
735/5005  0.011232  376/1024 = 0.3671875
739/5005  0.011454  356/1024 = 0.34765625
743/5005  0.011094  397/1024 = 0.3876953125
747/5005  0.010661  408/1024 = 0.3984375
751/5005  0.010645  415/1024 = 0.4052734375
755/5005  0.011268  398/1024 = 0.388671875
759/5005  0.011050  390/1024 = 0.380859375
763/5005  0.010818  409/1024 = 0.3994140625
767/5005  0.010705  427/1024 = 0.4169921875
771/5005  0.011060  394/1024 = 0.384765625
775/5005  0.011073  400/1024 = 0.390625
779/5005  0.010927  411/1024 = 0.4013671875
783/5005  0.010602  422/1024 = 0.412109375
787/5005  0.010896  417/1024 = 0.4072265625
791/5005  0.011475  383/1024 = 0.3740234375
795/5005  0.011022  377/1024 = 0.3681640625
799/5005  0.010834  402/1024 = 0.392578125
803/5005  0.010768  401/1024 = 0.3916015625
807/5005  0.010606  403/1024 = 0.3935546875
811/5005  0.010686  423/1024 = 0.4130859375
815/5005  0.011402  385/1024 = 0.3759765625
819/5005  0.010683  419/1024 = 0.4091796875
823/5005  0.011078  391/1024 = 0.3818359375
827/5005  0.011182  386/1024 = 0.376953125
831/5005  0.011149  390/1024 = 0.380859375
835/5005  0.010772  394/1024 = 0.384765625
839/5005  0.010908  405/1024 = 0.3955078125
843/5005  0.010882  391/1024 = 0.3818359375
847/5005  0.010972  416/1024 = 0.40625
851/5005  0.010969  396/1024 = 0.38671875
855/5005  0.011063  395/1024 = 0.3857421875
859/5005  0.011094  398/1024 = 0.388671875
863/5005  0.010959  396/1024 = 0.38671875
867/5005  0.011534  373/1024 = 0.3642578125
871/5005  0.010376  415/1024 = 0.4052734375
875/5005  0.011138  398/1024 = 0.388671875
879/5005  0.010968  414/1024 = 0.404296875
883/5005  0.011122  383/1024 = 0.3740234375
887/5005  0.011200  388/1024 = 0.37890625
891/5005  0.011291  390/1024 = 0.380859375
895/5005  0.011329  400/1024 = 0.390625
899/5005  0.011634  362/1024 = 0.353515625
903/5005  0.010991  412/1024 = 0.40234375
907/5005  0.010817  408/1024 = 0.3984375
911/5005  0.011077  403/1024 = 0.3935546875
915/5005  0.011519  369/1024 = 0.3603515625
919/5005  0.011038  386/1024 = 0.376953125
923/5005  0.011069  392/1024 = 0.3828125
927/5005  0.010908  393/1024 = 0.3837890625
931/5005  0.010784  403/1024 = 0.3935546875
935/5005  0.010643  403/1024 = 0.3935546875
939/5005  0.010981  410/1024 = 0.400390625
943/5005  0.011011  399/1024 = 0.3896484375
947/5005  0.010502  429/1024 = 0.4189453125
951/5005  0.010715  428/1024 = 0.41796875
955/5005  0.010924  397/1024 = 0.3876953125
959/5005  0.010737  418/1024 = 0.408203125
963/5005  0.010668  417/1024 = 0.4072265625
967/5005  0.011049  412/1024 = 0.40234375
971/5005  0.010545  421/1024 = 0.4111328125
975/5005  0.010536  435/1024 = 0.4248046875
979/5005  0.010885  402/1024 = 0.392578125
983/5005  0.010666  421/1024 = 0.4111328125
987/5005  0.011206  383/1024 = 0.3740234375
991/5005  0.011119  408/1024 = 0.3984375
995/5005  0.010660  418/1024 = 0.408203125
999/5005  0.010795  406/1024 = 0.396484375
1003/5005  0.010541  391/1024 = 0.3818359375
1007/5005  0.010589  418/1024 = 0.408203125
1011/5005  0.010479  416/1024 = 0.40625
1015/5005  0.010934  406/1024 = 0.396484375
1019/5005  0.010964  401/1024 = 0.3916015625
1023/5005  0.010951  401/1024 = 0.3916015625
1027/5005  0.011231  401/1024 = 0.3916015625
1031/5005  0.010801  409/1024 = 0.3994140625
1035/5005  0.011360  373/1024 = 0.3642578125
1039/5005  0.010493  401/1024 = 0.3916015625
1043/5005  0.010790  418/1024 = 0.408203125
1047/5005  0.010576  426/1024 = 0.416015625
1051/5005  0.010395  419/1024 = 0.4091796875
1055/5005  0.010954  413/1024 = 0.4033203125
1059/5005  0.010508  401/1024 = 0.3916015625
1063/5005  0.011069  408/1024 = 0.3984375
1067/5005  0.010944  401/1024 = 0.3916015625
1071/5005  0.010991  399/1024 = 0.3896484375
1075/5005  0.010810  424/1024 = 0.4140625
1079/5005  0.010714  412/1024 = 0.40234375
1083/5005  0.011506  368/1024 = 0.359375
1087/5005  0.011021  399/1024 = 0.3896484375
1091/5005  0.010979  400/1024 = 0.390625
1095/5005  0.010786  398/1024 = 0.388671875
1099/5005  0.011108  398/1024 = 0.388671875
1103/5005  0.011078  396/1024 = 0.38671875
1107/5005  0.011256  391/1024 = 0.3818359375
1111/5005  0.010570  409/1024 = 0.3994140625
1115/5005  0.010726  404/1024 = 0.39453125
1119/5005  0.011412  373/1024 = 0.3642578125
1123/5005  0.010369  417/1024 = 0.4072265625
1127/5005  0.010775  413/1024 = 0.4033203125
1131/5005  0.011453  391/1024 = 0.3818359375
1135/5005  0.011027  386/1024 = 0.376953125
1139/5005  0.010761  423/1024 = 0.4130859375
1143/5005  0.011182  389/1024 = 0.3798828125
1147/5005  0.011526  380/1024 = 0.37109375
1151/5005  0.010721  407/1024 = 0.3974609375
1155/5005  0.010988  411/1024 = 0.4013671875
1159/5005  0.011345  396/1024 = 0.38671875
1163/5005  0.010942  391/1024 = 0.3818359375
1167/5005  0.011252  389/1024 = 0.3798828125
1171/5005  0.010940  421/1024 = 0.4111328125
1175/5005  0.010807  396/1024 = 0.38671875
1179/5005  0.010726  399/1024 = 0.3896484375
1183/5005  0.010792  429/1024 = 0.4189453125
1187/5005  0.010903  414/1024 = 0.404296875
1191/5005  0.011182  395/1024 = 0.3857421875
1195/5005  0.011146  395/1024 = 0.3857421875
1199/5005  0.010886  394/1024 = 0.384765625
1203/5005  0.010807  396/1024 = 0.38671875
1207/5005  0.011009  376/1024 = 0.3671875
1211/5005  0.010699  426/1024 = 0.416015625
1215/5005  0.011331  390/1024 = 0.380859375
1219/5005  0.010686  404/1024 = 0.39453125
1223/5005  0.010949  407/1024 = 0.3974609375
1227/5005  0.011093  391/1024 = 0.3818359375
1231/5005  0.010753  391/1024 = 0.3818359375
1235/5005  0.010843  401/1024 = 0.3916015625
1239/5005  0.011085  402/1024 = 0.392578125
1243/5005  0.011009  388/1024 = 0.37890625
1247/5005  0.010976  396/1024 = 0.38671875
1251/5005  0.010712  414/1024 = 0.404296875
1255/5005  0.010905  413/1024 = 0.4033203125
1259/5005  0.011292  396/1024 = 0.38671875
1263/5005  0.010473  412/1024 = 0.40234375
1267/5005  0.010677  403/1024 = 0.3935546875
1271/5005  0.010746  432/1024 = 0.421875
1275/5005  0.011651  384/1024 = 0.375
1279/5005  0.010941  394/1024 = 0.384765625
1283/5005  0.010905  402/1024 = 0.392578125
1287/5005  0.010679  418/1024 = 0.408203125
1291/5005  0.011102  383/1024 = 0.3740234375
1295/5005  0.010793  402/1024 = 0.392578125
1299/5005  0.010819  417/1024 = 0.4072265625
1303/5005  0.010899  413/1024 = 0.4033203125
1307/5005  0.010962  390/1024 = 0.380859375
1311/5005  0.010728  410/1024 = 0.400390625
1315/5005  0.011012  415/1024 = 0.4052734375
1319/5005  0.011389  373/1024 = 0.3642578125
1323/5005  0.011132  385/1024 = 0.3759765625
1327/5005  0.010959  397/1024 = 0.3876953125
1331/5005  0.010771  402/1024 = 0.392578125
1335/5005  0.011334  403/1024 = 0.3935546875
1339/5005  0.011026  390/1024 = 0.380859375
1343/5005  0.010699  407/1024 = 0.3974609375
1347/5005  0.010842  406/1024 = 0.396484375
1351/5005  0.011016  396/1024 = 0.38671875
1355/5005  0.010708  409/1024 = 0.3994140625
1359/5005  0.010459  415/1024 = 0.4052734375
1363/5005  0.011358  382/1024 = 0.373046875
1367/5005  0.010726  424/1024 = 0.4140625
1371/5005  0.010819  400/1024 = 0.390625
1375/5005  0.010324  422/1024 = 0.412109375
1379/5005  0.010871  396/1024 = 0.38671875
1383/5005  0.010575  423/1024 = 0.4130859375
1387/5005  0.011190  397/1024 = 0.3876953125
1391/5005  0.010399  439/1024 = 0.4287109375
1395/5005  0.011266  395/1024 = 0.3857421875
1399/5005  0.011663  379/1024 = 0.3701171875
1403/5005  0.010673  425/1024 = 0.4150390625
1407/5005  0.011061  406/1024 = 0.396484375
1411/5005  0.010816  404/1024 = 0.39453125
1415/5005  0.010727  395/1024 = 0.3857421875
1419/5005  0.010948  414/1024 = 0.404296875
1423/5005  0.010770  406/1024 = 0.396484375
1427/5005  0.010593  427/1024 = 0.4169921875
1431/5005  0.010704  408/1024 = 0.3984375
1435/5005  0.010560  408/1024 = 0.3984375
1439/5005  0.010438  410/1024 = 0.400390625
1443/5005  0.010694  423/1024 = 0.4130859375
1447/5005  0.010804  410/1024 = 0.400390625
1451/5005  0.011210  361/1024 = 0.3525390625
1455/5005  0.010752  428/1024 = 0.41796875
1459/5005  0.010601  409/1024 = 0.3994140625
1463/5005  0.011222  400/1024 = 0.390625
1467/5005  0.010991  372/1024 = 0.36328125
1471/5005  0.011241  381/1024 = 0.3720703125
1475/5005  0.010611  417/1024 = 0.4072265625
1479/5005  0.010893  410/1024 = 0.400390625
1483/5005  0.011406  364/1024 = 0.35546875
1487/5005  0.011269  375/1024 = 0.3662109375
1491/5005  0.011186  374/1024 = 0.365234375
1495/5005  0.010751  417/1024 = 0.4072265625
1499/5005  0.011030  377/1024 = 0.3681640625
1503/5005  0.011091  410/1024 = 0.400390625
1507/5005  0.011416  398/1024 = 0.388671875
1511/5005  0.011216  387/1024 = 0.3779296875
1515/5005  0.011043  406/1024 = 0.396484375
1519/5005  0.010948  387/1024 = 0.3779296875
1523/5005  0.010846  412/1024 = 0.40234375
1527/5005  0.011084  413/1024 = 0.4033203125
1531/5005  0.011288  393/1024 = 0.3837890625
1535/5005  0.011208  412/1024 = 0.40234375
1539/5005  0.011084  397/1024 = 0.3876953125
1543/5005  0.010665  417/1024 = 0.4072265625
1547/5005  0.011099  428/1024 = 0.41796875
1551/5005  0.010498  417/1024 = 0.4072265625
1555/5005  0.010899  407/1024 = 0.3974609375
1559/5005  0.010359  429/1024 = 0.4189453125
1563/5005  0.011411  391/1024 = 0.3818359375
1567/5005  0.011183  394/1024 = 0.384765625
1571/5005  0.010751  407/1024 = 0.3974609375
1575/5005  0.010490  407/1024 = 0.3974609375
1579/5005  0.011268  390/1024 = 0.380859375
1583/5005  0.011208  382/1024 = 0.373046875
1587/5005  0.010393  436/1024 = 0.42578125
1591/5005  0.010490  416/1024 = 0.40625
1595/5005  0.010810  408/1024 = 0.3984375
1599/5005  0.010968  409/1024 = 0.3994140625
1603/5005  0.010701  415/1024 = 0.4052734375
1607/5005  0.011103  387/1024 = 0.3779296875
1611/5005  0.011171  396/1024 = 0.38671875
1615/5005  0.011145  390/1024 = 0.380859375
1619/5005  0.011256  383/1024 = 0.3740234375
1623/5005  0.010792  402/1024 = 0.392578125
1627/5005  0.010813  406/1024 = 0.396484375
1631/5005  0.010755  421/1024 = 0.4111328125
1635/5005  0.010719  419/1024 = 0.4091796875
1639/5005  0.010739  419/1024 = 0.4091796875
1643/5005  0.011307  369/1024 = 0.3603515625
1647/5005  0.010830  417/1024 = 0.4072265625
1651/5005  0.011229  401/1024 = 0.3916015625
1655/5005  0.011071  391/1024 = 0.3818359375
1659/5005  0.010877  405/1024 = 0.3955078125
1663/5005  0.010955  388/1024 = 0.37890625
1667/5005  0.011226  380/1024 = 0.37109375
1671/5005  0.010839  401/1024 = 0.3916015625
1675/5005  0.011628  375/1024 = 0.3662109375
1679/5005  0.010964  411/1024 = 0.4013671875
1683/5005  0.011277  401/1024 = 0.3916015625
1687/5005  0.010949  407/1024 = 0.3974609375
1691/5005  0.010961  421/1024 = 0.4111328125
1695/5005  0.010655  430/1024 = 0.419921875
1699/5005  0.010823  394/1024 = 0.384765625
1703/5005  0.011068  401/1024 = 0.3916015625
1707/5005  0.010805  410/1024 = 0.400390625
1711/5005  0.010564  415/1024 = 0.4052734375
1715/5005  0.010990  413/1024 = 0.4033203125
1719/5005  0.010582  421/1024 = 0.4111328125
1723/5005  0.010550  422/1024 = 0.412109375
1727/5005  0.010492  423/1024 = 0.4130859375
1731/5005  0.010646  425/1024 = 0.4150390625
1735/5005  0.010856  381/1024 = 0.3720703125
1739/5005  0.010832  405/1024 = 0.3955078125
1743/5005  0.011042  401/1024 = 0.3916015625
1747/5005  0.010710  419/1024 = 0.4091796875
1751/5005  0.010789  407/1024 = 0.3974609375
1755/5005  0.010717  423/1024 = 0.4130859375
1759/5005  0.010924  407/1024 = 0.3974609375
1763/5005  0.010920  384/1024 = 0.375
1767/5005  0.010432  435/1024 = 0.4248046875
1771/5005  0.011103  377/1024 = 0.3681640625
1775/5005  0.010748  411/1024 = 0.4013671875
1779/5005  0.010891  398/1024 = 0.388671875
1783/5005  0.011048  394/1024 = 0.384765625
1787/5005  0.010936  395/1024 = 0.3857421875
1791/5005  0.011185  391/1024 = 0.3818359375
1795/5005  0.011351  390/1024 = 0.380859375
1799/5005  0.010564  445/1024 = 0.4345703125
1803/5005  0.010930  422/1024 = 0.412109375
1807/5005  0.010852  396/1024 = 0.38671875
1811/5005  0.011281  386/1024 = 0.376953125
1815/5005  0.010640  410/1024 = 0.400390625
1819/5005  0.011166  386/1024 = 0.376953125
1823/5005  0.011079  394/1024 = 0.384765625
1827/5005  0.011051  372/1024 = 0.36328125
1831/5005  0.011080  381/1024 = 0.3720703125
1835/5005  0.010714  415/1024 = 0.4052734375
1839/5005  0.010498  433/1024 = 0.4228515625
1843/5005  0.010447  409/1024 = 0.3994140625
1847/5005  0.010451  424/1024 = 0.4140625
1851/5005  0.010808  403/1024 = 0.3935546875
1855/5005  0.010398  420/1024 = 0.41015625
1859/5005  0.010557  418/1024 = 0.408203125
1863/5005  0.010832  382/1024 = 0.373046875
1867/5005  0.010634  413/1024 = 0.4033203125
1871/5005  0.010511  418/1024 = 0.408203125
1875/5005  0.010683  427/1024 = 0.4169921875
1879/5005  0.010889  403/1024 = 0.3935546875
1883/5005  0.011067  371/1024 = 0.3623046875
1887/5005  0.011001  392/1024 = 0.3828125
1891/5005  0.011147  397/1024 = 0.3876953125
1895/5005  0.010759  425/1024 = 0.4150390625
1899/5005  0.011047  405/1024 = 0.3955078125
1903/5005  0.010736  406/1024 = 0.396484375
1907/5005  0.010515  425/1024 = 0.4150390625
1911/5005  0.010862  397/1024 = 0.3876953125
1915/5005  0.010747  410/1024 = 0.400390625
1919/5005  0.010888  412/1024 = 0.40234375
1923/5005  0.010435  431/1024 = 0.4208984375
1927/5005  0.010885  416/1024 = 0.40625
1931/5005  0.011137  382/1024 = 0.373046875
1935/5005  0.011387  392/1024 = 0.3828125
1939/5005  0.011317  387/1024 = 0.3779296875
1943/5005  0.010834  411/1024 = 0.4013671875
1947/5005  0.010598  398/1024 = 0.388671875
1951/5005  0.010805  400/1024 = 0.390625
1955/5005  0.010614  425/1024 = 0.4150390625
1959/5005  0.011350  377/1024 = 0.3681640625
1963/5005  0.010963  398/1024 = 0.388671875
1967/5005  0.011084  368/1024 = 0.359375
1971/5005  0.010712  401/1024 = 0.3916015625
1975/5005  0.011160  386/1024 = 0.376953125
1979/5005  0.011120  387/1024 = 0.3779296875
1983/5005  0.010931  404/1024 = 0.39453125
1987/5005  0.010854  398/1024 = 0.388671875
1991/5005  0.010548  412/1024 = 0.40234375
1995/5005  0.010924  402/1024 = 0.392578125
1999/5005  0.010657  410/1024 = 0.400390625
2003/5005  0.011453  355/1024 = 0.3466796875
2007/5005  0.010872  411/1024 = 0.4013671875
2011/5005  0.011202  381/1024 = 0.3720703125
2015/5005  0.010691  427/1024 = 0.4169921875
2019/5005  0.010582  431/1024 = 0.4208984375
2023/5005  0.011343  384/1024 = 0.375
2027/5005  0.010863  423/1024 = 0.4130859375
2031/5005  0.010930  414/1024 = 0.404296875
2035/5005  0.010901  412/1024 = 0.40234375
2039/5005  0.011203  410/1024 = 0.400390625
2043/5005  0.011096  408/1024 = 0.3984375
2047/5005  0.010965  383/1024 = 0.3740234375
2051/5005  0.010646  420/1024 = 0.41015625
2055/5005  0.011414  404/1024 = 0.39453125
2059/5005  0.010516  396/1024 = 0.38671875
2063/5005  0.011110  393/1024 = 0.3837890625
2067/5005  0.010681  395/1024 = 0.3857421875
2071/5005  0.010274  429/1024 = 0.4189453125
2075/5005  0.011149  409/1024 = 0.3994140625
2079/5005  0.011067  386/1024 = 0.376953125
2083/5005  0.010466  411/1024 = 0.4013671875
2087/5005  0.011073  407/1024 = 0.3974609375
2091/5005  0.010971  404/1024 = 0.39453125
2095/5005  0.010822  410/1024 = 0.400390625
2099/5005  0.010793  414/1024 = 0.404296875
2103/5005  0.010858  398/1024 = 0.388671875
2107/5005  0.010731  427/1024 = 0.4169921875
2111/5005  0.010511  419/1024 = 0.4091796875
2115/5005  0.011389  384/1024 = 0.375
2119/5005  0.011269  387/1024 = 0.3779296875
2123/5005  0.011026  402/1024 = 0.392578125
2127/5005  0.010704  422/1024 = 0.412109375
2131/5005  0.010886  411/1024 = 0.4013671875
2135/5005  0.010850  407/1024 = 0.3974609375
2139/5005  0.011587  372/1024 = 0.36328125
2143/5005  0.010398  442/1024 = 0.431640625
2147/5005  0.010977  384/1024 = 0.375
2151/5005  0.010691  417/1024 = 0.4072265625
2155/5005  0.010747  418/1024 = 0.408203125
2159/5005  0.010641  423/1024 = 0.4130859375
2163/5005  0.010730  410/1024 = 0.400390625
2167/5005  0.010455  414/1024 = 0.404296875
2171/5005  0.011160  393/1024 = 0.3837890625
2175/5005  0.010839  410/1024 = 0.400390625
2179/5005  0.010895  387/1024 = 0.3779296875
2183/5005  0.011203  380/1024 = 0.37109375
2187/5005  0.011415  383/1024 = 0.3740234375
2191/5005  0.010843  418/1024 = 0.408203125
2195/5005  0.010255  424/1024 = 0.4140625
2199/5005  0.010665  418/1024 = 0.408203125
2203/5005  0.011469  388/1024 = 0.37890625
2207/5005  0.011084  389/1024 = 0.3798828125
2211/5005  0.011065  390/1024 = 0.380859375
2215/5005  0.011588  375/1024 = 0.3662109375
2219/5005  0.011195  391/1024 = 0.3818359375
2223/5005  0.011458  388/1024 = 0.37890625
2227/5005  0.011033  388/1024 = 0.37890625
2231/5005  0.010652  397/1024 = 0.3876953125
2235/5005  0.010569  425/1024 = 0.4150390625
2239/5005  0.010517  403/1024 = 0.3935546875
2243/5005  0.010474  410/1024 = 0.400390625
2247/5005  0.011268  402/1024 = 0.392578125
2251/5005  0.010668  425/1024 = 0.4150390625
2255/5005  0.010778  424/1024 = 0.4140625
2259/5005  0.011170  390/1024 = 0.380859375
2263/5005  0.010635  426/1024 = 0.416015625
2267/5005  0.011353  369/1024 = 0.3603515625
2271/5005  0.011286  397/1024 = 0.3876953125
2275/5005  0.011016  395/1024 = 0.3857421875
2279/5005  0.010926  421/1024 = 0.4111328125
2283/5005  0.010847  420/1024 = 0.41015625
2287/5005  0.011173  382/1024 = 0.373046875
2291/5005  0.010440  435/1024 = 0.4248046875
2295/5005  0.010771  420/1024 = 0.41015625
2299/5005  0.010482  422/1024 = 0.412109375
2303/5005  0.010190  425/1024 = 0.4150390625
2307/5005  0.010663  427/1024 = 0.4169921875
2311/5005  0.010671  406/1024 = 0.396484375
2315/5005  0.011061  398/1024 = 0.388671875
2319/5005  0.010772  408/1024 = 0.3984375
2323/5005  0.011352  385/1024 = 0.3759765625
2327/5005  0.011413  409/1024 = 0.3994140625
2331/5005  0.010656  410/1024 = 0.400390625
2335/5005  0.010823  427/1024 = 0.4169921875
2339/5005  0.011509  362/1024 = 0.353515625
2343/5005  0.010758  413/1024 = 0.4033203125
2347/5005  0.010833  414/1024 = 0.404296875
2351/5005  0.010505  423/1024 = 0.4130859375
2355/5005  0.010714  410/1024 = 0.400390625
2359/5005  0.010404  411/1024 = 0.4013671875
2363/5005  0.010808  404/1024 = 0.39453125
2367/5005  0.010583  410/1024 = 0.400390625
2371/5005  0.011162  390/1024 = 0.380859375
2375/5005  0.011421  387/1024 = 0.3779296875
2379/5005  0.010418  412/1024 = 0.40234375
2383/5005  0.010929  401/1024 = 0.3916015625
2387/5005  0.010722  419/1024 = 0.4091796875
2391/5005  0.010600  400/1024 = 0.390625
2395/5005  0.010930  401/1024 = 0.3916015625
2399/5005  0.010663  408/1024 = 0.3984375
2403/5005  0.010843  416/1024 = 0.40625
2407/5005  0.010445  405/1024 = 0.3955078125
2411/5005  0.010367  422/1024 = 0.412109375
2415/5005  0.010499  414/1024 = 0.404296875
2419/5005  0.010750  402/1024 = 0.392578125
2423/5005  0.010181  449/1024 = 0.4384765625
2427/5005  0.010915  404/1024 = 0.39453125
2431/5005  0.010491  421/1024 = 0.4111328125
2435/5005  0.011320  388/1024 = 0.37890625
2439/5005  0.011165  397/1024 = 0.3876953125
2443/5005  0.010899  389/1024 = 0.3798828125
2447/5005  0.011705  381/1024 = 0.3720703125
2451/5005  0.010970  402/1024 = 0.392578125
2455/5005  0.010919  398/1024 = 0.388671875
2459/5005  0.010576  445/1024 = 0.4345703125
2463/5005  0.011027  380/1024 = 0.37109375
2467/5005  0.010629  400/1024 = 0.390625
2471/5005  0.010694  411/1024 = 0.4013671875
2475/5005  0.011244  389/1024 = 0.3798828125
2479/5005  0.011042  398/1024 = 0.388671875
2483/5005  0.011138  383/1024 = 0.3740234375
2487/5005  0.010846  377/1024 = 0.3681640625
2491/5005  0.011247  379/1024 = 0.3701171875
2495/5005  0.011614  374/1024 = 0.365234375
2499/5005  0.010920  424/1024 = 0.4140625
2503/5005  0.010946  409/1024 = 0.3994140625
2507/5005  0.011170  381/1024 = 0.3720703125
2511/5005  0.011107  385/1024 = 0.3759765625
2515/5005  0.010882  406/1024 = 0.396484375
2519/5005  0.010814  409/1024 = 0.3994140625
2523/5005  0.011440  385/1024 = 0.3759765625
2527/5005  0.011027  401/1024 = 0.3916015625
2531/5005  0.010698  400/1024 = 0.390625
2535/5005  0.010378  415/1024 = 0.4052734375
2539/5005  0.011115  391/1024 = 0.3818359375
2543/5005  0.011041  387/1024 = 0.3779296875
2547/5005  0.010818  406/1024 = 0.396484375
2551/5005  0.011016  403/1024 = 0.3935546875
2555/5005  0.010743  419/1024 = 0.4091796875
2559/5005  0.010879  385/1024 = 0.3759765625
2563/5005  0.010653  419/1024 = 0.4091796875
2567/5005  0.010686  414/1024 = 0.404296875
2571/5005  0.010826  401/1024 = 0.3916015625
2575/5005  0.010904  381/1024 = 0.3720703125
2579/5005  0.010970  406/1024 = 0.396484375
2583/5005  0.010727  404/1024 = 0.39453125
2587/5005  0.010953  394/1024 = 0.384765625
2591/5005  0.010650  424/1024 = 0.4140625
2595/5005  0.010516  419/1024 = 0.4091796875
2599/5005  0.011074  408/1024 = 0.3984375
2603/5005  0.011038  406/1024 = 0.396484375
2607/5005  0.010376  430/1024 = 0.419921875
2611/5005  0.010586  430/1024 = 0.419921875
2615/5005  0.011153  396/1024 = 0.38671875
2619/5005  0.011134  416/1024 = 0.40625
2623/5005  0.010699  415/1024 = 0.4052734375
2627/5005  0.011066  379/1024 = 0.3701171875
2631/5005  0.010765  428/1024 = 0.41796875
2635/5005  0.010843  421/1024 = 0.4111328125
2639/5005  0.010905  393/1024 = 0.3837890625
2643/5005  0.011121  398/1024 = 0.388671875
2647/5005  0.011040  403/1024 = 0.3935546875
2651/5005  0.010654  427/1024 = 0.4169921875
2655/5005  0.011079  400/1024 = 0.390625
2659/5005  0.010916  394/1024 = 0.384765625
2663/5005  0.010705  410/1024 = 0.400390625
2667/5005  0.011048  392/1024 = 0.3828125
2671/5005  0.010775  405/1024 = 0.3955078125
2675/5005  0.010802  406/1024 = 0.396484375
2679/5005  0.011002  422/1024 = 0.412109375
2683/5005  0.010910  408/1024 = 0.3984375
2687/5005  0.010769  428/1024 = 0.41796875
2691/5005  0.010989  394/1024 = 0.384765625
2695/5005  0.010396  426/1024 = 0.416015625
2699/5005  0.011099  390/1024 = 0.380859375
2703/5005  0.010727  392/1024 = 0.3828125
2707/5005  0.010970  393/1024 = 0.3837890625
2711/5005  0.010378  433/1024 = 0.4228515625
2715/5005  0.010339  416/1024 = 0.40625
2719/5005  0.010987  402/1024 = 0.392578125
2723/5005  0.010677  420/1024 = 0.41015625
2727/5005  0.010815  401/1024 = 0.3916015625
2731/5005  0.010898  408/1024 = 0.3984375
2735/5005  0.010997  405/1024 = 0.3955078125
2739/5005  0.010890  401/1024 = 0.3916015625
2743/5005  0.010884  402/1024 = 0.392578125
2747/5005  0.010693  407/1024 = 0.3974609375
2751/5005  0.010605  419/1024 = 0.4091796875
2755/5005  0.011404  404/1024 = 0.39453125
2759/5005  0.011390  398/1024 = 0.388671875
2763/5005  0.010694  431/1024 = 0.4208984375
2767/5005  0.011121  390/1024 = 0.380859375
2771/5005  0.010426  411/1024 = 0.4013671875
2775/5005  0.010585  414/1024 = 0.404296875
2779/5005  0.011715  390/1024 = 0.380859375
2783/5005  0.011445  400/1024 = 0.390625
2787/5005  0.010840  384/1024 = 0.375
2791/5005  0.011066  385/1024 = 0.3759765625
2795/5005  0.011180  387/1024 = 0.3779296875
2799/5005  0.010799  410/1024 = 0.400390625
2803/5005  0.010984  423/1024 = 0.4130859375
2807/5005  0.010061  448/1024 = 0.4375
2811/5005  0.010661  413/1024 = 0.4033203125
2815/5005  0.010927  389/1024 = 0.3798828125
2819/5005  0.010876  413/1024 = 0.4033203125
2823/5005  0.010774  402/1024 = 0.392578125
2827/5005  0.010383  420/1024 = 0.41015625
2831/5005  0.010850  406/1024 = 0.396484375
2835/5005  0.010677  440/1024 = 0.4296875
2839/5005  0.010870  400/1024 = 0.390625
2843/5005  0.009945  456/1024 = 0.4453125
2847/5005  0.011087  411/1024 = 0.4013671875
2851/5005  0.010155  420/1024 = 0.41015625
2855/5005  0.010677  435/1024 = 0.4248046875
2859/5005  0.010932  395/1024 = 0.3857421875
2863/5005  0.010784  392/1024 = 0.3828125
2867/5005  0.010625  420/1024 = 0.41015625
2871/5005  0.010124  408/1024 = 0.3984375
2875/5005  0.010626  430/1024 = 0.419921875
2879/5005  0.010343  433/1024 = 0.4228515625
2883/5005  0.010894  401/1024 = 0.3916015625
2887/5005  0.010992  422/1024 = 0.412109375
2891/5005  0.010966  392/1024 = 0.3828125
2895/5005  0.010655  413/1024 = 0.4033203125
2899/5005  0.011096  403/1024 = 0.3935546875
2903/5005  0.010529  416/1024 = 0.40625
2907/5005  0.010825  396/1024 = 0.38671875
2911/5005  0.011154  392/1024 = 0.3828125
2915/5005  0.010749  413/1024 = 0.4033203125
2919/5005  0.010807  412/1024 = 0.40234375
2923/5005  0.010876  406/1024 = 0.396484375
2927/5005  0.010889  420/1024 = 0.41015625
2931/5005  0.011077  416/1024 = 0.40625
2935/5005  0.010926  388/1024 = 0.37890625
2939/5005  0.010874  414/1024 = 0.404296875
2943/5005  0.009950  423/1024 = 0.4130859375
2947/5005  0.010493  435/1024 = 0.4248046875
2951/5005  0.011334  386/1024 = 0.376953125
2955/5005  0.010468  424/1024 = 0.4140625
2959/5005  0.010989  409/1024 = 0.3994140625
2963/5005  0.010749  424/1024 = 0.4140625
2967/5005  0.010621  410/1024 = 0.400390625
2971/5005  0.010608  406/1024 = 0.396484375
2975/5005  0.011693  380/1024 = 0.37109375
2979/5005  0.011143  394/1024 = 0.384765625
2983/5005  0.011411  386/1024 = 0.376953125
2987/5005  0.011010  410/1024 = 0.400390625
2991/5005  0.010759  413/1024 = 0.4033203125
2995/5005  0.011182  410/1024 = 0.400390625
2999/5005  0.011046  379/1024 = 0.3701171875
3003/5005  0.010611  401/1024 = 0.3916015625
3007/5005  0.011152  405/1024 = 0.3955078125
3011/5005  0.011056  410/1024 = 0.400390625
3015/5005  0.010774  417/1024 = 0.4072265625
3019/5005  0.010823  406/1024 = 0.396484375
3023/5005  0.010527  408/1024 = 0.3984375
3027/5005  0.010476  433/1024 = 0.4228515625
3031/5005  0.010471  413/1024 = 0.4033203125
3035/5005  0.010689  435/1024 = 0.4248046875
3039/5005  0.010843  417/1024 = 0.4072265625
3043/5005  0.010924  421/1024 = 0.4111328125
3047/5005  0.010550  425/1024 = 0.4150390625
3051/5005  0.011233  374/1024 = 0.365234375
3055/5005  0.010857  422/1024 = 0.412109375
3059/5005  0.010726  431/1024 = 0.4208984375
3063/5005  0.010875  404/1024 = 0.39453125
3067/5005  0.011255  389/1024 = 0.3798828125
3071/5005  0.010774  425/1024 = 0.4150390625
3075/5005  0.011310  379/1024 = 0.3701171875
3079/5005  0.010992  385/1024 = 0.3759765625
3083/5005  0.010854  406/1024 = 0.396484375
3087/5005  0.011092  385/1024 = 0.3759765625
3091/5005  0.011237  408/1024 = 0.3984375
3095/5005  0.011297  384/1024 = 0.375
3099/5005  0.010644  419/1024 = 0.4091796875
3103/5005  0.010531  419/1024 = 0.4091796875
3107/5005  0.011400  392/1024 = 0.3828125
3111/5005  0.011000  393/1024 = 0.3837890625
3115/5005  0.011134  379/1024 = 0.3701171875
3119/5005  0.010320  434/1024 = 0.423828125
3123/5005  0.010882  393/1024 = 0.3837890625
3127/5005  0.011068  420/1024 = 0.41015625
3131/5005  0.010517  433/1024 = 0.4228515625
3135/5005  0.010557  432/1024 = 0.421875
3139/5005  0.011448  402/1024 = 0.392578125
3143/5005  0.010671  424/1024 = 0.4140625
3147/5005  0.010961  397/1024 = 0.3876953125
3151/5005  0.011409  383/1024 = 0.3740234375
3155/5005  0.010546  419/1024 = 0.4091796875
3159/5005  0.010473  398/1024 = 0.388671875
3163/5005  0.011286  390/1024 = 0.380859375
3167/5005  0.010531  418/1024 = 0.408203125
3171/5005  0.011152  406/1024 = 0.396484375
3175/5005  0.011198  381/1024 = 0.3720703125
3179/5005  0.010578  409/1024 = 0.3994140625
3183/5005  0.010958  396/1024 = 0.38671875
3187/5005  0.010587  427/1024 = 0.4169921875
3191/5005  0.010833  407/1024 = 0.3974609375
3195/5005  0.010288  426/1024 = 0.416015625
3199/5005  0.010678  406/1024 = 0.396484375
3203/5005  0.010772  392/1024 = 0.3828125
3207/5005  0.011102  404/1024 = 0.39453125
3211/5005  0.010902  388/1024 = 0.37890625
3215/5005  0.011278  405/1024 = 0.3955078125
3219/5005  0.011160  367/1024 = 0.3583984375
3223/5005  0.010548  410/1024 = 0.400390625
3227/5005  0.010865  389/1024 = 0.3798828125
3231/5005  0.010807  411/1024 = 0.4013671875
3235/5005  0.011450  381/1024 = 0.3720703125
3239/5005  0.010437  422/1024 = 0.412109375
3243/5005  0.011060  386/1024 = 0.376953125
3247/5005  0.009958  451/1024 = 0.4404296875
3251/5005  0.010276  425/1024 = 0.4150390625
3255/5005  0.010764  403/1024 = 0.3935546875
3259/5005  0.010594  387/1024 = 0.3779296875
3263/5005  0.010645  403/1024 = 0.3935546875
3267/5005  0.010734  408/1024 = 0.3984375
3271/5005  0.011217  410/1024 = 0.400390625
3275/5005  0.010617  414/1024 = 0.404296875
3279/5005  0.010844  390/1024 = 0.380859375
3283/5005  0.010841  413/1024 = 0.4033203125
3287/5005  0.010927  400/1024 = 0.390625
3291/5005  0.010814  417/1024 = 0.4072265625
3295/5005  0.011047  410/1024 = 0.400390625
3299/5005  0.011196  409/1024 = 0.3994140625
3303/5005  0.011013  410/1024 = 0.400390625
3307/5005  0.010544  429/1024 = 0.4189453125
3311/5005  0.010377  430/1024 = 0.419921875
3315/5005  0.010469  412/1024 = 0.40234375
3319/5005  0.010409  431/1024 = 0.4208984375
3323/5005  0.010762  406/1024 = 0.396484375
3327/5005  0.010795  424/1024 = 0.4140625
3331/5005  0.011006  399/1024 = 0.3896484375
3335/5005  0.010749  396/1024 = 0.38671875
3339/5005  0.010679  411/1024 = 0.4013671875
3343/5005  0.010551  426/1024 = 0.416015625
3347/5005  0.010667  402/1024 = 0.392578125
3351/5005  0.010805  393/1024 = 0.3837890625
3355/5005  0.010825  401/1024 = 0.3916015625
3359/5005  0.010514  416/1024 = 0.40625
3363/5005  0.010714  422/1024 = 0.412109375
3367/5005  0.010495  428/1024 = 0.41796875
3371/5005  0.010850  418/1024 = 0.408203125
3375/5005  0.011099  401/1024 = 0.3916015625
3379/5005  0.010751  408/1024 = 0.3984375
3383/5005  0.011008  407/1024 = 0.3974609375
3387/5005  0.010546  414/1024 = 0.404296875
3391/5005  0.010770  406/1024 = 0.396484375
3395/5005  0.010863  398/1024 = 0.388671875
3399/5005  0.010444  409/1024 = 0.3994140625
3403/5005  0.011080  368/1024 = 0.359375
3407/5005  0.009970  448/1024 = 0.4375
3411/5005  0.011094  382/1024 = 0.373046875
3415/5005  0.010491  408/1024 = 0.3984375
3419/5005  0.010786  411/1024 = 0.4013671875
3423/5005  0.010664  409/1024 = 0.3994140625
3427/5005  0.010467  423/1024 = 0.4130859375
3431/5005  0.010675  405/1024 = 0.3955078125
3435/5005  0.011002  404/1024 = 0.39453125
3439/5005  0.011217  405/1024 = 0.3955078125
3443/5005  0.010370  412/1024 = 0.40234375
3447/5005  0.010982  403/1024 = 0.3935546875
3451/5005  0.011003  400/1024 = 0.390625
3455/5005  0.010527  422/1024 = 0.412109375
3459/5005  0.010797  408/1024 = 0.3984375
3463/5005  0.011134  393/1024 = 0.3837890625
3467/5005  0.010490  429/1024 = 0.4189453125
3471/5005  0.010880  397/1024 = 0.3876953125
3475/5005  0.010703  412/1024 = 0.40234375
3479/5005  0.010926  411/1024 = 0.4013671875
3483/5005  0.011230  389/1024 = 0.3798828125
3487/5005  0.010628  401/1024 = 0.3916015625
3491/5005  0.010807  397/1024 = 0.3876953125
3495/5005  0.010040  443/1024 = 0.4326171875
3499/5005  0.010855  400/1024 = 0.390625
3503/5005  0.010699  416/1024 = 0.40625
3507/5005  0.011281  391/1024 = 0.3818359375
3511/5005  0.010638  422/1024 = 0.412109375
3515/5005  0.009864  439/1024 = 0.4287109375
3519/5005  0.010916  390/1024 = 0.380859375
3523/5005  0.010914  379/1024 = 0.3701171875
3527/5005  0.010997  408/1024 = 0.3984375
3531/5005  0.010421  441/1024 = 0.4306640625
3535/5005  0.010728  425/1024 = 0.4150390625
3539/5005  0.010637  423/1024 = 0.4130859375
3543/5005  0.010573  414/1024 = 0.404296875
3547/5005  0.010950  404/1024 = 0.39453125
3551/5005  0.011688  369/1024 = 0.3603515625
3555/5005  0.011223  391/1024 = 0.3818359375
3559/5005  0.011066  411/1024 = 0.4013671875
3563/5005  0.010683  432/1024 = 0.421875
3567/5005  0.010807  417/1024 = 0.4072265625
3571/5005  0.011037  389/1024 = 0.3798828125
3575/5005  0.010713  403/1024 = 0.3935546875
3579/5005  0.010914  410/1024 = 0.400390625
3583/5005  0.010797  415/1024 = 0.4052734375
3587/5005  0.010747  405/1024 = 0.3955078125
3591/5005  0.010739  418/1024 = 0.408203125
3595/5005  0.010659  411/1024 = 0.4013671875
3599/5005  0.010749  412/1024 = 0.40234375
3603/5005  0.010867  391/1024 = 0.3818359375
3607/5005  0.010657  395/1024 = 0.3857421875
3611/5005  0.010289  413/1024 = 0.4033203125
3615/5005  0.010987  373/1024 = 0.3642578125
3619/5005  0.010938  404/1024 = 0.39453125
3623/5005  0.010584  425/1024 = 0.4150390625
3627/5005  0.010900  391/1024 = 0.3818359375
3631/5005  0.010741  403/1024 = 0.3935546875
3635/5005  0.009878  445/1024 = 0.4345703125
3639/5005  0.010956  399/1024 = 0.3896484375
3643/5005  0.010741  418/1024 = 0.408203125
3647/5005  0.010544  416/1024 = 0.40625
3651/5005  0.010612  432/1024 = 0.421875
3655/5005  0.010675  413/1024 = 0.4033203125
3659/5005  0.010609  437/1024 = 0.4267578125
3663/5005  0.010672  446/1024 = 0.435546875
3667/5005  0.010912  404/1024 = 0.39453125
3671/5005  0.011138  389/1024 = 0.3798828125
3675/5005  0.010632  411/1024 = 0.4013671875
3679/5005  0.010979  382/1024 = 0.373046875
3683/5005  0.010778  423/1024 = 0.4130859375
3687/5005  0.011100  385/1024 = 0.3759765625
3691/5005  0.010800  398/1024 = 0.388671875
3695/5005  0.010428  418/1024 = 0.408203125
3699/5005  0.010661  402/1024 = 0.392578125
3703/5005  0.010578  412/1024 = 0.40234375
3707/5005  0.010329  410/1024 = 0.400390625
3711/5005  0.010403  442/1024 = 0.431640625
3715/5005  0.010904  400/1024 = 0.390625
3719/5005  0.010957  414/1024 = 0.404296875
3723/5005  0.010799  412/1024 = 0.40234375
3727/5005  0.011288  381/1024 = 0.3720703125
3731/5005  0.011332  389/1024 = 0.3798828125
3735/5005  0.010940  411/1024 = 0.4013671875
3739/5005  0.010861  401/1024 = 0.3916015625
3743/5005  0.010795  408/1024 = 0.3984375
3747/5005  0.010907  401/1024 = 0.3916015625
3751/5005  0.010801  414/1024 = 0.404296875
3755/5005  0.011240  385/1024 = 0.3759765625
3759/5005  0.010641  404/1024 = 0.39453125
3763/5005  0.011213  401/1024 = 0.3916015625
3767/5005  0.010700  413/1024 = 0.4033203125
3771/5005  0.010888  417/1024 = 0.4072265625
3775/5005  0.010262  424/1024 = 0.4140625
3779/5005  0.010957  405/1024 = 0.3955078125
3783/5005  0.010387  442/1024 = 0.431640625
3787/5005  0.010849  396/1024 = 0.38671875
3791/5005  0.010716  421/1024 = 0.4111328125
3795/5005  0.010914  390/1024 = 0.380859375
3799/5005  0.011072  388/1024 = 0.37890625
3803/5005  0.010864  383/1024 = 0.3740234375
3807/5005  0.010732  426/1024 = 0.416015625
3811/5005  0.011037  383/1024 = 0.3740234375
3815/5005  0.010555  418/1024 = 0.408203125
3819/5005  0.010616  411/1024 = 0.4013671875
3823/5005  0.010797  405/1024 = 0.3955078125
3827/5005  0.009967  449/1024 = 0.4384765625
3831/5005  0.010646  400/1024 = 0.390625
3835/5005  0.010566  432/1024 = 0.421875
3839/5005  0.011393  380/1024 = 0.37109375
3843/5005  0.010664  418/1024 = 0.408203125
3847/5005  0.010682  411/1024 = 0.4013671875
3851/5005  0.010966  377/1024 = 0.3681640625
3855/5005  0.010435  411/1024 = 0.4013671875
3859/5005  0.010531  419/1024 = 0.4091796875
3863/5005  0.010956  392/1024 = 0.3828125
3867/5005  0.011054  415/1024 = 0.4052734375
3871/5005  0.010195  448/1024 = 0.4375
3875/5005  0.010824  388/1024 = 0.37890625
3879/5005  0.010709  421/1024 = 0.4111328125
3883/5005  0.010543  410/1024 = 0.400390625
3887/5005  0.010837  399/1024 = 0.3896484375
3891/5005  0.010438  421/1024 = 0.4111328125
3895/5005  0.011356  389/1024 = 0.3798828125
3899/5005  0.011706  391/1024 = 0.3818359375
3903/5005  0.010844  397/1024 = 0.3876953125
3907/5005  0.010378  437/1024 = 0.4267578125
3911/5005  0.011596  400/1024 = 0.390625
3915/5005  0.010898  434/1024 = 0.423828125
3919/5005  0.010546  414/1024 = 0.404296875
3923/5005  0.010431  416/1024 = 0.40625
3927/5005  0.010520  415/1024 = 0.4052734375
3931/5005  0.010500  404/1024 = 0.39453125
3935/5005  0.010365  400/1024 = 0.390625
3939/5005  0.011190  371/1024 = 0.3623046875
3943/5005  0.011016  415/1024 = 0.4052734375
3947/5005  0.011248  414/1024 = 0.404296875
3951/5005  0.010640  427/1024 = 0.4169921875
3955/5005  0.010630  430/1024 = 0.419921875
3959/5005  0.010463  421/1024 = 0.4111328125
3963/5005  0.010754  409/1024 = 0.3994140625
3967/5005  0.010667  396/1024 = 0.38671875
3971/5005  0.010418  435/1024 = 0.4248046875
3975/5005  0.010991  405/1024 = 0.3955078125
3979/5005  0.010959  403/1024 = 0.3935546875
3983/5005  0.010769  423/1024 = 0.4130859375
3987/5005  0.010961  402/1024 = 0.392578125
3991/5005  0.010701  409/1024 = 0.3994140625
3995/5005  0.010733  403/1024 = 0.3935546875
3999/5005  0.010892  427/1024 = 0.4169921875
4003/5005  0.011090  396/1024 = 0.38671875
4007/5005  0.010721  432/1024 = 0.421875
4011/5005  0.010401  421/1024 = 0.4111328125
4015/5005  0.010400  424/1024 = 0.4140625
4019/5005  0.010780  416/1024 = 0.40625
4023/5005  0.010120  447/1024 = 0.4365234375
4027/5005  0.010820  411/1024 = 0.4013671875
4031/5005  0.010571  416/1024 = 0.40625
4035/5005  0.010397  413/1024 = 0.4033203125
4039/5005  0.010430  440/1024 = 0.4296875
4043/5005  0.010673  433/1024 = 0.4228515625
4047/5005  0.010325  415/1024 = 0.4052734375
4051/5005  0.010359  417/1024 = 0.4072265625
4055/5005  0.011017  390/1024 = 0.380859375
4059/5005  0.010935  392/1024 = 0.3828125
4063/5005  0.011199  398/1024 = 0.388671875
4067/5005  0.010367  428/1024 = 0.41796875
4071/5005  0.011408  394/1024 = 0.384765625
4075/5005  0.010610  439/1024 = 0.4287109375
4079/5005  0.010793  401/1024 = 0.3916015625
4083/5005  0.010910  396/1024 = 0.38671875
4087/5005  0.010446  422/1024 = 0.412109375
4091/5005  0.011001  387/1024 = 0.3779296875
4095/5005  0.010267  450/1024 = 0.439453125
4099/5005  0.011024  402/1024 = 0.392578125
4103/5005  0.010449  426/1024 = 0.416015625
4107/5005  0.010649  416/1024 = 0.40625
4111/5005  0.010980  410/1024 = 0.400390625
4115/5005  0.010946  417/1024 = 0.4072265625
4119/5005  0.010801  391/1024 = 0.3818359375
4123/5005  0.010803  422/1024 = 0.412109375
4127/5005  0.010977  434/1024 = 0.423828125
4131/5005  0.010584  389/1024 = 0.3798828125
4135/5005  0.010933  408/1024 = 0.3984375
4139/5005  0.010735  405/1024 = 0.3955078125
4143/5005  0.010432  452/1024 = 0.44140625
4147/5005  0.010749  403/1024 = 0.3935546875
4151/5005  0.010556  407/1024 = 0.3974609375
4155/5005  0.010817  400/1024 = 0.390625
4159/5005  0.010960  388/1024 = 0.37890625
4163/5005  0.010532  422/1024 = 0.412109375
4167/5005  0.010713  404/1024 = 0.39453125
4171/5005  0.011785  372/1024 = 0.36328125
4175/5005  0.010729  421/1024 = 0.4111328125
4179/5005  0.010642  426/1024 = 0.416015625
4183/5005  0.011233  406/1024 = 0.396484375
4187/5005  0.011295  399/1024 = 0.3896484375
4191/5005  0.010351  424/1024 = 0.4140625
4195/5005  0.010419  431/1024 = 0.4208984375
4199/5005  0.010892  393/1024 = 0.3837890625
4203/5005  0.010567  425/1024 = 0.4150390625
4207/5005  0.010523  414/1024 = 0.404296875
4211/5005  0.011090  428/1024 = 0.41796875
4215/5005  0.010575  412/1024 = 0.40234375
4219/5005  0.010703  418/1024 = 0.408203125
4223/5005  0.010753  408/1024 = 0.3984375
4227/5005  0.010444  425/1024 = 0.4150390625
4231/5005  0.010011  450/1024 = 0.439453125
4235/5005  0.010707  398/1024 = 0.388671875
4239/5005  0.010719  422/1024 = 0.412109375
4243/5005  0.010276  415/1024 = 0.4052734375
4247/5005  0.010668  391/1024 = 0.3818359375
4251/5005  0.010333  419/1024 = 0.4091796875
4255/5005  0.010562  398/1024 = 0.388671875
4259/5005  0.010572  399/1024 = 0.3896484375
4263/5005  0.011140  406/1024 = 0.396484375
4267/5005  0.010544  413/1024 = 0.4033203125
4271/5005  0.011035  415/1024 = 0.4052734375
4275/5005  0.010837  389/1024 = 0.3798828125
4279/5005  0.010623  407/1024 = 0.3974609375
4283/5005  0.010302  431/1024 = 0.4208984375
4287/5005  0.010713  433/1024 = 0.4228515625
4291/5005  0.010927  401/1024 = 0.3916015625
4295/5005  0.010946  402/1024 = 0.392578125
4299/5005  0.010541  426/1024 = 0.416015625
4303/5005  0.010311  435/1024 = 0.4248046875
4307/5005  0.010941  416/1024 = 0.40625
4311/5005  0.010670  412/1024 = 0.40234375
4315/5005  0.011050  403/1024 = 0.3935546875
4319/5005  0.010458  415/1024 = 0.4052734375
4323/5005  0.010465  436/1024 = 0.42578125
4327/5005  0.010692  404/1024 = 0.39453125
4331/5005  0.010549  454/1024 = 0.443359375
4335/5005  0.010660  416/1024 = 0.40625
4339/5005  0.011130  405/1024 = 0.3955078125
4343/5005  0.010107  443/1024 = 0.4326171875
4347/5005  0.010169  428/1024 = 0.41796875
4351/5005  0.011188  400/1024 = 0.390625
4355/5005  0.010269  424/1024 = 0.4140625
4359/5005  0.010373  417/1024 = 0.4072265625
4363/5005  0.010326  439/1024 = 0.4287109375
4367/5005  0.010594  416/1024 = 0.40625
4371/5005  0.010563  410/1024 = 0.400390625
4375/5005  0.010607  411/1024 = 0.4013671875
4379/5005  0.010944  404/1024 = 0.39453125
4383/5005  0.010938  397/1024 = 0.3876953125
4387/5005  0.010594  400/1024 = 0.390625
4391/5005  0.010618  398/1024 = 0.388671875
4395/5005  0.010720  431/1024 = 0.4208984375
4399/5005  0.010362  399/1024 = 0.3896484375
4403/5005  0.010015  469/1024 = 0.4580078125
4407/5005  0.010206  431/1024 = 0.4208984375
4411/5005  0.010785  401/1024 = 0.3916015625
4415/5005  0.010536  421/1024 = 0.4111328125
4419/5005  0.011346  405/1024 = 0.3955078125
4423/5005  0.010741  420/1024 = 0.41015625
4427/5005  0.010239  422/1024 = 0.412109375
4431/5005  0.010436  441/1024 = 0.4306640625
4435/5005  0.010294  425/1024 = 0.4150390625
4439/5005  0.010420  432/1024 = 0.421875
4443/5005  0.010165  431/1024 = 0.4208984375
4447/5005  0.010684  406/1024 = 0.396484375
4451/5005  0.010390  413/1024 = 0.4033203125
4455/5005  0.010679  423/1024 = 0.4130859375
4459/5005  0.010599  414/1024 = 0.404296875
4463/5005  0.010516  429/1024 = 0.4189453125
4467/5005  0.010507  419/1024 = 0.4091796875
4471/5005  0.011158  398/1024 = 0.388671875
4475/5005  0.010492  442/1024 = 0.431640625
4479/5005  0.010472  421/1024 = 0.4111328125
4483/5005  0.010687  424/1024 = 0.4140625
4487/5005  0.011255  390/1024 = 0.380859375
4491/5005  0.010446  428/1024 = 0.41796875
4495/5005  0.010896  393/1024 = 0.3837890625
4499/5005  0.009816  441/1024 = 0.4306640625
4503/5005  0.010603  412/1024 = 0.40234375
4507/5005  0.010775  416/1024 = 0.40625
4511/5005  0.010608  422/1024 = 0.412109375
4515/5005  0.010509  427/1024 = 0.4169921875
4519/5005  0.010784  406/1024 = 0.396484375
4523/5005  0.010541  446/1024 = 0.435546875
4527/5005  0.010227  430/1024 = 0.419921875
4531/5005  0.010515  422/1024 = 0.412109375
4535/5005  0.010156  424/1024 = 0.4140625
4539/5005  0.010687  417/1024 = 0.4072265625
4543/5005  0.010298  422/1024 = 0.412109375
4547/5005  0.010170  444/1024 = 0.43359375
4551/5005  0.010261  439/1024 = 0.4287109375
4555/5005  0.010276  428/1024 = 0.41796875
4559/5005  0.010245  444/1024 = 0.43359375
4563/5005  0.010978  404/1024 = 0.39453125
4567/5005  0.010541  400/1024 = 0.390625
4571/5005  0.010665  415/1024 = 0.4052734375
4575/5005  0.010762  415/1024 = 0.4052734375
4579/5005  0.010860  396/1024 = 0.38671875
4583/5005  0.011000  413/1024 = 0.4033203125
4587/5005  0.011321  370/1024 = 0.361328125
4591/5005  0.010320  429/1024 = 0.4189453125
4595/5005  0.010192  449/1024 = 0.4384765625
4599/5005  0.010968  413/1024 = 0.4033203125
4603/5005  0.010238  438/1024 = 0.427734375
4607/5005  0.010839  414/1024 = 0.404296875
4611/5005  0.010934  410/1024 = 0.400390625
4615/5005  0.010902  393/1024 = 0.3837890625
4619/5005  0.010852  417/1024 = 0.4072265625
4623/5005  0.010951  403/1024 = 0.3935546875
4627/5005  0.010856  381/1024 = 0.3720703125
4631/5005  0.010227  423/1024 = 0.4130859375
4635/5005  0.010543  419/1024 = 0.4091796875
4639/5005  0.010518  443/1024 = 0.4326171875
4643/5005  0.010684  427/1024 = 0.4169921875
4647/5005  0.010762  400/1024 = 0.390625
4651/5005  0.011042  396/1024 = 0.38671875
4655/5005  0.010469  446/1024 = 0.435546875
4659/5005  0.010672  414/1024 = 0.404296875
4663/5005  0.010446  408/1024 = 0.3984375
4667/5005  0.010538  430/1024 = 0.419921875
4671/5005  0.010519  404/1024 = 0.39453125
4675/5005  0.010678  409/1024 = 0.3994140625
4679/5005  0.010582  406/1024 = 0.396484375
4683/5005  0.010704  420/1024 = 0.41015625
4687/5005  0.010388  426/1024 = 0.416015625
4691/5005  0.010937  379/1024 = 0.3701171875
4695/5005  0.010109  417/1024 = 0.4072265625
4699/5005  0.011049  411/1024 = 0.4013671875
4703/5005  0.010159  434/1024 = 0.423828125
4707/5005  0.010836  400/1024 = 0.390625
4711/5005  0.010251  438/1024 = 0.427734375
4715/5005  0.010416  429/1024 = 0.4189453125
4719/5005  0.010287  438/1024 = 0.427734375
4723/5005  0.010737  430/1024 = 0.419921875
4727/5005  0.010976  393/1024 = 0.3837890625
4731/5005  0.010519  406/1024 = 0.396484375
4735/5005  0.010673  424/1024 = 0.4140625
4739/5005  0.010812  407/1024 = 0.3974609375
4743/5005  0.010549  423/1024 = 0.4130859375
4747/5005  0.010588  407/1024 = 0.3974609375
4751/5005  0.010453  430/1024 = 0.419921875
4755/5005  0.010531  419/1024 = 0.4091796875
4759/5005  0.010308  423/1024 = 0.4130859375
4763/5005  0.010695  411/1024 = 0.4013671875
4767/5005  0.010107  431/1024 = 0.4208984375
4771/5005  0.010587  428/1024 = 0.41796875
4775/5005  0.009803  449/1024 = 0.4384765625
4779/5005  0.010614  423/1024 = 0.4130859375
4783/5005  0.010420  414/1024 = 0.404296875
4787/5005  0.010876  422/1024 = 0.412109375
4791/5005  0.010815  403/1024 = 0.3935546875
4795/5005  0.010471  428/1024 = 0.41796875
4799/5005  0.010851  396/1024 = 0.38671875
4803/5005  0.010616  409/1024 = 0.3994140625
4807/5005  0.010489  406/1024 = 0.396484375
4811/5005  0.010339  433/1024 = 0.4228515625
4815/5005  0.010694  411/1024 = 0.4013671875
4819/5005  0.010901  423/1024 = 0.4130859375
4823/5005  0.010608  419/1024 = 0.4091796875
4827/5005  0.010978  412/1024 = 0.40234375
4831/5005  0.010621  416/1024 = 0.40625
4835/5005  0.010803  402/1024 = 0.392578125
4839/5005  0.010614  410/1024 = 0.400390625
4843/5005  0.010250  421/1024 = 0.4111328125
4847/5005  0.010579  433/1024 = 0.4228515625
4851/5005  0.010135  464/1024 = 0.453125
4855/5005  0.010079  421/1024 = 0.4111328125
4859/5005  0.010219  445/1024 = 0.4345703125
4863/5005  0.010662  411/1024 = 0.4013671875
4867/5005  0.010614  409/1024 = 0.3994140625
4871/5005  0.010297  441/1024 = 0.4306640625
4875/5005  0.010656  412/1024 = 0.40234375
4879/5005  0.010339  415/1024 = 0.4052734375
4883/5005  0.010335  411/1024 = 0.4013671875
4887/5005  0.010631  419/1024 = 0.4091796875
4891/5005  0.010560  423/1024 = 0.4130859375
4895/5005  0.010457  415/1024 = 0.4052734375
4899/5005  0.010620  410/1024 = 0.400390625
4903/5005  0.011000  395/1024 = 0.3857421875
4907/5005  0.010812  418/1024 = 0.408203125
4911/5005  0.010744  428/1024 = 0.41796875
4915/5005  0.010642  457/1024 = 0.4462890625
4919/5005  0.010682  402/1024 = 0.392578125
4923/5005  0.010118  441/1024 = 0.4306640625
4927/5005  0.010889  399/1024 = 0.3896484375
4931/5005  0.010667  410/1024 = 0.400390625
4935/5005  0.010958  396/1024 = 0.38671875
4939/5005  0.010371  419/1024 = 0.4091796875
4943/5005  0.010084  456/1024 = 0.4453125
4947/5005  0.010504  417/1024 = 0.4072265625
4951/5005  0.010921  408/1024 = 0.3984375
4955/5005  0.010609  412/1024 = 0.40234375
4959/5005  0.010596  426/1024 = 0.416015625
4963/5005  0.010569  440/1024 = 0.4296875
4967/5005  0.010518  404/1024 = 0.39453125
4971/5005  0.010590  430/1024 = 0.419921875
4975/5005  0.010523  417/1024 = 0.4072265625
4979/5005  0.010292  422/1024 = 0.412109375
4983/5005  0.010982  413/1024 = 0.4033203125
4987/5005  0.010389  432/1024 = 0.421875
4991/5005  0.010550  416/1024 = 0.40625
4995/5005  0.010266  412/1024 = 0.40234375
4999/5005  0.010847  412/1024 = 0.40234375
5003/5005  0.010930  424/1024 = 0.4140625
1:27:40.648381
# writing to data/ex20201226_trainVGG16_epoch007.pth
