VGG(
  (features): Sequential(
    (0): Conv2d(3, 64, kernel_size=(3, 3), stride=(1, 1), padding=(1, 1))
    (1): ReLU(inplace=True)
    (2): Conv2d(64, 64, kernel_size=(3, 3), stride=(1, 1), padding=(1, 1))
    (3): ReLU(inplace=True)
    (4): MaxPool2d(kernel_size=2, stride=2, padding=0, dilation=1, ceil_mode=False)
    (5): Conv2d(64, 128, kernel_size=(3, 3), stride=(1, 1), padding=(1, 1))
    (6): ReLU(inplace=True)
    (7): Conv2d(128, 128, kernel_size=(3, 3), stride=(1, 1), padding=(1, 1))
    (8): ReLU(inplace=True)
    (9): MaxPool2d(kernel_size=2, stride=2, padding=0, dilation=1, ceil_mode=False)
    (10): Conv2d(128, 256, kernel_size=(3, 3), stride=(1, 1), padding=(1, 1))
    (11): ReLU(inplace=True)
    (12): Conv2d(256, 256, kernel_size=(3, 3), stride=(1, 1), padding=(1, 1))
    (13): ReLU(inplace=True)
    (14): Conv2d(256, 256, kernel_size=(3, 3), stride=(1, 1), padding=(1, 1))
    (15): ReLU(inplace=True)
    (16): MaxPool2d(kernel_size=2, stride=2, padding=0, dilation=1, ceil_mode=False)
    (17): Conv2d(256, 512, kernel_size=(3, 3), stride=(1, 1), padding=(1, 1))
    (18): ReLU(inplace=True)
    (19): Conv2d(512, 512, kernel_size=(3, 3), stride=(1, 1), padding=(1, 1))
    (20): ReLU(inplace=True)
    (21): Conv2d(512, 512, kernel_size=(3, 3), stride=(1, 1), padding=(1, 1))
    (22): ReLU(inplace=True)
    (23): MaxPool2d(kernel_size=2, stride=2, padding=0, dilation=1, ceil_mode=False)
    (24): Conv2d(512, 512, kernel_size=(3, 3), stride=(1, 1), padding=(1, 1))
    (25): ReLU(inplace=True)
    (26): Conv2d(512, 512, kernel_size=(3, 3), stride=(1, 1), padding=(1, 1))
    (27): ReLU(inplace=True)
    (28): Conv2d(512, 512, kernel_size=(3, 3), stride=(1, 1), padding=(1, 1))
    (29): ReLU(inplace=True)
    (30): MaxPool2d(kernel_size=2, stride=2, padding=0, dilation=1, ceil_mode=False)
  )
  (avgpool): AdaptiveAvgPool2d(output_size=(7, 7))
  (classifier): Sequential(
    (0): Linear(in_features=25088, out_features=4096, bias=True)
    (1): ReLU(inplace=True)
    (2): Dropout(p=0.5, inplace=False)
    (3): Linear(in_features=4096, out_features=4096, bias=True)
    (4): ReLU(inplace=True)
    (5): Dropout(p=0.5, inplace=False)
    (6): Linear(in_features=4096, out_features=1000, bias=True)
  )
)
# using cuda
3/5005  0.009286  478/1024 = 0.466796875
7/5005  0.009620  470/1024 = 0.458984375
11/5005  0.009860  475/1024 = 0.4638671875
15/5005  0.009511  470/1024 = 0.458984375
19/5005  0.009358  466/1024 = 0.455078125
23/5005  0.009561  467/1024 = 0.4560546875
27/5005  0.009242  498/1024 = 0.486328125
31/5005  0.008898  472/1024 = 0.4609375
35/5005  0.009282  479/1024 = 0.4677734375
39/5005  0.009375  474/1024 = 0.462890625
43/5005  0.009231  473/1024 = 0.4619140625
47/5005  0.008947  511/1024 = 0.4990234375
51/5005  0.009236  489/1024 = 0.4775390625
55/5005  0.009267  475/1024 = 0.4638671875
59/5005  0.009325  500/1024 = 0.48828125
63/5005  0.009665  451/1024 = 0.4404296875
67/5005  0.009486  472/1024 = 0.4609375
71/5005  0.009332  491/1024 = 0.4794921875
75/5005  0.009644  461/1024 = 0.4501953125
79/5005  0.009681  454/1024 = 0.443359375
83/5005  0.009264  494/1024 = 0.482421875
87/5005  0.008872  522/1024 = 0.509765625
91/5005  0.009227  464/1024 = 0.453125
95/5005  0.009437  456/1024 = 0.4453125
99/5005  0.009866  456/1024 = 0.4453125
103/5005  0.009400  482/1024 = 0.470703125
107/5005  0.009556  470/1024 = 0.458984375
111/5005  0.009539  468/1024 = 0.45703125
115/5005  0.009674  451/1024 = 0.4404296875
119/5005  0.009311  495/1024 = 0.4833984375
123/5005  0.010196  428/1024 = 0.41796875
127/5005  0.009673  440/1024 = 0.4296875
131/5005  0.009218  472/1024 = 0.4609375
135/5005  0.009283  455/1024 = 0.4443359375
139/5005  0.009572  482/1024 = 0.470703125
143/5005  0.009727  452/1024 = 0.44140625
147/5005  0.009637  460/1024 = 0.44921875
151/5005  0.009597  477/1024 = 0.4658203125
155/5005  0.009165  471/1024 = 0.4599609375
159/5005  0.009454  474/1024 = 0.462890625
163/5005  0.009556  478/1024 = 0.466796875
167/5005  0.008912  475/1024 = 0.4638671875
171/5005  0.009239  481/1024 = 0.4697265625
175/5005  0.009230  475/1024 = 0.4638671875
179/5005  0.009447  456/1024 = 0.4453125
183/5005  0.009316  487/1024 = 0.4755859375
187/5005  0.010021  435/1024 = 0.4248046875
191/5005  0.009989  455/1024 = 0.4443359375
195/5005  0.009332  483/1024 = 0.4716796875
199/5005  0.009138  477/1024 = 0.4658203125
203/5005  0.009554  464/1024 = 0.453125
207/5005  0.009240  484/1024 = 0.47265625
211/5005  0.009616  490/1024 = 0.478515625
215/5005  0.009981  469/1024 = 0.4580078125
219/5005  0.009672  479/1024 = 0.4677734375
223/5005  0.009453  481/1024 = 0.4697265625
227/5005  0.009479  480/1024 = 0.46875
231/5005  0.009461  484/1024 = 0.47265625
235/5005  0.009479  463/1024 = 0.4521484375
239/5005  0.009953  435/1024 = 0.4248046875
243/5005  0.009258  478/1024 = 0.466796875
247/5005  0.010020  446/1024 = 0.435546875
251/5005  0.009680  475/1024 = 0.4638671875
255/5005  0.009307  473/1024 = 0.4619140625
259/5005  0.009728  463/1024 = 0.4521484375
263/5005  0.009180  477/1024 = 0.4658203125
267/5005  0.009143  487/1024 = 0.4755859375
271/5005  0.009571  468/1024 = 0.45703125
275/5005  0.009225  492/1024 = 0.48046875
279/5005  0.009627  462/1024 = 0.451171875
283/5005  0.009036  483/1024 = 0.4716796875
287/5005  0.009007  491/1024 = 0.4794921875
291/5005  0.009360  464/1024 = 0.453125
295/5005  0.009199  480/1024 = 0.46875
299/5005  0.009659  453/1024 = 0.4423828125
303/5005  0.009380  462/1024 = 0.451171875
307/5005  0.009319  475/1024 = 0.4638671875
311/5005  0.009225  475/1024 = 0.4638671875
315/5005  0.009390  477/1024 = 0.4658203125
319/5005  0.009737  464/1024 = 0.453125
323/5005  0.009341  471/1024 = 0.4599609375
327/5005  0.009001  495/1024 = 0.4833984375
331/5005  0.009423  467/1024 = 0.4560546875
335/5005  0.009695  444/1024 = 0.43359375
339/5005  0.009715  464/1024 = 0.453125
343/5005  0.009075  480/1024 = 0.46875
347/5005  0.009202  473/1024 = 0.4619140625
351/5005  0.009652  454/1024 = 0.443359375
355/5005  0.009511  467/1024 = 0.4560546875
359/5005  0.009384  473/1024 = 0.4619140625
363/5005  0.009549  481/1024 = 0.4697265625
367/5005  0.009606  468/1024 = 0.45703125
371/5005  0.009703  485/1024 = 0.4736328125
375/5005  0.009361  468/1024 = 0.45703125
379/5005  0.009560  481/1024 = 0.4697265625
383/5005  0.009461  471/1024 = 0.4599609375
387/5005  0.009752  465/1024 = 0.4541015625
391/5005  0.009226  498/1024 = 0.486328125
395/5005  0.009331  467/1024 = 0.4560546875
399/5005  0.009890  464/1024 = 0.453125
403/5005  0.009587  472/1024 = 0.4609375
407/5005  0.009550  479/1024 = 0.4677734375
411/5005  0.008992  498/1024 = 0.486328125
415/5005  0.009212  493/1024 = 0.4814453125
419/5005  0.009315  495/1024 = 0.4833984375
423/5005  0.009737  452/1024 = 0.44140625
427/5005  0.009045  493/1024 = 0.4814453125
431/5005  0.009466  479/1024 = 0.4677734375
435/5005  0.009746  440/1024 = 0.4296875
439/5005  0.009323  484/1024 = 0.47265625
443/5005  0.009154  485/1024 = 0.4736328125
447/5005  0.009692  450/1024 = 0.439453125
451/5005  0.009621  470/1024 = 0.458984375
455/5005  0.009033  482/1024 = 0.470703125
459/5005  0.009090  482/1024 = 0.470703125
463/5005  0.009582  488/1024 = 0.4765625
467/5005  0.009442  478/1024 = 0.466796875
471/5005  0.009472  460/1024 = 0.44921875
475/5005  0.009646  455/1024 = 0.4443359375
479/5005  0.009787  457/1024 = 0.4462890625
483/5005  0.009141  502/1024 = 0.490234375
487/5005  0.009691  453/1024 = 0.4423828125
491/5005  0.009410  460/1024 = 0.44921875
495/5005  0.009361  499/1024 = 0.4873046875
499/5005  0.009828  465/1024 = 0.4541015625
503/5005  0.009921  433/1024 = 0.4228515625
507/5005  0.009359  502/1024 = 0.490234375
511/5005  0.009400  463/1024 = 0.4521484375
515/5005  0.009154  476/1024 = 0.46484375
519/5005  0.009912  449/1024 = 0.4384765625
523/5005  0.009610  475/1024 = 0.4638671875
527/5005  0.009484  451/1024 = 0.4404296875
531/5005  0.009583  483/1024 = 0.4716796875
535/5005  0.009182  488/1024 = 0.4765625
539/5005  0.009965  440/1024 = 0.4296875
543/5005  0.009293  469/1024 = 0.4580078125
547/5005  0.009304  459/1024 = 0.4482421875
551/5005  0.010019  453/1024 = 0.4423828125
555/5005  0.009408  487/1024 = 0.4755859375
559/5005  0.009317  479/1024 = 0.4677734375
563/5005  0.009454  452/1024 = 0.44140625
567/5005  0.009359  493/1024 = 0.4814453125
571/5005  0.009838  446/1024 = 0.435546875
575/5005  0.009596  461/1024 = 0.4501953125
579/5005  0.008992  487/1024 = 0.4755859375
583/5005  0.009586  466/1024 = 0.455078125
587/5005  0.009572  477/1024 = 0.4658203125
591/5005  0.009131  484/1024 = 0.47265625
595/5005  0.009955  452/1024 = 0.44140625
599/5005  0.009090  484/1024 = 0.47265625
603/5005  0.009489  466/1024 = 0.455078125
607/5005  0.009551  457/1024 = 0.4462890625
611/5005  0.009487  457/1024 = 0.4462890625
615/5005  0.009210  476/1024 = 0.46484375
619/5005  0.009328  471/1024 = 0.4599609375
623/5005  0.009820  452/1024 = 0.44140625
627/5005  0.009571  459/1024 = 0.4482421875
631/5005  0.009269  475/1024 = 0.4638671875
635/5005  0.009341  459/1024 = 0.4482421875
639/5005  0.009469  480/1024 = 0.46875
643/5005  0.009722  477/1024 = 0.4658203125
647/5005  0.009576  460/1024 = 0.44921875
651/5005  0.009579  463/1024 = 0.4521484375
655/5005  0.009885  464/1024 = 0.453125
659/5005  0.009478  454/1024 = 0.443359375
663/5005  0.009519  478/1024 = 0.466796875
667/5005  0.010134  432/1024 = 0.421875
671/5005  0.009410  488/1024 = 0.4765625
675/5005  0.009770  475/1024 = 0.4638671875
679/5005  0.009094  477/1024 = 0.4658203125
683/5005  0.009677  455/1024 = 0.4443359375
687/5005  0.009879  472/1024 = 0.4609375
691/5005  0.009732  450/1024 = 0.439453125
695/5005  0.009030  489/1024 = 0.4775390625
699/5005  0.009975  455/1024 = 0.4443359375
703/5005  0.009805  453/1024 = 0.4423828125
707/5005  0.009388  486/1024 = 0.474609375
711/5005  0.009441  486/1024 = 0.474609375
715/5005  0.009857  446/1024 = 0.435546875
719/5005  0.009270  493/1024 = 0.4814453125
723/5005  0.009673  445/1024 = 0.4345703125
727/5005  0.009149  479/1024 = 0.4677734375
731/5005  0.009298  483/1024 = 0.4716796875
735/5005  0.009394  482/1024 = 0.470703125
739/5005  0.009730  465/1024 = 0.4541015625
743/5005  0.009750  459/1024 = 0.4482421875
747/5005  0.009426  476/1024 = 0.46484375
751/5005  0.010048  445/1024 = 0.4345703125
755/5005  0.008724  513/1024 = 0.5009765625
759/5005  0.008827  499/1024 = 0.4873046875
763/5005  0.009685  463/1024 = 0.4521484375
767/5005  0.009403  461/1024 = 0.4501953125
771/5005  0.009168  477/1024 = 0.4658203125
775/5005  0.009205  489/1024 = 0.4775390625
779/5005  0.009465  481/1024 = 0.4697265625
783/5005  0.009499  476/1024 = 0.46484375
787/5005  0.009541  489/1024 = 0.4775390625
791/5005  0.009335  469/1024 = 0.4580078125
795/5005  0.009456  481/1024 = 0.4697265625
799/5005  0.009031  493/1024 = 0.4814453125
803/5005  0.009088  485/1024 = 0.4736328125
807/5005  0.009902  457/1024 = 0.4462890625
811/5005  0.009124  490/1024 = 0.478515625
815/5005  0.009989  436/1024 = 0.42578125
819/5005  0.009032  506/1024 = 0.494140625
823/5005  0.009393  478/1024 = 0.466796875
827/5005  0.009054  486/1024 = 0.474609375
831/5005  0.009353  482/1024 = 0.470703125
835/5005  0.009688  454/1024 = 0.443359375
839/5005  0.009025  502/1024 = 0.490234375
843/5005  0.009567  481/1024 = 0.4697265625
847/5005  0.009753  475/1024 = 0.4638671875
851/5005  0.009791  437/1024 = 0.4267578125
855/5005  0.009860  468/1024 = 0.45703125
859/5005  0.008971  482/1024 = 0.470703125
863/5005  0.009733  440/1024 = 0.4296875
867/5005  0.009312  502/1024 = 0.490234375
871/5005  0.009515  452/1024 = 0.44140625
875/5005  0.009499  473/1024 = 0.4619140625
879/5005  0.009437  479/1024 = 0.4677734375
883/5005  0.009131  477/1024 = 0.4658203125
887/5005  0.009821  443/1024 = 0.4326171875
891/5005  0.009689  460/1024 = 0.44921875
895/5005  0.008845  519/1024 = 0.5068359375
899/5005  0.009513  487/1024 = 0.4755859375
903/5005  0.009530  496/1024 = 0.484375
907/5005  0.009383  467/1024 = 0.4560546875
911/5005  0.009315  474/1024 = 0.462890625
915/5005  0.009593  481/1024 = 0.4697265625
919/5005  0.009352  449/1024 = 0.4384765625
923/5005  0.008821  495/1024 = 0.4833984375
927/5005  0.009099  465/1024 = 0.4541015625
931/5005  0.009173  499/1024 = 0.4873046875
935/5005  0.009545  457/1024 = 0.4462890625
939/5005  0.009895  463/1024 = 0.4521484375
943/5005  0.008975  491/1024 = 0.4794921875
947/5005  0.009460  461/1024 = 0.4501953125
951/5005  0.009180  493/1024 = 0.4814453125
955/5005  0.009196  501/1024 = 0.4892578125
959/5005  0.009242  483/1024 = 0.4716796875
963/5005  0.009632  476/1024 = 0.46484375
967/5005  0.009555  458/1024 = 0.447265625
971/5005  0.009474  473/1024 = 0.4619140625
975/5005  0.009645  468/1024 = 0.45703125
979/5005  0.009720  465/1024 = 0.4541015625
983/5005  0.009529  464/1024 = 0.453125
987/5005  0.009284  461/1024 = 0.4501953125
991/5005  0.009257  511/1024 = 0.4990234375
995/5005  0.009121  489/1024 = 0.4775390625
999/5005  0.009715  462/1024 = 0.451171875
1003/5005  0.009212  470/1024 = 0.458984375
1007/5005  0.009742  473/1024 = 0.4619140625
1011/5005  0.009123  481/1024 = 0.4697265625
1015/5005  0.009535  469/1024 = 0.4580078125
1019/5005  0.009374  486/1024 = 0.474609375
1023/5005  0.009506  459/1024 = 0.4482421875
1027/5005  0.009092  465/1024 = 0.4541015625
1031/5005  0.009377  495/1024 = 0.4833984375
1035/5005  0.009770  466/1024 = 0.455078125
1039/5005  0.009296  472/1024 = 0.4609375
1043/5005  0.009528  444/1024 = 0.43359375
1047/5005  0.009676  479/1024 = 0.4677734375
1051/5005  0.009585  467/1024 = 0.4560546875
1055/5005  0.009395  470/1024 = 0.458984375
1059/5005  0.009519  460/1024 = 0.44921875
1063/5005  0.009443  465/1024 = 0.4541015625
1067/5005  0.009911  464/1024 = 0.453125
1071/5005  0.009351  455/1024 = 0.4443359375
1075/5005  0.009389  477/1024 = 0.4658203125
1079/5005  0.009347  488/1024 = 0.4765625
1083/5005  0.009390  499/1024 = 0.4873046875
1087/5005  0.009106  472/1024 = 0.4609375
1091/5005  0.009643  469/1024 = 0.4580078125
1095/5005  0.009541  463/1024 = 0.4521484375
1099/5005  0.008911  513/1024 = 0.5009765625
1103/5005  0.009288  466/1024 = 0.455078125
1107/5005  0.010101  469/1024 = 0.4580078125
1111/5005  0.009541  450/1024 = 0.439453125
1115/5005  0.009713  456/1024 = 0.4453125
1119/5005  0.009176  482/1024 = 0.470703125
1123/5005  0.009294  463/1024 = 0.4521484375
1127/5005  0.010037  447/1024 = 0.4365234375
1131/5005  0.009413  470/1024 = 0.458984375
1135/5005  0.009726  454/1024 = 0.443359375
1139/5005  0.009905  438/1024 = 0.427734375
1143/5005  0.009374  483/1024 = 0.4716796875
1147/5005  0.009507  464/1024 = 0.453125
1151/5005  0.009294  460/1024 = 0.44921875
1155/5005  0.009621  468/1024 = 0.45703125
1159/5005  0.010272  448/1024 = 0.4375
1163/5005  0.009083  504/1024 = 0.4921875
1167/5005  0.009596  474/1024 = 0.462890625
1171/5005  0.009329  465/1024 = 0.4541015625
1175/5005  0.009659  466/1024 = 0.455078125
1179/5005  0.009687  464/1024 = 0.453125
1183/5005  0.009921  466/1024 = 0.455078125
1187/5005  0.009480  469/1024 = 0.4580078125
1191/5005  0.009606  491/1024 = 0.4794921875
1195/5005  0.009231  482/1024 = 0.470703125
1199/5005  0.009700  458/1024 = 0.447265625
1203/5005  0.009562  469/1024 = 0.4580078125
1207/5005  0.009654  473/1024 = 0.4619140625
1211/5005  0.009066  505/1024 = 0.4931640625
1215/5005  0.009443  467/1024 = 0.4560546875
1219/5005  0.008983  493/1024 = 0.4814453125
1223/5005  0.009126  486/1024 = 0.474609375
1227/5005  0.009703  464/1024 = 0.453125
1231/5005  0.009401  475/1024 = 0.4638671875
1235/5005  0.009478  478/1024 = 0.466796875
1239/5005  0.009412  450/1024 = 0.439453125
1243/5005  0.008850  490/1024 = 0.478515625
1247/5005  0.009317  494/1024 = 0.482421875
1251/5005  0.009325  479/1024 = 0.4677734375
1255/5005  0.010158  444/1024 = 0.43359375
1259/5005  0.009175  495/1024 = 0.4833984375
1263/5005  0.009942  456/1024 = 0.4453125
1267/5005  0.009920  450/1024 = 0.439453125
1271/5005  0.009901  451/1024 = 0.4404296875
1275/5005  0.009381  472/1024 = 0.4609375
1279/5005  0.009453  481/1024 = 0.4697265625
1283/5005  0.009116  481/1024 = 0.4697265625
1287/5005  0.009412  469/1024 = 0.4580078125
1291/5005  0.008848  497/1024 = 0.4853515625
1295/5005  0.009050  492/1024 = 0.48046875
1299/5005  0.009256  476/1024 = 0.46484375
1303/5005  0.009494  485/1024 = 0.4736328125
1307/5005  0.009367  492/1024 = 0.48046875
1311/5005  0.009371  476/1024 = 0.46484375
1315/5005  0.009485  476/1024 = 0.46484375
1319/5005  0.009646  476/1024 = 0.46484375
1323/5005  0.009869  432/1024 = 0.421875
1327/5005  0.009250  489/1024 = 0.4775390625
1331/5005  0.009156  480/1024 = 0.46875
1335/5005  0.009813  466/1024 = 0.455078125
1339/5005  0.009816  466/1024 = 0.455078125
1343/5005  0.009438  474/1024 = 0.462890625
1347/5005  0.010015  454/1024 = 0.443359375
1351/5005  0.009533  450/1024 = 0.439453125
1355/5005  0.008994  502/1024 = 0.490234375
1359/5005  0.009906  453/1024 = 0.4423828125
1363/5005  0.010033  453/1024 = 0.4423828125
1367/5005  0.009279  472/1024 = 0.4609375
1371/5005  0.009525  471/1024 = 0.4599609375
1375/5005  0.009481  468/1024 = 0.45703125
1379/5005  0.009118  500/1024 = 0.48828125
1383/5005  0.008998  496/1024 = 0.484375
1387/5005  0.009366  486/1024 = 0.474609375
1391/5005  0.008875  502/1024 = 0.490234375
1395/5005  0.009839  449/1024 = 0.4384765625
1399/5005  0.009574  470/1024 = 0.458984375
1403/5005  0.009196  467/1024 = 0.4560546875
1407/5005  0.009365  488/1024 = 0.4765625
1411/5005  0.009638  489/1024 = 0.4775390625
1415/5005  0.009578  461/1024 = 0.4501953125
1419/5005  0.009483  481/1024 = 0.4697265625
1423/5005  0.009835  448/1024 = 0.4375
1427/5005  0.009675  460/1024 = 0.44921875
1431/5005  0.009870  464/1024 = 0.453125
1435/5005  0.009051  499/1024 = 0.4873046875
1439/5005  0.009177  480/1024 = 0.46875
1443/5005  0.009729  458/1024 = 0.447265625
1447/5005  0.009726  482/1024 = 0.470703125
1451/5005  0.009719  456/1024 = 0.4453125
1455/5005  0.009527  459/1024 = 0.4482421875
1459/5005  0.008914  488/1024 = 0.4765625
1463/5005  0.009270  480/1024 = 0.46875
1467/5005  0.009066  490/1024 = 0.478515625
1471/5005  0.008963  476/1024 = 0.46484375
1475/5005  0.009194  473/1024 = 0.4619140625
1479/5005  0.009502  487/1024 = 0.4755859375
1483/5005  0.009317  465/1024 = 0.4541015625
1487/5005  0.009577  460/1024 = 0.44921875
1491/5005  0.009644  463/1024 = 0.4521484375
1495/5005  0.009180  480/1024 = 0.46875
1499/5005  0.009769  451/1024 = 0.4404296875
1503/5005  0.009233  486/1024 = 0.474609375
1507/5005  0.010236  459/1024 = 0.4482421875
1511/5005  0.009261  476/1024 = 0.46484375
1515/5005  0.009797  465/1024 = 0.4541015625
1519/5005  0.009187  491/1024 = 0.4794921875
1523/5005  0.009917  452/1024 = 0.44140625
1527/5005  0.009545  449/1024 = 0.4384765625
1531/5005  0.009426  493/1024 = 0.4814453125
1535/5005  0.009702  474/1024 = 0.462890625
1539/5005  0.009978  449/1024 = 0.4384765625
1543/5005  0.009493  476/1024 = 0.46484375
1547/5005  0.009368  464/1024 = 0.453125
1551/5005  0.008932  492/1024 = 0.48046875
1555/5005  0.009344  470/1024 = 0.458984375
1559/5005  0.009160  472/1024 = 0.4609375
1563/5005  0.008797  500/1024 = 0.48828125
1567/5005  0.008864  505/1024 = 0.4931640625
1571/5005  0.009115  481/1024 = 0.4697265625
1575/5005  0.009208  491/1024 = 0.4794921875
1579/5005  0.009861  453/1024 = 0.4423828125
1583/5005  0.009541  467/1024 = 0.4560546875
1587/5005  0.009225  484/1024 = 0.47265625
1591/5005  0.009342  485/1024 = 0.4736328125
1595/5005  0.009486  460/1024 = 0.44921875
1599/5005  0.009373  468/1024 = 0.45703125
1603/5005  0.009873  476/1024 = 0.46484375
1607/5005  0.009209  490/1024 = 0.478515625
1611/5005  0.009091  495/1024 = 0.4833984375
1615/5005  0.009129  503/1024 = 0.4912109375
1619/5005  0.009853  473/1024 = 0.4619140625
1623/5005  0.009275  501/1024 = 0.4892578125
1627/5005  0.008936  498/1024 = 0.486328125
1631/5005  0.009777  462/1024 = 0.451171875
1635/5005  0.009500  470/1024 = 0.458984375
1639/5005  0.009090  490/1024 = 0.478515625
1643/5005  0.009761  454/1024 = 0.443359375
1647/5005  0.010122  451/1024 = 0.4404296875
1651/5005  0.009732  457/1024 = 0.4462890625
1655/5005  0.009151  500/1024 = 0.48828125
1659/5005  0.009280  480/1024 = 0.46875
1663/5005  0.009164  500/1024 = 0.48828125
1667/5005  0.009374  470/1024 = 0.458984375
1671/5005  0.009256  474/1024 = 0.462890625
1675/5005  0.009255  482/1024 = 0.470703125
1679/5005  0.009219  487/1024 = 0.4755859375
1683/5005  0.009738  460/1024 = 0.44921875
1687/5005  0.009320  479/1024 = 0.4677734375
1691/5005  0.009904  460/1024 = 0.44921875
1695/5005  0.009773  443/1024 = 0.4326171875
1699/5005  0.008844  482/1024 = 0.470703125
1703/5005  0.009560  477/1024 = 0.4658203125
1707/5005  0.009669  471/1024 = 0.4599609375
1711/5005  0.009041  490/1024 = 0.478515625
1715/5005  0.009786  473/1024 = 0.4619140625
1719/5005  0.009673  479/1024 = 0.4677734375
1723/5005  0.009279  480/1024 = 0.46875
1727/5005  0.008845  508/1024 = 0.49609375
1731/5005  0.009386  485/1024 = 0.4736328125
1735/5005  0.009801  465/1024 = 0.4541015625
1739/5005  0.009897  444/1024 = 0.43359375
1743/5005  0.009287  486/1024 = 0.474609375
1747/5005  0.009519  458/1024 = 0.447265625
1751/5005  0.009201  481/1024 = 0.4697265625
1755/5005  0.009188  491/1024 = 0.4794921875
1759/5005  0.009574  476/1024 = 0.46484375
1763/5005  0.008926  498/1024 = 0.486328125
1767/5005  0.009186  472/1024 = 0.4609375
1771/5005  0.009384  481/1024 = 0.4697265625
1775/5005  0.009998  450/1024 = 0.439453125
1779/5005  0.009423  469/1024 = 0.4580078125
1783/5005  0.009569  465/1024 = 0.4541015625
1787/5005  0.009326  486/1024 = 0.474609375
1791/5005  0.009785  457/1024 = 0.4462890625
1795/5005  0.009439  483/1024 = 0.4716796875
1799/5005  0.009230  474/1024 = 0.462890625
1803/5005  0.009957  456/1024 = 0.4453125
1807/5005  0.009531  452/1024 = 0.44140625
1811/5005  0.008963  485/1024 = 0.4736328125
1815/5005  0.008967  462/1024 = 0.451171875
1819/5005  0.009293  487/1024 = 0.4755859375
1823/5005  0.009014  506/1024 = 0.494140625
1827/5005  0.009435  470/1024 = 0.458984375
1831/5005  0.009563  483/1024 = 0.4716796875
1835/5005  0.009324  484/1024 = 0.47265625
1839/5005  0.009588  464/1024 = 0.453125
1843/5005  0.009633  462/1024 = 0.451171875
1847/5005  0.009629  452/1024 = 0.44140625
1851/5005  0.009300  492/1024 = 0.48046875
1855/5005  0.009871  459/1024 = 0.4482421875
1859/5005  0.009606  472/1024 = 0.4609375
1863/5005  0.009388  484/1024 = 0.47265625
1867/5005  0.009349  473/1024 = 0.4619140625
1871/5005  0.009517  473/1024 = 0.4619140625
1875/5005  0.009033  481/1024 = 0.4697265625
1879/5005  0.009044  469/1024 = 0.4580078125
1883/5005  0.009928  440/1024 = 0.4296875
1887/5005  0.009571  470/1024 = 0.458984375
1891/5005  0.009212  462/1024 = 0.451171875
1895/5005  0.008944  481/1024 = 0.4697265625
1899/5005  0.009404  473/1024 = 0.4619140625
1903/5005  0.009571  459/1024 = 0.4482421875
1907/5005  0.009480  478/1024 = 0.466796875
1911/5005  0.009769  445/1024 = 0.4345703125
1915/5005  0.009843  446/1024 = 0.435546875
1919/5005  0.009996  473/1024 = 0.4619140625
1923/5005  0.009168  484/1024 = 0.47265625
1927/5005  0.009435  452/1024 = 0.44140625
1931/5005  0.010136  442/1024 = 0.431640625
1935/5005  0.009414  457/1024 = 0.4462890625
1939/5005  0.008983  481/1024 = 0.4697265625
1943/5005  0.009726  462/1024 = 0.451171875
1947/5005  0.008968  500/1024 = 0.48828125
1951/5005  0.009492  468/1024 = 0.45703125
1955/5005  0.009847  449/1024 = 0.4384765625
1959/5005  0.010039  456/1024 = 0.4453125
1963/5005  0.009110  490/1024 = 0.478515625
1967/5005  0.009672  469/1024 = 0.4580078125
1971/5005  0.009339  478/1024 = 0.466796875
1975/5005  0.009489  481/1024 = 0.4697265625
1979/5005  0.009096  467/1024 = 0.4560546875
1983/5005  0.009303  470/1024 = 0.458984375
1987/5005  0.009611  474/1024 = 0.462890625
1991/5005  0.009605  488/1024 = 0.4765625
1995/5005  0.009675  481/1024 = 0.4697265625
1999/5005  0.009556  472/1024 = 0.4609375
2003/5005  0.009536  470/1024 = 0.458984375
2007/5005  0.009302  480/1024 = 0.46875
2011/5005  0.009046  493/1024 = 0.4814453125
2015/5005  0.009827  464/1024 = 0.453125
2019/5005  0.009543  471/1024 = 0.4599609375
2023/5005  0.009439  450/1024 = 0.439453125
2027/5005  0.009092  483/1024 = 0.4716796875
2031/5005  0.009340  477/1024 = 0.4658203125
2035/5005  0.009462  492/1024 = 0.48046875
2039/5005  0.009526  476/1024 = 0.46484375
2043/5005  0.009168  487/1024 = 0.4755859375
2047/5005  0.009189  479/1024 = 0.4677734375
2051/5005  0.010025  451/1024 = 0.4404296875
2055/5005  0.009788  466/1024 = 0.455078125
2059/5005  0.009312  489/1024 = 0.4775390625
2063/5005  0.009650  457/1024 = 0.4462890625
2067/5005  0.009935  445/1024 = 0.4345703125
2071/5005  0.009685  451/1024 = 0.4404296875
2075/5005  0.009957  454/1024 = 0.443359375
2079/5005  0.009760  456/1024 = 0.4453125
2083/5005  0.009069  506/1024 = 0.494140625
2087/5005  0.010132  453/1024 = 0.4423828125
2091/5005  0.009714  460/1024 = 0.44921875
2095/5005  0.009499  478/1024 = 0.466796875
2099/5005  0.009554  455/1024 = 0.4443359375
2103/5005  0.009217  486/1024 = 0.474609375
2107/5005  0.009452  455/1024 = 0.4443359375
2111/5005  0.009100  477/1024 = 0.4658203125
2115/5005  0.009857  455/1024 = 0.4443359375
2119/5005  0.009464  480/1024 = 0.46875
2123/5005  0.009143  496/1024 = 0.484375
2127/5005  0.009850  452/1024 = 0.44140625
2131/5005  0.009703  486/1024 = 0.474609375
2135/5005  0.009565  470/1024 = 0.458984375
2139/5005  0.009361  492/1024 = 0.48046875
2143/5005  0.009419  482/1024 = 0.470703125
2147/5005  0.009136  496/1024 = 0.484375
2151/5005  0.009594  449/1024 = 0.4384765625
2155/5005  0.009418  475/1024 = 0.4638671875
2159/5005  0.009696  450/1024 = 0.439453125
2163/5005  0.009109  489/1024 = 0.4775390625
2167/5005  0.009498  457/1024 = 0.4462890625
2171/5005  0.009369  482/1024 = 0.470703125
2175/5005  0.010085  439/1024 = 0.4287109375
2179/5005  0.009261  501/1024 = 0.4892578125
2183/5005  0.009098  492/1024 = 0.48046875
2187/5005  0.009700  483/1024 = 0.4716796875
2191/5005  0.009491  478/1024 = 0.466796875
2195/5005  0.009824  463/1024 = 0.4521484375
2199/5005  0.009712  458/1024 = 0.447265625
2203/5005  0.009482  473/1024 = 0.4619140625
2207/5005  0.009225  474/1024 = 0.462890625
2211/5005  0.009496  476/1024 = 0.46484375
2215/5005  0.009069  488/1024 = 0.4765625
2219/5005  0.009580  465/1024 = 0.4541015625
2223/5005  0.009504  456/1024 = 0.4453125
2227/5005  0.009290  479/1024 = 0.4677734375
2231/5005  0.009313  461/1024 = 0.4501953125
2235/5005  0.009461  479/1024 = 0.4677734375
2239/5005  0.008786  497/1024 = 0.4853515625
2243/5005  0.009655  466/1024 = 0.455078125
2247/5005  0.009377  486/1024 = 0.474609375
2251/5005  0.009276  479/1024 = 0.4677734375
2255/5005  0.008624  499/1024 = 0.4873046875
2259/5005  0.009429  482/1024 = 0.470703125
2263/5005  0.009588  457/1024 = 0.4462890625
2267/5005  0.009543  489/1024 = 0.4775390625
2271/5005  0.009026  491/1024 = 0.4794921875
2275/5005  0.010016  472/1024 = 0.4609375
2279/5005  0.009330  475/1024 = 0.4638671875
2283/5005  0.009653  479/1024 = 0.4677734375
2287/5005  0.009768  450/1024 = 0.439453125
2291/5005  0.009709  461/1024 = 0.4501953125
2295/5005  0.009290  502/1024 = 0.490234375
2299/5005  0.009856  462/1024 = 0.451171875
2303/5005  0.009512  467/1024 = 0.4560546875
2307/5005  0.009835  449/1024 = 0.4384765625
2311/5005  0.009453  472/1024 = 0.4609375
2315/5005  0.009748  475/1024 = 0.4638671875
2319/5005  0.009385  484/1024 = 0.47265625
2323/5005  0.009615  474/1024 = 0.462890625
2327/5005  0.008865  501/1024 = 0.4892578125
2331/5005  0.008779  508/1024 = 0.49609375
2335/5005  0.009508  459/1024 = 0.4482421875
2339/5005  0.008906  517/1024 = 0.5048828125
2343/5005  0.009716  461/1024 = 0.4501953125
2347/5005  0.008991  480/1024 = 0.46875
2351/5005  0.009075  493/1024 = 0.4814453125
2355/5005  0.009497  478/1024 = 0.466796875
2359/5005  0.009516  463/1024 = 0.4521484375
2363/5005  0.009751  471/1024 = 0.4599609375
2367/5005  0.009378  466/1024 = 0.455078125
2371/5005  0.009614  471/1024 = 0.4599609375
2375/5005  0.009859  470/1024 = 0.458984375
2379/5005  0.009146  467/1024 = 0.4560546875
2383/5005  0.009382  462/1024 = 0.451171875
2387/5005  0.009184  473/1024 = 0.4619140625
2391/5005  0.009359  483/1024 = 0.4716796875
2395/5005  0.009511  477/1024 = 0.4658203125
2399/5005  0.009446  469/1024 = 0.4580078125
2403/5005  0.009525  449/1024 = 0.4384765625
2407/5005  0.009531  455/1024 = 0.4443359375
2411/5005  0.009704  454/1024 = 0.443359375
2415/5005  0.009391  460/1024 = 0.44921875
2419/5005  0.009615  470/1024 = 0.458984375
2423/5005  0.009408  489/1024 = 0.4775390625
2427/5005  0.009889  448/1024 = 0.4375
2431/5005  0.009529  465/1024 = 0.4541015625
2435/5005  0.009472  488/1024 = 0.4765625
2439/5005  0.009458  482/1024 = 0.470703125
2443/5005  0.009513  459/1024 = 0.4482421875
2447/5005  0.009168  481/1024 = 0.4697265625
2451/5005  0.009532  480/1024 = 0.46875
2455/5005  0.009555  449/1024 = 0.4384765625
2459/5005  0.009110  515/1024 = 0.5029296875
2463/5005  0.009878  462/1024 = 0.451171875
2467/5005  0.009276  478/1024 = 0.466796875
2471/5005  0.009501  486/1024 = 0.474609375
2475/5005  0.008951  497/1024 = 0.4853515625
2479/5005  0.009532  463/1024 = 0.4521484375
2483/5005  0.009086  488/1024 = 0.4765625
2487/5005  0.009466  479/1024 = 0.4677734375
2491/5005  0.009434  491/1024 = 0.4794921875
2495/5005  0.009294  488/1024 = 0.4765625
2499/5005  0.009032  508/1024 = 0.49609375
2503/5005  0.008760  477/1024 = 0.4658203125
2507/5005  0.009336  475/1024 = 0.4638671875
2511/5005  0.009900  449/1024 = 0.4384765625
2515/5005  0.009256  483/1024 = 0.4716796875
2519/5005  0.009981  472/1024 = 0.4609375
2523/5005  0.009228  487/1024 = 0.4755859375
2527/5005  0.009724  477/1024 = 0.4658203125
2531/5005  0.009482  480/1024 = 0.46875
2535/5005  0.009454  458/1024 = 0.447265625
2539/5005  0.009635  467/1024 = 0.4560546875
2543/5005  0.009239  489/1024 = 0.4775390625
2547/5005  0.009782  477/1024 = 0.4658203125
2551/5005  0.009428  480/1024 = 0.46875
2555/5005  0.009493  490/1024 = 0.478515625
2559/5005  0.009594  456/1024 = 0.4453125
2563/5005  0.009786  476/1024 = 0.46484375
2567/5005  0.009522  466/1024 = 0.455078125
2571/5005  0.009689  481/1024 = 0.4697265625
2575/5005  0.009865  469/1024 = 0.4580078125
2579/5005  0.009882  457/1024 = 0.4462890625
2583/5005  0.009466  461/1024 = 0.4501953125
2587/5005  0.009415  460/1024 = 0.44921875
2591/5005  0.009596  482/1024 = 0.470703125
2595/5005  0.009725  482/1024 = 0.470703125
2599/5005  0.009396  479/1024 = 0.4677734375
2603/5005  0.009876  449/1024 = 0.4384765625
2607/5005  0.009590  464/1024 = 0.453125
2611/5005  0.009326  473/1024 = 0.4619140625
2615/5005  0.008913  509/1024 = 0.4970703125
2619/5005  0.009195  480/1024 = 0.46875
2623/5005  0.009327  482/1024 = 0.470703125
2627/5005  0.009759  462/1024 = 0.451171875
2631/5005  0.009689  465/1024 = 0.4541015625
2635/5005  0.009277  474/1024 = 0.462890625
2639/5005  0.009048  484/1024 = 0.47265625
2643/5005  0.009291  486/1024 = 0.474609375
2647/5005  0.009197  489/1024 = 0.4775390625
2651/5005  0.009473  481/1024 = 0.4697265625
2655/5005  0.009265  484/1024 = 0.47265625
2659/5005  0.009422  475/1024 = 0.4638671875
2663/5005  0.009801  460/1024 = 0.44921875
2667/5005  0.009186  502/1024 = 0.490234375
2671/5005  0.009055  505/1024 = 0.4931640625
2675/5005  0.009630  446/1024 = 0.435546875
2679/5005  0.009565  472/1024 = 0.4609375
2683/5005  0.009493  479/1024 = 0.4677734375
2687/5005  0.009361  494/1024 = 0.482421875
2691/5005  0.009024  472/1024 = 0.4609375
2695/5005  0.009184  481/1024 = 0.4697265625
2699/5005  0.009122  482/1024 = 0.470703125
2703/5005  0.009054  494/1024 = 0.482421875
2707/5005  0.009444  459/1024 = 0.4482421875
2711/5005  0.008780  504/1024 = 0.4921875
2715/5005  0.009800  448/1024 = 0.4375
2719/5005  0.009510  450/1024 = 0.439453125
2723/5005  0.009258  496/1024 = 0.484375
2727/5005  0.009205  476/1024 = 0.46484375
2731/5005  0.009488  465/1024 = 0.4541015625
2735/5005  0.010304  436/1024 = 0.42578125
2739/5005  0.009407  479/1024 = 0.4677734375
2743/5005  0.009461  467/1024 = 0.4560546875
2747/5005  0.009428  479/1024 = 0.4677734375
2751/5005  0.009592  483/1024 = 0.4716796875
2755/5005  0.009321  490/1024 = 0.478515625
2759/5005  0.009447  484/1024 = 0.47265625
2763/5005  0.009154  474/1024 = 0.462890625
2767/5005  0.009633  478/1024 = 0.466796875
2771/5005  0.009972  434/1024 = 0.423828125
2775/5005  0.009477  482/1024 = 0.470703125
2779/5005  0.009547  476/1024 = 0.46484375
2783/5005  0.009424  475/1024 = 0.4638671875
2787/5005  0.009294  489/1024 = 0.4775390625
2791/5005  0.009152  487/1024 = 0.4755859375
2795/5005  0.009574  477/1024 = 0.4658203125
2799/5005  0.009444  461/1024 = 0.4501953125
2803/5005  0.009560  491/1024 = 0.4794921875
2807/5005  0.009320  469/1024 = 0.4580078125
2811/5005  0.009688  454/1024 = 0.443359375
2815/5005  0.009270  493/1024 = 0.4814453125
2819/5005  0.009308  487/1024 = 0.4755859375
2823/5005  0.008785  510/1024 = 0.498046875
2827/5005  0.009497  471/1024 = 0.4599609375
2831/5005  0.009001  496/1024 = 0.484375
2835/5005  0.009406  472/1024 = 0.4609375
2839/5005  0.009503  469/1024 = 0.4580078125
2843/5005  0.008906  499/1024 = 0.4873046875
2847/5005  0.009078  501/1024 = 0.4892578125
2851/5005  0.008895  487/1024 = 0.4755859375
2855/5005  0.008944  511/1024 = 0.4990234375
2859/5005  0.009204  473/1024 = 0.4619140625
2863/5005  0.008953  501/1024 = 0.4892578125
2867/5005  0.009251  501/1024 = 0.4892578125
2871/5005  0.009070  491/1024 = 0.4794921875
2875/5005  0.009542  483/1024 = 0.4716796875
2879/5005  0.009161  471/1024 = 0.4599609375
2883/5005  0.009746  478/1024 = 0.466796875
2887/5005  0.009700  471/1024 = 0.4599609375
2891/5005  0.009895  457/1024 = 0.4462890625
2895/5005  0.009966  462/1024 = 0.451171875
2899/5005  0.009284  487/1024 = 0.4755859375
2903/5005  0.008848  515/1024 = 0.5029296875
2907/5005  0.008866  499/1024 = 0.4873046875
2911/5005  0.009188  484/1024 = 0.47265625
2915/5005  0.008715  506/1024 = 0.494140625
2919/5005  0.009166  479/1024 = 0.4677734375
2923/5005  0.009543  452/1024 = 0.44140625
2927/5005  0.009245  486/1024 = 0.474609375
2931/5005  0.009416  456/1024 = 0.4453125
2935/5005  0.009469  462/1024 = 0.451171875
2939/5005  0.009461  470/1024 = 0.458984375
2943/5005  0.009750  478/1024 = 0.466796875
2947/5005  0.009729  458/1024 = 0.447265625
2951/5005  0.009320  468/1024 = 0.45703125
2955/5005  0.009322  469/1024 = 0.4580078125
2959/5005  0.009028  488/1024 = 0.4765625
2963/5005  0.009628  479/1024 = 0.4677734375
2967/5005  0.009182  484/1024 = 0.47265625
2971/5005  0.009442  475/1024 = 0.4638671875
2975/5005  0.009859  466/1024 = 0.455078125
2979/5005  0.009259  489/1024 = 0.4775390625
2983/5005  0.009429  481/1024 = 0.4697265625
2987/5005  0.009650  498/1024 = 0.486328125
2991/5005  0.009267  474/1024 = 0.462890625
2995/5005  0.009621  451/1024 = 0.4404296875
2999/5005  0.009136  491/1024 = 0.4794921875
3003/5005  0.009378  481/1024 = 0.4697265625
3007/5005  0.009169  483/1024 = 0.4716796875
3011/5005  0.009529  460/1024 = 0.44921875
3015/5005  0.009169  489/1024 = 0.4775390625
3019/5005  0.009036  479/1024 = 0.4677734375
3023/5005  0.009689  463/1024 = 0.4521484375
3027/5005  0.009449  471/1024 = 0.4599609375
3031/5005  0.009048  507/1024 = 0.4951171875
3035/5005  0.009460  488/1024 = 0.4765625
3039/5005  0.009693  468/1024 = 0.45703125
3043/5005  0.009532  468/1024 = 0.45703125
3047/5005  0.009638  458/1024 = 0.447265625
3051/5005  0.009354  463/1024 = 0.4521484375
3055/5005  0.009707  441/1024 = 0.4306640625
3059/5005  0.009325  497/1024 = 0.4853515625
3063/5005  0.009408  488/1024 = 0.4765625
3067/5005  0.010040  451/1024 = 0.4404296875
3071/5005  0.009437  469/1024 = 0.4580078125
3075/5005  0.009412  472/1024 = 0.4609375
3079/5005  0.008893  488/1024 = 0.4765625
3083/5005  0.009197  480/1024 = 0.46875
3087/5005  0.009287  460/1024 = 0.44921875
3091/5005  0.009251  481/1024 = 0.4697265625
3095/5005  0.009258  467/1024 = 0.4560546875
3099/5005  0.009396  480/1024 = 0.46875
3103/5005  0.009690  469/1024 = 0.4580078125
3107/5005  0.009587  489/1024 = 0.4775390625
3111/5005  0.009489  478/1024 = 0.466796875
3115/5005  0.008990  505/1024 = 0.4931640625
3119/5005  0.008965  504/1024 = 0.4921875
3123/5005  0.009564  483/1024 = 0.4716796875
3127/5005  0.008660  503/1024 = 0.4912109375
3131/5005  0.009835  470/1024 = 0.458984375
3135/5005  0.009525  460/1024 = 0.44921875
3139/5005  0.009644  478/1024 = 0.466796875
3143/5005  0.009275  498/1024 = 0.486328125
3147/5005  0.009479  484/1024 = 0.47265625
3151/5005  0.008871  495/1024 = 0.4833984375
3155/5005  0.008963  481/1024 = 0.4697265625
3159/5005  0.009607  466/1024 = 0.455078125
3163/5005  0.009118  482/1024 = 0.470703125
3167/5005  0.009424  471/1024 = 0.4599609375
3171/5005  0.009612  456/1024 = 0.4453125
3175/5005  0.009505  473/1024 = 0.4619140625
3179/5005  0.009495  471/1024 = 0.4599609375
3183/5005  0.009799  461/1024 = 0.4501953125
3187/5005  0.009046  477/1024 = 0.4658203125
3191/5005  0.009725  450/1024 = 0.439453125
3195/5005  0.009340  461/1024 = 0.4501953125
3199/5005  0.009422  465/1024 = 0.4541015625
3203/5005  0.009417  473/1024 = 0.4619140625
3207/5005  0.010186  435/1024 = 0.4248046875
3211/5005  0.009069  485/1024 = 0.4736328125
3215/5005  0.008960  489/1024 = 0.4775390625
3219/5005  0.009226  489/1024 = 0.4775390625
3223/5005  0.009703  472/1024 = 0.4609375
3227/5005  0.009456  473/1024 = 0.4619140625
3231/5005  0.009771  452/1024 = 0.44140625
3235/5005  0.009135  481/1024 = 0.4697265625
3239/5005  0.008950  494/1024 = 0.482421875
3243/5005  0.009480  472/1024 = 0.4609375
3247/5005  0.010264  453/1024 = 0.4423828125
3251/5005  0.009247  463/1024 = 0.4521484375
3255/5005  0.009000  484/1024 = 0.47265625
3259/5005  0.008983  505/1024 = 0.4931640625
3263/5005  0.009149  479/1024 = 0.4677734375
3267/5005  0.009538  468/1024 = 0.45703125
3271/5005  0.009053  504/1024 = 0.4921875
3275/5005  0.009509  464/1024 = 0.453125
3279/5005  0.009578  474/1024 = 0.462890625
3283/5005  0.009215  490/1024 = 0.478515625
3287/5005  0.009462  459/1024 = 0.4482421875
3291/5005  0.009379  474/1024 = 0.462890625
3295/5005  0.009630  457/1024 = 0.4462890625
3299/5005  0.009339  501/1024 = 0.4892578125
3303/5005  0.009537  479/1024 = 0.4677734375
3307/5005  0.009596  455/1024 = 0.4443359375
3311/5005  0.009469  462/1024 = 0.451171875
3315/5005  0.009929  452/1024 = 0.44140625
3319/5005  0.009751  458/1024 = 0.447265625
3323/5005  0.008893  480/1024 = 0.46875
3327/5005  0.009026  488/1024 = 0.4765625
3331/5005  0.009615  468/1024 = 0.45703125
3335/5005  0.009000  479/1024 = 0.4677734375
3339/5005  0.008806  485/1024 = 0.4736328125
3343/5005  0.009051  464/1024 = 0.453125
3347/5005  0.009019  487/1024 = 0.4755859375
3351/5005  0.009096  498/1024 = 0.486328125
3355/5005  0.009812  469/1024 = 0.4580078125
3359/5005  0.009161  486/1024 = 0.474609375
3363/5005  0.009659  470/1024 = 0.458984375
3367/5005  0.009405  486/1024 = 0.474609375
3371/5005  0.009143  501/1024 = 0.4892578125
3375/5005  0.009807  460/1024 = 0.44921875
3379/5005  0.009866  468/1024 = 0.45703125
3383/5005  0.009253  475/1024 = 0.4638671875
3387/5005  0.008888  502/1024 = 0.490234375
3391/5005  0.009218  467/1024 = 0.4560546875
3395/5005  0.009031  507/1024 = 0.4951171875
3399/5005  0.009145  492/1024 = 0.48046875
3403/5005  0.009538  499/1024 = 0.4873046875
3407/5005  0.009698  446/1024 = 0.435546875
3411/5005  0.009468  474/1024 = 0.462890625
3415/5005  0.009506  474/1024 = 0.462890625
3419/5005  0.009636  445/1024 = 0.4345703125
3423/5005  0.009276  481/1024 = 0.4697265625
3427/5005  0.009280  483/1024 = 0.4716796875
3431/5005  0.009429  464/1024 = 0.453125
3435/5005  0.009255  478/1024 = 0.466796875
3439/5005  0.009410  475/1024 = 0.4638671875
3443/5005  0.009424  496/1024 = 0.484375
3447/5005  0.009362  477/1024 = 0.4658203125
3451/5005  0.009295  505/1024 = 0.4931640625
3455/5005  0.009200  484/1024 = 0.47265625
3459/5005  0.009682  479/1024 = 0.4677734375
3463/5005  0.009598  464/1024 = 0.453125
3467/5005  0.009605  467/1024 = 0.4560546875
3471/5005  0.009139  482/1024 = 0.470703125
3475/5005  0.009255  478/1024 = 0.466796875
3479/5005  0.008863  486/1024 = 0.474609375
3483/5005  0.009544  466/1024 = 0.455078125
3487/5005  0.009004  491/1024 = 0.4794921875
3491/5005  0.008977  503/1024 = 0.4912109375
3495/5005  0.009311  478/1024 = 0.466796875
3499/5005  0.009588  485/1024 = 0.4736328125
3503/5005  0.009364  466/1024 = 0.455078125
3507/5005  0.009496  461/1024 = 0.4501953125
3511/5005  0.009783  462/1024 = 0.451171875
3515/5005  0.009619  458/1024 = 0.447265625
3519/5005  0.009355  479/1024 = 0.4677734375
3523/5005  0.009481  493/1024 = 0.4814453125
3527/5005  0.009571  473/1024 = 0.4619140625
3531/5005  0.009592  463/1024 = 0.4521484375
3535/5005  0.009154  484/1024 = 0.47265625
3539/5005  0.009519  469/1024 = 0.4580078125
3543/5005  0.009408  456/1024 = 0.4453125
3547/5005  0.009351  485/1024 = 0.4736328125
3551/5005  0.009338  479/1024 = 0.4677734375
3555/5005  0.009292  477/1024 = 0.4658203125
3559/5005  0.009526  483/1024 = 0.4716796875
3563/5005  0.009943  437/1024 = 0.4267578125
3567/5005  0.009045  498/1024 = 0.486328125
3571/5005  0.009561  474/1024 = 0.462890625
3575/5005  0.009387  484/1024 = 0.47265625
3579/5005  0.008706  490/1024 = 0.478515625
3583/5005  0.009326  479/1024 = 0.4677734375
3587/5005  0.009050  485/1024 = 0.4736328125
3591/5005  0.009459  475/1024 = 0.4638671875
3595/5005  0.009291  495/1024 = 0.4833984375
3599/5005  0.009338  496/1024 = 0.484375
3603/5005  0.009554  456/1024 = 0.4453125
3607/5005  0.009271  496/1024 = 0.484375
3611/5005  0.009191  490/1024 = 0.478515625
3615/5005  0.009739  472/1024 = 0.4609375
3619/5005  0.009687  468/1024 = 0.45703125
3623/5005  0.009527  453/1024 = 0.4423828125
3627/5005  0.009636  462/1024 = 0.451171875
3631/5005  0.009241  491/1024 = 0.4794921875
3635/5005  0.009119  474/1024 = 0.462890625
3639/5005  0.008973  493/1024 = 0.4814453125
3643/5005  0.009464  483/1024 = 0.4716796875
3647/5005  0.009460  453/1024 = 0.4423828125
3651/5005  0.009592  479/1024 = 0.4677734375
3655/5005  0.009378  460/1024 = 0.44921875
3659/5005  0.009036  517/1024 = 0.5048828125
3663/5005  0.009647  455/1024 = 0.4443359375
3667/5005  0.009471  474/1024 = 0.462890625
3671/5005  0.009297  474/1024 = 0.462890625
3675/5005  0.009602  463/1024 = 0.4521484375
3679/5005  0.009699  462/1024 = 0.451171875
3683/5005  0.009466  479/1024 = 0.4677734375
3687/5005  0.009213  471/1024 = 0.4599609375
3691/5005  0.009062  516/1024 = 0.50390625
3695/5005  0.009121  497/1024 = 0.4853515625
3699/5005  0.009116  487/1024 = 0.4755859375
3703/5005  0.009005  497/1024 = 0.4853515625
3707/5005  0.009716  475/1024 = 0.4638671875
3711/5005  0.009447  466/1024 = 0.455078125
3715/5005  0.009311  468/1024 = 0.45703125
3719/5005  0.010007  450/1024 = 0.439453125
3723/5005  0.009305  473/1024 = 0.4619140625
3727/5005  0.009636  475/1024 = 0.4638671875
3731/5005  0.009632  483/1024 = 0.4716796875
3735/5005  0.009191  494/1024 = 0.482421875
3739/5005  0.009528  457/1024 = 0.4462890625
3743/5005  0.009543  467/1024 = 0.4560546875
3747/5005  0.009612  458/1024 = 0.447265625
3751/5005  0.009133  473/1024 = 0.4619140625
3755/5005  0.009725  469/1024 = 0.4580078125
3759/5005  0.009842  453/1024 = 0.4423828125
3763/5005  0.009509  466/1024 = 0.455078125
3767/5005  0.009302  473/1024 = 0.4619140625
3771/5005  0.009069  495/1024 = 0.4833984375
3775/5005  0.009203  495/1024 = 0.4833984375
3779/5005  0.009434  465/1024 = 0.4541015625
3783/5005  0.009673  466/1024 = 0.455078125
3787/5005  0.009638  466/1024 = 0.455078125
3791/5005  0.009237  466/1024 = 0.455078125
3795/5005  0.009447  480/1024 = 0.46875
3799/5005  0.008973  493/1024 = 0.4814453125
3803/5005  0.009300  485/1024 = 0.4736328125
3807/5005  0.009336  475/1024 = 0.4638671875
3811/5005  0.009492  456/1024 = 0.4453125
3815/5005  0.009714  468/1024 = 0.45703125
3819/5005  0.009276  451/1024 = 0.4404296875
3823/5005  0.009646  492/1024 = 0.48046875
3827/5005  0.009935  445/1024 = 0.4345703125
3831/5005  0.009125  479/1024 = 0.4677734375
3835/5005  0.009413  491/1024 = 0.4794921875
3839/5005  0.009150  484/1024 = 0.47265625
3843/5005  0.009314  484/1024 = 0.47265625
3847/5005  0.009050  490/1024 = 0.478515625
3851/5005  0.008938  495/1024 = 0.4833984375
3855/5005  0.009266  465/1024 = 0.4541015625
3859/5005  0.009196  484/1024 = 0.47265625
3863/5005  0.009157  471/1024 = 0.4599609375
3867/5005  0.009443  481/1024 = 0.4697265625
3871/5005  0.009714  467/1024 = 0.4560546875
3875/5005  0.009316  468/1024 = 0.45703125
3879/5005  0.009182  472/1024 = 0.4609375
3883/5005  0.009541  464/1024 = 0.453125
3887/5005  0.009189  488/1024 = 0.4765625
3891/5005  0.009771  485/1024 = 0.4736328125
3895/5005  0.009949  457/1024 = 0.4462890625
3899/5005  0.009686  465/1024 = 0.4541015625
3903/5005  0.009321  494/1024 = 0.482421875
3907/5005  0.009543  464/1024 = 0.453125
3911/5005  0.009832  468/1024 = 0.45703125
3915/5005  0.009070  479/1024 = 0.4677734375
3919/5005  0.009336  483/1024 = 0.4716796875
3923/5005  0.009669  458/1024 = 0.447265625
3927/5005  0.009897  454/1024 = 0.443359375
3931/5005  0.009355  495/1024 = 0.4833984375
3935/5005  0.009373  462/1024 = 0.451171875
3939/5005  0.009408  469/1024 = 0.4580078125
3943/5005  0.009171  498/1024 = 0.486328125
3947/5005  0.009681  442/1024 = 0.431640625
3951/5005  0.009460  472/1024 = 0.4609375
3955/5005  0.009183  493/1024 = 0.4814453125
3959/5005  0.009633  488/1024 = 0.4765625
3963/5005  0.009449  474/1024 = 0.462890625
3967/5005  0.009847  453/1024 = 0.4423828125
3971/5005  0.009372  468/1024 = 0.45703125
3975/5005  0.009558  450/1024 = 0.439453125
3979/5005  0.009676  470/1024 = 0.458984375
3983/5005  0.009774  476/1024 = 0.46484375
3987/5005  0.009451  478/1024 = 0.466796875
3991/5005  0.009390  469/1024 = 0.4580078125
3995/5005  0.009386  450/1024 = 0.439453125
3999/5005  0.009586  464/1024 = 0.453125
4003/5005  0.009436  469/1024 = 0.4580078125
4007/5005  0.009622  466/1024 = 0.455078125
4011/5005  0.009439  462/1024 = 0.451171875
4015/5005  0.009658  455/1024 = 0.4443359375
4019/5005  0.009104  472/1024 = 0.4609375
4023/5005  0.009505  477/1024 = 0.4658203125
4027/5005  0.009541  470/1024 = 0.458984375
4031/5005  0.009780  461/1024 = 0.4501953125
4035/5005  0.009021  497/1024 = 0.4853515625
4039/5005  0.009299  480/1024 = 0.46875
4043/5005  0.009729  454/1024 = 0.443359375
4047/5005  0.009527  471/1024 = 0.4599609375
4051/5005  0.009941  456/1024 = 0.4453125
4055/5005  0.009291  481/1024 = 0.4697265625
4059/5005  0.009428  468/1024 = 0.45703125
4063/5005  0.008910  490/1024 = 0.478515625
4067/5005  0.008901  503/1024 = 0.4912109375
4071/5005  0.009929  440/1024 = 0.4296875
4075/5005  0.009853  474/1024 = 0.462890625
4079/5005  0.009217  474/1024 = 0.462890625
4083/5005  0.009844  471/1024 = 0.4599609375
4087/5005  0.009191  482/1024 = 0.470703125
4091/5005  0.009099  487/1024 = 0.4755859375
4095/5005  0.009598  454/1024 = 0.443359375
4099/5005  0.009028  491/1024 = 0.4794921875
4103/5005  0.009483  467/1024 = 0.4560546875
4107/5005  0.009236  475/1024 = 0.4638671875
4111/5005  0.009511  456/1024 = 0.4453125
4115/5005  0.009672  463/1024 = 0.4521484375
4119/5005  0.009045  481/1024 = 0.4697265625
4123/5005  0.009818  464/1024 = 0.453125
4127/5005  0.009264  487/1024 = 0.4755859375
4131/5005  0.009721  446/1024 = 0.435546875
4135/5005  0.009905  478/1024 = 0.466796875
4139/5005  0.009877  474/1024 = 0.462890625
4143/5005  0.009709  472/1024 = 0.4609375
4147/5005  0.009511  487/1024 = 0.4755859375
4151/5005  0.009435  468/1024 = 0.45703125
4155/5005  0.009385  479/1024 = 0.4677734375
4159/5005  0.009298  496/1024 = 0.484375
4163/5005  0.009277  485/1024 = 0.4736328125
4167/5005  0.009742  465/1024 = 0.4541015625
4171/5005  0.009979  464/1024 = 0.453125
4175/5005  0.008864  499/1024 = 0.4873046875
4179/5005  0.008985  487/1024 = 0.4755859375
4183/5005  0.009456  453/1024 = 0.4423828125
4187/5005  0.009519  478/1024 = 0.466796875
4191/5005  0.009151  487/1024 = 0.4755859375
4195/5005  0.009259  491/1024 = 0.4794921875
4199/5005  0.009221  493/1024 = 0.4814453125
4203/5005  0.009411  483/1024 = 0.4716796875
4207/5005  0.009016  505/1024 = 0.4931640625
4211/5005  0.009342  485/1024 = 0.4736328125
4215/5005  0.009340  461/1024 = 0.4501953125
4219/5005  0.009536  479/1024 = 0.4677734375
4223/5005  0.009518  461/1024 = 0.4501953125
4227/5005  0.009219  503/1024 = 0.4912109375
4231/5005  0.009348  471/1024 = 0.4599609375
4235/5005  0.009293  473/1024 = 0.4619140625
4239/5005  0.009253  491/1024 = 0.4794921875
4243/5005  0.009371  478/1024 = 0.466796875
4247/5005  0.009586  468/1024 = 0.45703125
4251/5005  0.009624  467/1024 = 0.4560546875
4255/5005  0.009298  475/1024 = 0.4638671875
4259/5005  0.009357  494/1024 = 0.482421875
4263/5005  0.009590  461/1024 = 0.4501953125
4267/5005  0.009774  471/1024 = 0.4599609375
4271/5005  0.009180  497/1024 = 0.4853515625
4275/5005  0.009142  497/1024 = 0.4853515625
4279/5005  0.009402  474/1024 = 0.462890625
4283/5005  0.009618  452/1024 = 0.44140625
4287/5005  0.009333  481/1024 = 0.4697265625
4291/5005  0.009518  452/1024 = 0.44140625
4295/5005  0.009493  471/1024 = 0.4599609375
4299/5005  0.008893  518/1024 = 0.505859375
4303/5005  0.009862  463/1024 = 0.4521484375
4307/5005  0.009408  492/1024 = 0.48046875
4311/5005  0.009523  451/1024 = 0.4404296875
4315/5005  0.009561  467/1024 = 0.4560546875
4319/5005  0.009382  475/1024 = 0.4638671875
4323/5005  0.009054  497/1024 = 0.4853515625
4327/5005  0.009392  476/1024 = 0.46484375
4331/5005  0.009022  502/1024 = 0.490234375
4335/5005  0.009289  481/1024 = 0.4697265625
4339/5005  0.010047  465/1024 = 0.4541015625
4343/5005  0.009328  477/1024 = 0.4658203125
4347/5005  0.009311  496/1024 = 0.484375
4351/5005  0.008766  494/1024 = 0.482421875
4355/5005  0.009119  477/1024 = 0.4658203125
4359/5005  0.008995  504/1024 = 0.4921875
4363/5005  0.009400  489/1024 = 0.4775390625
4367/5005  0.009429  479/1024 = 0.4677734375
4371/5005  0.009016  493/1024 = 0.4814453125
4375/5005  0.009803  466/1024 = 0.455078125
4379/5005  0.009681  470/1024 = 0.458984375
4383/5005  0.009242  504/1024 = 0.4921875
4387/5005  0.009484  456/1024 = 0.4453125
4391/5005  0.009335  488/1024 = 0.4765625
4395/5005  0.009582  476/1024 = 0.46484375
4399/5005  0.009228  486/1024 = 0.474609375
4403/5005  0.009410  502/1024 = 0.490234375
4407/5005  0.009113  504/1024 = 0.4921875
4411/5005  0.009996  473/1024 = 0.4619140625
4415/5005  0.009707  469/1024 = 0.4580078125
4419/5005  0.009446  481/1024 = 0.4697265625
4423/5005  0.009835  473/1024 = 0.4619140625
4427/5005  0.009508  489/1024 = 0.4775390625
4431/5005  0.009529  462/1024 = 0.451171875
4435/5005  0.009040  497/1024 = 0.4853515625
4439/5005  0.009896  467/1024 = 0.4560546875
4443/5005  0.009388  465/1024 = 0.4541015625
4447/5005  0.009581  473/1024 = 0.4619140625
4451/5005  0.009390  474/1024 = 0.462890625
4455/5005  0.008982  485/1024 = 0.4736328125
4459/5005  0.009051  498/1024 = 0.486328125
4463/5005  0.009534  481/1024 = 0.4697265625
4467/5005  0.009011  489/1024 = 0.4775390625
4471/5005  0.009281  483/1024 = 0.4716796875
4475/5005  0.009356  486/1024 = 0.474609375
4479/5005  0.009566  486/1024 = 0.474609375
4483/5005  0.009497  471/1024 = 0.4599609375
4487/5005  0.009398  476/1024 = 0.46484375
4491/5005  0.009179  489/1024 = 0.4775390625
4495/5005  0.009746  468/1024 = 0.45703125
4499/5005  0.009391  476/1024 = 0.46484375
4503/5005  0.009087  473/1024 = 0.4619140625
4507/5005  0.009212  497/1024 = 0.4853515625
4511/5005  0.009142  499/1024 = 0.4873046875
4515/5005  0.009783  450/1024 = 0.439453125
4519/5005  0.009360  463/1024 = 0.4521484375
4523/5005  0.009865  469/1024 = 0.4580078125
4527/5005  0.009057  488/1024 = 0.4765625
4531/5005  0.009240  475/1024 = 0.4638671875
4535/5005  0.009347  496/1024 = 0.484375
4539/5005  0.009591  467/1024 = 0.4560546875
4543/5005  0.009315  479/1024 = 0.4677734375
4547/5005  0.009317  477/1024 = 0.4658203125
4551/5005  0.008965  510/1024 = 0.498046875
4555/5005  0.009549  471/1024 = 0.4599609375
4559/5005  0.009369  478/1024 = 0.466796875
4563/5005  0.009450  479/1024 = 0.4677734375
4567/5005  0.009261  499/1024 = 0.4873046875
4571/5005  0.009550  451/1024 = 0.4404296875
4575/5005  0.009166  485/1024 = 0.4736328125
4579/5005  0.009522  475/1024 = 0.4638671875
4583/5005  0.009037  483/1024 = 0.4716796875
4587/5005  0.009113  484/1024 = 0.47265625
4591/5005  0.009478  478/1024 = 0.466796875
4595/5005  0.009404  460/1024 = 0.44921875
4599/5005  0.009177  490/1024 = 0.478515625
4603/5005  0.009702  462/1024 = 0.451171875
4607/5005  0.009044  479/1024 = 0.4677734375
4611/5005  0.009365  483/1024 = 0.4716796875
4615/5005  0.009418  484/1024 = 0.47265625
4619/5005  0.009276  476/1024 = 0.46484375
4623/5005  0.009244  502/1024 = 0.490234375
4627/5005  0.009309  459/1024 = 0.4482421875
4631/5005  0.009011  468/1024 = 0.45703125
4635/5005  0.009815  450/1024 = 0.439453125
4639/5005  0.009997  462/1024 = 0.451171875
4643/5005  0.009454  473/1024 = 0.4619140625
4647/5005  0.009221  497/1024 = 0.4853515625
4651/5005  0.009201  483/1024 = 0.4716796875
4655/5005  0.009031  483/1024 = 0.4716796875
4659/5005  0.009558  446/1024 = 0.435546875
4663/5005  0.008977  499/1024 = 0.4873046875
4667/5005  0.009233  481/1024 = 0.4697265625
4671/5005  0.009739  460/1024 = 0.44921875
4675/5005  0.008853  472/1024 = 0.4609375
4679/5005  0.009177  487/1024 = 0.4755859375
4683/5005  0.009712  483/1024 = 0.4716796875
4687/5005  0.009601  480/1024 = 0.46875
4691/5005  0.009539  460/1024 = 0.44921875
4695/5005  0.010182  431/1024 = 0.4208984375
4699/5005  0.009442  471/1024 = 0.4599609375
4703/5005  0.009788  475/1024 = 0.4638671875
4707/5005  0.008911  500/1024 = 0.48828125
4711/5005  0.009348  476/1024 = 0.46484375
4715/5005  0.008828  510/1024 = 0.498046875
4719/5005  0.009462  463/1024 = 0.4521484375
4723/5005  0.009631  461/1024 = 0.4501953125
4727/5005  0.009133  500/1024 = 0.48828125
4731/5005  0.009301  494/1024 = 0.482421875
4735/5005  0.009029  493/1024 = 0.4814453125
4739/5005  0.009665  481/1024 = 0.4697265625
4743/5005  0.008896  502/1024 = 0.490234375
4747/5005  0.009606  460/1024 = 0.44921875
4751/5005  0.009235  476/1024 = 0.46484375
4755/5005  0.009740  462/1024 = 0.451171875
4759/5005  0.009731  452/1024 = 0.44140625
4763/5005  0.009467  475/1024 = 0.4638671875
4767/5005  0.009321  468/1024 = 0.45703125
4771/5005  0.009684  465/1024 = 0.4541015625
4775/5005  0.009836  465/1024 = 0.4541015625
4779/5005  0.009471  487/1024 = 0.4755859375
4783/5005  0.009668  453/1024 = 0.4423828125
4787/5005  0.009394  475/1024 = 0.4638671875
4791/5005  0.009653  477/1024 = 0.4658203125
4795/5005  0.009670  492/1024 = 0.48046875
4799/5005  0.009595  465/1024 = 0.4541015625
4803/5005  0.010018  463/1024 = 0.4521484375
4807/5005  0.009603  461/1024 = 0.4501953125
4811/5005  0.009779  469/1024 = 0.4580078125
4815/5005  0.009844  461/1024 = 0.4501953125
4819/5005  0.009879  452/1024 = 0.44140625
4823/5005  0.009208  497/1024 = 0.4853515625
4827/5005  0.009520  479/1024 = 0.4677734375
4831/5005  0.009369  463/1024 = 0.4521484375
4835/5005  0.009282  488/1024 = 0.4765625
4839/5005  0.009466  481/1024 = 0.4697265625
4843/5005  0.009289  488/1024 = 0.4765625
4847/5005  0.008983  490/1024 = 0.478515625
4851/5005  0.009857  467/1024 = 0.4560546875
4855/5005  0.009693  471/1024 = 0.4599609375
4859/5005  0.009225  473/1024 = 0.4619140625
4863/5005  0.009136  481/1024 = 0.4697265625
4867/5005  0.009542  483/1024 = 0.4716796875
4871/5005  0.009224  463/1024 = 0.4521484375
4875/5005  0.009061  484/1024 = 0.47265625
4879/5005  0.009681  472/1024 = 0.4609375
4883/5005  0.009433  483/1024 = 0.4716796875
4887/5005  0.008992  479/1024 = 0.4677734375
4891/5005  0.009754  468/1024 = 0.45703125
4895/5005  0.008635  513/1024 = 0.5009765625
4899/5005  0.009640  464/1024 = 0.453125
4903/5005  0.009397  486/1024 = 0.474609375
4907/5005  0.009637  453/1024 = 0.4423828125
4911/5005  0.009610  459/1024 = 0.4482421875
4915/5005  0.009334  474/1024 = 0.462890625
4919/5005  0.009521  469/1024 = 0.4580078125
4923/5005  0.009307  481/1024 = 0.4697265625
4927/5005  0.009617  463/1024 = 0.4521484375
4931/5005  0.009591  473/1024 = 0.4619140625
4935/5005  0.009479  492/1024 = 0.48046875
4939/5005  0.009515  477/1024 = 0.4658203125
4943/5005  0.009690  465/1024 = 0.4541015625
4947/5005  0.009210  495/1024 = 0.4833984375
4951/5005  0.009362  482/1024 = 0.470703125
4955/5005  0.009744  459/1024 = 0.4482421875
4959/5005  0.009694  471/1024 = 0.4599609375
4963/5005  0.009286  478/1024 = 0.466796875
4967/5005  0.008809  500/1024 = 0.48828125
4971/5005  0.009459  490/1024 = 0.478515625
4975/5005  0.009356  473/1024 = 0.4619140625
4979/5005  0.009813  461/1024 = 0.4501953125
4983/5005  0.009173  458/1024 = 0.447265625
4987/5005  0.009564  471/1024 = 0.4599609375
4991/5005  0.009088  469/1024 = 0.4580078125
4995/5005  0.009596  466/1024 = 0.455078125
4999/5005  0.009689  462/1024 = 0.451171875
5003/5005  0.008962  486/1024 = 0.474609375
1:27:31.637536
# writing to data/ex20201226_trainVGG16_epoch011.pth
